Microsoft (R) Macro Assembler Version 5.00                  1/22/23 20:32:11
                                                             Page     1-1


       1				ï»¿ ; 
MAIN.ASM(1): warning A4001: Extra characters on line
       2				 ; File Name: MAIN.ASM 
       3				 ; 
       4				 ; CopyLeft (C) 2023, Picasso's Fantasy
					 Notepad. All rights reserved. 
       5				 ; 
       6				 ; Author: Pablo Picasso G. (PabloPicas
					so.G@gmail.com) 
       7				 ; 
       8				 ; Version: 1.0.0.build012223 
       9				 ; 
      10				 ; Date: 2023 / 01 / 22 
      11				 ; 
      12				 ; Description: ä¸€ä½æ•¸æ¸›æ³•é‹ç®— 
      13				 ; 
      14				 
      15				.MODEL	SMALL 
      16				 
      17 0400				.STACK 
      18				 
      19 0000				.DATA 
      20 0000  07				NUM1 DB  7 
      21 0001  02				NUM2 DB  2 
      22				 
      23 0000				.CODE 
      24 0000				main: 
      25 0000  B8 ---- R			MOV  AX, @DATA    ; æŠŠ .DATA S
					egment çš„ä½å€å‚³é€åˆ° AX æš«å­˜å™¨ï
					¼›å³ .DATA Segment çš„èµ·å§‹ä½å€æ”¾å
					ˆ° AX 
      26 0003  8E D8				MOV  DS, AX       ; æŠŠ AX Regi
					ster çš„è¨˜æ†¶é«”ä½å€è¨­å®šçµ¦ Data S
					egment Register 
      27 0005  A0 0000 R			MOV  AL, NUM1     ; å°‡ NUM1 ç§
					»å‹•åˆ° AL (AX Low Byte) 
      28 0008  8A 26 0001 R			MOV  AH, NUM2     ; å°‡ NUM2 ç§
					»å‹•åˆ° AH (AX High Byte) 
      29 000C  2A C4				SUB  AL, AH       ; è¢«æ¸›æ•¸ (
					AL == NUM1 == 0x07) - æ¸›æ•¸ (AH == NUM
					2 == 0x02)çš„å·® (0x05)å„²å­˜å› AL (AX
					 Low Byte) 
      30 000E  04 30				ADD  AL, '0'      ; å°‡ AL (AX 
					Low Byte)å…§çš„æ•¸å€¼ (0x05)è½‰æ›æˆå­
					—å…ƒ ('5') 
      31 0010  8A D0				MOV  DL, AL       ; å°‡ AL (AX 
					Low Byte)çš„å…§å®¹ç§»å‹•åˆ° DL (DX Low 
					Byte) 
      32 0012  B4 02				MOV  AH, 02H      ; DOS çš„ç¬¬ 
					02 è™Ÿä¸­æ–·æœå‹™ (é¡¯ç¤ºè¼¸å‡º)ï¼›DL 
					(DX Low Byte)ç‚ºè¦è¼¸å‡ºçš„å­—å…ƒ 
      33 0014  CD 21				INT  21H          ; INT 21H: DO
					S ä¸­æ–· 
      34 0016  B4 4C				MOV  AH, 4CH      ; DOS çš„ç¬¬ 
Microsoft (R) Macro Assembler Version 5.00                  1/22/23 20:32:11
                                                             Page     1-2


					4C è™Ÿä¸­æ–·æœå‹™ (å¸¶å›å‚³å€¼çµæŸ)
					ï¼›AL (AX Low Byte)ç‚ºå›å‚³å€¼ 
      35 0018  CD 21				INT  21H          ; INT 21H: DO
					S ä¸­æ–· 
      36 001A				END main 
Microsoft (R) Macro Assembler Version 5.00                  1/22/23 20:32:11
                                                             Symbols-1


Segments and Groups:

                N a m e         	Length	 Align	Combine Class

DGROUP . . . . . . . . . . . . .  	GROUP
  _DATA  . . . . . . . . . . . .  	0002	WORD	PUBLIC	'DATA'
  STACK  . . . . . . . . . . . .  	0400	PARA	STACK	'STACK'
_TEXT  . . . . . . . . . . . . .  	001A	WORD	PUBLIC	'CODE'

Symbols:            

                N a m e         	Type	 Value	 Attr

MAIN . . . . . . . . . . . . . .  	L NEAR	0000	_TEXT

NUM1 . . . . . . . . . . . . . .  	L BYTE	0000	_DATA
NUM2 . . . . . . . . . . . . . .  	L BYTE	0001	_DATA

@CODE  . . . . . . . . . . . . .  	TEXT  _TEXT		
@CODESIZE  . . . . . . . . . . .  	TEXT  0		
@DATASIZE  . . . . . . . . . . .  	TEXT  0		
@FILENAME  . . . . . . . . . . .  	TEXT  MAIN		


     36 Source  Lines
     36 Total   Lines
     17 Symbols

  50622 + 465922 Bytes symbol space free

      1 Warning Errors
      0 Severe  Errors
