Microsoft (R) Macro Assembler Version 5.00                  1/9/23 23:06:42
                                                             Page     1-1


       1				ï»¿ ; 
MAIN.ASM(1): warning A4001: Extra characters on line
       2				 ; File Name: MAIN.ASM 
       3				 ; 
       4				 ; CopyLeft (C) 2023, Picasso's Fantasy
					 Notepad. All rights reserved. 
       5				 ; 
       6				 ; Author: Pablo Picasso G. (PabloPicas
					so.G@gmail.com) 
       7				 ; 
       8				 ; Version: 1.0.0.build010923 
       9				 ; 
      10				 ; Date: 2023 / 01 / 09 
      11				 ; 
      12				 ; Description: é€™æ˜¯ä¸€å€‹ç”¨ .STACK 
					Segment ä¾†æš«å­˜è³‡æ–™çš„ç¯„ä¾‹ã€‚ 
      13				 ;              Stack (å †ç–Š)æ˜¯ä¸€ç¨®
					 FILO (Fisrt In, Last Out; å…ˆé€²å¾Œå‡º
					)çš„è³‡æ–™è¡¨ç¤ºï¼› 
      14				 ;              ä»¥ä¸‹çš„ç¯„ä¾‹ BX & DX
					 Register çš„å…§å®¹æœƒäº¤æ›ï¼ 
      15				 ; 
      16				 
      17				.MODEL	SMALL 
      18				 
      19 0400				.STACK 
      20				 
      21 0000				.DATA 
      22				 
      23 0000				.CODE 
      24 0000				main: 
      25 0000  BA 1234				MOV  DX, 1234H    ; å°‡æ•¸å€¼ 0
					x1234 ç§»å‹•åˆ° DX Register 
      26 0003  BB 0506				MOV  BX, 0506H    ; å°‡æ•¸å€¼ 0
					x0506 ç§»å‹•åˆ° BX Register 
      27 0006  52				PUSH DX           ; å°‡ DX Regi
					ster çš„å…§å®¹ç§»å‹•åˆ° .STACK Segment 
      28 0007  53				PUSH BX           ; å°‡ BX Regi
					ster çš„å…§å®¹ç§»å‹•åˆ° .STACK Segment 
      29 0008  5A				POP  DX           ; å°‡ .STACK 
					Segment çš„å…§å®¹å–å‡ºï¼Œç§»å‹•åˆ° DX 
					Register (0x0506) 
      30 0009  5B				POP  BX           ; å°‡ .STACK 
					Segment çš„å…§å®¹å–å‡ºï¼Œç§»å‹•åˆ° BX 
					Register (0x1234) 
      31 000A  B4 02				MOV  AH, 02H      ; DOS çš„ç¬¬ 
					02 è™Ÿä¸­æ–·æœå‹™ (é¡¯ç¤ºå­—å…ƒè¼¸å‡º)
					ï¼›DL (DX Low Byte)ç‚ºè¦è¼¸å‡ºçš„å­—å…
					ƒ (0x06) 
      32 000C  CD 21				INT  21H          ; INT 21H: DO
					S ä¸­æ–· 
      33 000E  B4 4C				MOV  AH, 4CH      ; DOS çš„ç¬¬ 
					4C è™Ÿä¸­æ–·æœå‹™ (å¸¶å›å‚³å€¼çµæŸ)
					ï¼›AL (AX Low Byte)ç‚ºå›å‚³å€¼ 
Microsoft (R) Macro Assembler Version 5.00                  1/9/23 23:06:42
                                                             Page     1-2


      34 0010  CD 21				INT  21H          ; INT 21H: DO
					S ä¸­æ–· 
      35 0012				END main 
Microsoft (R) Macro Assembler Version 5.00                  1/9/23 23:06:42
                                                             Symbols-1


Segments and Groups:

                N a m e         	Length	 Align	Combine Class

DGROUP . . . . . . . . . . . . .  	GROUP
  _DATA  . . . . . . . . . . . .  	0000	WORD	PUBLIC	'DATA'
  STACK  . . . . . . . . . . . .  	0400	PARA	STACK	'STACK'
_TEXT  . . . . . . . . . . . . .  	0012	WORD	PUBLIC	'CODE'

Symbols:            

                N a m e         	Type	 Value	 Attr

MAIN . . . . . . . . . . . . . .  	L NEAR	0000	_TEXT

@CODE  . . . . . . . . . . . . .  	TEXT  _TEXT		
@CODESIZE  . . . . . . . . . . .  	TEXT  0		
@DATASIZE  . . . . . . . . . . .  	TEXT  0		
@FILENAME  . . . . . . . . . . .  	TEXT  MAIN		


     35 Source  Lines
     35 Total   Lines
     15 Symbols

  50624 + 465920 Bytes symbol space free

      1 Warning Errors
      0 Severe  Errors
