Microsoft (R) Macro Assembler Version 5.00                  1/3/23 21:50:51
                                                             Page     1-1


       1				ï»¿ ; 
MAIN.ASM(1): warning A4001: Extra characters on line
       2				 ; File Name: MAIN.ASM 
       3				 ; 
       4				 ; CopyLeft (C) 2023, Picasso's Fantasy
					 Notepad. All rights reserved. 
       5				 ; 
       6				 ; Author: Pablo Picasso G. (PabloPicas
					so.G@gmail.com) 
       7				 ; 
       8				 ; Version: 1.0.0.build010323 
       9				 ; 
      10				 ; Date: 2023 / 01 / 03 
      11				 ; 
      12				 ; Description: ã€Œç›´æ¥å®šå€æ³•ã€ï¼
					šçµ„åˆèªè¨€ç•¶ä¸­çš„æŒ‡ä»¤ï¼Œæ‰€æŒ‡å®
					šçš„ã€Œé‹ç®—å…ƒã€ï¼Œç‚ºè¨˜æ†¶é«”ä½å
					€ä¸Šçš„æ•¸å€¼ã€
      13				 ; 
      14				 
      15				.MODEL	SMALL 
      16				 
      17 0400				.STACK 
      18				 
      19 0000				.DATA 
      20 0000  99				NUM  DB  0099H 
      21				 
      22 0000				.CODE 
      23 0000				main: 
      24 0000  B8 ---- R			MOV  AX, @DATA  ; æŠŠ .DATA Seg
					ment çš„ä½å€å‚³é€åˆ° AX æš«å­˜å™¨ 
      25 0003  8E D8				MOV  DS, AX     ; æŠŠ AX Regist
					er çš„è¨˜æ†¶é«”ä½å€è¨­å®šçµ¦ Data Seg
					ment Register 
      26 0005  C6 06 0000 R 32			MOV  NUM, 32H   ; å°‡æ•¸å€¼ 0x3
					2 ('2') ç§»å‹•åˆ°è®Šæ•¸ NUM 
      27 000A  8A 16 0000 R			MOV  DL, NUM    ; å°‡è®Šæ•¸ NUM
					 çš„å…§å®¹å†ç§»å‹•åˆ° DX Low Byte 
      28 000E  B4 02				MOV  AH, 02H    ; DOS çš„ç¬¬ 02
					 è™Ÿä¸­æ–·æœå‹™ (é¡¯ç¤ºå­—å…ƒè¼¸å‡º)ï¼
					›DL (DX Low Byte)ç‚ºè¦è¼¸å‡ºçš„å­—å…ƒ 
      29 0010  CD 21				INT  21H        ; INT 21H: DOS 
					ä¸­æ–· 
      30 0012  B4 4C				MOV  AH, 4CH    ; DOS çš„ç¬¬ 4C
					 è™Ÿä¸­æ–·æœå‹™ (å¸¶å›å‚³å€¼çµæŸ)ï¼
					›AL (AX Low Byte)ç‚ºå›å‚³å€¼ 
      31 0014  CD 21				INT  21H        ; INT 21H: DOS 
					ä¸­æ–· 
      32 0016				END main 
Microsoft (R) Macro Assembler Version 5.00                  1/3/23 21:50:51
                                                             Symbols-1


Segments and Groups:

                N a m e         	Length	 Align	Combine Class

DGROUP . . . . . . . . . . . . .  	GROUP
  _DATA  . . . . . . . . . . . .  	0001	WORD	PUBLIC	'DATA'
  STACK  . . . . . . . . . . . .  	0400	PARA	STACK	'STACK'
_TEXT  . . . . . . . . . . . . .  	0016	WORD	PUBLIC	'CODE'

Symbols:            

                N a m e         	Type	 Value	 Attr

MAIN . . . . . . . . . . . . . .  	L NEAR	0000	_TEXT

NUM  . . . . . . . . . . . . . .  	L BYTE	0000	_DATA

@CODE  . . . . . . . . . . . . .  	TEXT  _TEXT		
@CODESIZE  . . . . . . . . . . .  	TEXT  0		
@DATASIZE  . . . . . . . . . . .  	TEXT  0		
@FILENAME  . . . . . . . . . . .  	TEXT  MAIN		


     32 Source  Lines
     32 Total   Lines
     16 Symbols

  50622 + 465922 Bytes symbol space free

      1 Warning Errors
      0 Severe  Errors
