Microsoft (R) Macro Assembler Version 5.00                  10/30/22 02:00:25
                                                             Page     1-1


       1				ï»¿ ; 
MAIN.ASM(1): warning A4001: Extra characters on line
       2				 ; File Name: MAIN.ASM 
       3				 ; 
       4				 ; CopyLeft (C) 2022, Picasso's Fantasy
					 Notepad. All rights reserved. 
       5				 ; 
       6				 ; Author: Pablo Picasso G. (PabloPicas
					so.G@gmail.com) 
       7				 ; 
       8				 ; Version: 1.0.0.build103022 
       9				 ; 
      10				 ; Date: 2022 / 10 / 30 
      11				 ; 
      12				 ; Description: é€™å€‹ç¯„ä¾‹å‘ˆç¾ç®—è¡
					“æŒ‡ä»¤ä¸­çš„ä¹˜æ³•æŒ‡ä»¤ -- MULã€‚ 
      13				 ;              å°‡å…©å€‹é‹ç®—å…ƒé€²è¡
					Œç›¸ä¹˜ï¼Œå…¶ç‰¹æ€§ç‚ºå°‡ä¹˜æ•¸æ”¾é€² A
					L or AX æš«å­˜å™¨å†é€²è¡Œç›¸ä¹˜ã€‚ 
      14				 ;              "ä½å…ƒçµ„" å’Œ "ä½å…ƒ
					çµ„" ç›¸ä¹˜çš„æ™‚å€™ (Byte)ï¼š 
      15				 ;              "è¢«ä¹˜æ•¸"æ”¾åœ¨ALï¼Œ"
					ä¹˜æ•¸"æ”¾åœ¨ä¸€èˆ¬æš«å­˜å™¨orè¨˜æ†¶é«”
					ï¼Œç©æ”¾åœ¨AX Registerã€‚ 
      16				 ;              "å­—çµ„" å’Œ "å­—çµ„" ç
					›¸ä¹˜çš„æ™‚å€™ (WORD, 2 Bytes)ï¼š 
      17				 ;              "è¢«ä¹˜æ•¸"æ”¾åœ¨AXï¼Œ"
					ä¹˜æ•¸"æ”¾åœ¨ä¸€èˆ¬æš«å­˜å™¨orè¨˜æ†¶é«”
					ï¼Œç©æ”¾åœ¨ DX:AXã€‚  
      18				 ;              å—å½±éŸ¿çš„ Flag Regis
					ter ä½å…ƒï¼šOF, CF 
      19				 ; 
      20				 
      21				.MODEL	SMALL 
      22				 
      23 0400				.STACK 
      24				 
      25 0000				.DATA 
      26 0000  04				NUM1 DB 4        ; å®£å‘Šè®Šæ•¸
					åç¨±ç‚º NUM1ï¼Œå°‡ 0x04 ä»¥ Byte çš„è
					³‡æ–™å‹æ…‹å„²å­˜åˆ° NUM1 
      27 0001  02				NUM2 DB 2        ; å®£å‘Šè®Šæ•¸
					åç¨±ç‚º NUM2ï¼Œå°‡ 0x02 ä»¥ Byte çš„è
					³‡æ–™å‹æ…‹å„²å­˜åˆ° NUM2 
      28				 
      29 0000				.CODE 
      30 0000				main: 
      31 0000  B8 ---- R			MOV AX, @DATA    ; æŠŠ .DATA Se
					gment çš„ä½å€å‚³é€åˆ° AX æš«å­˜å™¨ 
      32 0003  8E D8				MOV DS, AX       ; æŠŠ AX Regis
					ter çš„è¨˜æ†¶é«”ä½å€è¨­å®šçµ¦ Data Se
					gment Registerï¼› 
      33				                   ; æ›å¥è©±èªªï¼Œå°±
					æ˜¯æŠŠ .DATA Segment æ­¤æ™‚çš„è¨˜æ†¶é«”
Microsoft (R) Macro Assembler Version 5.00                  10/30/22 02:00:25
                                                             Page     1-2


					ä½å€ï¼Œè¨­å®šçµ¦ Data Segment Registe
					r 
      34 0005  8A 16 0001 R			MOV DL, NUM2     ; æŠŠ NUM2 (0x
					02) è¨­å®šçµ¦ DX Low Byte 
      35 0009  A0 0000 R			MOV AL, NUM1     ; æŠŠ NUM1 (0x
					04) è¨­å®šçµ¦ AX Low Byte 
      36 000C  F6 E2				MUL DL           ; DL (0x02) * 
					AL (0x04) = 0x08 (AL) 
      37 000E  8A D0				MOV DL, AL       ; æŠŠ AL (0x08
					) çš„è³‡æ–™ç§»å‹•åˆ° DL ä½œç‚ºè¼¸å‡º (æ
					­¤æ™‚ AL çš„å€¼æ‡‰ç‚º 0 ä¸”ç‚ºå›å‚³å€¼
					)ã€‚ 
      38 0010  80 C2 30				ADD DL, '0'      ; æŠŠæ­¤æ™‚çš„
					 DL (0x08) å†åŠ ä¸Š '0' (0x30) = 0x38 
					('8') 
      39 0013  B4 02				MOV AH, 02H      ; DOS çš„ç¬¬ 0
					2 è™Ÿä¸­æ–·æœå‹™ (é¡¯ç¤ºè¼¸å‡º)ï¼›DL (
					DX Low Byte)ç‚ºè¦è¼¸å‡ºçš„è³‡æ–™ 
      40 0015  CD 21				INT 21H          ; INT 21H: DOS
					 ä¸­æ–· 
      41 0017  B4 4C				MOV AH, 4CH      ; DOS çš„ç¬¬ 4
					C è™Ÿä¸­æ–·æœå‹™ (å¸¶å›å‚³å€¼çµæŸ)ï
					¼›BL (BX Low Byte)ç‚ºå›å‚³å€¼ 
      42 0019  CD 21				INT 21H          ; INT 21H: DOS
					 ä¸­æ–· 
      43 001B				END main 
Microsoft (R) Macro Assembler Version 5.00                  10/30/22 02:00:25
                                                             Symbols-1


Segments and Groups:

                N a m e         	Length	 Align	Combine Class

DGROUP . . . . . . . . . . . . .  	GROUP
  _DATA  . . . . . . . . . . . .  	0002	WORD	PUBLIC	'DATA'
  STACK  . . . . . . . . . . . .  	0400	PARA	STACK	'STACK'
_TEXT  . . . . . . . . . . . . .  	001B	WORD	PUBLIC	'CODE'

Symbols:            

                N a m e         	Type	 Value	 Attr

MAIN . . . . . . . . . . . . . .  	L NEAR	0000	_TEXT

NUM1 . . . . . . . . . . . . . .  	L BYTE	0000	_DATA
NUM2 . . . . . . . . . . . . . .  	L BYTE	0001	_DATA

@CODE  . . . . . . . . . . . . .  	TEXT  _TEXT		
@CODESIZE  . . . . . . . . . . .  	TEXT  0		
@DATASIZE  . . . . . . . . . . .  	TEXT  0		
@FILENAME  . . . . . . . . . . .  	TEXT  MAIN		


     43 Source  Lines
     43 Total   Lines
     17 Symbols

  50622 + 465922 Bytes symbol space free

      1 Warning Errors
      0 Severe  Errors
