Microsoft (R) Macro Assembler Version 5.00                  1/11/23 22:26:05
                                                             Page     1-1


       1				ï»¿ ; 
MAIN.ASM(1): warning A4001: Extra characters on line
       2				 ; File Name: MAIN.ASM 
       3				 ; 
       4				 ; CopyLeft (C) 2023, Picasso's Fantasy
					 Notepad. All rights reserved. 
       5				 ; 
       6				 ; Author: Pablo Picasso G. (PabloPicas
					so.G@gmail.com) 
       7				 ; 
       8				 ; Version: 1.0.0.build011023 
       9				 ; 
      10				 ; Date: 2023 / 01 / 10 
      11				 ; 
      12				 ; Description: .STACK Segment é™¤äº† P
					USH & POP æŒ‡ä»¤ä¹‹å¤–ï¼Œé‚„æœ‰ PUSHAW 
					& POPAWã€‚ 
      13				 ;              ä¸éï¼Œä»¥ä¸Šé€™å…©ç¨
					®æŒ‡ä»¤åªèƒ½å¤ åœ¨ 80286 ä¸ŠåŸ·è¡Œï¼›8
					0386 ä¸¦ä¸æ”¯æ´æ­¤äºŒç¨®æŒ‡ä»¤ã€‚ 
      14				 ;              ä½†æ­¤ä¸€ç¯„ä¾‹ç¶“éæ”
					¹å¯«ï¼Œäº¦èƒ½å¤ é”åˆ°èˆ‡æ•™ç§‘æ›¸ä¸€æ¨
					£çš„åŸ·è¡Œçµæœï¼ 
      15				 ; 
      16				 
      17				;.286                    ; 80286 suppor
					t PUSHAW & POPAW instructions ONLY!! 
      18				 
      19				.MODEL	SMALL 
      20				 
      21 0400				.STACK 
      22				 
      23 0000				.DATA 
      24 0000  54 45 53 54 20 53 54		MSG  DB  'TEST STACK',0DH,0AH,'
					$' 
      25       41 43 4B 0D 0A 24	
      26				 
      27 0000				.CODE 
      28 0000				main: 
      29 0000  B8 1234				MOV  AX, 1234H         ; å°‡æ•¸
					å€¼ 0x1234 ç§»å‹•åˆ° AX Register 
      30 0003  BB 5678				MOV  BX, 5678H         ; å°‡æ•¸
					å€¼ 0x5678 ç§»å‹•åˆ° BX Register 
      31 0006  B9 9ABC				MOV  CX, 9ABCH         ; å°‡æ•¸
					å€¼ 0x9ABC ç§»å‹•åˆ° CX Register 
      32 0009  BA DE39				MOV  DX, 0DE39H        ; å°‡æ•¸
					å€¼ 0xDE39 ç§»å‹•åˆ° DX Register 
      33				;	PUSHAW                 ; æ­¤ä¸€
					æŒ‡ä»¤ï¼Œç­‰åƒ¹æ–¼ä¾åºåŸ·è¡Œï¼šPUSH A
					X, BX, CX, DX å’Œ Flag Register 
      34 000C  50				PUSH AX 
      35 000D  53				PUSH BX 
      36 000E  51				PUSH CX 
      37 000F  52				PUSH DX 
Microsoft (R) Macro Assembler Version 5.00                  1/11/23 22:26:05
                                                             Page     1-2


      38 0010  9C				PUSHF                  ; å°‡ Fl
					ag Register çš„å…§å®¹ç§»å‹•åˆ° Stack Se
					gment 
      39 0011  B8 ---- R			MOV  AX, @DATA         ; æŠŠ .D
					ATA Segment çš„ä½å€å‚³é€åˆ° AX æš«å­
					˜å™¨ï¼›å³ .DATA Segment çš„èµ·å§‹ä½å
					€æ”¾åˆ° AX 
      40 0014  8E D8				MOV  DS, AX            ; æŠŠ AX
					 Register çš„è¨˜æ†¶é«”ä½å€è¨­å®šçµ¦ D
					ata Segment Register 
      41 0016  BA 0000 R			MOV  DX, OFFSET MSG    ; å°‡ MS
					G çš„è¨˜æ†¶é«”ä½å€ï¼Œå†åŠ ä¸Šåç§»é
					‡ï¼Œç§»å‹•åˆ° DX Register 
      42 0019  B4 09				MOV  AH, 09H           ; DOS çš
					„ç¬¬ 09 è™Ÿä¸­æ–·æœå‹™ (é¡¯ç¤ºå­—ä¸²)ï
					¼›DL (DX Low Byte)ç‚ºè¦é–‹å§‹è¼¸å‡ºçš„
					å­—ä¸² 
      43 001B  CD 21				INT  21H               ; INT 21
					H: DOS ä¸­æ–· 
      44				;	POPAW                  ; æ­¤ä¸€
					æŒ‡ä»¤ï¼Œç­‰åƒ¹æ–¼ä¾åºåŸ·è¡Œï¼šPOP Fl
					ag Register, DX, CX, BX å’Œ AX 
      45 001D  9D				POPF 
      46 001E  5A				POP DX                 ; DX Hig
					h Byte: 0xDE; DX Low Byte: 0x39 ('9') 
      47 001F  59				POP CX 
      48 0020  5B				POP BX 
      49 0021  58				POP AX 
      50 0022  B4 02				MOV  AH, 02H           ; DOS çš
					„ç¬¬ 02 è™Ÿä¸­æ–·æœå‹™ (é¡¯ç¤ºè¼¸å‡ºå­
					—å…ƒ)ï¼›DL (DX Low Byte)ç‚ºè¦è¼¸å‡ºçš„
					å­—å…ƒ 
      51 0024  CD 21				INT  21H               ; INT 21
					H: DOS ä¸­æ–· 
      52 0026  B4 4C				MOV  AH, 4CH           ; DOS çš
					„ç¬¬ 4C è™Ÿä¸­æ–·æœå‹™ (å¸¶å›å‚³å€¼çµ
					æŸ)ï¼›AL (AX Low Byte)ç‚ºå›å‚³å€¼ 
      53 0028  CD 21				INT  21H               ; INT 21
					H: DOS ä¸­æ–· 
      54 002A				END main 
Microsoft (R) Macro Assembler Version 5.00                  1/11/23 22:26:05
                                                             Symbols-1


Segments and Groups:

                N a m e         	Length	 Align	Combine Class

DGROUP . . . . . . . . . . . . .  	GROUP
  _DATA  . . . . . . . . . . . .  	000D	WORD	PUBLIC	'DATA'
  STACK  . . . . . . . . . . . .  	0400	PARA	STACK	'STACK'
_TEXT  . . . . . . . . . . . . .  	002A	WORD	PUBLIC	'CODE'

Symbols:            

                N a m e         	Type	 Value	 Attr

MAIN . . . . . . . . . . . . . .  	L NEAR	0000	_TEXT
MSG  . . . . . . . . . . . . . .  	L BYTE	0000	_DATA

@CODE  . . . . . . . . . . . . .  	TEXT  _TEXT		
@CODESIZE  . . . . . . . . . . .  	TEXT  0		
@DATASIZE  . . . . . . . . . . .  	TEXT  0		
@FILENAME  . . . . . . . . . . .  	TEXT  MAIN		


     53 Source  Lines
     53 Total   Lines
     16 Symbols

  50584 + 465960 Bytes symbol space free

      1 Warning Errors
      0 Severe  Errors
