Microsoft (R) Macro Assembler Version 5.00                  10/30/22 11:48:49
                                                             Page     1-1


       1				ï»¿ ; 
MAIN.ASM(1): warning A4001: Extra characters on line
       2				 ; File Name: MAIN.ASM 
       3				 ; 
       4				 ; CopyLeft (C) 2022, Picasso's Fantasy
					 Notepad. All rights reserved. 
       5				 ; 
       6				 ; Author: Pablo Picasso G. (PabloPicas
					so.G@gmail.com) 
       7				 ; 
       8				 ; Version: 1.0.0.build103022 
       9				 ; 
      10				 ; Date: 2022 / 10 / 30 
      11				 ; 
      12				 ; Description: é€™å€‹ç¯„ä¾‹å‘ˆç¾ç®—è¡
					“æŒ‡ä»¤ä¸­çš„é™¤æ³•æŒ‡ä»¤ -- IDIVã€‚ 
      13				 ;              IDIV å…¶å¯¦å’Œ DIV çš„è
					™•ç†æ–¹å¼æ˜¯ä¸€æ¨£çš„ï¼›å·®åˆ¥åœ¨æ–¼ 
					IDIV å¤šäº†æ­£è² è™Ÿçš„è™•ç†ã€‚ 
      14				 ;              å…¶ç‰¹æ€§ç‚ºå°‡ã€Œè¢«é™
					¤æ•¸ã€æ”¾é€² AX æš«å­˜å™¨ä¸­ï¼›ã€Œé™¤æ
					•¸ã€æ”¾é€²ä¸€èˆ¬æš«å­˜å™¨ or è¨˜æ†¶é«”
					ã€‚ 
      15				 ;              ã€Œå•†ã€æœƒæ”¾åœ¨ AL ï
					¼Œè€Œã€Œé¤˜æ•¸ã€æœƒæ”¾åœ¨ AHã€‚ 
      16				 ;              å­—çµ„ (Word)é™¤ä»¥ä½å
					…ƒçµ„ (Byte)çš„æ™‚å€™ï¼Œè¢«é™¤æ•¸ (å­—ç
					µ„)æœƒå­˜æ”¾åœ¨ AX Registerï¼› 
      17				 ;              é™¤æ•¸ (ä½å…ƒçµ„)å­˜æ”
					¾åœ¨ä¸€èˆ¬æš«å­˜å™¨ or è¨˜æ†¶é«”ï¼Œå•†æ
					•¸å­˜æ”¾åœ¨ ALï¼Œé¤˜æ•¸å­˜æ”¾åœ¨ AHã€‚ 
      18				 ;              é›™å­—çµ„ (Double Word)
					é™¤ä»¥å­—çµ„ (Word)çš„æ™‚å€™ï¼Œè¢«é™¤æ•
					¸ (é›™å­—çµ„)æœƒå­˜æ”¾åœ¨ AX & DX Regis
					terï¼› 
      19				 ;              é™¤æ•¸ (å­—çµ„)å­˜æ”¾åœ
					¨ä¸€èˆ¬æš«å­˜å™¨ or è¨˜æ†¶é«”ï¼Œå•†æ•¸å
					­˜æ”¾åœ¨ AXï¼Œé¤˜æ•¸å­˜æ”¾åœ¨ DXã€‚ 
      20				 ; 
      21				 
      22				.MODEL	SMALL 
      23				 
      24 0400				.STACK 
      25				 
      26 0000				.DATA 
      27 0000  FFEF				NUM1 DW -17      ; å®£å‘Šè®Šæ•¸
					åç¨±ç‚º NUM1ï¼Œå°‡ -17 (0001 0001) ä»
					¥ Word (2 Byte, 0000 0000 0001 0001) çš
					„è³‡æ–™å‹æ…‹å„²å­˜åˆ°
      28 0002  FD				NUM2 DB -3       ; å®£å‘Šè®Šæ•¸
					åç¨±ç‚º NUM2ï¼Œå°‡ -3 (1111 1101) ä»¥
					 Byte çš„è³‡æ–™å‹æ…‹å„²å­˜åˆ° NUM2 
      29				 
      30 0000				.CODE 
Microsoft (R) Macro Assembler Version 5.00                  10/30/22 11:48:49
                                                             Page     1-2


      31 0000				main: 
      32 0000  B8 ---- R			MOV  AX, @DATA   ; æŠŠ .DATA Se
					gment çš„ä½å€å‚³é€åˆ° AX æš«å­˜å™¨ 
      33 0003  8E D8				MOV  DS, AX      ; æŠŠ AX Regis
					ter çš„è¨˜æ†¶é«”ä½å€è¨­å®šçµ¦ Data Se
					gment Registerï¼› 
      34				                   ; æ›å¥è©±èªªï¼Œå°±
					æ˜¯æŠŠ .DATA Segment æ­¤æ™‚çš„è¨˜æ†¶é«”
					ä½å€ï¼Œè¨­å®šçµ¦ Data Segment Registe
					r 
      35 0005  8A 16 0002 R			MOV  DL, NUM2    ; æŠŠ NUM2 (-3
					, 1111 1101) è¨­å®šçµ¦ DX Low Byte 
      36 0009  A1 0000 R			MOV  AX, NUM1    ; æŠŠ NUM1 (-1
					7, 0000 0000 0001 0001) è¨­å®šçµ¦ AX Re
					gister 
      37 000C  F6 FA				IDIV DL          ; AX (-17) / D
					L (-3) = 5 (0x05) (AL) .... 2 (0x02) (A
					H) ----> AX == 0x0205 
      38 000E  8A D0				MOV  DL, AL      ; æŠŠ AL (0x05
					) çš„è³‡æ–™ç§»å‹•åˆ° DL ä½œç‚ºè¼¸å‡º (æ
					­¤æ™‚ AL çš„å€¼æ‡‰ç‚º 0 ä¸”ç‚ºå›å‚³å€¼
					)ã€‚ 
      39 0010  80 C2 30				ADD  DL, '0'     ; æŠŠæ­¤æ™‚çš„
					 DL (0x05) å†åŠ ä¸Š '0' (0x30) = 0x35 
					('5') 
      40 0013  B4 02				MOV  AH, 02H     ; DOS çš„ç¬¬ 0
					2 è™Ÿä¸­æ–·æœå‹™ (é¡¯ç¤ºè¼¸å‡º)ï¼›DL (
					DX Low Byte)ç‚ºè¦è¼¸å‡ºçš„è³‡æ–™ 
      41 0015  CD 21				INT  21H         ; INT 21H: DOS
					 ä¸­æ–· 
      42 0017  B4 4C				MOV  AH, 4CH     ; DOS çš„ç¬¬ 4
					C è™Ÿä¸­æ–·æœå‹™ (å¸¶å›å‚³å€¼çµæŸ)ï
					¼›BL (BX Low Byte)ç‚ºå›å‚³å€¼ 
      43 0019  CD 21				INT  21H         ; INT 21H: DOS
					 ä¸­æ–· 
      44 001B				END main 
Microsoft (R) Macro Assembler Version 5.00                  10/30/22 11:48:49
                                                             Symbols-1


Segments and Groups:

                N a m e         	Length	 Align	Combine Class

DGROUP . . . . . . . . . . . . .  	GROUP
  _DATA  . . . . . . . . . . . .  	0003	WORD	PUBLIC	'DATA'
  STACK  . . . . . . . . . . . .  	0400	PARA	STACK	'STACK'
_TEXT  . . . . . . . . . . . . .  	001B	WORD	PUBLIC	'CODE'

Symbols:            

                N a m e         	Type	 Value	 Attr

MAIN . . . . . . . . . . . . . .  	L NEAR	0000	_TEXT

NUM1 . . . . . . . . . . . . . .  	L WORD	0000	_DATA
NUM2 . . . . . . . . . . . . . .  	L BYTE	0002	_DATA

@CODE  . . . . . . . . . . . . .  	TEXT  _TEXT		
@CODESIZE  . . . . . . . . . . .  	TEXT  0		
@DATASIZE  . . . . . . . . . . .  	TEXT  0		
@FILENAME  . . . . . . . . . . .  	TEXT  MAIN		


     44 Source  Lines
     44 Total   Lines
     17 Symbols

  50584 + 465960 Bytes symbol space free

      1 Warning Errors
      0 Severe  Errors
