Microsoft (R) Macro Assembler Version 5.00                  10/30/22 14:44:16
                                                             Page     1-1


       1				ï»¿ ; 
MAIN.ASM(1): warning A4001: Extra characters on line
       2				 ; File Name: MAIN.ASM 
       3				 ; 
       4				 ; CopyLeft (C) 2022, Picasso's Fantasy
					 Notepad. All rights reserved. 
       5				 ; 
       6				 ; Author: Pablo Picasso G. (PabloPicas
					so.G@gmail.com) 
       7				 ; 
       8				 ; Version: 1.0.0.build103022 
       9				 ; 
      10				 ; Date: 2022 / 10 / 30 
      11				 ; 
      12				 ; Description: é€™å€‹ç¯„ä¾‹å‘ˆç¾ç®—è¡
					“æŒ‡ä»¤ä¸­çš„æ“´å±•æŒ‡ä»¤ -- CWDã€‚ 
      13				 ;              é€™å€‹æŒ‡ä»¤æœƒå°‡ AX ä
					¸­çš„æœ€é«˜ä½å…ƒå€¼ï¼Œå­˜å…¥ DX çš„æ¯
					ä¸€å€‹ä½å…ƒä¸­ã€‚ 
      14				 ; 
      15				 
      16				.MODEL	SMALL 
      17				 
      18 0400				.STACK 
      19				 
      20 0000				.DATA 
      21 0000  8001				NUM DW 32769     ; å®£å‘Šè®Šæ•¸
					åç¨±ç‚º NUMï¼Œå°‡ 32,769 (0x8001, 100
					0 0000 0000 0001) 
      22				                   ; ä»¥ Word çš„è³‡æ–™
					å‹æ…‹å„²å­˜åˆ° NUM 
      23 0000				.CODE 
      24 0000				main: 
      25 0000  B8 ---- R			MOV AX, @DATA    ; æŠŠ .DATA Se
					gment çš„ä½å€å‚³é€åˆ° AX æš«å­˜å™¨ 
      26 0003  8E D8				MOV DS, AX       ; æŠŠ AX Regis
					ter çš„è¨˜æ†¶é«”ä½å€è¨­å®šçµ¦ Data Se
					gment Registerï¼› 
      27				                   ; æ›å¥è©±èªªï¼Œå°±
					æ˜¯æŠŠ .DATA Segment æ­¤æ™‚çš„è¨˜æ†¶é«”
					ä½å€ï¼Œè¨­å®šçµ¦ Data Segment Registe
					r 
      28 0005  A1 0000 R			MOV AX, NUM      ; æŠŠ NUM (0x8
					001, 1000 0000 0000 0001) è¨­å®šçµ¦ AX 
					Register 
      29 0008  99				CWD              ; æ­¤æ™‚çš„ AX
					 (0x8001, 1000 0000 0000 0001)çš„æœ€é«˜
					ä½å…ƒç‚º 1 ï¼›æœƒå¡çµ¦ DX ï¼Œ 
      30					                 ; æ‰€ä»¥æ•´å€‹
					 DX Register ç‚ºï¼š1111 1111 1111 1111 
					(0xFF) 
      31 0009  80 C2 44				ADD DL, 'D'      ; æŠŠæ­¤æ™‚çš„
					 DL (1111 1111)ï¼Œé€™æ˜¯ï¼’çš„è£œæ•¸çµ
					æœï¼Œå…¶å€¼ç‚º -1 ï¼› 
Microsoft (R) Macro Assembler Version 5.00                  10/30/22 14:44:16
                                                             Page     1-2


      32					                 ; å†åŠ ä¸Š 'D
					' (0x44) = 0x43 ('C') 
      33 000C  B4 02				MOV AH, 02H      ; DOS çš„ç¬¬ 0
					2 è™Ÿä¸­æ–·æœå‹™ (é¡¯ç¤ºè¼¸å‡º)ï¼›DL (
					DX Low Byte)ç‚ºè¦è¼¸å‡ºçš„è³‡æ–™ 
      34 000E  CD 21				INT 21H          ; INT 21H: DOS
					 ä¸­æ–· 
      35 0010  B4 4C				MOV AH, 4CH      ; DOS çš„ç¬¬ 4
					C è™Ÿä¸­æ–·æœå‹™ (å¸¶å›å‚³å€¼çµæŸ)ï
					¼›BL (BX Low Byte)ç‚ºå›å‚³å€¼ 
      36 0012  CD 21				INT 21H          ; INT 21H: DOS
					 ä¸­æ–· 
      37 0014				END main 
Microsoft (R) Macro Assembler Version 5.00                  10/30/22 14:44:16
                                                             Symbols-1


Segments and Groups:

                N a m e         	Length	 Align	Combine Class

DGROUP . . . . . . . . . . . . .  	GROUP
  _DATA  . . . . . . . . . . . .  	0002	WORD	PUBLIC	'DATA'
  STACK  . . . . . . . . . . . .  	0400	PARA	STACK	'STACK'
_TEXT  . . . . . . . . . . . . .  	0014	WORD	PUBLIC	'CODE'

Symbols:            

                N a m e         	Type	 Value	 Attr

MAIN . . . . . . . . . . . . . .  	L NEAR	0000	_TEXT

NUM  . . . . . . . . . . . . . .  	L WORD	0000	_DATA

@CODE  . . . . . . . . . . . . .  	TEXT  _TEXT		
@CODESIZE  . . . . . . . . . . .  	TEXT  0		
@DATASIZE  . . . . . . . . . . .  	TEXT  0		
@FILENAME  . . . . . . . . . . .  	TEXT  MAIN		


     37 Source  Lines
     37 Total   Lines
     16 Symbols

  50622 + 465922 Bytes symbol space free

      1 Warning Errors
      0 Severe  Errors
