Microsoft (R) Macro Assembler Version 5.00                  12/3/22 22:11:16
                                                             Page     1-1


       1				ï»¿ ; 
MAIN.ASM(1): warning A4001: Extra characters on line
       2				 ; File Name: MAIN.ASM 
       3				 ; 
       4				 ; CopyLeft (C) 2022, Picasso's Fantasy
					 Notepad. All rights reserved. 
       5				 ; 
       6				 ; Author: Pablo Picasso G. (PabloPicas
					so.G@gmail.com) 
       7				 ; 
       8				 ; Version: 1.0.0.build120322 
       9				 ; 
      10				 ; Date: 2022 / 12 / 03 
      11				 ; 
      12				 ; Description: æ­¤ä¸€ç¯„ä¾‹å‘ˆç¾äº†æ—
					—æ¨™è¨­å®šæŒ‡ä»¤çš„ç”¨æ³• 
      13				 ;              CLC (Clear Carry Flag):
					 å°‡ Carry Flag è¨­å®šç‚ºï¼ 
      14				 ;              CMC (Complements Carry 
					Flag): å– Carry Flag çš„è£œæ•¸ (NOT Ca
					rry Flag) 
      15				 ;              STC (Set To Carry Flag)
					: å°‡ Carry Flag è¨­å®šç‚ºï¼‘ 
      16				 ; 
      17				 
      18				.MODEL	SMALL 
      19				 
      20 0400				.STACK 
      21				 
      22 0000				.DATA 
      23 0000  02				NUM1  DB 2         ; å®£å‘Šè®Šæ
					•¸åç¨±ç‚º NUM1ï¼Œå°‡æ•¸å€¼ï¼’ä»¥ Byte
					 çš„è³‡æ–™å‹æ…‹å„²å­˜åˆ° NUM1 
      24 0001  03				NUM2  DB 3         ; å®£å‘Šè®Šæ
					•¸åç¨±ç‚º NUM2ï¼Œå°‡æ•¸å€¼ï¼“ä»¥ Byte
					 çš„è³‡æ–™å‹æ…‹å„²å­˜åˆ° NUM2 
      25				 
      26 0000				.CODE 
      27 0000				main: 
      28 0000  B8 ---- R			MOV   AX, @DATA    ; æŠŠ .DATA 
					Segment çš„ä½å€å‚³é€åˆ° AX æš«å­˜å™¨
					 
      29 0003  8E D8				MOV   DS, AX       ; æŠŠ AX Reg
					ister çš„è¨˜æ†¶é«”ä½å€è¨­å®šçµ¦ Data 
					Segment Register 
      30 0005  8A 3E 0000 R			MOV   BH, NUM1     ; å°‡ NUM1 (
					2)ç§»å‹•åˆ° BX High Byte 
      31 0009  8A 1E 0001 R			MOV   BL, NUM2     ; å°‡ NUM2 (
					3)ç§»å‹•åˆ° BX Low Byte 
      32 000D  F5				CMC                ; å– Carry 
					Flag çš„è£œæ•¸ï¼›åŸæœ¬ç‚ºï¼ï¼Œå–å‡ºä
					¾†çš„å€¼æ˜¯ï¼‘ 
      33 000E  12 DF				ADC   BL, BH       ; BX Low Byt
					e (2) + BX High Byte (3) + Carry Flag ç
Microsoft (R) Macro Assembler Version 5.00                  12/3/22 22:11:16
                                                             Page     1-2


					š„è£œæ•¸(1) å†å„²å­˜å› BX Low Byte 
      34 0010  80 C3 30				ADD   BL, '0'      ; æŠŠæ­¤æ™‚ç
					š„ BL (6) å†åŠ ä¸Š '0' (0x30) = 0x36 (
					'6') 
      35 0013  8A D3				MOV   DL, BL       ; æŠŠ BL çš„
					è³‡æ–™ç§»å‹•åˆ° DL ä½œç‚ºè¼¸å‡º (æ­¤æ™‚
					 AL çš„å€¼æ‡‰ç‚º 0 ä¸”ç‚ºå›å‚³å€¼)ã€‚ 
      36 0015  B4 02				MOV   AH, 02H      ; DOS çš„ç¬¬
					 02 è™Ÿä¸­æ–·æœå‹™ (é¡¯ç¤ºå­—å…ƒ)ï¼›DX
					 Low Byte ç‚ºè¦è¼¸å‡ºçš„å­—å…ƒ 
      37 0017  CD 21				INT   21H          ; INT 21H: D
					OS ä¸­æ–·	 
      38 0019  EB 01 90				JMP   ENDDOS       ; ç›´æ¥è·³å
					ˆ° ENDDOS æ¨™ç±¤æ‰€åœ¨çš„ç¨‹å¼ç¢¼ 
      39 001C				ENDDOS: 
      40 001C  B4 4C				MOV   AH, 4CH      ; DOS çš„ç¬¬
					 4C è™Ÿä¸­æ–·æœå‹™ (å¸¶å›å‚³å€¼çµæŸ
					)ï¼›AL (AX Low Byte)ç‚ºå›å‚³å€¼ 
      41 001E  CD 21				INT   21H          ; INT 21H: D
					OS ä¸­æ–· 
      42 0020				END main 
Microsoft (R) Macro Assembler Version 5.00                  12/3/22 22:11:16
                                                             Symbols-1


Segments and Groups:

                N a m e         	Length	 Align	Combine Class

DGROUP . . . . . . . . . . . . .  	GROUP
  _DATA  . . . . . . . . . . . .  	0002	WORD	PUBLIC	'DATA'
  STACK  . . . . . . . . . . . .  	0400	PARA	STACK	'STACK'
_TEXT  . . . . . . . . . . . . .  	0020	WORD	PUBLIC	'CODE'

Symbols:            

                N a m e         	Type	 Value	 Attr

ENDDOS . . . . . . . . . . . . .  	L NEAR	001C	_TEXT

MAIN . . . . . . . . . . . . . .  	L NEAR	0000	_TEXT

NUM1 . . . . . . . . . . . . . .  	L BYTE	0000	_DATA
NUM2 . . . . . . . . . . . . . .  	L BYTE	0001	_DATA

@CODE  . . . . . . . . . . . . .  	TEXT  _TEXT		
@CODESIZE  . . . . . . . . . . .  	TEXT  0		
@DATASIZE  . . . . . . . . . . .  	TEXT  0		
@FILENAME  . . . . . . . . . . .  	TEXT  MAIN		


     42 Source  Lines
     42 Total   Lines
     18 Symbols

  50622 + 465922 Bytes symbol space free

      1 Warning Errors
      0 Severe  Errors
