Microsoft (R) Macro Assembler Version 5.00                  1/9/23 22:17:15
                                                             Page     1-1


       1				ï»¿ ; 
MAIN.ASM(1): warning A4001: Extra characters on line
       2				 ; File Name: MAIN.ASM 
       3				 ; 
       4				 ; CopyLeft (C) 2023, Picasso's Fantasy
					 Notepad. All rights reserved. 
       5				 ; 
       6				 ; Author: Pablo Picasso G. (PabloPicas
					so.G@gmail.com) 
       7				 ; 
       8				 ; Version: 1.0.0.build010923 
       9				 ; 
      10				 ; Date: 2023 / 01 / 09 
      11				 ; 
      12				 ; Description: ã€ŒåŸºåº•ç´¢å¼•å®šå€æ³
					•ã€ï¼šç°¡è¨€ä¹‹ï¼Œã€ŒåŸºåº•ç›¸å°å®šå
					€æ³•ã€å’Œã€Œç›´æ¥ç´¢å¼•å®šå€æ³•ã€å
					ˆä½µåœ¨ä¸€èµ·ä½
      13				 ;              è¤‡ç¿’ï¼š 
      14				 ;              ã€ŒåŸºåº•ç›¸å°å®šå€æ³
					•ã€ï¼šåˆ©ç”¨ Base Pointer æˆ– BX Regis
					ter å†åŠ ä¸Šä¸€å€‹åç§»é‡ (OFFSET)ä¾
					†å¾—åˆ°ä¸€å€‹è¨
      15				 ;              ã€Œç›´æ¥ç´¢å¼•å®šå€æ³
					•ã€ï¼šåˆ©ç”¨ Source Index Register æˆ–
					 Destination Index Register å†åŠ ä¸Šä¸
					€å€‹åç§»é‡ (
      16				 ; 
      17				 
      18				.MODEL	SMALL 
      19				 
      20 0400				.STACK 
      21				 
      22 0000				.DATA 
      23 0000  41 42 43 44 45 46 47		T    DB  'ABCDEFGHIJKLMNOPQRSTU
					VWXYZ$' 
      24       48 49 4A 4B 4C 4D 4E	
      25       4F 50 51 52 53 54 55	
      26       56 57 58 59 5A 24	
      27				 
      28 0000				.CODE 
      29 0000				main: 
      30 0000  B8 ---- R			MOV  AX, @DATA      ; æŠŠ .DATA
					 Segment çš„ä½å€å‚³é€åˆ° AX æš«å­˜å™
					¨ï¼›å³ .DATA Segment çš„èµ·å§‹ä½å€æ”
					¾åˆ° AX 
      31 0003  8E D8				MOV  DS, AX         ; æŠŠ AX Re
					gister çš„è¨˜æ†¶é«”ä½å€è¨­å®šçµ¦ Data
					 Segment Register 
      32 0005  BB 0003				MOV  BX, 03H        ; å°‡æ•¸å€¼
					 0x03 ç§»å‹•åˆ° BX Register 
      33 0008  BE 0007				MOV  SI, 07H        ; å°‡æ•¸å€¼
					 0x07 ç§»å‹•åˆ° Source Index Register 
      34 000B  8A 10				MOV  DL, [BX+SI]    ; [BX+SI] =
Microsoft (R) Macro Assembler Version 5.00                  1/9/23 22:17:15
                                                             Page     1-2


					= [0x03+0x07] == 0x0A == 10 == 'K' 
      35				                      ; åœ¨ 8086 Emulat
					or ä¸ŠåŸ·è¡Œï¼Œçµæœæ˜¯'K' ----> åˆä¹
					é æœŸï¼ 
      36				                      ; åœ¨ DosBox (MAS
					M 5.00)ä¸ŠåŸ·è¡Œï¼Œçµæœæ˜¯'E' ----> ä
					¸çŸ¥é“æ€éº¼ä¾†çš„ï¼Ÿ 
      37				                      ; è€Œæ•™ç§‘æ›¸ä¸Š
					çš„åŸ·è¡Œçµæœï¼Œå±…ç„¶æ˜¯'D' ----> æ‡
					‰è©²æ˜¯å¯«éŒ¯äº†ï¼ 
      38 000D  B4 02				MOV  AH, 02H        ; DOS çš„ç¬
					¬ 02 è™Ÿä¸­æ–·æœå‹™ (é¡¯ç¤ºå­—å…ƒè¼¸å‡
					º)ï¼›DL (DX Low Byte)ç‚ºè¦è¼¸å‡ºçš„å­—
					å…ƒ 
      39 000F  CD 21				INT  21H            ; INT 21H: 
					DOS ä¸­æ–· 
      40 0011  B4 4C				MOV  AH, 4CH        ; DOS çš„ç¬
					¬ 4C è™Ÿä¸­æ–·æœå‹™ (å¸¶å›å‚³å€¼çµæ
					Ÿ)ï¼›AL (AX Low Byte)ç‚ºå›å‚³å€¼ 
      41 0013  CD 21				INT  21H            ; INT 21H: 
					DOS ä¸­æ–· 
      42 0015				END main 
Microsoft (R) Macro Assembler Version 5.00                  1/9/23 22:17:15
                                                             Symbols-1


Segments and Groups:

                N a m e         	Length	 Align	Combine Class

DGROUP . . . . . . . . . . . . .  	GROUP
  _DATA  . . . . . . . . . . . .  	001B	WORD	PUBLIC	'DATA'
  STACK  . . . . . . . . . . . .  	0400	PARA	STACK	'STACK'
_TEXT  . . . . . . . . . . . . .  	0015	WORD	PUBLIC	'CODE'

Symbols:            

                N a m e         	Type	 Value	 Attr

MAIN . . . . . . . . . . . . . .  	L NEAR	0000	_TEXT

T  . . . . . . . . . . . . . . .  	L BYTE	0000	_DATA

@CODE  . . . . . . . . . . . . .  	TEXT  _TEXT		
@CODESIZE  . . . . . . . . . . .  	TEXT  0		
@DATASIZE  . . . . . . . . . . .  	TEXT  0		
@FILENAME  . . . . . . . . . . .  	TEXT  MAIN		


     39 Source  Lines
     39 Total   Lines
     16 Symbols

  50470 + 466074 Bytes symbol space free

      1 Warning Errors
      0 Severe  Errors
