Microsoft (R) Macro Assembler Version 5.00                  10/30/22 09:02:03
                                                             Page     1-1


       1				﻿ ; 
MAIN.ASM(1): warning A4001: Extra characters on line
       2				 ; File Name: MAIN.ASM 
       3				 ; 
       4				 ; CopyLeft (C) 2022, Picasso's Fantasy
					 Notepad. All rights reserved. 
       5				 ; 
       6				 ; Author: Pablo Picasso G. (PabloPicas
					so.G@gmail.com) 
       7				 ; 
       8				 ; Version: 1.0.0.build103022 
       9				 ; 
      10				 ; Date: 2022 / 10 / 30 
      11				 ; 
      12				 ; Description: 這個範例呈現算
					指令中的乘法指令 -- IMUL。 
      13				 ;              IMUL 其實和 MUL 的
					理方式是一樣的；差別在於 
					IMUL 多了正負號的處理。 
      14				 ;              將兩個運算元進
					相乘，其特性為將乘數放進 A
					L or AX 暫存器再進行相乘。 
      15				 ;              "位元組" 和 "位元
					組" 相乘的時候 (Byte)： 
      16				 ;              "被乘數"放在AL，"
					乘數"放在一般暫存器or記憶體
					，積放在AX Register。 
      17				 ;              "字組" 和 "字組" 
					乘的時候 (WORD, 2 Bytes)： 
      18				 ;              "被乘數"放在AX，"
					乘數"放在一般暫存器or記憶體
					，積放在 DX:AX。  
      19				 ;              IMUL 會將最高位元
					的數值當作是正負號來處理；
					而 MUL 則是當成一般的數值。 
      20				 ;              受影響的 Flag Regis
					ter 位元：OF, CF 
      21				 ; 
      22				 
      23				.MODEL	SMALL 
      24				 
      25 0400				.STACK 
      26				 
      27 0000				.DATA 
      28 0000  FE				NUM1 DB -2        ; 宣告變
					名稱為 NUM1，將 1110 (-2) 以 Byt
					e 的資料型態儲存到 NUM1 
      29 0001  FD				NUM2 DB -3        ; 宣告變
					名稱為 NUM2，將 1101 (-3) 以 Byt
					e 的資料型態儲存到 NUM2 
      30				 
      31 0000				.CODE 
      32 0000				main: 
      33 0000  B8 ---- R			MOV  AX, @DATA    ; 把 .DATA S
Microsoft (R) Macro Assembler Version 5.00                  10/30/22 09:02:03
                                                             Page     1-2


					egment 的位址傳送到 AX 暫存器 
      34 0003  8E D8				MOV  DS, AX       ; 把 AX Regi
					ster 的記憶體位址設定給 Data S
					egment Register； 
      35				                    ; 換句話說，
					是把 .DATA Segment 此時的記憶
					位址，設定給 Data Segment Regist
					er 
      36 0005  8A 16 0001 R			MOV  DL, NUM2     ; 把 NUM2 (-
					2, 1110) 設定給 DX Low Byte 
      37 0009  A0 0000 R			MOV  AL, NUM1     ; 把 NUM1 (-
					3, 1101) 設定給 AX Low Byte 
      38 000C  F6 EA				IMUL DL           ; DL (-2, 111
					0) * AL (-3, 1101) = 0x06 (0110) (AL) 
      39 000E  8A D0				MOV  DL, AL       ; 把 AL (0x0
					6) 的資料移動到 DL 作為輸出 (
					此時 AL 的值應為 0 且為回傳
					)。 
      40 0010  80 C2 30				ADD  DL, '0'      ; 把此時
					 DL (0x06) 再加上 '0' (0x30) = 0x36
					 ('6') 
      41 0013  B4 02				MOV  AH, 02H      ; DOS 的第 
					02 號中斷服務 (顯示輸出)；DL 
					(DX Low Byte)為要輸出的資料 
      42 0015  CD 21				INT  21H          ; INT 21H: DO
					S 中斷 
      43 0017  B4 4C				MOV  AH, 4CH      ; DOS 的第 
					4C 號中斷服務 (帶回傳值結束)
					；BL (BX Low Byte)為回傳值 
      44 0019  CD 21				INT  21H          ; INT 21H: DO
					S 中斷 
      45 001B				END main 
Microsoft (R) Macro Assembler Version 5.00                  10/30/22 09:02:03
                                                             Symbols-1


Segments and Groups:

                N a m e         	Length	 Align	Combine Class

DGROUP . . . . . . . . . . . . .  	GROUP
  _DATA  . . . . . . . . . . . .  	0002	WORD	PUBLIC	'DATA'
  STACK  . . . . . . . . . . . .  	0400	PARA	STACK	'STACK'
_TEXT  . . . . . . . . . . . . .  	001B	WORD	PUBLIC	'CODE'

Symbols:            

                N a m e         	Type	 Value	 Attr

MAIN . . . . . . . . . . . . . .  	L NEAR	0000	_TEXT

NUM1 . . . . . . . . . . . . . .  	L BYTE	0000	_DATA
NUM2 . . . . . . . . . . . . . .  	L BYTE	0001	_DATA

@CODE  . . . . . . . . . . . . .  	TEXT  _TEXT		
@CODESIZE  . . . . . . . . . . .  	TEXT  0		
@DATASIZE  . . . . . . . . . . .  	TEXT  0		
@FILENAME  . . . . . . . . . . .  	TEXT  MAIN		


     45 Source  Lines
     45 Total   Lines
     17 Symbols

  50584 + 465960 Bytes symbol space free

      1 Warning Errors
      0 Severe  Errors
