Microsoft (R) Macro Assembler Version 5.00                  1/3/23 10:45:48
                                                             Page     1-1


       1				ï»¿ ; 
MAIN.ASM(1): warning A4001: Extra characters on line
       2				 ; File Name: MAIN.ASM 
       3				 ; 
       4				 ; CopyLeft (C) 2023, Picasso's Fantasy
					 Notepad. All rights reserved. 
       5				 ; 
       6				 ; Author: Pablo Picasso G. (PabloPicas
					so.G@gmail.com) 
       7				 ; 
       8				 ; Version: 1.0.0.build010323 
       9				 ; 
      10				 ; Date: 2023 / 01 / 03 
      11				 ; 
      12				 ; Description: é€™ä¸€å€‹ç¯„ä¾‹å‘ˆç¾äº
					†çµ„åˆèªè¨€ä¸­ã€Œå·¨é›†çš„å¯«æ³•ã€å
					Šå…¶ã€Œåƒæ•¸å‚³éã€ã€‚ 
      13				 ; 
      14				 
      15				@PrintString  MACRO  string         ; å
					®šç¾©ä¸€å€‹åç‚º PrintString çš„å·¨é›†
					ï¼Œæœƒå‚³éä¸€å€‹ string å‹æ…‹çš„åƒæ
					•¸ 
      16					MOV          DX, OFFSET string 
					   ; å°‡ string åŠ ä¸Šåç§»é‡çš„è¨˜æ†
					¶é«”ä½å€ï¼Œç§»å‹•åˆ° DX Register 
      17					MOV          AH, 09H           
					   ; DOS çš„ç¬¬ 09 è™Ÿä¸­æ–·æœå‹™ (é¡¯
					ç¤ºå­—ä¸²)ï¼›DX Register ç‚ºè¦é¡¯ç¤ºçš
					„ä½å€ 
      18					INT          21H               
					   ; INT 21H: DOS ä¸­æ–· 
      19				ENDM                                ; å
					·¨é›†å®šç¾©çµæŸ 
      20				 
      21				@PrintChar    MACRO  char           ; å
					®šç¾©ä¸€å€‹åç‚º PrintChar çš„å·¨é›†ï¼
					Œæœƒå‚³éä¸€å€‹ char å‹æ…‹çš„åƒæ•¸ 
      22					MOV          DL, char          
					   ; å°‡ char åŠ ä¸Šåç§»é‡çš„è¨˜æ†¶é
					«”ä½å€ï¼Œç§»å‹•åˆ° DX Register 
      23					MOV          AH, 02H           
					   ; DOS çš„ç¬¬ 02 è™Ÿä¸­æ–·æœå‹™ (é¡¯
					ç¤ºè¼¸å‡º)ï¼›DL (DX Low Byte)ç‚ºè¦è¼¸å
					‡ºçš„å­—å…ƒ 
      24					INT          21H               
					   ; INT 21H: DOS ä¸­æ–· 
      25				ENDM                                ; å
					·¨é›†å®šç¾©çµæŸ 
      26				 
      27				@EndDos      MACRO                  ; å
					®šç¾©ä¸€å€‹åç‚º EndDos çš„å·¨é›†ï¼›ä½
					†å®ƒä¸¦ä¸å‚³éåƒæ•¸ 
      28					MOV          AH, 4CH           
Microsoft (R) Macro Assembler Version 5.00                  1/3/23 10:45:48
                                                             Page     1-2


					   ; DOS çš„ç¬¬ 4C è™Ÿä¸­æ–·æœå‹™ (å¸¶
					å›å‚³å€¼çµæŸ)ï¼›AL (AX Low Byte)ç‚ºå
					›å‚³å€¼ 
      29					INT          21H               
					   ; INT 21H: DOS ä¸­æ–· 
      30				ENDM                                ; å
					·¨é›†å®šç¾©çµæŸ 
      31				 
      32				.MODEL	SMALL 
      33				 
      34 0400				.STACK 
      35				 
      36 0000				.DATA 
      37 0000  54 24				tChar        DB  'T$' 
      38 0002  68 69 73 20 69 73 20		tString      DB  'his is a book
					!$' 
      39       61 20 62 6F 6F 6B 21	
      40       24			
      41				 
      42 0000				.CODE 
      43 0000				main: 
      44 0000  B8 ---- R			MOV          AX, @DATA         
					   ; æŠŠ .DATA Segment çš„ä½å€å‚³é€å
					ˆ° AX æš«å­˜å™¨ 
      45 0003  8E D8				MOV          DS, AX            
					   ; æŠŠ AX Register çš„è¨˜æ†¶é«”ä½å€
					è¨­å®šçµ¦ Data Segment Register 
      46 0005  A0 0000 R			MOV          AL, tChar         
					   ; å°‡ tChar çš„è¨˜æ†¶é«”ä½å€ç§»å‹•
					åˆ° AX Low Byte 
      47					@PrintChar   AL                
					   ; å‘¼å« PrintChar å·¨é›†ä¸¦å‚³é A
					X Low Byte çš„å…§å®¹ 
      48 0008  8A D0                 1		MOV          DL, AL            
					 ; å°‡ char åŠ ä¸Šåç§»é‡çš„è¨˜æ†¶é«”
					ä½å€ï¼Œç§»å‹•åˆ° DX Register 
      49 000A  B4 02                 1		MOV          AH, 02H           
					   ; DOS çš„ç¬¬ 02 è™Ÿä¸­æ–·æœå‹™ (é¡¯
					ç¤ºè¼¸å‡º)ï¼›DL (DX Low Byte)ç‚ºè¦è¼¸å
					‡ºçš„å­—å… 
      50 000C  CD 21                 1		INT          21H               
					   ; INT 21H: DOS ä¸­æ– 
      51					@PrintString tString           
					   ; å‘¼å« PrintString å·¨é›†ä¸¦å‚³é
					 tString 
      52 000E  BA 0002 R             1		MOV          DX, OFFSET tString
					    ; å°‡ string åŠ ä¸Šåç§»é‡çš„è¨˜æ
					†¶é«”ä½å€ï¼Œç§»å‹•åˆ° DX Register 
      53 0011  B4 09                 1		MOV          AH, 09H           
					   ; DOS çš„ç¬¬ 09 è™Ÿä¸­æ–·æœå‹™ (é¡¯
					ç¤ºå­—ä¸²)ï¼›DX Register ç‚ºè¦é¡¯ç¤ºçš
					„ä½å 
      54 0013  CD 21                 1		INT          21H               
					   ; INT 21H: DOS ä¸­æ– 
Microsoft (R) Macro Assembler Version 5.00                  1/3/23 10:45:48
                                                             Page     1-3


      55					@EndDos                        
					   ; å‘¼å« EndDos 
      56 0015  B4 4C                 1		MOV          AH, 4CH           
					   ; DOS çš„ç¬¬ 4C è™Ÿä¸­æ–·æœå‹™ (å¸¶
					å›å‚³å€¼çµæŸ)ï¼›AL (AX Low Byte)ç‚ºå
					›å‚³å€¼ 
      57 0017  CD 21                 1		INT          21H               
					   ; INT 21H: DOS ä¸­æ– 
      58 0019				END main 

Microsoft (R) Macro Assembler Version 5.00                  1/3/23 10:45:48
                                                             Symbols-1


Macros:

		N a m e			Lines

@ENDDOS  . . . . . . . . . . . .  	   2
@PRINTCHAR . . . . . . . . . . .  	   3
@PRINTSTRING . . . . . . . . . .  	   3

Segments and Groups:

                N a m e         	Length	 Align	Combine Class

DGROUP . . . . . . . . . . . . .  	GROUP
  _DATA  . . . . . . . . . . . .  	0011	WORD	PUBLIC	'DATA'
  STACK  . . . . . . . . . . . .  	0400	PARA	STACK	'STACK'
_TEXT  . . . . . . . . . . . . .  	0019	WORD	PUBLIC	'CODE'

Symbols:            

                N a m e         	Type	 Value	 Attr

MAIN . . . . . . . . . . . . . .  	L NEAR	0000	_TEXT

TCHAR  . . . . . . . . . . . . .  	L BYTE	0000	_DATA
TSTRING  . . . . . . . . . . . .  	L BYTE	0002	_DATA

@CODE  . . . . . . . . . . . . .  	TEXT  _TEXT		
@CODESIZE  . . . . . . . . . . .  	TEXT  0		
@DATASIZE  . . . . . . . . . . .  	TEXT  0		
@FILENAME  . . . . . . . . . . .  	TEXT  MAIN		


     48 Source  Lines
     56 Total   Lines
     20 Symbols

  50580 + 465964 Bytes symbol space free

      1 Warning Errors
      0 Severe  Errors
