Microsoft (R) Macro Assembler Version 5.00                  10/30/22 11:37:52
                                                             Page     1-1


       1				ï»¿ ; 
MAIN.ASM(1): warning A4001: Extra characters on line
       2				 ; File Name: MAIN.ASM 
       3				 ; 
       4				 ; CopyLeft (C) 2022, Picasso's Fantasy
					 Notepad. All rights reserved. 
       5				 ; 
       6				 ; Author: Pablo Picasso G. (PabloPicas
					so.G@gmail.com) 
       7				 ; 
       8				 ; Version: 1.0.0.build103022 
       9				 ; 
      10				 ; Date: 2022 / 10 / 30 
      11				 ; 
      12				 ; Description: é€™å€‹ç¯„ä¾‹å‘ˆç¾ç®—è¡
					“æŒ‡ä»¤ä¸­çš„é™¤æ³•æŒ‡ä»¤ -- DIVã€‚ 
      13				 ;              å…¶ç‰¹æ€§ç‚ºå°‡ã€Œè¢«é™
					¤æ•¸ã€æ”¾é€² AX æš«å­˜å™¨ä¸­ï¼›ã€Œé™¤æ
					•¸ã€æ”¾é€²ä¸€èˆ¬æš«å­˜å™¨ or è¨˜æ†¶é«”
					ã€‚ 
      14				 ;              ã€Œå•†ã€æœƒæ”¾åœ¨ AL ï
					¼Œè€Œã€Œé¤˜æ•¸ã€æœƒæ”¾åœ¨ AHã€‚ 
      15				 ;              å­—çµ„ (Word)é™¤ä»¥ä½å
					…ƒçµ„ (Byte)çš„æ™‚å€™ï¼Œè¢«é™¤æ•¸ (å­—ç
					µ„)æœƒå­˜æ”¾åœ¨ AX Registerï¼› 
      16				 ;              é™¤æ•¸ (ä½å…ƒçµ„)å­˜æ”
					¾åœ¨ä¸€èˆ¬æš«å­˜å™¨ or è¨˜æ†¶é«”ï¼Œå•†æ
					•¸å­˜æ”¾åœ¨ ALï¼Œé¤˜æ•¸å­˜æ”¾åœ¨ AHã€‚ 
      17				 ;              é›™å­—çµ„ (Double Word)
					é™¤ä»¥å­—çµ„ (Word)çš„æ™‚å€™ï¼Œè¢«é™¤æ•
					¸ (é›™å­—çµ„)æœƒå­˜æ”¾åœ¨ AX & DX Regis
					terï¼› 
      18				 ;              é™¤æ•¸ (å­—çµ„)å­˜æ”¾åœ
					¨ä¸€èˆ¬æš«å­˜å™¨ or è¨˜æ†¶é«”ï¼Œå•†æ•¸å
					­˜æ”¾åœ¨ AXï¼Œé¤˜æ•¸å­˜æ”¾åœ¨ DXã€‚ 
      19				 ; 
      20				 
      21				.MODEL	SMALL 
      22				 
      23 0400				.STACK 
      24				 
      25 0000				.DATA 
      26 0000  000E				NUM1 DW 14       ; å®£å‘Šè®Šæ•¸
					åç¨±ç‚º NUM1ï¼Œå°‡ 0x0E ä»¥ Word (2 B
					yte, 0x00 0x0E) çš„è³‡æ–™å‹æ…‹å„²å­˜åˆ
					° NUM1 
      27 0002  03				NUM2 DB 03       ; å®£å‘Šè®Šæ•¸
					åç¨±ç‚º NUM2ï¼Œå°‡ 0x03 ä»¥ Byte çš„è
					³‡æ–™å‹æ…‹å„²å­˜åˆ° NUM2 
      28				 
      29 0000				.CODE 
      30 0000				main: 
      31 0000  B8 ---- R			MOV AX, @DATA    ; æŠŠ .DATA Se
					gment çš„ä½å€å‚³é€åˆ° AX æš«å­˜å™¨ 
Microsoft (R) Macro Assembler Version 5.00                  10/30/22 11:37:52
                                                             Page     1-2


      32 0003  8E D8				MOV DS, AX       ; æŠŠ AX Regis
					ter çš„è¨˜æ†¶é«”ä½å€è¨­å®šçµ¦ Data Se
					gment Registerï¼› 
      33				                   ; æ›å¥è©±èªªï¼Œå°±
					æ˜¯æŠŠ .DATA Segment æ­¤æ™‚çš„è¨˜æ†¶é«”
					ä½å€ï¼Œè¨­å®šçµ¦ Data Segment Registe
					r 
      34 0005  8A 16 0002 R			MOV DL, NUM2     ; æŠŠ NUM2 (0x
					03) è¨­å®šçµ¦ DX Low Byte 
      35 0009  A1 0000 R			MOV AX, NUM1     ; æŠŠ NUM1 (0x
					00, 0x0E) è¨­å®šçµ¦ AX Register 
      36 000C  F6 F2				DIV DL           ; AX (0x0E) / 
					DL (0x03) = 4 (0x04) (AL) .... 2 (0x02)
					 (AH) ----> AX == 0x0204 
      37 000E  8A D0				MOV DL, AL       ; æŠŠ AL (0x04
					) çš„è³‡æ–™ç§»å‹•åˆ° DL ä½œç‚ºè¼¸å‡º (æ
					­¤æ™‚ AL çš„å€¼æ‡‰ç‚º 0 ä¸”ç‚ºå›å‚³å€¼
					)ã€‚ 
      38 0010  80 C2 30				ADD DL, '0'      ; æŠŠæ­¤æ™‚çš„
					 DL (0x04) å†åŠ ä¸Š '0' (0x30) = 0x34 
					('4') 
      39 0013  B4 02				MOV AH, 02H      ; DOS çš„ç¬¬ 0
					2 è™Ÿä¸­æ–·æœå‹™ (é¡¯ç¤ºè¼¸å‡º)ï¼›DL (
					DX Low Byte)ç‚ºè¦è¼¸å‡ºçš„è³‡æ–™ 
      40 0015  CD 21				INT 21H          ; INT 21H: DOS
					 ä¸­æ–· 
      41 0017  B4 4C				MOV AH, 4CH      ; DOS çš„ç¬¬ 4
					C è™Ÿä¸­æ–·æœå‹™ (å¸¶å›å‚³å€¼çµæŸ)ï
					¼›BL (BX Low Byte)ç‚ºå›å‚³å€¼ 
      42 0019  CD 21				INT 21H          ; INT 21H: DOS
					 ä¸­æ–· 
      43 001B				END main 
Microsoft (R) Macro Assembler Version 5.00                  10/30/22 11:37:52
                                                             Symbols-1


Segments and Groups:

                N a m e         	Length	 Align	Combine Class

DGROUP . . . . . . . . . . . . .  	GROUP
  _DATA  . . . . . . . . . . . .  	0003	WORD	PUBLIC	'DATA'
  STACK  . . . . . . . . . . . .  	0400	PARA	STACK	'STACK'
_TEXT  . . . . . . . . . . . . .  	001B	WORD	PUBLIC	'CODE'

Symbols:            

                N a m e         	Type	 Value	 Attr

MAIN . . . . . . . . . . . . . .  	L NEAR	0000	_TEXT

NUM1 . . . . . . . . . . . . . .  	L WORD	0000	_DATA
NUM2 . . . . . . . . . . . . . .  	L BYTE	0002	_DATA

@CODE  . . . . . . . . . . . . .  	TEXT  _TEXT		
@CODESIZE  . . . . . . . . . . .  	TEXT  0		
@DATASIZE  . . . . . . . . . . .  	TEXT  0		
@FILENAME  . . . . . . . . . . .  	TEXT  MAIN		


     43 Source  Lines
     43 Total   Lines
     17 Symbols

  50622 + 465922 Bytes symbol space free

      1 Warning Errors
      0 Severe  Errors
