Microsoft (R) Macro Assembler Version 5.00                  1/17/23 22:32:29
                                                             Page     1-1


       1				ï»¿ ; 
MAIN.ASM(1): warning A4001: Extra characters on line
       2				 ; File Name: MAIN.ASM 
       3				 ; 
       4				 ; CopyLeft (C) 2023, Picasso's Fantasy
					 Notepad. All rights reserved. 
       5				 ; 
       6				 ; Author: Pablo Picasso G. (PabloPicas
					so.G@gmail.com) 
       7				 ; 
       8				 ; Version: 1.0.0.build011723 
       9				 ; 
      10				 ; Date: 2023 / 01 / 17 
      11				 ; 
      12				 ; Description: é€™ä¹™ç« ç¯€å¾ˆç„¡èŠï¼
					ã€ŒINT 21H: DOS ä¸­æ–·ã€çš„éµç›¤ä¸­æ
					–·æœå‹™ï¼› 
      13				 ;              DOS çš„ç¬¬ 0C è™Ÿä¸­æ–·
					æœå‹™ï¼›æ¸…é™¤éµç›¤çš„ç·©è¡å€ï¼Œä¸¦
					åŸ·è¡Œ AX Low Byte æ‰€æŒ‡å®šçš„åŠŸèƒ½ 
      14				 ;              æ­¤æ™‚çš„ AX Low Byte é
					™å®šç‚ºï¼š01H, 06H, 07H, 08H, 0AH 
      15				 ;              è‹¥ç‚º 00H åƒ…æ¸…é™¤éµ
					ç›¤çš„ç·©è¡å€ï¼Œä¸”ç¨‹å¼çµ‚æ­¢ (ç­‰å
					ƒ¹æ–¼ INT 20H) 
      16				 ; 
      17				 
      18				.MODEL	SMALL 
      19				 
      20 0400				.STACK 
      21				 
      22 0000				.DATA 
      23				 
      24 0000				.CODE 
      25 0000				main: 
      26 0000  B8 ---- R			MOV  AX, @DATA    ; æŠŠ .DATA S
					egment çš„ä½å€å‚³é€åˆ° AX æš«å­˜å™¨ï
					¼›å³ .DATA Segment çš„èµ·å§‹ä½å€æ”¾å
					ˆ° AX 
      27 0003  8E D8				MOV  DS, AX       ; æŠŠ AX Regi
					ster çš„è¨˜æ†¶é«”ä½å€è¨­å®šçµ¦ Data S
					egment Register 
      28 0005  B0 01				MOV  AL, 01H      ; DOS çš„ç¬¬ 
					01 è™Ÿä¸­æ–·æœå‹™ (ç”±éµç›¤è¼¸å…¥å­—å
					…ƒä¸¦é¡¯ç¤º)ï¼›AL (AX Low Byte)ç‚ºè¼¸å…
					¥çš„å­—å…ƒ 
      29 0007  B4 0C				MOV  AH, 0CH      ; DOS çš„ç¬¬ 
					0C è™Ÿä¸­æ–·æœå‹™ï¼›æ¸…é™¤éµç›¤çš„ç·©
					è¡å€ï¼Œä¸¦åŸ·è¡Œ AX Low Byte æ‰€æŒ‡å®
					šçš„åŠŸèƒ½ 
      30 0009  CD 21				INT  21H          ; INT 21H: DO
					S ä¸­æ–· 
      31 000B  B4 4C				MOV  AH, 4CH      ; DOS çš„ç¬¬ 
					4C è™Ÿä¸­æ–·æœå‹™ (å¸¶å›å‚³å€¼çµæŸ)
Microsoft (R) Macro Assembler Version 5.00                  1/17/23 22:32:29
                                                             Page     1-2


					ï¼›AL (AX Low Byte)ç‚ºå›å‚³å€¼ 
      32 000D  CD 21				INT  21H          ; INT 21H: DO
					S ä¸­æ–· 
      33 000F				END main 
Microsoft (R) Macro Assembler Version 5.00                  1/17/23 22:32:29
                                                             Symbols-1


Segments and Groups:

                N a m e         	Length	 Align	Combine Class

DGROUP . . . . . . . . . . . . .  	GROUP
  _DATA  . . . . . . . . . . . .  	0000	WORD	PUBLIC	'DATA'
  STACK  . . . . . . . . . . . .  	0400	PARA	STACK	'STACK'
_TEXT  . . . . . . . . . . . . .  	000F	WORD	PUBLIC	'CODE'

Symbols:            

                N a m e         	Type	 Value	 Attr

MAIN . . . . . . . . . . . . . .  	L NEAR	0000	_TEXT

@CODE  . . . . . . . . . . . . .  	TEXT  _TEXT		
@CODESIZE  . . . . . . . . . . .  	TEXT  0		
@DATASIZE  . . . . . . . . . . .  	TEXT  0		
@FILENAME  . . . . . . . . . . .  	TEXT  MAIN		


     33 Source  Lines
     33 Total   Lines
     15 Symbols

  50624 + 465920 Bytes symbol space free

      1 Warning Errors
      0 Severe  Errors
