Microsoft (R) Macro Assembler Version 5.00                  1/20/23 16:02:18
                                                             Page     1-1


       1				ï»¿ ; 
MAIN.ASM(1): warning A4001: Extra characters on line
       2				 ; File Name: MAIN.ASM 
       3				 ; 
       4				 ; CopyLeft (C) 2023, Picasso's Fantasy
					 Notepad. All rights reserved. 
       5				 ; 
       6				 ; Author: Pablo Picasso G. (PabloPicas
					so.G@gmail.com) 
       7				 ; 
       8				 ; Version: 1.0.0.build012023 
       9				 ; 
      10				 ; Date: 2023 / 01 / 20 
      11				 ; 
      12				 ; Description: é€™ä¹™ç« ç¯€å¾ˆç„¡èŠï¼
					ã€ŒINT 16H: BIOS ä¸­æ–·ã€çš„éµç›¤ä¸­
					æ–·æœå‹™ï¼› 
      13				 ;              BIOS çš„ç¬¬ 01 è™Ÿä¸­æ–
					·æœå‹™ï¼šæª¢æŸ¥éµç›¤çš„ç‹€æ…‹ 
      14				 ;              Flag Register çš„ Zero 
					Flag == 0ï¼Œéµç›¤çš„ç·©è¡å€å…§ã€Œæœ‰
					ã€å­—å…ƒåœ¨ç­‰å¾…è¼¸å…¥ï¼› 
      15				 ;              Flag Register çš„ Zero 
					Flag == 1ï¼Œéµç›¤çš„ç·©è¡å€å…§ã€Œç„¡
					ã€å­—å…ƒåœ¨ç­‰å¾…è¼¸å…¥ã€‚ 
      16				 ;              æ­¤ä¸€ç¯„ä¾‹èˆ‡ 14-5 é¡
					ä¼¼ï¼Œä¸€å€‹æ˜¯ DOS ä¸­æ–·ï¼Œè€Œé€™ä¸€
					å€‹å‰‡æ˜¯ BIOS ä¸­æ–·ã€‚ 
      17				 ; 
      18				 
      19				.MODEL	SMALL 
      20				 
      21 0400				.STACK 
      22				 
      23 0000				.DATA 
      24 0000  6B 65 79 62 6F 61 72		MSG1 DB  'keyboard buffer has c
					haracters $' 
      25       64 20 62 75 66 66 65	
      26       72 20 68 61 73 20 63	
      27       68 61 72 61 63 74 65	
      28       72 73 20 24		
      29 0020  6B 65 79 62 6F 61 72		MSG2 DB  'keyboard buffer has N
					OT characters $' 
      30       64 20 62 75 66 66 65	
      31       72 20 68 61 73 20 4E	
      32       4F 54 20 63 68 61 72	
      33       61 63 74 65 72 73 20	
      34       24			
      35				 
      36 0000				.CODE 
      37 0000				main: 
      38 0000  B8 ---- R			MOV  AX, @DATA               ; 
					æŠŠ .DATA Segment çš„ä½å€å‚³é€åˆ° AX
					 æš«å­˜å™¨ï¼›å³ .DATA Segment çš„èµ·å§
Microsoft (R) Macro Assembler Version 5.00                  1/20/23 16:02:18
                                                             Page     1-2


					‹ä½å€æ”¾åˆ° AX 
      39 0003  8E D8				MOV  DS, AX                  ; 
					æŠŠ AX Register çš„è¨˜æ†¶é«”ä½å€è¨­å®
					šçµ¦ Data Segment Register 
      40 0005  B4 01				MOV  AH, 01H                 ; 
					BIOS çš„ç¬¬ 01 è™Ÿä¸­æ–·æœå‹™â”€æª¢æŸ¥
					éµç›¤çš„ç‹€æ…‹ 
      41 0007  CD 16				INT  16H                     ; 
					INT 16H: BIOS ä¸­æ–·ï¼› 
      42 0009  74 03				JE   PRINTMSG1               ; 
					æ˜¯ï¼Œå°±è·³åˆ° PRINTMSG1 æ¨™ç±¤æ‰€åœ¨ç
					š„åœ°æ–¹ 
      43 000B  EB 07 90				JMP  PRINTMSG2               ; 
					ä¸æ˜¯ï¼Œå°±è·³åˆ° PRINTMSG2 æ¨™ç±¤æ‰€å
					œ¨çš„åœ°æ–¹ 
      44 000E				PRINTMSG1: 
      45 000E  BA 0000 R			MOV  DX, OFFSET MSG1         ; 
					å°‡ MSG1 çš„è¨˜æ†¶é«”ä½å€ï¼Œå†åŠ ä¸Š
					åç§»é‡ï¼Œç§»å‹•åˆ° DX Register 
      46 0011  EB 04 90				JMP  PRINTX                  ; 
					ç›´æ¥è·³åˆ° PRINTX æ¨™ç±¤æ‰€åœ¨çš„åœ°æ
					–¹ 
      47 0014				PRINTMSG2: 
      48 0014  BA 0020 R			MOV  DX, OFFSET MSG2         ; 
					å°‡ MSG2 çš„è¨˜æ†¶é«”ä½å€ï¼Œå†åŠ ä¸Š
					åç§»é‡ï¼Œç§»å‹•åˆ° DX Register 
      49 0017				PRINTX: 
      50 0017  B4 09				MOV  AH, 09H                 ; 
					DOS çš„ç¬¬ 09 è™Ÿä¸­æ–·æœå‹™ (é¡¯ç¤ºå­
					—ä¸²)ï¼›DX Register ç‚ºè¦é¡¯ç¤ºçš„ä½å
					€ 
      51 0019  CD 21				INT  21H                     ; 
					INT 21H: DOS ä¸­æ–· 
      52 001B				ENDDOS: 
      53 001B  B4 4C				MOV  AH, 4CH                 ; 
					DOS çš„ç¬¬ 4C è™Ÿä¸­æ–·æœå‹™ (å¸¶å›å‚
					³å€¼çµæŸ)ï¼›AL (AX Low Byte)ç‚ºå›å‚³
					å€¼ 
      54 001D  CD 21				INT  21H                     ; 
					INT 21H: DOS ä¸­æ–· 
      55 001F				END main 
Microsoft (R) Macro Assembler Version 5.00                  1/20/23 16:02:18
                                                             Symbols-1


Segments and Groups:

                N a m e         	Length	 Align	Combine Class

DGROUP . . . . . . . . . . . . .  	GROUP
  _DATA  . . . . . . . . . . . .  	0044	WORD	PUBLIC	'DATA'
  STACK  . . . . . . . . . . . .  	0400	PARA	STACK	'STACK'
_TEXT  . . . . . . . . . . . . .  	001F	WORD	PUBLIC	'CODE'

Symbols:            

                N a m e         	Type	 Value	 Attr

ENDDOS . . . . . . . . . . . . .  	L NEAR	001B	_TEXT

MAIN . . . . . . . . . . . . . .  	L NEAR	0000	_TEXT
MSG1 . . . . . . . . . . . . . .  	L BYTE	0000	_DATA
MSG2 . . . . . . . . . . . . . .  	L BYTE	0020	_DATA

PRINTMSG1  . . . . . . . . . . .  	L NEAR	000E	_TEXT
PRINTMSG2  . . . . . . . . . . .  	L NEAR	0014	_TEXT
PRINTX . . . . . . . . . . . . .  	L NEAR	0017	_TEXT

@CODE  . . . . . . . . . . . . .  	TEXT  _TEXT		
@CODESIZE  . . . . . . . . . . .  	TEXT  0		
@DATASIZE  . . . . . . . . . . .  	TEXT  0		
@FILENAME  . . . . . . . . . . .  	TEXT  MAIN		


     46 Source  Lines
     46 Total   Lines
     21 Symbols

  50584 + 465960 Bytes symbol space free

      1 Warning Errors
      0 Severe  Errors
