Microsoft (R) Macro Assembler Version 5.00                  1/24/23 21:48:10
                                                             Page     1-1


       1				ï»¿ ; 
MAIN.ASM(1): warning A4001: Extra characters on line
       2				 ; File Name: MAIN.ASM 
       3				 ; 
       4				 ; CopyLeft (C) 2023, Picasso's Fantasy
					 Notepad. All rights reserved. 
       5				 ; 
       6				 ; Author: Pablo Picasso G. (PabloPicas
					so.G@gmail.com) 
       7				 ; 
       8				 ; Version: 1.0.0.build012423 
       9				 ; 
      10				 ; Date: 2023 / 01 / 24 
      11				 ; 
      12				 ; Description: å››å‰‡ç¶œåˆé‹ç®—ï¼›EX
					: [(14 * 3) + 8] / (15 - 5) = 5 
      13				 ; 
      14				 
      15				H0221  MACRO              ; å®šç¾©ä¸€å€
					‹å·¨é›†ï¼Œå¯ä»¥æŠŠæ•¸å€¼è½‰æ›æˆå­—å…
					ƒ 
      16					ADD  DL, '0'            ; å°‡æ•
					¸å€¼è½‰æ›æˆå­—å…ƒ 
      17					MOV  AH, 02H            ; DOS ç
					š„ç¬¬ 02 è™Ÿä¸­æ–·æœå‹™ (é¡¯ç¤ºè¼¸å‡º)
					ï¼›DL (DX Low Byte)ç‚ºè¦è¼¸å‡ºçš„å­—å…
					ƒ 
      18					INT  21H                ; INT 2
					1H: DOS ä¸­æ–· 
      19				ENDM 
      20				 
      21				@H0921  MACRO  MSG        ; å®šç¾©ä¸€å€
					‹å·¨é›†ï¼Œç”¨ä¾†è¼¸å‡ºå­—ä¸² 
      22					MOV  DX, OFFSET MSG     ; å°‡ M
					SG çš„è¨˜æ†¶é«”ä½å€ï¼Œå†åŠ ä¸Šåç§»
					é‡ï¼Œç§»å‹•åˆ° DX Register 
      23					MOV  AH, 09H            ; DOS ç
					š„ç¬¬ 09 è™Ÿä¸­æ–·æœå‹™ (é¡¯ç¤ºå­—ä¸²)
					ï¼›DX Register ç‚ºè¦é¡¯ç¤ºçš„ä½å€ 
      24					INT  21H                ; INT 2
					1H: DOS ä¸­æ–· 
      25				ENDM 
      26				 
      27				.MODEL	SMALL 
      28				 
      29 0400				.STACK 
      30				 
      31 0000				.DATA 
      32 0000  3024				X    DW  '0$' 
      33 0002  3024				Y    DW  '0$' 
      34 0004  000E				A    DW  14             ; è¢«ä¹
					˜æ•¸ 
      35 0006  0003				B    DW  3              ; ä¹˜æ•
					¸ 
Microsoft (R) Macro Assembler Version 5.00                  1/24/23 21:48:10
                                                             Page     1-2


      36 0008  0008				Cy   DW  8              ; åŠ æ•
					¸ 
      37 000A  000F				D    DW  15             ; è¢«æ¸
					›æ•¸ 
      38				 
      39 0000				.CODE 
      40 0000				main: 
      41 0000  B8 ---- R			MOV  AX, @DATA          ; æŠŠ .
					DATA Segment çš„ä½å€å‚³é€åˆ° AX æš«å
					­˜å™¨ï¼›å³ .DATA Segment çš„èµ·å§‹ä½å
					€æ”¾åˆ° AX 
      42 0003  8E D8				MOV  DS, AX             ; æŠŠ A
					X Register çš„è¨˜æ†¶é«”ä½å€è¨­å®šçµ¦ 
					Data Segment Register 
      43					; 14 * 3 
      44 0005  A1 0004 R			MOV  AX, A              ; å…ˆå°
					‡è¢«ä¹˜æ•¸ (14)ç§»å‹•è‡³ AX Register (0
					x000E) 
      45 0008  F7 2E 0006 R			IMUL B                  ; B (3 
					== 0x03) * AL (14 == 0x0E) = 42 (0x2A) 
					(AL) 
      46					; (14 * 3) + 8ï¼›åˆ†å­ 
      47 000C  8B 0E 0008 R			MOV  CX, Cy             ; å°‡åŠ
					 æ•¸ (Cy)ç§»å‹•è‡³ CX Register (0x0008)
					 
      48 0010  13 C1				ADC  AX, CX             ; AX (0
					x002A) + CX (0x0008) + Carry Flag (0x00
					)çš„çµæœå„²å­˜å› AX Register (0x0032
					 == 50) 
      49					; 15 - 5ï¼›åˆ†æ¯ 
      50 0012  8B 0E 000A R			MOV  CX, D              ; å°‡è¢
					«æ¸›æ•¸ (15)ç§»å‹•è‡³ CX Register (0x00
					0F) 
      51 0016  83 E9 05				SUB  CX, 5              ; CX (0
					x000F == 15) - 5 çš„çµæœå„²å­˜å› CX 
					Low Byte (0x000A == 10) 
      52					; åˆ†å­ / åˆ†æ¯ 
      53 0019  F7 F9				IDIV CX                 ; AX (0
					x0032 == 50) / CX (0x000A == 10) = 5 (0
					x05) (AL) .... 0 (0x00) (AH) ----> AX =
					= 0x0005 
      54					; è®“ SI & DI Register åˆ†åˆ¥æŒ
					‡å‘ DX & AX Register 
      55 001B  89 16 0000 R			MOV  X, DX 
      56 001F  A3 0002 R			MOV  Y, AX 
      57 0022  8D 36 0000 R			LEA  SI, X 
      58 0026  8D 3E 0002 R			LEA  DI, Y 
      59					; å‘ˆç¾çµæœ 
      60 002A  8A 14				MOV  DL, [SI]           ; å…ˆåˆ
					—å°å‡ºå•†æ•¸çš„åä½æ•¸ ('0') 
      61					H0221 
      62 002C  80 C2 30              1		ADD  DL, '0'            ; å°‡æ•
					¸å€¼è½‰æ›æˆå­—å… 
      63 002F  B4 02                 1		MOV  AH, 02H            ; DOS ç
Microsoft (R) Macro Assembler Version 5.00                  1/24/23 21:48:10
                                                             Page     1-3


					š„ç¬¬ 02 è™Ÿä¸­æ–·æœå‹™ (é¡¯ç¤ºè¼¸å‡º)
					ï¼›DL (DX Low Byte)ç‚ºè¦è¼¸å‡ºçš„å­—å…
					 
      64 0031  CD 21                 1		INT  21H                ; INT 2
					1H: DOS ä¸­æ– 
      65 0033  8A 15				MOV  DL, [DI]           ; å†åˆ
					—å°å‡ºå•†æ•¸çš„å€‹ä½æ•¸ ('5') 
      66					H0221 
      67 0035  80 C2 30              1		ADD  DL, '0'            ; å°‡æ•
					¸å€¼è½‰æ›æˆå­—å… 
      68 0038  B4 02                 1		MOV  AH, 02H            ; DOS ç
					š„ç¬¬ 02 è™Ÿä¸­æ–·æœå‹™ (é¡¯ç¤ºè¼¸å‡º)
					ï¼›DL (DX Low Byte)ç‚ºè¦è¼¸å‡ºçš„å­—å…
					 
      69 003A  CD 21                 1		INT  21H                ; INT 2
					1H: DOS ä¸­æ– 
      70 003C  B4 4C				MOV  AH, 4CH            ; DOS ç
					š„ç¬¬ 4C è™Ÿä¸­æ–·æœå‹™ (å¸¶å›å‚³å€¼ç
					µæŸ)ï¼›AL (AX Low Byte)ç‚ºå›å‚³å€¼ 
      71 003E  CD 21				INT  21H                ; INT 2
					1H: DOS ä¸­æ–· 
      72 0040				END main 

Microsoft (R) Macro Assembler Version 5.00                  1/24/23 21:48:10
                                                             Symbols-1


Macros:

		N a m e			Lines

@H0921 . . . . . . . . . . . . .  	   3
H0221  . . . . . . . . . . . . .  	   3

Segments and Groups:

                N a m e         	Length	 Align	Combine Class

DGROUP . . . . . . . . . . . . .  	GROUP
  _DATA  . . . . . . . . . . . .  	000C	WORD	PUBLIC	'DATA'
  STACK  . . . . . . . . . . . .  	0400	PARA	STACK	'STACK'
_TEXT  . . . . . . . . . . . . .  	0040	WORD	PUBLIC	'CODE'

Symbols:            

                N a m e         	Type	 Value	 Attr

A  . . . . . . . . . . . . . . .  	L WORD	0004	_DATA

B  . . . . . . . . . . . . . . .  	L WORD	0006	_DATA

CY . . . . . . . . . . . . . . .  	L WORD	0008	_DATA

D  . . . . . . . . . . . . . . .  	L WORD	000A	_DATA

MAIN . . . . . . . . . . . . . .  	L NEAR	0000	_TEXT

X  . . . . . . . . . . . . . . .  	L WORD	0000	_DATA

Y  . . . . . . . . . . . . . . .  	L WORD	0002	_DATA

@CODE  . . . . . . . . . . . . .  	TEXT  _TEXT		
@CODESIZE  . . . . . . . . . . .  	TEXT  0		
@DATASIZE  . . . . . . . . . . .  	TEXT  0		
@FILENAME  . . . . . . . . . . .  	TEXT  MAIN		


     66 Source  Lines
     72 Total   Lines
     23 Symbols

  50542 + 466002 Bytes symbol space free

      1 Warning Errors
      0 Severe  Errors
