Microsoft (R) Macro Assembler Version 5.00                  11/17/22 22:58:13
                                                             Page     1-1


       1				ï»¿ ; 
MAIN.ASM(1): warning A4001: Extra characters on line
       2				 ; File Name: MAIN.ASM 
       3				 ; 
       4				 ; CopyLeft (C) 2022, Picasso's Fantasy
					 Notepad. All rights reserved. 
       5				 ; 
       6				 ; Author: Pablo Picasso G. (PabloPicas
					so.G@gmail.com) 
       7				 ; 
       8				 ; Version: 1.0.0.build111722 
       9				 ; 
      10				 ; Date: 2022 / 11 / 17 
      11				 ; 
      12				 ; Description: é€™å€‹ç¯„ä¾‹å‘ˆç¾ä½å…
					ƒå¹³ç§»æŒ‡ä»¤ -- SHR (Shift Right)ã€‚ 
      13				 ;              SHR é€™å€‹æŒ‡ä»¤ï¼š 
      14				 ;              - å¯ä»¥å°‡ Register or
					 Memory ä¸Šçš„è³‡æ–™ï¼Œå‘å³ä½ç§»ï¼‘å
					€‹ bit 
      15				 ;              - è€Œä½ç§»é‡å¿…é ˆæ­
					é… CX Low Byte Register ä¾†æŒ‡å®š 
      16				 ;              - æœ€å³é‚Šæœƒè£œä¸Šï¼
					ï¼›è€Œæœ€å·¦é‚Šç§»å‡ºçš„ä½å…ƒå‰‡æ˜¯æœƒ
					ç§»å…¥åˆ° Carry Flag 
      17				 ; 
      18				 
      19				.MODEL	SMALL 
      20				 
      21 0400				.STACK 
      22				 
      23 0000				.DATA 
      24 0000  10				NUM   DB  10H      ; å®£å‘Šè®Šæ
					•¸åç¨±ç‚º NUMï¼Œå°‡æ•¸å€¼ 0x10 (16)ä»
					¥ Byte çš„è³‡æ–™å‹æ…‹å„²å­˜ 
      25				 
      26 0000				.CODE 
      27 0000				main: 
      28 0000  B8 ---- R			MOV   AX, @DATA    ; æŠŠ .DATA 
					Segment çš„ä½å€å‚³é€åˆ° AX æš«å­˜å™¨
					 
      29 0003  8E D8				MOV   DS, AX       ; æŠŠ AX Reg
					ister çš„è¨˜æ†¶é«”ä½å€è¨­å®šçµ¦ Data 
					Segment Register 
      30 0005  A0 0000 R			MOV   AL, NUM      ; æŠŠæ•¸å€¼ 
					NUM è¨­å®šçµ¦ AX Low Byte 
      31 0008  B1 03				MOV   CL, 03H      ; å°‡æ•¸å€¼ï
					¼“è¨­å®šçµ¦ CX Low Byte 
      32 000A  D2 E8				SHR   AL, CL       ; å°‡ AL å…§
					çš„å€¼ (0x10 == 0001 0000)å‘å³ä½ç§»ï
					¼“å€‹ bit 
      33 000C  8A D0				MOV   DL, AL       ; å†å°‡ AX 
					Low Byte çš„å€¼ç§»å‹•åˆ° DX Low Byte 
      34 000E  80 C2 30				ADD   DL, 30H      ; å°‡ DL å…§
Microsoft (R) Macro Assembler Version 5.00                  11/17/22 22:58:13
                                                             Page     1-2


					çš„å€¼ (0x02)åŠ ä¸Š 0x30 (48)ï¼Œè®Šæˆå
					¯é¡¯å­—å…ƒ ('2') 
      35 0011  B4 02				MOV   AH, 02H      ; DOS çš„ç¬¬
					 02 è™Ÿä¸­æ–·æœå‹™ (é¡¯ç¤ºå­—å…ƒ)ï¼›DX
					 Low Byte ç‚ºè¦è¼¸å‡ºçš„è³‡æ–™ 
      36 0013  CD 21				INT   21H          ; INT 21H: D
					OS ä¸­æ–·	 
      37 0015  B4 4C				MOV   AH, 4CH      ; DOS çš„ç¬¬
					 4C è™Ÿä¸­æ–·æœå‹™ (å¸¶å›å‚³å€¼çµæŸ
					)ï¼›AL (AX Low Byte)ç‚ºå›å‚³å€¼ 
      38 0017  CD 21				INT   21H          ; INT 21H: D
					OS ä¸­æ–· 
      39 0019				END main 
Microsoft (R) Macro Assembler Version 5.00                  11/17/22 22:58:13
                                                             Symbols-1


Segments and Groups:

                N a m e         	Length	 Align	Combine Class

DGROUP . . . . . . . . . . . . .  	GROUP
  _DATA  . . . . . . . . . . . .  	0001	WORD	PUBLIC	'DATA'
  STACK  . . . . . . . . . . . .  	0400	PARA	STACK	'STACK'
_TEXT  . . . . . . . . . . . . .  	0019	WORD	PUBLIC	'CODE'

Symbols:            

                N a m e         	Type	 Value	 Attr

MAIN . . . . . . . . . . . . . .  	L NEAR	0000	_TEXT

NUM  . . . . . . . . . . . . . .  	L BYTE	0000	_DATA

@CODE  . . . . . . . . . . . . .  	TEXT  _TEXT		
@CODESIZE  . . . . . . . . . . .  	TEXT  0		
@DATASIZE  . . . . . . . . . . .  	TEXT  0		
@FILENAME  . . . . . . . . . . .  	TEXT  MAIN		


     39 Source  Lines
     39 Total   Lines
     16 Symbols

  50622 + 465922 Bytes symbol space free

      1 Warning Errors
      0 Severe  Errors
