Microsoft (R) Macro Assembler Version 5.00                  1/17/23 21:55:53
                                                             Page     1-1


       1				ï»¿ ; 
MAIN.ASM(1): warning A4001: Extra characters on line
       2				 ; File Name: MAIN.ASM 
       3				 ; 
       4				 ; CopyLeft (C) 2023, Picasso's Fantasy
					 Notepad. All rights reserved. 
       5				 ; 
       6				 ; Author: Pablo Picasso G. (PabloPicas
					so.G@gmail.com) 
       7				 ; 
       8				 ; Version: 1.0.0.build011723 
       9				 ; 
      10				 ; Date: 2023 / 01 / 17 
      11				 ; 
      12				 ; Description: é€™ä¹™ç« ç¯€å¾ˆç„¡èŠï¼
					ã€ŒINT 21H: DOS ä¸­æ–·ã€çš„éµç›¤ä¸­æ
					–·æœå‹™ï¼› 
      13				 ;              DOS çš„ç¬¬ 07 è™Ÿä¸­æ–·
					æœå‹™ (ç”±éµç›¤è¼¸å…¥å­—å…ƒï¼Œä½†ä¸¦ä
					¸é¡¯ç¤ºåœ¨è¢å¹•ä¸Š)ï¼›AL (AX Low Byte
					)ç‚ºè¼¸å…¥çš„å­
      14				 ;              èˆ‡ç¬¬ 01 è™Ÿä¸­æ–·æœå
					‹™çš„å·®ç•°ï¼šç„¡æ³•ä½¿ç”¨ Ctrl + C ä¾†
					ä¸­æ–·ï¼›æœƒç­‰å¾…ä½¿ç”¨è€…æŒ‰ä¸‹ä»»æ„
					éµã€‚ 
      15				 ; 
      16				 
      17				.MODEL	SMALL 
      18				 
      19 0400				.STACK 
      20				 
      21 0000				.DATA 
      22				 
      23 0000				.CODE 
      24 0000				main: 
      25 0000  B8 ---- R			MOV  AX, @DATA    ; æŠŠ .DATA S
					egment çš„ä½å€å‚³é€åˆ° AX æš«å­˜å™¨ï
					¼›å³ .DATA Segment çš„èµ·å§‹ä½å€æ”¾å
					ˆ° AX 
      26 0003  8E D8				MOV  DS, AX       ; æŠŠ AX Regi
					ster çš„è¨˜æ†¶é«”ä½å€è¨­å®šçµ¦ Data S
					egment Register 
      27 0005  B4 07				MOV  AH, 07H      ; DOS çš„ç¬¬ 
					07 è™Ÿä¸­æ–·æœå‹™ (ç”±éµç›¤è¼¸å…¥å­—å
					…ƒï¼Œä½†ä¸¦ä¸é¡¯ç¤ºåœ¨è¢å¹•ä¸Š)ï¼›AL 
					(AX Low Byte)ç‚ºè¼¸å…¥
      28 0007  CD 21				INT  21H          ; INT 21H: DO
					S ä¸­æ–· 
      29 0009  8A D0				MOV  DL, AL       ; å°‡ AL (AX 
					Low Byte) çš„å…§å®¹ç§»å‹•åˆ° DL (DX Low
					 Byte) 
      30 000B  B4 02				MOV  AH, 02H      ; DOS çš„ç¬¬ 
					02 è™Ÿä¸­æ–·æœå‹™ (é¡¯ç¤ºè¼¸å‡º)ï¼›DL 
					(DX Low Byte)ç‚ºè¼¸å‡ºçš„å­—å…ƒ 
Microsoft (R) Macro Assembler Version 5.00                  1/17/23 21:55:53
                                                             Page     1-2


      31 000D  CD 21				INT  21H          ; INT 21H: DO
					S ä¸­æ–· 
      32 000F  B4 4C				MOV  AH, 4CH      ; DOS çš„ç¬¬ 
					4C è™Ÿä¸­æ–·æœå‹™ (å¸¶å›å‚³å€¼çµæŸ)
					ï¼›AL (AX Low Byte)ç‚ºå›å‚³å€¼ 
      33 0011  CD 21				INT  21H          ; INT 21H: DO
					S ä¸­æ–· 
      34 0013				END main 
Microsoft (R) Macro Assembler Version 5.00                  1/17/23 21:55:53
                                                             Symbols-1


Segments and Groups:

                N a m e         	Length	 Align	Combine Class

DGROUP . . . . . . . . . . . . .  	GROUP
  _DATA  . . . . . . . . . . . .  	0000	WORD	PUBLIC	'DATA'
  STACK  . . . . . . . . . . . .  	0400	PARA	STACK	'STACK'
_TEXT  . . . . . . . . . . . . .  	0013	WORD	PUBLIC	'CODE'

Symbols:            

                N a m e         	Type	 Value	 Attr

MAIN . . . . . . . . . . . . . .  	L NEAR	0000	_TEXT

@CODE  . . . . . . . . . . . . .  	TEXT  _TEXT		
@CODESIZE  . . . . . . . . . . .  	TEXT  0		
@DATASIZE  . . . . . . . . . . .  	TEXT  0		
@FILENAME  . . . . . . . . . . .  	TEXT  MAIN		


     34 Source  Lines
     34 Total   Lines
     15 Symbols

  50624 + 465920 Bytes symbol space free

      1 Warning Errors
      0 Severe  Errors
