Microsoft (R) Macro Assembler Version 5.00                  1/21/23 20:55:47
                                                             Page     1-1


       1				ï»¿ ; 
MAIN.ASM(1): warning A4001: Extra characters on line
       2				 ; File Name: MAIN.ASM 
       3				 ; 
       4				 ; CopyLeft (C) 2023, Picasso's Fantasy
					 Notepad. All rights reserved. 
       5				 ; 
       6				 ; Author: Pablo Picasso G. (PabloPicas
					so.G@gmail.com) 
       7				 ; 
       8				 ; Version: 1.0.0.build012123 
       9				 ; 
      10				 ; Date: 2023 / 01 / 21 
      11				 ; 
      12				 ; Description: ä¸€ä½æ•¸åŠ æ³•é‹ç®—ï¼
					š4 + 9 = 13 
      13				 ; 
      14				 
      15				.MODEL	SMALL 
      16				 
      17 0400				.STACK 
      18				 
      19 0000				.DATA 
      20 0000  34 20 2B 20 39 20 3D		MSG0 DB  '4 + 9 = $' 
      21       20 24			
      22 0009  04				NUM1 DB  4 
      23 000A  09				NUM2 DB  9 
      24				 
      25 0000				.CODE 
      26 0000				main: 
      27 0000  B8 ---- R			MOV  AX, @DATA          ; æŠŠ .
					DATA Segment çš„ä½å€å‚³é€åˆ° AX æš«å
					­˜å™¨ï¼›å³ .DATA Segment çš„èµ·å§‹ä½å
					€æ”¾åˆ° AX 
      28 0003  8E D8				MOV  DS, AX             ; æŠŠ A
					X Register çš„è¨˜æ†¶é«”ä½å€è¨­å®šçµ¦ 
					Data Segment Register 
      29 0005  BA 0000 R			MOV  DX, OFFSET MSG0    ; å°‡ M
					SG0 çš„è¨˜æ†¶é«”ä½å€ï¼Œå†åŠ ä¸Šåç§
					»é‡ï¼Œç§»å‹•åˆ° DX Register 
      30 0008  B4 09				MOV  AH, 09H            ; DOS ç
					š„ç¬¬ 09 è™Ÿä¸­æ–·æœå‹™ (é¡¯ç¤ºå­—ä¸²)
					ï¼›DX Register ç‚ºè¦é¡¯ç¤ºçš„ä½å€ 
      31 000A  CD 21				INT  21H                ; INT 2
					1H: DOS ä¸­æ–· 
      32 000C  B4 00				MOV  AH, 0              ; å°‡ A
					H (AX High Byte)åˆå§‹åŒ–ç‚º 0x00 
      33 000E  A0 0009 R			MOV  AL, NUM1           ; å°‡ N
					UM1 çš„å€¼ (0x04)ç§»å‹•åˆ° AL (AX Low B
					yte) 
      34 0011  8A 3E 000A R			MOV  BH, NUM2           ; å°‡ N
					UM2 çš„å€¼ (0x09)ç§»å‹•åˆ° BH (BX High 
					Byte) 
      35 0015  02 C7				ADD  AL, BH             ; AL (0
Microsoft (R) Macro Assembler Version 5.00                  1/21/23 20:55:47
                                                             Page     1-2


					x04) + BH (0x09) == 0x0D (13)å„²å­˜å› 
					AL (AX Low Byte) 
      36 0017  37				AAA                     ; æœªåŒ
					…è£é‹ç®—æŒ‡ä»¤ï¼šå°‡ AX (13)èª¿æ•´ç‚º
					ï¼‘ï¼é€²åˆ¶ï¼›AH == 0x01; AL == 0x03 
      37 0018  8B D8				MOV  BX, AX             ; å°‡ A
					X Register çš„å…§å®¹ç§»å‹•åˆ° BX Regist
					er 
      38 001A  8A D7				MOV  DL, BH             ; å°‡ B
					H (BX High Byte)çš„å…§å®¹ (0x01)ç§»å‹•å
					ˆ° DL (DX Low Byte) 
      39 001C  80 C2 30				ADD  DL, '0'            ; å°‡ D
					L (DX Low Byte)çš„å…§å®¹ (0x01)è½‰æ›ç‚
					ºå­—å…ƒ ('1') 
      40 001F  B4 02				MOV  AH, 02H            ; DOS ç
					š„ç¬¬ 02 è™Ÿä¸­æ–·æœå‹™ (é¡¯ç¤ºè¼¸å‡º)
					ï¼›DL (DX Low Byte)ç‚ºè¦è¼¸å‡ºçš„å­—å…
					ƒ 
      41 0021  CD 21				INT  21H                ; INT 2
					1H: DOS ä¸­æ–· 
      42 0023  8A D3				MOV  DL, BL             ; å°‡ B
					L (BX Low Byte)çš„å…§å®¹ (0x03)ç§»å‹•åˆ
					° DL (DX Low Byte) 
      43 0025  80 C2 30				ADD  DL, '0'            ; å°‡ D
					L (DX Low Byte)çš„å…§å®¹ (0x03)è½‰æ›ç‚
					ºå­—å…ƒ ('3') 
      44 0028  B4 02				MOV  AH, 02H            ; DOS ç
					š„ç¬¬ 02 è™Ÿä¸­æ–·æœå‹™ (é¡¯ç¤ºè¼¸å‡º)
					ï¼›DL (DX Low Byte)ç‚ºè¦è¼¸å‡ºçš„å­—å…
					ƒ 
      45 002A  CD 21				INT  21H                ; INT 2
					1H: DOS ä¸­æ–· 
      46 002C  B4 4C				MOV  AH, 4CH            ; DOS ç
					š„ç¬¬ 4C è™Ÿä¸­æ–·æœå‹™ (å¸¶å›å‚³å€¼ç
					µæŸ)ï¼›AL (AX Low Byte)ç‚ºå›å‚³å€¼ 
      47 002E  CD 21				INT  21H                ; INT 2
					1H: DOS ä¸­æ–· 
      48 0030				END main 
Microsoft (R) Macro Assembler Version 5.00                  1/21/23 20:55:47
                                                             Symbols-1


Segments and Groups:

                N a m e         	Length	 Align	Combine Class

DGROUP . . . . . . . . . . . . .  	GROUP
  _DATA  . . . . . . . . . . . .  	000B	WORD	PUBLIC	'DATA'
  STACK  . . . . . . . . . . . .  	0400	PARA	STACK	'STACK'
_TEXT  . . . . . . . . . . . . .  	0030	WORD	PUBLIC	'CODE'

Symbols:            

                N a m e         	Type	 Value	 Attr

MAIN . . . . . . . . . . . . . .  	L NEAR	0000	_TEXT
MSG0 . . . . . . . . . . . . . .  	L BYTE	0000	_DATA

NUM1 . . . . . . . . . . . . . .  	L BYTE	0009	_DATA
NUM2 . . . . . . . . . . . . . .  	L BYTE	000A	_DATA

@CODE  . . . . . . . . . . . . .  	TEXT  _TEXT		
@CODESIZE  . . . . . . . . . . .  	TEXT  0		
@DATASIZE  . . . . . . . . . . .  	TEXT  0		
@FILENAME  . . . . . . . . . . .  	TEXT  MAIN		


     47 Source  Lines
     47 Total   Lines
     18 Symbols

  50584 + 465960 Bytes symbol space free

      1 Warning Errors
      0 Severe  Errors
