Microsoft (R) Macro Assembler Version 5.00                  1/3/23 15:38:09
                                                             Page     1-1


       1				﻿ ; 
MAIN.ASM(1): warning A4001: Extra characters on line
       2				 ; File Name: MAIN.ASM 
       3				 ; 
       4				 ; CopyLeft (C) 2023, Picasso's Fantasy
					 Notepad. All rights reserved. 
       5				 ; 
       6				 ; Author: Pablo Picasso G. (PabloPicas
					so.G@gmail.com) 
       7				 ; 
       8				 ; Version: 1.0.0.build010323 
       9				 ; 
      10				 ; Date: 2023 / 01 / 03 
      11				 ; 
      12				 ; Description: 這個範例展現了
					續 include 兩個標頭檔。。。
					。 
      13				 ; 
      14				 
      15				INCLUDE DOS.H 
      16			     C	 
      17			     C	;************************* 
      18			     C	;**     ܦr   ** 
      19			     C	;************************* 
      20			     C	@PrintString  MACRO  string    ; wq@
					ӦW PrintString A|ǻ@ s
					tring AѼ 
      21			     C	  MOV  DX, OFFSET string       ; N str
					ing [WqO}Aʨ DX R
					egister  
      22			     C	  MOV  AH, 09H                 ; DOS 
					 09 _A (ܦr)FDX Registe
					r nܪ} 
      23			     C	  INT  21H                     ; INT 21
					H: DOS _ 
      24			     C	ENDM                           ; w
					q 
      25			     C	 
      26			     C	;************************* 
      27			     C	;**     ܦr   ** 
      28			     C	;************************* 
      29			     C	@PrintChar  MACRO  char 
      30			     C	  MOV  DL, char                ; N cha
					r O}Aʨ DX Low Byte 
      31			     C	  MOV  AH, 02H                 ; DOS 
					 02 _A (ܿX)FDL (DX Low
					 Byte)nXr 
      32			     C	  INT  21H                     ; INT 21
					H: DOS _ 
      33			     C	ENDM 
      34			     C	 
      35			     C	;************************* 
      36			     C	;**     {   ** 
      37			     C	;************************* 
Microsoft (R) Macro Assembler Version 5.00                  1/3/23 15:38:09
                                                             Page     1-2


      38			     C	@EndDos  MACRO 
      39			     C	  MOV  AH, 4CH                 ; DOS 
					 4C _A (a^ǭȵ)FAL (AX
					 Low Byte)^ǭ 
      40			     C	  INT  21H                     ; INT 21
					H: DOS _ 
      41			     C	ENDM 
      42			     C	 
      43			     C	;************************* 
      44			     C	;**     Jr   ** 
      45			     C	;************************* 
      46			     C	@InputChar  MACRO char 
      47			     C	  MOV  AH, 01H                 ; DOS 
					 01 _A (qLŪJ)
					FAL (AX Low Byte)J 
      48			     C	  INT  21H                     ; INT 21
					H: DOS _ 
      49			     C	  MOV  char, AL 
      50			     C	ENDM 
      51			     C	 
      52			     C	;************************* 
      53			     C	;**     r+'0'   ** 
      54			     C	;************************* 
      55			     C	;vTȦs :AL ȷ| 
      56			     C	@ASCChar  MACRO  char 
      57			     C	  MOV  AL, char 
      58			     C	  ADD  AL, '0' 
      59			     C	ENDM 
      60				 
      61				INCLUDE MATH.H 
      62			     C	 
      63			     C	;************************* 
      64			     C	;** [k           ** 
      65			     C	;************************* 
      66			     C	@TG_ADD  MACRO  NUM1,NUM2     ; wq@
					ӦW TG_ADD A|ǻ NUM1 & NUM2
					 Ѽ 
      67			     C	  MOV  AL, NUM1 
      68			     C	  ADD  AL, NUM2 
      69			     C	  MOV  NUM1, AL                ; NUM1 +
					 NUM2 GAxs^ NUM1 
      70			     C	ENDM 
      71			     C	 
      72			     C	;************************* 
      73			     C	;** k           ** 
      74			     C	;************************* 
      75			     C	@TG_SUB  MACRO  NUM1,NUM2     ; wq@
					ӦW TG_SUB A|ǻ NUM1 & NUM2
					 Ѽ 
      76			     C	  MOV  AL, NUM1 
      77			     C	  SUB  AL, NUM2 
      78			     C	  MOV  NUM1, AL                ; NUM1 -
					 NUM2 GAxs^ NUM1 
      79			     C	ENDM 
Microsoft (R) Macro Assembler Version 5.00                  1/3/23 15:38:09
                                                             Page     1-3


      80			     C	 
      81				 
      82				 
      83				.MODEL	SMALL 
      84				 
      85 0400				.STACK 
      86				 
      87 0000				.DATA 
      88 0000  03				NUM1        DB  3 
      89 0001  01				NUM2        DB  1 
      90				 
      91 0000				.CODE 
      92 0000				main: 
      93 0000  B8 ---- R			MOV         AX, @DATA    ; 把 
					.DATA Segment 的位址傳送到 AX 暫
					存器 
      94 0003  8E D8				MOV         DS, AX       ; 把 
					AX Register 的記憶體位址設定給
					 Data Segment Register 
      95 0005  A0 0000 R			MOV         AL, NUM1     ; 將 
					NUM1 的內容移動到 AX Low Byte 
      96					@TG_ADD     AL, NUM2     ; 呼
					 TG_ADD 加法巨集，並傳遞 AX L
					ow Byte 和 NUM2 兩個參數，結果
					移動到 AL 
      97 0008  8A C0                 1	  MOV  AL, AL 
      98 000A  02 06 0001 R          1	  ADD  AL, NUM2 
      99 000E  8A C0                 1	  MOV  AL, AL                ; NUM1 + N
					UM2 GAxs^ NUM1 
     100					@ASCChar    AL           ; 將 
					AX Low Byte 內的「數值」以「字
					元」的型態呈現 (4) 
     101 0010  8A C0                 1	  MOV  AL, AL 
     102 0012  04 30                 1	  ADD  AL, '0' 
     103 0014  8A D0				MOV         DL, AL       ; 將 
					AX Low Byte 的內容移動到 DX Low B
					yte 
     104					@PrintChar  DL           ; 將 
					DX Low Byte 的內容列印出來 
     105 0016  8A D2                 1	  MOV  DL, DL                ; N char 
					O}Aʨ DX Low Byte 
     106 0018  B4 02                 1	  MOV  AH, 02H                 ; DOS 
					 02 _A (ܿX)FDL (DX Low
					 Byte)nXr 
     107 001A  CD 21                 1	  INT  21H                     ; INT 21
					H: DOS _ 
     108 001C  A0 0000 R			MOV         AL, NUM1     ; 將 
					NUM1 的內容移動到 AX Low Byte 
     109					@TG_SUB     AL, NUM2     ; 呼
					 TG_SUB 減法巨集，並傳遞 AX L
					ow Byte 和 NUM2 兩個參數，結果
					移動到 AL 
     110 001F  8A C0                 1	  MOV  AL, AL 
     111 0021  2A 06 0001 R          1	  SUB  AL, NUM2 
Microsoft (R) Macro Assembler Version 5.00                  1/3/23 15:38:09
                                                             Page     1-4


     112 0025  8A C0                 1	  MOV  AL, AL                ; NUM1 - N
					UM2 GAxs^ NUM1 
     113					@ASCChar    AL           ; 將 
					AX Low Byte 內的「數值」以「字
					元」的型態呈現 (2) 
     114 0027  8A C0                 1	  MOV  AL, AL 
     115 0029  04 30                 1	  ADD  AL, '0' 
     116 002B  8A D0				MOV         DL, AL       ; 將 
					AX Low Byte 的內容移動到 DX Low B
					yte 
     117					@PrintChar  DL           ; 將 
					DX Low Byte 的內容列印出來 
     118 002D  8A D2                 1	  MOV  DL, DL                ; N char 
					O}Aʨ DX Low Byte 
     119 002F  B4 02                 1	  MOV  AH, 02H                 ; DOS 
					 02 _A (ܿX)FDL (DX Low
					 Byte)nXr 
     120 0031  CD 21                 1	  INT  21H                     ; INT 21
					H: DOS _ 
     121					@EndDos                  ; 呼
					 EndDos 巨集 
     122 0033  B4 4C                 1	  MOV  AH, 4CH                 ; DOS 
					 4C _A (a^ǭȵ)FAL (AX
					 Low Byte)^ 
     123 0035  CD 21                 1	  INT  21H                     ; INT 21
					H: DOS _ 
     124 0037				END main 

Microsoft (R) Macro Assembler Version 5.00                  1/3/23 15:38:09
                                                             Symbols-1


Macros:

		N a m e			Lines

@ASCCHAR . . . . . . . . . . . .  	   2
@ENDDOS  . . . . . . . . . . . .  	   2
@INPUTCHAR . . . . . . . . . . .  	   3
@PRINTCHAR . . . . . . . . . . .  	   3
@PRINTSTRING . . . . . . . . . .  	   3
@TG_ADD  . . . . . . . . . . . .  	   3
@TG_SUB  . . . . . . . . . . . .  	   3

Segments and Groups:

                N a m e         	Length	 Align	Combine Class

DGROUP . . . . . . . . . . . . .  	GROUP
  _DATA  . . . . . . . . . . . .  	0002	WORD	PUBLIC	'DATA'
  STACK  . . . . . . . . . . . .  	0400	PARA	STACK	'STACK'
_TEXT  . . . . . . . . . . . . .  	0037	WORD	PUBLIC	'CODE'

Symbols:            

                N a m e         	Type	 Value	 Attr

MAIN . . . . . . . . . . . . . .  	L NEAR	0000	_TEXT

NUM1 . . . . . . . . . . . . . .  	L BYTE	0000	_DATA
NUM2 . . . . . . . . . . . . . .  	L BYTE	0001	_DATA

@CODE  . . . . . . . . . . . . .  	TEXT  _TEXT		
@CODESIZE  . . . . . . . . . . .  	TEXT  0		
@DATASIZE  . . . . . . . . . . .  	TEXT  0		
@FILENAME  . . . . . . . . . . .  	TEXT  MAIN		


    104 Source  Lines
    124 Total   Lines
     24 Symbols

  50618 + 433158 Bytes symbol space free

      1 Warning Errors
      0 Severe  Errors
