Microsoft (R) Macro Assembler Version 5.00                  1/21/23 22:02:14
                                                             Page     1-1


       1				ï»¿ ; 
MAIN.ASM(1): warning A4001: Extra characters on line
       2				 ; File Name: MAIN.ASM 
       3				 ; 
       4				 ; CopyLeft (C) 2023, Picasso's Fantasy
					 Notepad. All rights reserved. 
       5				 ; 
       6				 ; Author: Pablo Picasso G. (PabloPicas
					so.G@gmail.com) 
       7				 ; 
       8				 ; Version: 1.0.0.build012123 
       9				 ; 
      10				 ; Date: 2023 / 01 / 21 
      11				 ; 
      12				 ; Description: ä½¿ç”¨è€…è¼¸å…¥ä¸€ä½æ•
					¸åŠ æ³•é‹ç®— 
      13				 ; 
      14				 
      15				.MODEL	SMALL 
      16				 
      17 0400				.STACK 
      18				 
      19 0000				.DATA 
      20				 
      21 0000				.CODE 
      22 0000				main: 
      23 0000  B8 ---- R			MOV  AX, @DATA    ; æŠŠ .DATA S
					egment çš„ä½å€å‚³é€åˆ° AX æš«å­˜å™¨ï
					¼›å³ .DATA Segment çš„èµ·å§‹ä½å€æ”¾å
					ˆ° AX 
      24 0003  8E D8				MOV  DS, AX       ; æŠŠ AX Regi
					ster çš„è¨˜æ†¶é«”ä½å€è¨­å®šçµ¦ Data S
					egment Register 
      25					; è¼¸å…¥è¢«åŠ æ•¸ 
      26 0005  B4 01				MOV  AH, 01H      ; DOS çš„ç¬¬ 
					01 è™Ÿä¸­æ–·æœå‹™ (ç”±éµç›¤è¼¸å…¥å­—å
					…ƒä¸¦é¡¯ç¤º)ï¼›AL (AX Low Byte)ç‚ºè¼¸å…
					¥çš„å­—å…ƒ 
      27 0007  CD 21				INT  21H          ; INT 21H: DO
					S ä¸­æ–· 
      28 0009  8A D8				MOV  BL, AL       ; å°‡è¼¸å…¥çš
					„å­—å…ƒ AL (AX Low Byte) ç§»å‹•åˆ° BL (
					BX Low Byte) 
      29 000B  2C 30				SUB  AL, '0'      ; å°‡è¼¸å…¥çš
					„å­—å…ƒ AL (AX Low Byte) è½‰æ›æˆã€Œæ•
					¸å€¼ã€ 
      30 000D  B2 20				MOV  DL, ' '      ; å°‡ç©ºç™½é
					µ (Space) ç§»å‹•åˆ° DL (DX Low Byte) 
      31 000F  B4 02				MOV  AH, 02H      ; DOS çš„ç¬¬ 
					02 è™Ÿä¸­æ–·æœå‹™ (é¡¯ç¤ºè¼¸å‡º)ï¼›DL 
					(DX Low Byte)ç‚ºè¦è¼¸å‡ºçš„å­—å…ƒ 
      32 0011  CD 21				INT  21H          ; INT 21H: DO
					S ä¸­æ–· 
      33					; è¼¸å‡ºåŠ è™Ÿå’Œç©ºç™½éµ 
Microsoft (R) Macro Assembler Version 5.00                  1/21/23 22:02:14
                                                             Page     1-2


      34 0013  B2 2B				MOV  DL, '+' 
      35 0015  B4 02				MOV  AH, 02H 
      36 0017  CD 21				INT  21H 
      37 0019  B2 20				MOV  DL, ' ' 
      38 001B  B4 02				MOV  AH, 02H 
      39 001D  CD 21				INT  21H 
      40					; è¼¸å…¥åŠ æ•¸ 
      41 001F  B4 01				MOV  AH, 01H      ; DOS çš„ç¬¬ 
					01 è™Ÿä¸­æ–·æœå‹™ (ç”±éµç›¤è¼¸å…¥å­—å
					…ƒä¸¦é¡¯ç¤º)ï¼›AL (AX Low Byte)ç‚ºè¼¸å…
					¥çš„å­—å…ƒ 
      42 0021  CD 21				INT  21H          ; INT 21H: DO
					S ä¸­æ–· 
      43 0023  2C 30				SUB  AL, 30H      ; å°‡è¼¸å…¥çš
					„å­—å…ƒ AL (AX Low Byte) è½‰æ›æˆã€Œæ•
					¸å€¼ã€ 
      44 0025  02 C3				ADD  AL, BL       ; å°‡è¢«åŠ æ•
					¸ (BL) + åŠ æ•¸ (AL)ï¼Œå„²å­˜å› AL (AX
					 Low Byte) 
      45					; é–‹å§‹è¨ˆç®— ....  
      46 0027  B4 00				MOV  AH, 00H      ; å°‡ AH (AX 
					High Byte)åˆå§‹åŒ–ç‚º 0x00 
      47 0029  37				AAA               ; æœªåŒ…è£é
					‹ç®—æŒ‡ä»¤ï¼šå°‡ AX Register èª¿æ•´ç‚ºï
					¼‘ï¼é€²åˆ¶ 
      48 002A  8B D8				MOV  BX, AX       ; å°‡ AX Regi
					ster çš„å…§å®¹ç§»å‹•åˆ° BX Register  
      49 002C  B2 20				MOV  DL, ' '      ; å°‡ç©ºç™½é
					µ (Space) ç§»å‹•åˆ° DL (DX Low Byte) 
      50 002E  B4 02				MOV  AH, 02H      ; DOS çš„ç¬¬ 
					02 è™Ÿä¸­æ–·æœå‹™ (é¡¯ç¤ºè¼¸å‡º)ï¼›DL 
					(DX Low Byte)ç‚ºè¦è¼¸å‡ºçš„å­—å…ƒ 
      51 0030  CD 21				INT  21H          ; INT 21H: DO
					S ä¸­æ–· 
      52					; è¼¸å‡ºç­‰è™Ÿå’Œç©ºç™½éµ 
      53 0032  B2 3D				MOV  DL, '=' 
      54 0034  B4 02				MOV  AH, 02H 
      55 0036  CD 21				INT  21H 
      56 0038  B2 20				MOV  DL, ' ' 
      57 003A  B4 02				MOV  AH, 02H 
      58 003C  CD 21				INT  21H 
      59				  ; è¼¸å‡ºåä½æ•¸ 
      60 003E  8A D7				MOV  DL, BH 
      61 0040  80 C2 30				ADD  DL, '0' 
      62 0043  B4 02				MOV  AH, 02H 
      63 0045  CD 21				INT  21H 
      64				  ; è¼¸å‡ºå€‹ä½æ•¸ 
      65 0047  8A D3				MOV  DL, BL 
      66 0049  80 C2 30				ADD  DL, '0' 
      67 004C  B4 02				MOV  AH, 02H 
      68 004E  CD 21				INT  21H 
      69 0050  B4 4C				MOV  AH, 4CH      ; DOS çš„ç¬¬ 
					4C è™Ÿä¸­æ–·æœå‹™ (å¸¶å›å‚³å€¼çµæŸ)
					ï¼›AL (AX Low Byte)ç‚ºå›å‚³å€¼ 
Microsoft (R) Macro Assembler Version 5.00                  1/21/23 22:02:14
                                                             Page     1-3


      70 0052  CD 21				INT  21H          ; INT 21H: DO
					S ä¸­æ–· 
      71 0054				END main 
Microsoft (R) Macro Assembler Version 5.00                  1/21/23 22:02:14
                                                             Symbols-1


Segments and Groups:

                N a m e         	Length	 Align	Combine Class

DGROUP . . . . . . . . . . . . .  	GROUP
  _DATA  . . . . . . . . . . . .  	0000	WORD	PUBLIC	'DATA'
  STACK  . . . . . . . . . . . .  	0400	PARA	STACK	'STACK'
_TEXT  . . . . . . . . . . . . .  	0054	WORD	PUBLIC	'CODE'

Symbols:            

                N a m e         	Type	 Value	 Attr

MAIN . . . . . . . . . . . . . .  	L NEAR	0000	_TEXT

@CODE  . . . . . . . . . . . . .  	TEXT  _TEXT		
@CODESIZE  . . . . . . . . . . .  	TEXT  0		
@DATASIZE  . . . . . . . . . . .  	TEXT  0		
@FILENAME  . . . . . . . . . . .  	TEXT  MAIN		


     71 Source  Lines
     71 Total   Lines
     15 Symbols

  50624 + 465920 Bytes symbol space free

      1 Warning Errors
      0 Severe  Errors
