Microsoft (R) Macro Assembler Version 5.00                  1/17/23 23:06:19
                                                             Page     1-1


       1				ï»¿ ; 
MAIN.ASM(1): warning A4001: Extra characters on line
       2				 ; File Name: MAIN.ASM 
       3				 ; 
       4				 ; CopyLeft (C) 2023, Picasso's Fantasy
					 Notepad. All rights reserved. 
       5				 ; 
       6				 ; Author: Pablo Picasso G. (PabloPicas
					so.G@gmail.com) 
       7				 ; 
       8				 ; Version: 1.0.0.build011723 
       9				 ; 
      10				 ; Date: 2023 / 01 / 17 
      11				 ; 
      12				 ; Description: é€™ä¹™ç« ç¯€å¾ˆç„¡èŠï¼
					ã€ŒINT 16H: BIOS ä¸­æ–·ã€çš„éµç›¤ä¸­
					æ–·æœå‹™ï¼› 
      13				 ;              BIOS çš„ç¬¬ 00 è™Ÿä¸­æ–
					·æœå‹™ï¼›å¾éµç›¤çš„ç·©è¡å€è®€å–é
					µç›¤ç¢¼ 
      14				 ;              å›å‚³å€¼ï¼šAH (AX High
					 Byte)ç‚ºç·©è¡å€è®€å–åˆ°çš„éµç›¤ç¢¼
					ï¼›AL (AX Low Byte)ç‚º ASCII ç¢¼ã€‚ 
      15				 ;               
      16				 ; 
      17				 
      18				.MODEL	SMALL 
      19				 
      20 0400				.STACK 
      21				 
      22 0000				.DATA 
      23				 
      24 0000				.CODE 
      25 0000				main: 
      26 0000  B8 ---- R			MOV  AX, @DATA    ; æŠŠ .DATA S
					egment çš„ä½å€å‚³é€åˆ° AX æš«å­˜å™¨ï
					¼›å³ .DATA Segment çš„èµ·å§‹ä½å€æ”¾å
					ˆ° AX 
      27 0003  8E D8				MOV  DS, AX       ; æŠŠ AX Regi
					ster çš„è¨˜æ†¶é«”ä½å€è¨­å®šçµ¦ Data S
					egment Register 
      28 0005  B4 00				MOV  AH, 00H      ; BIOS çš„ç¬¬
					 00 è™Ÿä¸­æ–·æœå‹™ï¼šå¾éµç›¤çš„ç·©è¡
					å€è®€å–éµç›¤ç¢¼ 
      29 0007  CD 16				INT  16H          ; INT 16H: BI
					OS ä¸­æ–·ï¼›æ­¤æ™‚çš„ç‹€æ…‹æ˜¯ç­‰å¾…è¼¸
					å…¥ 
      30 0009  50				PUSH AX           ; å°‡ AX Regi
					ster çš„å…§å®¹ç§»å‹•åˆ° Stack Segment 
      31 000A  B2 0D				MOV  DL, 0DH      ; å°‡æ•¸å€¼ 0
					x0D ç§»å‹•åˆ° DL (DX Low Byte) 
      32 000C  B4 02				MOV  AH, 02H      ; DOS çš„ç¬¬ 
					02 è™Ÿä¸­æ–·æœå‹™ (é¡¯ç¤ºè¼¸å‡º)ï¼›DL 
					(DX Low Byte)ç‚ºè¼¸å‡ºçš„å­—å…ƒ 
Microsoft (R) Macro Assembler Version 5.00                  1/17/23 23:06:19
                                                             Page     1-2


      33 000E  CD 21				INT  21H          ; INT 21H: DO
					S ä¸­æ–· 
      34 0010  58				POP  AX           ; å°‡ Stack S
					egment çš„å…§å®¹ç§»å‹•åˆ° AX Registerï¼
					›æ­¤æ™‚çš„å…§å®¹ç‚ºå‰›å‰›æ‰€è®€å–åˆ°çš
					„éµç›¤ç¢¼åŠå…¶ ASCII
      35 0011  8A D0				MOV  DL, AL       ; å°‡ AL (AX 
					Low Byte)çš„å…§å®¹ç§»å‹•åˆ° DL (DX Low 
					Byte) 
      36 0013  B4 02				MOV  AH, 02H      ; DOS çš„ç¬¬ 
					02 è™Ÿä¸­æ–·æœå‹™ (é¡¯ç¤ºè¼¸å‡º)ï¼›DL 
					(DX Low Byte)ç‚ºè¼¸å‡ºçš„å­—å…ƒ 
      37 0015  CD 21				INT  21H          ; INT 21H: DO
					S ä¸­æ–· 
      38 0017  B4 4C				MOV  AH, 4CH      ; DOS çš„ç¬¬ 
					4C è™Ÿä¸­æ–·æœå‹™ (å¸¶å›å‚³å€¼çµæŸ)
					ï¼›AL (AX Low Byte)ç‚ºå›å‚³å€¼ 
      39 0019  CD 21				INT  21H          ; INT 21H: DO
					S ä¸­æ–· 
      40 001B				END main 
Microsoft (R) Macro Assembler Version 5.00                  1/17/23 23:06:19
                                                             Symbols-1


Segments and Groups:

                N a m e         	Length	 Align	Combine Class

DGROUP . . . . . . . . . . . . .  	GROUP
  _DATA  . . . . . . . . . . . .  	0000	WORD	PUBLIC	'DATA'
  STACK  . . . . . . . . . . . .  	0400	PARA	STACK	'STACK'
_TEXT  . . . . . . . . . . . . .  	001B	WORD	PUBLIC	'CODE'

Symbols:            

                N a m e         	Type	 Value	 Attr

MAIN . . . . . . . . . . . . . .  	L NEAR	0000	_TEXT

@CODE  . . . . . . . . . . . . .  	TEXT  _TEXT		
@CODESIZE  . . . . . . . . . . .  	TEXT  0		
@DATASIZE  . . . . . . . . . . .  	TEXT  0		
@FILENAME  . . . . . . . . . . .  	TEXT  MAIN		


     40 Source  Lines
     40 Total   Lines
     15 Symbols

  50624 + 465920 Bytes symbol space free

      1 Warning Errors
      0 Severe  Errors
