Microsoft (R) Macro Assembler Version 5.00                  1/22/23 21:23:00
                                                             Page     1-1


       1				ï»¿ ; 
MAIN.ASM(1): warning A4001: Extra characters on line
       2				 ; File Name: MAIN.ASM 
       3				 ; 
       4				 ; CopyLeft (C) 2023, Picasso's Fantasy
					 Notepad. All rights reserved. 
       5				 ; 
       6				 ; Author: Pablo Picasso G. (PabloPicas
					so.G@gmail.com) 
       7				 ; 
       8				 ; Version: 1.0.0.build012223 
       9				 ; 
      10				 ; Date: 2023 / 01 / 22 
      11				 ; 
      12				 ; Description: ä¹˜æ³•é‹ç®— 
      13				 ; 
      14				 
      15				.MODEL	SMALL 
      16				 
      17 0400				.STACK 
      18				 
      19 0000				.DATA 
      20 0000  06				NUM1 DB  6 
      21 0001  03				NUM2 DB  3 
      22 0002  36 20 2A 20 33 20 3D		MSG  DB  '6 * 3 = $' 
      23       20 24			
      24				 
      25 0000				.CODE 
      26 0000				main: 
      27 0000  B8 ---- R			MOV  AX, @DATA         ; æŠŠ .D
					ATA Segment çš„ä½å€å‚³é€åˆ° AX æš«å­
					˜å™¨ï¼›å³ .DATA Segment çš„èµ·å§‹ä½å
					€æ”¾åˆ° AX 
      28 0003  8E D8				MOV  DS, AX            ; æŠŠ AX
					 Register çš„è¨˜æ†¶é«”ä½å€è¨­å®šçµ¦ D
					ata Segment Register 
      29 0005  BA 0002 R			MOV  DX, OFFSET MSG    ; å°‡ MS
					G çš„è¨˜æ†¶é«”ä½å€ï¼Œå†åŠ ä¸Šåç§»é
					‡ï¼Œç§»å‹•åˆ° DX Register 
      30 0008  B4 09				MOV  AH, 09H           ; DOS çš
					„ç¬¬ 09 è™Ÿä¸­æ–·æœå‹™ (é¡¯ç¤ºå­—ä¸²)ï
					¼›DX Register ç‚ºè¦é¡¯ç¤ºçš„ä½å€ 
      31 000A  CD 21				INT  21H               ; INT 21
					H: DOS ä¸­æ–· 
      32 000C  A0 0000 R			MOV  AL, NUM1          ; å°‡ NU
					M1 ç§»å‹•åˆ° AL (AX Low Byte) 
      33 000F  8A 16 0001 R			MOV  DL, NUM2          ; å°‡ NU
					M2 ç§»å‹•åˆ° DL (DX Low Byte) 
      34 0013  F6 E2				MUL  DL                ; è¢«ä¹˜
					æ•¸ (AL == NUM1 == 0x06) * ä¹˜æ•¸ (DL =
					= NUM2 == 0x03)çš„ç© (0x12 == 18)å„²å­
					˜å› AX Register 
      35 0015  D4 0A				AAM                    ; å°‡æ•´
					å€‹ AX Register èª¿æ•´ç‚ºï¼‘ï¼é€²åˆ¶ï¼
Microsoft (R) Macro Assembler Version 5.00                  1/22/23 21:23:00
                                                             Page     1-2


					›åŸæœ¬ AH: 0x00; AL: 0x12 
      36				                         ; èª¿æ•´å¾Œ AH
					: 0x01 (1); AL: 0x08 (8) 
      37 0017  8B D8				MOV  BX, AX            ; å°‡ AX
					 Register çš„å…§å®¹ç§»å‹•åˆ° BX Registe
					r 
      38 0019  8A D7				MOV  DL, BH            ; å°‡ BH
					 (BX High Byte)çš„å…§å®¹ (0x01)ç§»å‹•åˆ
					° DL (DX Low Byte) 
      39 001B  80 C2 30				ADD  DL, '0'           ; å°‡ DL
					 (DX Low Byte)å…§çš„æ•¸å€¼ (0x01)è½‰æ›
					æˆå­—å…ƒ ('1') 
      40 001E  B4 02				MOV  AH, 02H           ; DOS çš
					„ç¬¬ 02 è™Ÿä¸­æ–·æœå‹™ (é¡¯ç¤ºè¼¸å‡º)ï
					¼›DL (DX Low Byte)ç‚ºè¦è¼¸å‡ºçš„å­—å…ƒ
					 
      41 0020  CD 21				INT  21H               ; INT 21
					H: DOS ä¸­æ–· 
      42 0022  8A D3				MOV  DL, BL            ; å°‡ BL
					 (BX Low Byte)çš„å…§å®¹ (0x08)ç§»å‹•åˆ°
					 DL (DX Low Byte) 
      43 0024  80 C2 30				ADD  DL, '0'           ; å°‡ DL
					 (DX Low Byte)å…§çš„æ•¸å€¼ (0x08)è½‰æ›
					æˆå­—å…ƒ ('8') 
      44 0027  B4 02				MOV  AH, 02H           ; DOS çš
					„ç¬¬ 02 è™Ÿä¸­æ–·æœå‹™ (é¡¯ç¤ºè¼¸å‡º)ï
					¼›DL (DX Low Byte)ç‚ºè¦è¼¸å‡ºçš„å­—å…ƒ
					 
      45 0029  CD 21				INT  21H               ; INT 21
					H: DOS ä¸­æ–· 
      46 002B  B4 4C				MOV  AH, 4CH           ; DOS çš
					„ç¬¬ 4C è™Ÿä¸­æ–·æœå‹™ (å¸¶å›å‚³å€¼çµ
					æŸ)ï¼›AL (AX Low Byte)ç‚ºå›å‚³å€¼ 
      47 002D  CD 21				INT  21H               ; INT 21
					H: DOS ä¸­æ–· 
      48 002F				END main 
Microsoft (R) Macro Assembler Version 5.00                  1/22/23 21:23:00
                                                             Symbols-1


Segments and Groups:

                N a m e         	Length	 Align	Combine Class

DGROUP . . . . . . . . . . . . .  	GROUP
  _DATA  . . . . . . . . . . . .  	000B	WORD	PUBLIC	'DATA'
  STACK  . . . . . . . . . . . .  	0400	PARA	STACK	'STACK'
_TEXT  . . . . . . . . . . . . .  	002F	WORD	PUBLIC	'CODE'

Symbols:            

                N a m e         	Type	 Value	 Attr

MAIN . . . . . . . . . . . . . .  	L NEAR	0000	_TEXT
MSG  . . . . . . . . . . . . . .  	L BYTE	0002	_DATA

NUM1 . . . . . . . . . . . . . .  	L BYTE	0000	_DATA
NUM2 . . . . . . . . . . . . . .  	L BYTE	0001	_DATA

@CODE  . . . . . . . . . . . . .  	TEXT  _TEXT		
@CODESIZE  . . . . . . . . . . .  	TEXT  0		
@DATASIZE  . . . . . . . . . . .  	TEXT  0		
@FILENAME  . . . . . . . . . . .  	TEXT  MAIN		


     47 Source  Lines
     47 Total   Lines
     18 Symbols

  50584 + 465960 Bytes symbol space free

      1 Warning Errors
      0 Severe  Errors
