Microsoft (R) Macro Assembler Version 5.00                  11/9/22 22:42:33
                                                             Page     1-1


       1				ï»¿ ; 
MAIN.ASM(1): warning A4001: Extra characters on line
       2				 ; File Name: MAIN.ASM 
       3				 ; 
       4				 ; CopyLeft (C) 2022, Picasso's Fantasy
					 Notepad. All rights reserved. 
       5				 ; 
       6				 ; Author: Pablo Picasso G. (PabloPicas
					so.G@gmail.com) 
       7				 ; 
       8				 ; Version: 1.0.0.build110922 
       9				 ; 
      10				 ; Date: 2022 / 11 / 09 
      11				 ; 
      12				 ; Description: é€™å€‹ç¯„ä¾‹å‘ˆç¾å­—ä¸
					²è¼‰å…¥æŒ‡ä»¤ -- LODSB (Load  String by
					 Byte)ã€‚ 
      13				 ;              å’Œå‰ç½®é‡è¤‡æŒ‡ä»¤ -
					- REPZ (Repeat)ã€‚ 
      14				 ; 
      15				 ;              LODSB é€™å€‹æŒ‡ä»¤ï¼š 
      16				 ;              - å°‡ DS:SI è¨˜æ†¶é«”ä½
					å€ä¸Šæ‰€æŒ‡çš„å­—ä¸²ï¼Œä»¥ Byte ç‚ºå–
					®ä½è¼‰å…¥è‡³ AL or AXã€‚ 
      17				 ;              - æœå°‹ä¸”æ¯”å°å®Œæˆ
					ä¹‹å¾Œï¼ŒSI å€¼æœƒè¢« +1 / -1 (ä¾ç…§ S
					TD / CLD)ã€‚ 
      18				 ; 
      19				 ;              REPZ é€™å€‹æŒ‡ä»¤ï¼š 
      20				 ;              - æœƒæœ‰æ¢ä»¶é‡è¤‡åœ°
					åŸ·è¡Œ REPZ å¾Œé¢æ‰€æ¥çš„å‹•ä½œï¼› 
      21				 ;              - è€Œé‡è¤‡çš„æ¬¡æ•¸ï¼Œ
					å‰‡æ˜¯ CX Register é€ä¸€éæ¸›è‡³ï¼ï¼
					›æˆ– Zero Flag == 0 ç‚ºæ­¢ã€‚ 
      22				 ;              - ä¼¼ä¹å’Œ REPE æ²’å•¥
					å·®ç•°ï¼Ÿ 
      23				 ; 
      24				 ;              é€™å€‹ç¯„ä¾‹å¾ 7-4 æŠ„
					ä¾†çš„ã€‚ 
      25				 ; 
      26				 
      27				.MODEL	SMALL 
      28				 
      29 0400				.STACK 
      30				 
      31 0000				.DATA 
      32 0000  48 65 6C 6C 6F 21 21		SOUR  DB  'Hello!! World!!$'   
					; å®£å‘Šè®Šæ•¸åç¨±ç‚º SOURï¼Œå°‡å­—ä¸
					²åˆ†åˆ¥ä»¥ Byte çš„è³‡æ–™å‹æ…‹å„²å­˜åˆ
					° SOUR 
      33       20 57 6F 72 6C 64 21	
      34       21 24			
      35 0010  48 65 6C 6C 6F 21 21		DEST  DB  'Hello!! Morld!!$'   
					; å®£å‘Šè®Šæ•¸åç¨±ç‚º DESTï¼Œå°‡å­—ä¸
Microsoft (R) Macro Assembler Version 5.00                  11/9/22 22:42:33
                                                             Page     1-2


					²åˆ†åˆ¥ä»¥ Byte çš„è³‡æ–™å‹æ…‹å„²å­˜åˆ
					° DEST 
      36       20 4D 6F 72 6C 64 21	
      37       21 24			
      38 0020  0020				SLEN  DW  $-SOUR               
					; å®£å‘Šè®Šæ•¸åç¨±ç‚º SLENï¼Œå°‡ SOUR
					 çš„å­—ä¸²é•·åº¦ä»¥ Word çš„è³‡æ–™å‹æ…
					‹å„²å­˜ 
      39				 
      40 0000				.CODE 
      41 0000				main: 
      42 0000  B8 ---- R			MOV   AX, @DATA                
					; æŠŠ .DATA Segment çš„ä½å€å‚³é€åˆ° 
					AX æš«å­˜å™¨ 
      43 0003  8E D8				MOV   DS, AX                   
					; æŠŠ AX Register çš„è¨˜æ†¶é«”ä½å€è¨­
					å®šçµ¦ Data Segment Registerï¼› 
      44 0005  8E C0				MOV   ES, AX                   
					; æŠŠ AX Register çš„è¨˜æ†¶é«”ä½å€è¨­
					å®šçµ¦ Extra Segment Registerï¼› 
      45 0007  FC				CLD                            
					; é€™è£¡ä½¿ç”¨ CLD ç‹€æ…‹ï¼Œç”±è¨˜æ†¶é«
					”ä½å€ã€Œä½ã€çš„åœ°æ–¹å¾€ã€Œé«˜ã€è™
					•ç§»å‹•ã€‚ 
      46 0008  8B 0E 0020 R			MOV   CX, SLEN                 
					; å°‡ SOUR çš„å­—ä¸²é•·åº¦ç§»å‹•åˆ° CX 
					Register 
      47 000C  8D 36 0000 R			LEA   SI, SOUR                 
					; å°‡ SOUR è®Šæ•¸çš„åç§»é‡ï¼Œå„²å­˜å
					ˆ° SI Register 
      48 0010  8D 3E 0010 R			LEA   DI, DEST                 
					; å°‡ DEST è®Šæ•¸çš„åç§»é‡ï¼Œå„²å­˜å
					ˆ° DI Register 
      49 0014  F3/ A6				REPZ  CMPSB                    
					; æ¯”è¼ƒï¼’çµ„å­—ä¸²æ˜¯å¦ç›¸åŒï¼Ÿ 
      50 0016  E3 08				JCXZ  ENDDOS                   
					; è‹¥ CX Register ç‚ºï¼æ™‚ (Jump CX Ze
					ro)ï¼Œå°±è·³èºåˆ° ENDDOS æ¨™ç±¤åŸ·è¡Œä
					¸‹ä¸€æ®µç¨‹å¼ç¢¼ï¼› 
      51					                               
					; è‹¥ CMPSB æ‰¾åˆ°ç›¸ç•°å­—å…ƒæ™‚ï¼Œå‰‡
					 CX Register ä¸æœƒç­‰æ–¼ï¼ 
      52 0018  4E				DEC   SI                       
					; SI Register å† -1ï¼Œå› ç‚ºæ˜¯ä½¿ç”¨ 
					CLD ç‹€æ…‹ã€‚ 
      53 0019  AC				LODSB SOUR                     
					; å°‡ SOUR è¼‰å…¥è‡³ AL Register 
MAIN.ASM(49): warning A4001: Extra characters on line
      54 001A  8A D0				MOV   DL, AL                   
					; å°‡ AL Register çš„è³‡æ–™ç§»å‹•è‡³ DL
					 Register 
      55 001C  B4 02				MOV   AH, 02H                  
					; DOS çš„ç¬¬ 02 è™Ÿä¸­æ–·æœå‹™ (é¡¯ç¤º
					è¼¸å‡º)ï¼›DL (DX Low Byte)ç‚ºè¦è¼¸å‡ºç
Microsoft (R) Macro Assembler Version 5.00                  11/9/22 22:42:33
                                                             Page     1-3


					š„è³‡æ–™ 
      56 001E  CD 21				INT   21H                      
					; INT 21H: DOS ä¸­æ–·	 
      57				 
      58 0020				ENDDOS: 
      59 0020  B4 4C				MOV   AH, 4CH                  
					; DOS çš„ç¬¬ 4C è™Ÿä¸­æ–·æœå‹™ (å¸¶å›
					å‚³å€¼çµæŸ)ï¼›AL (AX Low Byte)ç‚ºå›å
					‚³å€¼ 
      60 0022  CD 21				INT   21H                      
					; INT 21H: DOS ä¸­æ–· 
      61 0024				END main 
Microsoft (R) Macro Assembler Version 5.00                  11/9/22 22:42:33
                                                             Symbols-1


Segments and Groups:

                N a m e         	Length	 Align	Combine Class

DGROUP . . . . . . . . . . . . .  	GROUP
  _DATA  . . . . . . . . . . . .  	0022	WORD	PUBLIC	'DATA'
  STACK  . . . . . . . . . . . .  	0400	PARA	STACK	'STACK'
_TEXT  . . . . . . . . . . . . .  	0024	WORD	PUBLIC	'CODE'

Symbols:            

                N a m e         	Type	 Value	 Attr

DEST . . . . . . . . . . . . . .  	L BYTE	0010	_DATA

ENDDOS . . . . . . . . . . . . .  	L NEAR	0020	_TEXT

MAIN . . . . . . . . . . . . . .  	L NEAR	0000	_TEXT

SLEN . . . . . . . . . . . . . .  	L WORD	0020	_DATA
SOUR . . . . . . . . . . . . . .  	L BYTE	0000	_DATA

@CODE  . . . . . . . . . . . . .  	TEXT  _TEXT		
@CODESIZE  . . . . . . . . . . .  	TEXT  0		
@DATASIZE  . . . . . . . . . . .  	TEXT  0		
@FILENAME  . . . . . . . . . . .  	TEXT  MAIN		


     57 Source  Lines
     57 Total   Lines
     19 Symbols

  50582 + 465962 Bytes symbol space free

      2 Warning Errors
      0 Severe  Errors
