Microsoft (R) Macro Assembler Version 5.00                  1/16/23 21:58:17
                                                             Page     1-1


       1				ï»¿ ; 
MAIN.ASM(1): warning A4001: Extra characters on line
       2				 ; File Name: MAIN.ASM 
       3				 ; 
       4				 ; CopyLeft (C) 2023, Picasso's Fantasy
					 Notepad. All rights reserved. 
       5				 ; 
       6				 ; Author: Pablo Picasso G. (PabloPicas
					so.G@gmail.com) 
       7				 ; 
       8				 ; Version: 1.0.0.build011623 
       9				 ; 
      10				 ; Date: 2023 / 01 / 16 
      11				 ; 
      12				 ; Description: é€™ä¹™ç« ç¯€å¾ˆç„¡èŠï¼
					ã€ŒINT 21H: DOS ä¸­æ–·ã€çš„éµç›¤ä¸­æ
					–·æœå‹™ï¼› 
      13				 ;              DOS çš„ç¬¬ 06 è™Ÿä¸­æ–·
					æœå‹™ (ç”±éµç›¤è¼¸å…¥å­—å…ƒçš„ I/O æ
					§åˆ¶)ã€‚è‹¥ï¼š 
      14				 ;              a). ç”±éµç›¤ç›´æ¥è¼¸å
					…¥ï¼ŒDL (DX Low Byte) == 0xFFï¼›å›å‚³å
					€¼ï¼š 
      15				 ;                  Flag Register çš„ Z
					ero Flag == 0 æ™‚ï¼ŒAL (AX Low Byte)ç‚º
					è¼¸å…¥çš„å­—å…ƒï¼›ä½†ä¸¦ä¸é¡¯ç¤ºåœ¨è¢
					å¹•ä¸Š (å› ç‚ºæ
      16				 ;                  Flag Register çš„ Z
					ero Flag == 1 æ™‚ï¼Œç„¡ä»»ä½•è¼¸å…¥ 
      17				 ;              b). ç›´æ¥è¼¸å‡ºï¼ŒDL (
					DX Low Byte) != 0xFFï¼›æ²’æœ‰å›å‚³å€¼ã
					€‚ 
      18				 ; 
      19				 
      20				.MODEL	SMALL 
      21				 
      22 0400				.STACK 
      23				 
      24 0000				.DATA 
      25				 
      26 0000				.CODE 
      27 0000				main: 
      28 0000  B8 ---- R			MOV  AX, @DATA    ; æŠŠ .DATA S
					egment çš„ä½å€å‚³é€åˆ° AX æš«å­˜å™¨ï
					¼›å³ .DATA Segment çš„èµ·å§‹ä½å€æ”¾å
					ˆ° AX 
      29 0003  8E D8				MOV  DS, AX       ; æŠŠ AX Regi
					ster çš„è¨˜æ†¶é«”ä½å€è¨­å®šçµ¦ Data S
					egment Register 
      30 0005  B2 FF				MOV  DL, 0FFH     ; è¨­å®šæˆã€
					Œç”±éµç›¤ç›´æ¥è¼¸å…¥ã€ï¼›å…ˆä¸ç®¡ Z
					ero Flag ....  
      31 0007  B4 06				MOV  AH, 06H      ; DOS çš„ç¬¬ 
					06 è™Ÿä¸­æ–·æœå‹™ (ç”±éµç›¤è¼¸å…¥å­—å
Microsoft (R) Macro Assembler Version 5.00                  1/16/23 21:58:17
                                                             Page     1-2


					…ƒçš„ç›´æ¥ I/O )ï¼›AL (AX Low Byte)ç‚º
					è¼¸å…¥çš„å­—å…ƒ 
      32 0009  CD 21				INT  21H          ; INT 21H: DO
					S ä¸­æ–· 
      33 000B  B4 4C				MOV  AH, 4CH      ; DOS çš„ç¬¬ 
					4C è™Ÿä¸­æ–·æœå‹™ (å¸¶å›å‚³å€¼çµæŸ)
					ï¼›AL (AX Low Byte)ç‚ºå›å‚³å€¼ 
      34 000D  CD 21				INT  21H          ; INT 21H: DO
					S ä¸­æ–· 
      35 000F				END main 
Microsoft (R) Macro Assembler Version 5.00                  1/16/23 21:58:17
                                                             Symbols-1


Segments and Groups:

                N a m e         	Length	 Align	Combine Class

DGROUP . . . . . . . . . . . . .  	GROUP
  _DATA  . . . . . . . . . . . .  	0000	WORD	PUBLIC	'DATA'
  STACK  . . . . . . . . . . . .  	0400	PARA	STACK	'STACK'
_TEXT  . . . . . . . . . . . . .  	000F	WORD	PUBLIC	'CODE'

Symbols:            

                N a m e         	Type	 Value	 Attr

MAIN . . . . . . . . . . . . . .  	L NEAR	0000	_TEXT

@CODE  . . . . . . . . . . . . .  	TEXT  _TEXT		
@CODESIZE  . . . . . . . . . . .  	TEXT  0		
@DATASIZE  . . . . . . . . . . .  	TEXT  0		
@FILENAME  . . . . . . . . . . .  	TEXT  MAIN		


     35 Source  Lines
     35 Total   Lines
     15 Symbols

  50624 + 465920 Bytes symbol space free

      1 Warning Errors
      0 Severe  Errors
