Microsoft (R) Macro Assembler Version 5.00                  11/20/22 22:21:48
                                                             Page     1-1


       1				ï»¿ ; 
main.asm(1): warning A4001: Extra characters on line
       2				 ; File Name: MAIN.ASM 
       3				 ; 
       4				 ; CopyLeft (C) 2022, Picasso's Fantasy
					 Notepad. All rights reserved. 
       5				 ; 
       6				 ; Author: Pablo Picasso G. (PabloPicas
					so.G@gmail.com) 
       7				 ; 
       8				 ; Version: 1.0.0.build112022 
       9				 ; 
      10				 ; Date: 2022 / 11 / 20 
      11				 ; 
      12				 ; Description: é€™å€‹ç¯„ä¾‹å‘ˆç¾æœªåŒ
					…è£é‹ç®—æŒ‡ä»¤ -- AAM (ASCII Adjust A
					fter Multiply)ã€‚ 
      13				 ;              - å°‡ AX Register çš„å…
					§å®¹èª¿æ•´ç‚ºåé€²åˆ¶çš„å€¼ï¼›å…¶ä¸­ï¼
					š 
      14				 ;                é«˜ä½å…ƒå„²å­˜è‡³ AX
					 High Byteï¼›è€Œä½ä½å…ƒå„²å­˜è‡³ AX L
					ow Byte 
      15				 ;              - äº¦ç¨±ç‚ºã€ŒæœªåŒ…è£
					ä¹˜æ³•èª¿æ•´æŒ‡ä»¤ã€ 
      16				 ;              - å—å½±éŸ¿çš„æ——æ¨™ç‚º
					ï¼šSFã€ZFã€PF 
      17				 ;              - AAM æœƒæ­é… MUL ä¾†
					ä½¿ç”¨ 
      18				 ; 
      19				 
      20				.MODEL	SMALL 
      21				 
      22 0400				.STACK 
      23				 
      24 0000				.DATA 
      25 0000  0F				NUM1   DB  0FH     ; å®£å‘Šè®Šæ
					•¸åç¨±ç‚º NUM1ï¼Œå°‡æ•¸å€¼ 0x0F (0000
					 1111 == 15)ä»¥ Byte çš„è³‡æ–™å‹æ…‹å„²
					å­˜ 
      26 0001  04				NUM2   DB  04H     ; å®£å‘Šè®Šæ
					•¸åç¨±ç‚º NUM2ï¼Œå°‡æ•¸å€¼ 0x04 (0000
					 0100)ä»¥ Byte çš„è³‡æ–™å‹æ…‹å„²å­˜ 
      27				 
      28 0000				.CODE 
      29 0000				main: 
      30 0000  B8 ---- R			MOV   AX, @DATA    ; æŠŠ .DATA 
					Segment çš„ä½å€å‚³é€åˆ° AX æš«å­˜å™¨
					 
      31 0003  8E D8				MOV   DS, AX       ; æŠŠ AX Reg
					ister çš„è¨˜æ†¶é«”ä½å€è¨­å®šçµ¦ Data 
					Segment Register 
      32 0005  A0 0000 R			MOV   AL, NUM1     ; æŠŠæ•¸å€¼ 
					NUM1 è¨­å®šçµ¦ AX Low Byte 
Microsoft (R) Macro Assembler Version 5.00                  11/20/22 22:21:48
                                                             Page     1-2


      33 0008  8A 1E 0001 R			MOV   BL, NUM2     ; æŠŠæ•¸å€¼ 
					NUM2 è¨­å®šçµ¦ BX Low Byte 
      34 000C  F6 E3				MUL   BL           ; å°‡ BL (4)
					 * AL (15) ä¸”å„²å­˜å› AL (60 == 0x3C)
					ï¼›æ­¤å€¼ä¸¦é BCD ç¢¼ 
      35 000E  B4 00				MOV   AH, 00H      ; å°‡ AX Hig
					h Byte è¨­ç½®ç‚ºï¼ 
      36 0010  D4 0A				AAM                ; å°‡æ•´å€‹ 
					AX Register èª¿æ•´ç‚ºï¼‘ï¼é€²åˆ¶ï¼›åŸ
					æœ¬ AH: 0x00; AL: 0x3C 
      37				                     ; èª¿æ•´å¾Œ AH: 0x
					06 (6); AL: 0x00 (0) 
      38 0012  8B D8				MOV   BX, AX       ; å°‡ AX Reg
					ister çš„å…§å®¹ç§»ç½® BX Register 
      39 0014  8A D7				MOV   DL, BH       ; å°‡ BX Hig
					h Byte çš„å…§å®¹ç§»ç½® DX Low Byte 
      40 0016  80 C2 30				ADD   DL, 30H      ; å°‡ DX Low
					 Byte çš„æ•¸å€¼ (0x06)åŠ ä¸Š 0x30 ('0')
					è®Šæˆå¯é¡¯å­—å…ƒ ('6') 
      41 0019  B4 02				MOV   AH, 02H      ; DOS çš„ç¬¬
					 02 è™Ÿä¸­æ–·æœå‹™ (é¡¯ç¤ºå­—å…ƒ)ï¼›DX
					 Low Byte ç‚ºè¦è¼¸å‡ºçš„è³‡æ–™ 
      42 001B  CD 21				INT   21H          ; INT 21H: D
					OS ä¸­æ–·	 
      43 001D  8A D3				MOV   DL, BL       ; å°‡ BX Low
					 Byte çš„å…§å®¹ç§»ç½® DX Low Byte 
      44 001F  80 C2 30				ADD   DL, 30H      ; å°‡ DX Low
					 Byte çš„æ•¸å€¼ (0x00)åŠ ä¸Š 0x30 ('0')
					è®Šæˆå¯é¡¯å­—å…ƒ ('0') 
      45 0022  B4 02				MOV   AH, 02H      ; DOS çš„ç¬¬
					 02 è™Ÿä¸­æ–·æœå‹™ (é¡¯ç¤ºå­—å…ƒ)ï¼›DX
					 Low Byte ç‚ºè¦è¼¸å‡ºçš„è³‡æ–™ 
      46 0024  CD 21				INT   21H          ; INT 21H: D
					OS ä¸­æ–·	 
      47 0026  B4 4C				MOV   AH, 4CH      ; DOS çš„ç¬¬
					 4C è™Ÿä¸­æ–·æœå‹™ (å¸¶å›å‚³å€¼çµæŸ
					)ï¼›AL (AX Low Byte)ç‚ºå›å‚³å€¼ 
      48 0028  CD 21				INT   21H          ; INT 21H: D
					OS ä¸­æ–· 
      49 002A				END main 
Microsoft (R) Macro Assembler Version 5.00                  11/20/22 22:21:48
                                                             Symbols-1


Segments and Groups:

                N a m e         	Length	 Align	Combine Class

DGROUP . . . . . . . . . . . . .  	GROUP
  _DATA  . . . . . . . . . . . .  	0002	WORD	PUBLIC	'DATA'
  STACK  . . . . . . . . . . . .  	0400	PARA	STACK	'STACK'
_TEXT  . . . . . . . . . . . . .  	002A	WORD	PUBLIC	'CODE'

Symbols:            

                N a m e         	Type	 Value	 Attr

MAIN . . . . . . . . . . . . . .  	L NEAR	0000	_TEXT

NUM1 . . . . . . . . . . . . . .  	L BYTE	0000	_DATA
NUM2 . . . . . . . . . . . . . .  	L BYTE	0001	_DATA

@CODE  . . . . . . . . . . . . .  	TEXT  _TEXT		
@CODESIZE  . . . . . . . . . . .  	TEXT  0		
@DATASIZE  . . . . . . . . . . .  	TEXT  0		
@FILENAME  . . . . . . . . . . .  	TEXT  main		


     49 Source  Lines
     49 Total   Lines
     17 Symbols

  50622 + 465922 Bytes symbol space free

      1 Warning Errors
      0 Severe  Errors
