Microsoft (R) Macro Assembler Version 5.00                  1/19/23 22:21:21
                                                             Page     1-1


       1				ï»¿ ; 
MAIN.ASM(1): warning A4001: Extra characters on line
       2				 ; File Name: MAIN.ASM 
       3				 ; 
       4				 ; CopyLeft (C) 2023, Picasso's Fantasy
					 Notepad. All rights reserved. 
       5				 ; 
       6				 ; Author: Pablo Picasso G. (PabloPicas
					so.G@gmail.com) 
       7				 ; 
       8				 ; Version: 1.0.0.build011923 
       9				 ; 
      10				 ; Date: 2023 / 01 / 19 
      11				 ; 
      12				 ; Description: é€™ä¹™ç« ç¯€å¾ˆç„¡èŠï¼
					ã€ŒINT 21H: DOS ä¸­æ–·ã€çš„å°è¡¨æ©Ÿè
					¼¸å‡ºæœå‹™ï¼› 
      13				 ;              DOS çš„ç¬¬ 05 è™Ÿä¸­æ–·
					æœå‹™ (å°è¡¨æ©Ÿè¼¸å‡º)ï¼›DL (DX Low B
					yte)ç‚ºè¦è¼¸å‡ºçš„å­—å…ƒ 
      14				 ;              æ‰¿ç¯„ä¾‹ 14-10 ï¼Œæ­¤ä
					¸€ç¯„ä¾‹å±•ç¾å¦‚ä½•ä½¿ç”¨å°è¡¨æ©Ÿä¾†å
					ˆ—å°å­—ä¸²ã€‚ 
      15				 ;              åˆ—å°å­—ä¸²çš„æ–¹å¼ï¼
					Œæ˜¯ä»¥ä¸€å€‹å­—å…ƒã€ä¸€å€‹å­—å…ƒåœ°ä¾
					åºè¼¸å‡ºã€‚ 
      16				 ; 
      17				 
      18				.MODEL	SMALL 
      19				 
      20 0400				.STACK 
      21				 
      22 0000				.DATA 
      23 0000  54 47 20 69 73 20 67		MSG  DB  'TG is good!! $' 
      24       6F 6F 64 21 21 20 24	
      25 000E  000E				LEN  DW  $-MSG 
      26				 
      27 0000				.CODE 
      28 0000				main: 
      29 0000  B8 ---- R			MOV  AX, @DATA    ; æŠŠ .DATA S
					egment çš„ä½å€å‚³é€åˆ° AX æš«å­˜å™¨ï
					¼›å³ .DATA Segment çš„èµ·å§‹ä½å€æ”¾å
					ˆ° AX 
      30 0003  8E D8				MOV  DS, AX       ; æŠŠ AX Regi
					ster çš„è¨˜æ†¶é«”ä½å€è¨­å®šçµ¦ Data S
					egment Register 
      31 0005  8B 0E 000E R			MOV  CX, LEN      ; æŠŠå­—ä¸²çš
					„é•·åº¦ LEN ç§»å‹•åˆ° CX Register 
      32 0009  8D 36 0000 R			LEA  SI, MSG      ; å°‡å­—ä¸² M
					SG çš„è¨˜æ†¶é«”ä½å€å­˜å…¥åˆ° SI Regis
					ter 
      33 000D				next: 
      34 000D  B4 05				MOV  AH, 05H      ; DOS çš„ç¬¬ 
					05 è™Ÿä¸­æ–·æœå‹™ (å°è¡¨æ©Ÿè¼¸å‡º)ï¼›
Microsoft (R) Macro Assembler Version 5.00                  1/19/23 22:21:21
                                                             Page     1-2


					DL (DX Low Byte)ç‚ºè¦è¼¸å‡ºçš„å­—å…ƒ 
      35 000F  8A 14				MOV  DL, [SI]     ; å°‡ SI Regi
					ster çš„ã€Œå…§å®¹ã€ç§»å‹•åˆ° DL (DX Lo
					w Byte) 
      36 0011  CD 21				INT  21H          ; INT 21H: DO
					S ä¸­æ–· 
      37 0013  46				INC  SI           ; å°‡ SI Regi
					ster çš„å€¼ +ï¼‘ï¼›å³æŒ‡åˆ°ä¸‹ä¸€å€‹å­
					—å…ƒçš„è¨˜æ†¶é«”ä½å€ 
      38 0014  E2 F7				LOOP next         ; é‡è¦† next
					 æ¨™ç±¤çš„è¡Œç‚ºï¼Œç›´åˆ° CX == 0 ç‚ºæ­
					¢ï¼ 
      39 0016  B4 4C				MOV  AH, 4CH      ; DOS çš„ç¬¬ 
					4C è™Ÿä¸­æ–·æœå‹™ (å¸¶å›å‚³å€¼çµæŸ)
					ï¼›AL (AX Low Byte)ç‚ºå›å‚³å€¼ 
      40 0018  CD 21				INT  21H          ; INT 21H: DO
					S ä¸­æ–· 
      41 001A				END main 
Microsoft (R) Macro Assembler Version 5.00                  1/19/23 22:21:21
                                                             Symbols-1


Segments and Groups:

                N a m e         	Length	 Align	Combine Class

DGROUP . . . . . . . . . . . . .  	GROUP
  _DATA  . . . . . . . . . . . .  	0010	WORD	PUBLIC	'DATA'
  STACK  . . . . . . . . . . . .  	0400	PARA	STACK	'STACK'
_TEXT  . . . . . . . . . . . . .  	001A	WORD	PUBLIC	'CODE'

Symbols:            

                N a m e         	Type	 Value	 Attr

LEN  . . . . . . . . . . . . . .  	L WORD	000E	_DATA

MAIN . . . . . . . . . . . . . .  	L NEAR	0000	_TEXT
MSG  . . . . . . . . . . . . . .  	L BYTE	0000	_DATA

NEXT . . . . . . . . . . . . . .  	L NEAR	000D	_TEXT

@CODE  . . . . . . . . . . . . .  	TEXT  _TEXT		
@CODESIZE  . . . . . . . . . . .  	TEXT  0		
@DATASIZE  . . . . . . . . . . .  	TEXT  0		
@FILENAME  . . . . . . . . . . .  	TEXT  MAIN		


     40 Source  Lines
     40 Total   Lines
     18 Symbols

  50544 + 466000 Bytes symbol space free

      1 Warning Errors
      0 Severe  Errors
