Microsoft (R) Macro Assembler Version 5.00                  11/24/22 21:47:20
                                                             Page     1-1


       1				ï»¿ ; 
MAIN.ASM(1): warning A4001: Extra characters on line
       2				 ; File Name: MAIN.ASM 
       3				 ; 
       4				 ; CopyLeft (C) 2022, Picasso's Fantasy
					 Notepad. All rights reserved. 
       5				 ; 
       6				 ; Author: Pablo Picasso G. (PabloPicas
					so.G@gmail.com) 
       7				 ; 
       8				 ; Version: 1.0.0.build112422 
       9				 ; 
      10				 ; Date: 2022 / 11 / 24 
      11				 ; 
      12				 ; Description: é€™å€‹ç¯„ä¾‹å‘ˆç¾æœªåŒ
					…è£é‹ç®—æŒ‡ä»¤ -- DAS (Decimal Adjust
					 for Subtraction)ã€‚ 
      13				 ;              - åœ¨åŸ·è¡Œå®Œ SUB ä¹‹å
					¾Œï¼Œå¯æŠŠ AX Low Byte çš„å€¼èª¿æ•´ç‚º
					ï¼‘ï¼é€²åˆ¶ï¼›è¦å‰‡ï¼š 
      14				 ;                è‹¥ AL çš„ä½ 4 bit ä
					»‹æ–¼ A ~ F ä¹‹é–“æˆ– AF == 1 æ™‚ï¼ŒAL 
					çš„æ•¸å€¼å…§å®¹ -0x06 ä¸” AF = 1 
      15				 ;                è‹¥ AL çš„é«˜ 4 bit ä
					»‹æ–¼ A ~ F ä¹‹é–“æˆ– CF == 1 æ™‚ï¼ŒAL 
					çš„æ•¸å€¼å…§å®¹ -0x60 ä¸” CF = 1 
      16				 ;              - å—å½±éŸ¿çš„æ——æ¨™ç‚º
					ï¼šSFã€ZFã€PF 
      17				 ;              - DAS æœƒæ­é… SUB ä¾†
					ä½¿ç”¨ 
      18				 ; 
      19				 
      20				.MODEL	SMALL 
      21				 
      22 0400				.STACK 
      23				 
      24 0000				.DATA 
      25 0000  FA				NUM1  DB  250      ; å®£å‘Šè®Šæ
					•¸åç¨±ç‚º NUM1ï¼Œå°‡æ•¸å€¼ 250 ä»¥ By
					te çš„è³‡æ–™å‹æ…‹å„²å­˜ 
      26 0001  5A				NUM2  DB   90      ; å®£å‘Šè®Šæ
					•¸åç¨±ç‚º NUM2ï¼Œå°‡æ•¸å€¼  90 ä»¥ By
					te çš„è³‡æ–™å‹æ…‹å„²å­˜ 
      27				 
      28 0000				.CODE 
      29 0000				main: 
      30 0000  B8 ---- R			MOV   AX, @DATA    ; æŠŠ .DATA 
					Segment çš„ä½å€å‚³é€åˆ° AX æš«å­˜å™¨
					 
      31 0003  8E D8				MOV   DS, AX       ; æŠŠ AX Reg
					ister çš„è¨˜æ†¶é«”ä½å€è¨­å®šçµ¦ Data 
					Segment Register 
      32 0005  A0 0000 R			MOV   AL, NUM1     ; æŠŠ NUM1 ç
					š„æ•¸å€¼ (0xFA == 250) è¨­å®šçµ¦ AX Low
Microsoft (R) Macro Assembler Version 5.00                  11/24/22 21:47:20
                                                             Page     1-2


					 Byte 
      33 0008  8A 1E 0001 R			MOV   BL, NUM2     ; æŠŠ NUM2 ç
					š„æ•¸å€¼ (0x5A ==  90) è¨­å®šçµ¦ BX Low
					 Byte 
      34 000C  2A C3				SUB   AL, BL       ; å…©è€…ç›¸æ
					¸›ä¹‹å¾Œï¼Œå„²å­˜å› AX Low Byte (0xA0 
					== 160) 
      35 000E  2F				DAS                ; å› ç‚º AL 
					çš„é«˜ 4 bit (0xA)ä»‹æ–¼ A ~ F ï¼Œæ‰€ä»
					¥ AL æœƒå†æ¸›ä¸Š 96 (0x60) 
      36 000F  8A D0				MOV   DL, AL       ; æŠŠ AL çš„
					å…§å®¹ç§»å‹•åˆ° DL (0x40 == 64) 
      37 0011  80 C2 30				ADD   DL, 30H      ; å°‡ DX Low
					 Byte çš„æ•¸å€¼ (0x40)åŠ ä¸Š 0x30 ('0')
					è®Šæˆå¯é¡¯å­—å…ƒ ('p') 
      38 0014  B4 02				MOV   AH, 02H      ; DOS çš„ç¬¬
					 02 è™Ÿä¸­æ–·æœå‹™ (é¡¯ç¤ºå­—å…ƒ)ï¼›DX
					 Low Byte ç‚ºè¦è¼¸å‡ºçš„è³‡æ–™ 
      39 0016  CD 21				INT   21H          ; INT 21H: D
					OS ä¸­æ–· 
      40 0018  B4 4C				MOV   AH, 4CH      ; DOS çš„ç¬¬
					 4C è™Ÿä¸­æ–·æœå‹™ (å¸¶å›å‚³å€¼çµæŸ
					)ï¼›AL (AX Low Byte)ç‚ºå›å‚³å€¼ 
      41 001A  CD 21				INT   21H          ; INT 21H: D
					OS ä¸­æ–· 
      42 001C				END main 
Microsoft (R) Macro Assembler Version 5.00                  11/24/22 21:47:20
                                                             Symbols-1


Segments and Groups:

                N a m e         	Length	 Align	Combine Class

DGROUP . . . . . . . . . . . . .  	GROUP
  _DATA  . . . . . . . . . . . .  	0002	WORD	PUBLIC	'DATA'
  STACK  . . . . . . . . . . . .  	0400	PARA	STACK	'STACK'
_TEXT  . . . . . . . . . . . . .  	001C	WORD	PUBLIC	'CODE'

Symbols:            

                N a m e         	Type	 Value	 Attr

MAIN . . . . . . . . . . . . . .  	L NEAR	0000	_TEXT

NUM1 . . . . . . . . . . . . . .  	L BYTE	0000	_DATA
NUM2 . . . . . . . . . . . . . .  	L BYTE	0001	_DATA

@CODE  . . . . . . . . . . . . .  	TEXT  _TEXT		
@CODESIZE  . . . . . . . . . . .  	TEXT  0		
@DATASIZE  . . . . . . . . . . .  	TEXT  0		
@FILENAME  . . . . . . . . . . .  	TEXT  MAIN		


     42 Source  Lines
     42 Total   Lines
     17 Symbols

  50622 + 465922 Bytes symbol space free

      1 Warning Errors
      0 Severe  Errors
