Microsoft (R) Macro Assembler Version 5.00                  11/15/22 22:42:25
                                                             Page     1-1


       1				ï»¿ ; 
MAIN.ASM(1): warning A4001: Extra characters on line
       2				 ; File Name: MAIN.ASM 
       3				 ; 
       4				 ; CopyLeft (C) 2022, Picasso's Fantasy
					 Notepad. All rights reserved. 
       5				 ; 
       6				 ; Author: Pablo Picasso G. (PabloPicas
					so.G@gmail.com) 
       7				 ; 
       8				 ; Version: 1.0.0.build111522 
       9				 ; 
      10				 ; Date: 2022 / 11 / 15 
      11				 ; 
      12				 ; Description: é€™å€‹ç¯„ä¾‹ä¸¦æ²’æœ‰ä»
					»ä½•æ„ç¾©ï¼åªæƒ³å‘ˆç¾ 
      13				 ;              å­—ä¸²è¼‰å…¥æŒ‡ä»¤ -- L
					ODSW (Load  String by Word)ï¼›å’Œ 
      14				 ;              å­—ä¸²æ¯”å°æŒ‡ä»¤ -- C
					MPSW (Compare String by Word)ã€‚ 
      15				 ; 
      16				 ;              LODSW é€™å€‹æŒ‡ä»¤ï¼š 
      17				 ;              - å°‡ DS:SI è¨˜æ†¶é«”ä½
					å€ä¸Šæ‰€æŒ‡çš„å­—ä¸²ï¼Œä»¥ Word ç‚ºå–
					®ä½è¼‰å…¥è‡³ AXã€‚ 
      18				 ;              - æœå°‹ä¸”æ¯”å°å®Œæˆ
					ä¹‹å¾Œï¼ŒSI å€¼æœƒè¢« +2 / -2 (ä¾ç…§ S
					TD / CLD)ã€‚ 
      19				 ; 
      20				 ;              CMPSW é€™å€‹æŒ‡ä»¤ï¼š 
      21				 ;              - éœ€è¦æ­é… REPE / R
					EPZ æŒ‡ä»¤ä¾†ä½¿ç”¨ï¼› 
      22				 ;              - è€Œæ¯”è¼ƒçš„çµæœæœƒ
					æ¸…é™¤æˆ–æ˜¯è¨­å®š Zero Flagï¼› 
      23				 ;              - å­—ä¸²ç›¸åŒï¼ŒZF == 
					1ï¼›åä¹‹ç‚ºï¼ã€‚ 
      24				 ; 
      25				 
      26				.MODEL	SMALL 
      27				 
      28 0400				.STACK 
      29				 
      30 0000				.DATA 
      31 0000  1278				SOUR  DW  1278H            ; å®
					£å‘Šè®Šæ•¸åç¨±ç‚º SOURï¼Œå°‡æ•¸å€¼ 0x
					1278 ä»¥ Word çš„è³‡æ–™å‹æ…‹å„²å­˜ 
      32 0002  1234				DEST  DW  1234H            ; å®
					£å‘Šè®Šæ•¸åç¨±ç‚º DESTï¼Œå°‡æ•¸å€¼ 0x
					1234 ä»¥ Word çš„è³‡æ–™å‹æ…‹å„²å­˜ 
      33				 
      34 0000				.CODE 
      35 0000				main: 
      36 0000  B8 ---- R			MOV   AX, @DATA            ; æŠ
					Š .DATA Segment çš„ä½å€å‚³é€åˆ° AX æ
Microsoft (R) Macro Assembler Version 5.00                  11/15/22 22:42:25
                                                             Page     1-2


					š«å­˜å™¨ 
      37 0003  8E D8				MOV   DS, AX               ; æŠ
					Š AX Register çš„è¨˜æ†¶é«”ä½å€è¨­å®šç
					µ¦ Data Segment Registerï¼› 
      38 0005  8E C0				MOV   ES, AX               ; æŠ
					Š AX Register çš„è¨˜æ†¶é«”ä½å€è¨­å®šç
					µ¦ Extra Segment Registerï¼› 
      39 0007  FD				STD                        ; é€
					™è£¡ä½¿ç”¨ STD ç‹€æ…‹ï¼Œç”±è¨˜æ†¶é«”ä½
					å€ã€Œé«˜ã€çš„åœ°æ–¹å¾€ã€Œä½ã€è™•ç§»
					å‹•ã€‚ 
      40 0008  B9 0002				MOV   CX, 2                ; è¨
					­å®š CMPSW çš„æ¯”å°æ¬¡æ•¸.... 
      41 000B  8D 36 0000 R			LEA   SI, SOUR             ; å°
					‡ SOUR è®Šæ•¸çš„åç§»é‡ï¼Œå„²å­˜åˆ° S
					I Register 
      42 000F  8D 3E 0002 R			LEA   DI, DEST             ; å°
					‡ DEST è®Šæ•¸çš„åç§»é‡ï¼Œå„²å­˜åˆ° D
					I Register 
      43 0013  F3/ A7				REPZ  CMPSW                ; æ¯
					”è¼ƒï¼’çµ„æ•¸å€¼æ˜¯å¦ç›¸åŒï¼Ÿ 
      44 0015  E3 0A				JCXZ  ENDDOS               ; è‹
					¥ CX Register ç‚ºï¼æ™‚ (Jump CX Zero)ï
					¼Œå°±è·³èºåˆ° ENDDOS æ¨™ç±¤åŸ·è¡Œä¸‹ä¸
					€æ®µç¨‹å¼ç¢¼ï¼› 
      45					                           ; è‹
					¥ CMPSW æ‰¾åˆ°ç›¸ç•°å­—å…ƒæ™‚ï¼Œå‰‡ CX 
					Register ä¸æœƒç­‰æ–¼ï¼ 
      46 0017  83 C6 02				ADD   SI, 02H              ; å¦
					‚æœé€™ä¸€è¼ªçš„æ¯”å°ä¸ä¸€æ¨£ï¼Œå°±å°
					‡ SI Register çš„å€¼ +ï¼’ é€²è¡Œä¸‹ä¸€è
					¼ªçš„æ¯”å° 
      47 001A  AD				LODSW SOUR                 ; å°
					‡ SOUR è¼‰å…¥è‡³ AL Register 
MAIN.ASM(47): warning A4001: Extra characters on line
      48 001B  8A D0				MOV   DL, AL               ; å°
					‡ AL Register çš„è³‡æ–™ç§»å‹•è‡³ DL Reg
					isterï¼›æ­¤æ™‚ AL çš„å€¼æ‡‰ç‚º 0x78 ('x
					') 
      49					                           ; AX
					 == 0x1278ï¼›AH == 0x12ï¼›AL == 0x78 
      50 001D  B4 02				MOV   AH, 02H              ; DO
					S çš„ç¬¬ 02 è™Ÿä¸­æ–·æœå‹™ (é¡¯ç¤ºè¼¸å
					‡º)ï¼›DL (DX Low Byte)ç‚ºè¦è¼¸å‡ºçš„è³
					‡æ–™ 
      51 001F  CD 21				INT   21H                  ; IN
					T 21H: DOS ä¸­æ–·	 
      52				 
      53 0021				ENDDOS: 
      54 0021  B4 4C				MOV   AH, 4CH              ; DO
					S çš„ç¬¬ 4C è™Ÿä¸­æ–·æœå‹™ (å¸¶å›å‚³å
					€¼çµæŸ)ï¼›AL (AX Low Byte)ç‚ºå›å‚³å€
					¼ 
      55 0023  CD 21				INT   21H                  ; IN
Microsoft (R) Macro Assembler Version 5.00                  11/15/22 22:42:25
                                                             Page     1-3


					T 21H: DOS ä¸­æ–· 
      56 0025				END main 
Microsoft (R) Macro Assembler Version 5.00                  11/15/22 22:42:25
                                                             Symbols-1


Segments and Groups:

                N a m e         	Length	 Align	Combine Class

DGROUP . . . . . . . . . . . . .  	GROUP
  _DATA  . . . . . . . . . . . .  	0004	WORD	PUBLIC	'DATA'
  STACK  . . . . . . . . . . . .  	0400	PARA	STACK	'STACK'
_TEXT  . . . . . . . . . . . . .  	0025	WORD	PUBLIC	'CODE'

Symbols:            

                N a m e         	Type	 Value	 Attr

DEST . . . . . . . . . . . . . .  	L WORD	0002	_DATA

ENDDOS . . . . . . . . . . . . .  	L NEAR	0021	_TEXT

MAIN . . . . . . . . . . . . . .  	L NEAR	0000	_TEXT

SOUR . . . . . . . . . . . . . .  	L WORD	0000	_DATA

@CODE  . . . . . . . . . . . . .  	TEXT  _TEXT		
@CODESIZE  . . . . . . . . . . .  	TEXT  0		
@DATASIZE  . . . . . . . . . . .  	TEXT  0		
@FILENAME  . . . . . . . . . . .  	TEXT  MAIN		


     56 Source  Lines
     56 Total   Lines
     18 Symbols

  50622 + 465922 Bytes symbol space free

      2 Warning Errors
      0 Severe  Errors
