Microsoft (R) Macro Assembler Version 5.00                  1/5/23 22:30:47
                                                             Page     1-1


       1				ï»¿ ; 
MAIN.ASM(1): warning A4001: Extra characters on line
       2				 ; File Name: MAIN.ASM 
       3				 ; 
       4				 ; CopyLeft (C) 2023, Picasso's Fantasy
					 Notepad. All rights reserved. 
       5				 ; 
       6				 ; Author: Pablo Picasso G. (PabloPicas
					so.G@gmail.com) 
       7				 ; 
       8				 ; Version: 1.0.0.build010523 
       9				 ; 
      10				 ; Date: 2023 / 01 / 05 
      11				 ; 
      12				 ; Description: ã€ŒåŸºåº•ç›¸å°å®šå€æ³
					•ã€ï¼šåˆ©ç”¨ Base Pointer æˆ– BX Regis
					ter å†åŠ ä¸Šä¸€å€‹åç§»é‡ (OFFSET)ä¾
					†å¾—åˆ°ä¸€å€‹è¨
      13				 ; 
      14				 
      15				.MODEL	SMALL 
      16				 
      17 0400				.STACK 
      18				 
      19 0000				.DATA 
      20				 
      21 0000				.CODE 
      22 0000				main: 
      23 0000  B8 4142				MOV  AX, 4142H   ; å°‡æ•¸å€¼ 0x
					4142 ç§»å‹•åˆ° AX Register 
      24 0003  BB 4344				MOV  BX, 4344H   ; å°‡æ•¸å€¼ 0x
					4344 ç§»å‹•åˆ° BX Register 
      25 0006  B9 4546				MOV  CX, 4546H   ; å°‡æ•¸å€¼ 0x
					4546 ç§»å‹•åˆ° CX Register 
      26 0009  BA 4748				MOV  DX, 4748H   ; å°‡æ•¸å€¼ 0x
					4748 ç§»å‹•åˆ° DX Register 
      27 000C  50				PUSH AX          ; å°‡ AX Regis
					ter çš„å…§å®¹ä¸Ÿé€² .STACK Segment 
      28 000D  53				PUSH BX          ; å°‡ BX Regis
					ter çš„å…§å®¹ä¸Ÿé€² .STACK Segment 
      29 000E  51				PUSH CX          ; å°‡ CX Regis
					ter çš„å…§å®¹ä¸Ÿé€² .STACK Segment 
      30 000F  52				PUSH DX          ; å°‡ DX Regis
					ter çš„å…§å®¹ä¸Ÿé€² .STACK Segment 
      31 0010  8B EC				MOV  BP, SP      ; å°‡ Stack Po
					inter çš„è¨˜æ†¶é«”ä½å€ç§»å‹•åˆ° Base 
					Pointer 
      32				                   ; æ­¤æ™‚çš„ Stack Po
					inter æ‰€æŒ‡åˆ°çš„ã€Œè¨˜æ†¶é«”ä½å€çš„
					å…§å®¹ã€æ‡‰ç‚º 0x48 
      33 0012  8A 56 07				MOV  DL, [BP+7]  ; è€Œ Base Poi
					nter æ‰€æŒ‡çš„è¨˜æ†¶é«”ä½å€ï¼Œå†åŠ ä
					¸Š 7 Bytes 
      34				                   ; å› ç‚º .STACK Segm
Microsoft (R) Macro Assembler Version 5.00                  1/5/23 22:30:47
                                                             Page     1-2


					ent æ˜¯ç”±ã€Œè¨˜æ†¶é«”ä½å€é«˜çš„åœ°æ–
					¹å¾€ä¸‹æ¸›å°‘ã€ï¼Œ 
      35				                   ; æ‰€ä»¥ +7 ä¹‹å¾Œçš
					„è¨˜æ†¶é«”ä½å€çš„å…§å®¹æ‡‰ç‚º 0x41 ('
					A') 
      36 0015  B4 02				MOV  AH, 02H     ; DOS çš„ç¬¬ 0
					2 è™Ÿä¸­æ–·æœå‹™ (é¡¯ç¤ºå­—å…ƒè¼¸å‡º)ï
					¼›DL (DX Low Byte)ç‚ºè¦è¼¸å‡ºçš„å­—å…ƒ
					 
      37 0017  CD 21				INT  21H         ; INT 21H: DOS
					 ä¸­æ–· 
      38 0019  B4 4C				MOV  AH, 4CH     ; DOS çš„ç¬¬ 4
					C è™Ÿä¸­æ–·æœå‹™ (å¸¶å›å‚³å€¼çµæŸ)ï
					¼›AL (AX Low Byte)ç‚ºå›å‚³å€¼ 
      39 001B  CD 21				INT  21H         ; INT 21H: DOS
					 ä¸­æ–· 
      40 001D				END main 
Microsoft (R) Macro Assembler Version 5.00                  1/5/23 22:30:47
                                                             Symbols-1


Segments and Groups:

                N a m e         	Length	 Align	Combine Class

DGROUP . . . . . . . . . . . . .  	GROUP
  _DATA  . . . . . . . . . . . .  	0000	WORD	PUBLIC	'DATA'
  STACK  . . . . . . . . . . . .  	0400	PARA	STACK	'STACK'
_TEXT  . . . . . . . . . . . . .  	001D	WORD	PUBLIC	'CODE'

Symbols:            

                N a m e         	Type	 Value	 Attr

MAIN . . . . . . . . . . . . . .  	L NEAR	0000	_TEXT

@CODE  . . . . . . . . . . . . .  	TEXT  _TEXT		
@CODESIZE  . . . . . . . . . . .  	TEXT  0		
@DATASIZE  . . . . . . . . . . .  	TEXT  0		
@FILENAME  . . . . . . . . . . .  	TEXT  MAIN		


     40 Source  Lines
     40 Total   Lines
     15 Symbols

  50472 + 466072 Bytes symbol space free

      1 Warning Errors
      0 Severe  Errors
