Microsoft (R) Macro Assembler Version 5.00                  1/19/23 22:52:02
                                                             Page     1-1


       1				ï»¿ ; 
MAIN.ASM(1): warning A4001: Extra characters on line
       2				 ; File Name: MAIN.ASM 
       3				 ; 
       4				 ; CopyLeft (C) 2023, Picasso's Fantasy
					 Notepad. All rights reserved. 
       5				 ; 
       6				 ; Author: Pablo Picasso G. (PabloPicas
					so.G@gmail.com) 
       7				 ; 
       8				 ; Version: 1.0.0.build011923 
       9				 ; 
      10				 ; Date: 2023 / 01 / 19 
      11				 ; 
      12				 ; Description: é€™ä¹™ç« ç¯€å¾ˆç„¡èŠï¼
					ã€ŒINT 21H: DOS ä¸­æ–·ã€çš„éµç›¤ä¸­æ
					–·æœå‹™ï¼› 
      13				 ;              DOS çš„ç¬¬ 0B è™Ÿä¸­æ–·
					æœå‹™ï¼šæª¢æŸ¥éµç›¤çš„ç‹€æ…‹ 
      14				 ;              AL (AX Low Byte) == 0xF
					F ï¼Œéµç›¤çš„ç·©è¡å€å…§ã€Œæœ‰ã€å­—å
					…ƒåœ¨ç­‰å¾…è¼¸å…¥ï¼› 
      15				 ;              AL (AX Low Byte) == 0x0
					0 ï¼Œéµç›¤çš„ç·©è¡å€å…§ã€Œç„¡ã€å­—å
					…ƒåœ¨ç­‰å¾…è¼¸å…¥ã€‚ 
      16				 ; 
      17				 
      18				.MODEL	SMALL 
      19				 
      20 0400				.STACK 
      21				 
      22 0000				.DATA 
      23 0000  6B 65 79 62 6F 61 72		MSG1 DB  'keyboard buffer has c
					haracters $' 
      24       64 20 62 75 66 66 65	
      25       72 20 68 61 73 20 63	
      26       68 61 72 61 63 74 65	
      27       72 73 20 24		
      28 0020  6B 65 79 62 6F 61 72		MSG2 DB  'keyboard buffer has N
					OT characters $' 
      29       64 20 62 75 66 66 65	
      30       72 20 68 61 73 20 4E	
      31       4F 54 20 63 68 61 72	
      32       61 63 74 65 72 73 20	
      33       24			
      34				 
      35 0000				.CODE 
      36 0000				main: 
      37 0000  B8 ---- R			MOV  AX, @DATA               ; 
					æŠŠ .DATA Segment çš„ä½å€å‚³é€åˆ° AX
					 æš«å­˜å™¨ï¼›å³ .DATA Segment çš„èµ·å§
					‹ä½å€æ”¾åˆ° AX 
      38 0003  8E D8				MOV  DS, AX                  ; 
					æŠŠ AX Register çš„è¨˜æ†¶é«”ä½å€è¨­å®
Microsoft (R) Macro Assembler Version 5.00                  1/19/23 22:52:02
                                                             Page     1-2


					šçµ¦ Data Segment Register 
      39 0005  B4 0B				MOV  AH, 0BH                 ; 
					DOS çš„ç¬¬ 0B è™Ÿä¸­æ–·æœå‹™â”€æª¢æŸ¥é
					µç›¤çš„ç‹€æ…‹ 
      40 0007  CD 21				INT  21H                     ; 
					INT 21H: DOS ä¸­æ–· 
      41 0009  3C FF				CMP  AL, 0FFH                ; 
					å€˜è‹¥ AL (AX Low Byte) çš„å…§å®¹ç­‰åƒ¹
					æ–¼ 0xFF 
      42 000B  74 03				JE   PRINTMSG1               ; 
					æ˜¯ï¼Œå°±è·³åˆ° PRINTMSG1 æ¨™ç±¤æ‰€åœ¨ç
					š„åœ°æ–¹ 
      43 000D  EB 07 90				JMP  PRINTMSG2               ; 
					ä¸æ˜¯ï¼Œå°±è·³åˆ° PRINTMSG2 æ¨™ç±¤æ‰€å
					œ¨çš„åœ°æ–¹ 
      44 0010				PRINTMSG1: 
      45 0010  BA 0000 R			MOV  DX, OFFSET MSG1         ; 
					å°‡ MSG1 çš„è¨˜æ†¶é«”ä½å€ï¼Œå†åŠ ä¸Š
					åç§»é‡ï¼Œç§»å‹•åˆ° DX Register 
      46 0013  EB 04 90				JMP  PRINTX                  ; 
					ç›´æ¥è·³åˆ° PRINTX æ¨™ç±¤æ‰€åœ¨çš„åœ°æ
					–¹ 
      47 0016				PRINTMSG2: 
      48 0016  BA 0020 R			MOV  DX, OFFSET MSG2         ; 
					å°‡ MSG2 çš„è¨˜æ†¶é«”ä½å€ï¼Œå†åŠ ä¸Š
					åç§»é‡ï¼Œç§»å‹•åˆ° DX Register 
      49 0019				PRINTX: 
      50 0019  B4 09				MOV  AH, 09H                 ; 
					DOS çš„ç¬¬ 09 è™Ÿä¸­æ–·æœå‹™ (é¡¯ç¤ºå­
					—ä¸²)ï¼›DX Register ç‚ºè¦é¡¯ç¤ºçš„ä½å
					€ 
      51 001B  CD 21				INT  21H                     ; 
					INT 21H: DOS ä¸­æ–· 
      52 001D				ENDDOS: 
      53 001D  B4 4C				MOV  AH, 4CH                 ; 
					DOS çš„ç¬¬ 4C è™Ÿä¸­æ–·æœå‹™ (å¸¶å›å‚
					³å€¼çµæŸ)ï¼›AL (AX Low Byte)ç‚ºå›å‚³
					å€¼ 
      54 001F  CD 21				INT  21H                     ; 
					INT 21H: DOS ä¸­æ–· 
      55 0021				END main 
Microsoft (R) Macro Assembler Version 5.00                  1/19/23 22:52:02
                                                             Symbols-1


Segments and Groups:

                N a m e         	Length	 Align	Combine Class

DGROUP . . . . . . . . . . . . .  	GROUP
  _DATA  . . . . . . . . . . . .  	0044	WORD	PUBLIC	'DATA'
  STACK  . . . . . . . . . . . .  	0400	PARA	STACK	'STACK'
_TEXT  . . . . . . . . . . . . .  	0021	WORD	PUBLIC	'CODE'

Symbols:            

                N a m e         	Type	 Value	 Attr

ENDDOS . . . . . . . . . . . . .  	L NEAR	001D	_TEXT

MAIN . . . . . . . . . . . . . .  	L NEAR	0000	_TEXT
MSG1 . . . . . . . . . . . . . .  	L BYTE	0000	_DATA
MSG2 . . . . . . . . . . . . . .  	L BYTE	0020	_DATA

PRINTMSG1  . . . . . . . . . . .  	L NEAR	0010	_TEXT
PRINTMSG2  . . . . . . . . . . .  	L NEAR	0016	_TEXT
PRINTX . . . . . . . . . . . . .  	L NEAR	0019	_TEXT

@CODE  . . . . . . . . . . . . .  	TEXT  _TEXT		
@CODESIZE  . . . . . . . . . . .  	TEXT  0		
@DATASIZE  . . . . . . . . . . .  	TEXT  0		
@FILENAME  . . . . . . . . . . .  	TEXT  MAIN		


     46 Source  Lines
     46 Total   Lines
     21 Symbols

  50584 + 465960 Bytes symbol space free

      1 Warning Errors
      0 Severe  Errors
