Microsoft (R) Macro Assembler Version 5.00                  1/3/23 22:11:58
                                                             Page     1-1


       1				ï»¿ ; 
MAIN.ASM(1): warning A4001: Extra characters on line
       2				 ; File Name: MAIN.ASM 
       3				 ; 
       4				 ; CopyLeft (C) 2023, Picasso's Fantasy
					 Notepad. All rights reserved. 
       5				 ; 
       6				 ; Author: Pablo Picasso G. (PabloPicas
					so.G@gmail.com) 
       7				 ; 
       8				 ; Version: 1.0.0.build010323 
       9				 ; 
      10				 ; Date: 2023 / 01 / 03 
      11				 ; 
      12				 ; Description: ã€Œæš«å­˜å™¨é–“æ¥å®šå
					€æ³•ã€ï¼šé¡§åæ€ç¾©ï¼Œæš«å­˜å™¨æ‰€å­
					˜æ”¾çš„è³‡æ–™æ˜¯è¨˜æ†¶é«”ä½å€ï¼› 
      13				 ;              å°‡é‹ç®—å…ƒä¸­çš„æš«å­
					˜å™¨ä»¥ [] å«æ‹¬ä½ï¼Œä»£è¡¨æš«å­˜å™¨é
					–“æ¥å®šå€æ³•ã€‚ 
      14				 ; 
      15				 
      16				.MODEL	SMALL 
      17				 
      18 0400				.STACK 
      19				 
      20 0000				.DATA 
      21 0000  41 42 43 44 45 46 47		T    DB  'ABCDEFGHIJKLMNOPQRSTU
					VWXYZ$' 
      22       48 49 4A 4B 4C 4D 4E	
      23       4F 50 51 52 53 54 55	
      24       56 57 58 59 5A 24	
      25				 
      26 0000				.CODE 
      27 0000				main: 
      28 0000  B8 ---- R			MOV  AX, @DATA  ; æŠŠ .DATA Seg
					ment çš„ä½å€å‚³é€åˆ° AX æš«å­˜å™¨ï¼›
					å³ .DATA Segment çš„èµ·å§‹ä½å€æ”¾åˆ°
					 AX 
      29 0003  8E D8				MOV  DS, AX     ; æŠŠ AX Regist
					er çš„è¨˜æ†¶é«”ä½å€è¨­å®šçµ¦ Data Seg
					ment Register 
      30 0005  BB 0002				MOV  BX, 02H    ; å°‡æ•¸å€¼ 0x0
					2 ç§»å‹•åˆ° BX Register ï¼›å› ç‚ºå­—ä¸²
					æ˜¯å¾ã€Œä½ç§»å…©å€‹ä½å€è™•ã€é–‹å§‹
					å­˜æ”¾ 
      31 0008  8A 17				MOV  DL, [BX]   ; å°‡ BX Regist
					er ä¸­çš„è¨˜æ†¶é«”ä½å€ (0x02)ï¼Œç§»å‹
					•åˆ° DX Low Byte 
      32 000A  B4 02				MOV  AH, 02H    ; DOS çš„ç¬¬ 02
					 è™Ÿä¸­æ–·æœå‹™ (é¡¯ç¤ºå­—å…ƒè¼¸å‡º)ï¼
					›DL (DX Low Byte)ç‚ºè¦è¼¸å‡ºçš„å­—å…ƒ 
      33 000C  CD 21				INT  21H        ; INT 21H: DOS 
					ä¸­æ–· 
Microsoft (R) Macro Assembler Version 5.00                  1/3/23 22:11:58
                                                             Page     1-2


      34 000E  B4 4C				MOV  AH, 4CH    ; DOS çš„ç¬¬ 4C
					 è™Ÿä¸­æ–·æœå‹™ (å¸¶å›å‚³å€¼çµæŸ)ï¼
					›AL (AX Low Byte)ç‚ºå›å‚³å€¼ 
      35 0010  CD 21				INT  21H        ; INT 21H: DOS 
					ä¸­æ–· 
      36 0012				END main 
Microsoft (R) Macro Assembler Version 5.00                  1/3/23 22:11:58
                                                             Symbols-1


Segments and Groups:

                N a m e         	Length	 Align	Combine Class

DGROUP . . . . . . . . . . . . .  	GROUP
  _DATA  . . . . . . . . . . . .  	001B	WORD	PUBLIC	'DATA'
  STACK  . . . . . . . . . . . .  	0400	PARA	STACK	'STACK'
_TEXT  . . . . . . . . . . . . .  	0012	WORD	PUBLIC	'CODE'

Symbols:            

                N a m e         	Type	 Value	 Attr

MAIN . . . . . . . . . . . . . .  	L NEAR	0000	_TEXT

T  . . . . . . . . . . . . . . .  	L BYTE	0000	_DATA

@CODE  . . . . . . . . . . . . .  	TEXT  _TEXT		
@CODESIZE  . . . . . . . . . . .  	TEXT  0		
@DATASIZE  . . . . . . . . . . .  	TEXT  0		
@FILENAME  . . . . . . . . . . .  	TEXT  MAIN		


     33 Source  Lines
     33 Total   Lines
     16 Symbols

  50546 + 465998 Bytes symbol space free

      1 Warning Errors
      0 Severe  Errors
