Microsoft (R) Macro Assembler Version 5.00                  12/4/22 11:10:15
                                                             Page     1-1


       1				ï»¿ ; 
MAIN.ASM(1): warning A4001: Extra characters on line
       2				 ; File Name: MAIN.ASM 
       3				 ; 
       4				 ; CopyLeft (C) 2022, Picasso's Fantasy
					 Notepad. All rights reserved. 
       5				 ; 
       6				 ; Author: Pablo Picasso G. (PabloPicas
					so.G@gmail.com) 
       7				 ; 
       8				 ; Version: 1.0.0.build120322 
       9				 ; 
      10				 ; Date: 2022 / 12 / 03 
      11				 ; 
      12				 ; Description: æ­¤ä¸€ç¯„ä¾‹å‘ˆç¾äº†è¿
					´åœˆæŒ‡ä»¤çš„ç”¨æ³•ï¼› 
      13				 ;              - LOOP:   æŒ‡ä»¤æœƒä¾ç
					…§ CX Register çš„å€¼ä¾åºéæ¸›ï¼Œç›´
					åˆ°ï¼ç‚ºæ­¢ 
      14				 ;              - LOOPE:  æŒ‡ä»¤æœƒä¾ç
					…§ CX Register çš„å€¼ä¾åºéæ¸›ï¼Œç›´
					åˆ°ï¼ç‚ºæ­¢ï¼›æˆ– 
      15				 ;                        å…©é‹ç®—å…ƒã
					€Œæ¯”è¼ƒçµæœã€ä¸ç›¸ç­‰ã€ã€ (Zero 
					Flag æœƒè¢«è¨­å®šæˆï¼)ï¼Œç›´æ¥åœæ­¢
					è¿´åœˆ 
      16				 ;              - LOOPNE: æŒ‡ä»¤æœƒä¾ç
					…§ CX Register çš„å€¼ä¾åºéæ¸›ï¼Œç›´
					åˆ°ï¼ç‚ºæ­¢ï¼›æˆ– 
      17				 ;                        å…©é‹ç®—å…ƒã
					€Œæ¯”è¼ƒçµæœã€ç›¸ç­‰ã€ã€ (Zero Fla
					g æœƒè¢«è¨­å®šæˆï¼‘)ï¼Œç›´æ¥åœæ­¢è¿´
					åœˆ 
      18				 ; 
      19				 
      20				.MODEL	SMALL 
      21				 
      22 0400				.STACK 
      23				 
      24 0000				.DATA 
      25				 
      26 0000				.CODE 
      27 0000				main: 
      28 0000  B8 ---- R			MOV   AX, @DATA    ; æŠŠ .DATA 
					Segment çš„ä½å€å‚³é€åˆ° AX æš«å­˜å™¨
					 
      29 0003  8E D8				MOV   DS, AX       ; æŠŠ AX Reg
					ister çš„è¨˜æ†¶é«”ä½å€è¨­å®šçµ¦ Data 
					Segment Register 
      30 0005  B9 00FF				MOV   CX, 255      ; è¨­å®šè¿´å
					œˆ (Loop)çš„æ¬¡æ•¸ç‚º 255 
      31 0008  B2 00				MOV   DL, 00H      ; å…ˆå°‡æ•¸å
					€¼ï¼ (0x00)ç§»å‹•åˆ° DX Low Byte 
      32 000A				AGAIN: 
Microsoft (R) Macro Assembler Version 5.00                  12/4/22 11:10:15
                                                             Page     1-2


      33 000A  B4 02				MOV   AH, 02H      ; DOS çš„ç¬¬
					 02 è™Ÿä¸­æ–·æœå‹™ (é¡¯ç¤ºå­—å…ƒ)ï¼›DX
					 Low Byte ç‚ºè¦è¼¸å‡ºçš„å­—å…ƒ 
      34 000C  CD 21				INT   21H          ; INT 21H: D
					OS ä¸­æ–· 
      35 000E  FE C2				INC   DL           ; å°‡ DX Low
					 Byte è£¡çš„å€¼ +1  
      36 0010  E2 F8				LOOP  AGAIN        ; ç›´æ¥åˆ° 
					AGAIN æ¨™ç±¤æ‰€åœ¨çš„ç¨‹å¼ç¢¼ç¹¼çºŒåŸ·
					è¡Œï¼Œä¸” CX Register çš„å€¼ -1 ç›´åˆ°ï
					¼ç‚ºæ­¢ 
      37 0012  EB 01 90				JMP   ENDDOS       ; ç›´æ¥è·³å
					ˆ° ENDDOS æ¨™ç±¤æ‰€åœ¨çš„ç¨‹å¼ç¢¼ 
      38 0015				ENDDOS: 
      39 0015  B4 4C				MOV   AH, 4CH      ; DOS çš„ç¬¬
					 4C è™Ÿä¸­æ–·æœå‹™ (å¸¶å›å‚³å€¼çµæŸ
					)ï¼›AL (AX Low Byte)ç‚ºå›å‚³å€¼ 
      40 0017  CD 21				INT   21H          ; INT 21H: D
					OS ä¸­æ–· 
      41 0019				END main 
Microsoft (R) Macro Assembler Version 5.00                  12/4/22 11:10:15
                                                             Symbols-1


Segments and Groups:

                N a m e         	Length	 Align	Combine Class

DGROUP . . . . . . . . . . . . .  	GROUP
  _DATA  . . . . . . . . . . . .  	0000	WORD	PUBLIC	'DATA'
  STACK  . . . . . . . . . . . .  	0400	PARA	STACK	'STACK'
_TEXT  . . . . . . . . . . . . .  	0019	WORD	PUBLIC	'CODE'

Symbols:            

                N a m e         	Type	 Value	 Attr

AGAIN  . . . . . . . . . . . . .  	L NEAR	000A	_TEXT

ENDDOS . . . . . . . . . . . . .  	L NEAR	0015	_TEXT

MAIN . . . . . . . . . . . . . .  	L NEAR	0000	_TEXT

@CODE  . . . . . . . . . . . . .  	TEXT  _TEXT		
@CODESIZE  . . . . . . . . . . .  	TEXT  0		
@DATASIZE  . . . . . . . . . . .  	TEXT  0		
@FILENAME  . . . . . . . . . . .  	TEXT  MAIN		


     41 Source  Lines
     41 Total   Lines
     17 Symbols

  50624 + 465920 Bytes symbol space free

      1 Warning Errors
      0 Severe  Errors
