Microsoft (R) Macro Assembler Version 5.00                  1/24/23 10:20:37
                                                             Page     1-1


       1				ï»¿ ; 
MAIN.ASM(1): warning A4001: Extra characters on line
       2				 ; File Name: MAIN.ASM 
       3				 ; 
       4				 ; CopyLeft (C) 2023, Picasso's Fantasy
					 Notepad. All rights reserved. 
       5				 ; 
       6				 ; Author: Pablo Picasso G. (PabloPicas
					so.G@gmail.com) 
       7				 ; 
       8				 ; Version: 1.0.0.build012423 
       9				 ; 
      10				 ; Date: 2023 / 01 / 24 
      11				 ; 
      12				 ; Description: ä½¿ç”¨è€…è¼¸å…¥ä¸€ä½æ•
					¸æ¸›æ³•é‹ç®—ï¼›EX: 6 - 3 = 3 
      13				 ; 
      14				 
      15				.MODEL	SMALL 
      16				 
      17 0400				.STACK 
      18				 
      19 0000				.DATA 
      20 0000  4B 45 59 20 49 4E 20		MSG1 DB  'KEY IN a minuend A: ?
					 $' 
      21       61 20 6D 69 6E 75 65	
      22       6E 64 20 41 3A 20 3F	
      23       20 24			
      24 0017  0D 0A 4B 45 59 20 49		MSG2 DB  0DH, 0AH, 'KEY IN a su
					btrahend B: ? $ ' 
      25       4E 20 61 20 73 75 62	
      26       74 72 61 68 65 6E 64	
      27       20 42 3A 20 3F 20 24	
      28       20			
      29 0034  0D 0A 41 4E 53 57 45		MSG3 DB  0DH, 0AH, 'ANSWER IS: 
					$' 
      30       52 20 49 53 3A 20 24	
      31				 
      32 0000				.CODE 
      33 0000				main: 
      34 0000  B8 ---- R			MOV  AX, @DATA          ; æŠŠ .
					DATA Segment çš„ä½å€å‚³é€åˆ° AX æš«å
					­˜å™¨ï¼›å³ .DATA Segment çš„èµ·å§‹ä½å
					€æ”¾åˆ° AX 
      35 0003  8E D8				MOV  DS, AX             ; æŠŠ A
					X Register çš„è¨˜æ†¶é«”ä½å€è¨­å®šçµ¦ 
					Data Segment Register 
      36					; é¡¯ç¤º "KEY IN a minuend A: ?
					 " 
      37 0005  BA 0000 R			MOV  DX, OFFSET MSG1    ; å°‡ M
					SG1 çš„è¨˜æ†¶é«”ä½å€ï¼Œå†åŠ ä¸Šåç§
					»é‡ï¼Œç§»å‹•åˆ° DX Register 
      38 0008  B4 09				MOV  AH, 09H            ; DOS ç
					š„ç¬¬ 09 è™Ÿä¸­æ–·æœå‹™ (é¡¯ç¤ºå­—ä¸²)
Microsoft (R) Macro Assembler Version 5.00                  1/24/23 10:20:37
                                                             Page     1-2


					ï¼›DX Register ç‚ºè¦é¡¯ç¤ºçš„ä½å€ 
      39 000A  CD 21				INT  21H                ; INT 2
					1H: DOS ä¸­æ–· 
      40 000C  B4 01				MOV  AH, 01H            ; DOS ç
					š„ç¬¬ 01 è™Ÿä¸­æ–·æœå‹™ (ç”±éµç›¤è¼¸å
					…¥å­—å…ƒä¸¦é¡¯ç¤º)ï¼›AL (AX Low Byte)ç‚
					ºè¼¸å…¥çš„å­—å…ƒ 
      41 000E  CD 21				INT  21H                ; INT 2
					1H: DOS ä¸­æ–· 
      42 0010  2C 30				SUB  AL, 30H            ; æŠŠè¼
					¸å…¥çš„å­—å…ƒè½‰æ›æˆæ•¸å€¼ï¼Œä¸¦å„²å­
					˜å› AL (AX Low Byte) 
      43 0012  50				PUSH AX                 ; å…ˆå°
					‡æ•´å€‹ AX Register çš„å…§å®¹ (è¢«æ¸›æ•
					¸)ç§»å‹•è‡³ .STACK Segment 
      44					; é¡¯ç¤º "KEY IN a subtrahend B
					: ? " 
      45 0013  BA 0017 R			MOV  DX, OFFSET MSG2    ; å°‡ M
					SG2 çš„è¨˜æ†¶é«”ä½å€ï¼Œå†åŠ ä¸Šåç§
					»é‡ï¼Œç§»å‹•åˆ° DX Register 
      46 0016  B4 09				MOV  AH, 09H            ; DOS ç
					š„ç¬¬ 09 è™Ÿä¸­æ–·æœå‹™ (é¡¯ç¤ºå­—ä¸²)
					ï¼›DX Register ç‚ºè¦é¡¯ç¤ºçš„ä½å€ 
      47 0018  CD 21				INT  21H                ; INT 2
					1H: DOS ä¸­æ–· 
      48 001A  B4 01				MOV  AH, 01H            ; DOS ç
					š„ç¬¬ 01 è™Ÿä¸­æ–·æœå‹™ (ç”±éµç›¤è¼¸å
					…¥å­—å…ƒä¸¦é¡¯ç¤º)ï¼›AL (AX Low Byte)ç‚
					ºè¼¸å…¥çš„å­—å…ƒ 
      49 001C  CD 21				INT  21H                ; INT 2
					1H: DOS ä¸­æ–· 
      50 001E  2C 30				SUB  AL, 30H            ; æŠŠè¼
					¸å…¥çš„å­—å…ƒè½‰æ›æˆæ•¸å€¼ï¼Œä¸¦å„²å­
					˜å› AL (AX Low Byte) (æ¸›æ•¸) 
      51					; é–‹å§‹è¨ˆç®— ....  
      52 0020  8A D0				MOV  DL, AL             ; å…ˆæŠ
					Šæ¸›æ•¸ç§»å‹•è‡³ DL (DX Low Byte) 
      53 0022  58				POP  AX                 ; å†æŠ
					Š .STACK Segment è£¡çš„å…§å®¹ç§»å‹•åˆ° 
					AX Register (è¢«æ¸›æ•¸) 
      54 0023  2A C2				SUB  AL, DL             ; è¢«æ¸
					›æ•¸ (AL) - æ¸›æ•¸ (DL) = å·®ï¼Œå„²å­˜å
					› AL (AX Low Byte) 
      55 0025  B4 00				MOV  AH, 00H            ; åˆå§
					‹åŒ– AH (AX High Byte) 
      56 0027  3F				AAS                     ; å°‡æ•
					´å€‹ AX Register èª¿æ•´ç‚ºï¼‘ï¼é€²åˆ¶ 
      57 0028  50				PUSH AX                 ; å†æŠ
					Šæ•´å€‹ AX Register çš„å…§å®¹ (åé€²åˆ
					¶çš„å·®)ç§»å‹•è‡³ .STACK Segment 
      58					; é¡¯ç¤º "ANSWER IS: " 
      59 0029  BA 0034 R			MOV  DX, OFFSET MSG3    ; å°‡ M
					SG3 çš„è¨˜æ†¶é«”ä½å€ï¼Œå†åŠ ä¸Šåç§
					»é‡ï¼Œç§»å‹•åˆ° DX Register 
Microsoft (R) Macro Assembler Version 5.00                  1/24/23 10:20:37
                                                             Page     1-3


      60 002C  B4 09				MOV  AH, 09H            ; DOS ç
					š„ç¬¬ 09 è™Ÿä¸­æ–·æœå‹™ (é¡¯ç¤ºå­—ä¸²)
					ï¼›DX Register ç‚ºè¦é¡¯ç¤ºçš„ä½å€ 
      61 002E  CD 21				INT  21H                ; INT 2
					1H: DOS ä¸­æ–· 
      62				 
      63 0030  B2 20				MOV  DL, ' '            ; ä¿ç•
					™ä¸€å€‹ç©ºç™½å­—å…ƒ 
      64 0032  79 0B				JNS  PRI                ; ç•¶ S
					ign Flag != 1 (Jump Not Signï¼Œå³æ­£æ•
					¸)æ™‚ï¼Œå°±è·³èºåˆ° PRI æ¨™ç±¤æ‰€åœ¨çš
					„åœ°æ–¹ 
      65				  ; è‹¥ Sign Flag == 1 (å³è² æ•¸)ï¼Œå°
					±å°‡çµæœå–ï¼‘ï¼çš„è£œæ•¸ï¼Œä¸¦å°‡ D
					L + 13 = 45 ('-' çš„ ASCII ç¢¼) 
      66 0034  58				POP  AX 
      67 0035  B3 0A				MOV  BL, 10 
      68 0037  2A D8				SUB  BL, AL 
      69 0039  8B C3				MOV  AX, BX 
      70 003B  50				PUSH AX 
      71 003C  80 C2 0D				ADD  DL, 13 
      72 003F				PRI: 
      73 003F  B4 02				MOV  AH, 02H            ; DOS ç
					š„ç¬¬ 02 è™Ÿä¸­æ–·æœå‹™ (é¡¯ç¤ºè¼¸å‡º)
					ï¼›DL (DX Low Byte)ç‚ºè¦è¼¸å‡ºçš„å­—å…
					ƒ 
      74 0041  CD 21				INT  21H                ; INT 2
					1H: DOS ä¸­æ–· 
      75 0043  58				POP  AX                 ; å†æŠ
					Š .STACK Segment è£¡çš„å…§å®¹ç§»å‹•åˆ° 
					AX Register (åé€²åˆ¶çš„å·®) 
      76 0044  8A D0				MOV  DL, AL             ; å°‡å·
					® (AL)ç§»å‹•è‡³ DL (DX Low Byte) 
      77 0046  80 C2 30				ADD  DL, 30H            ; æŠŠ D
					L (DX Low Byte) çš„å…§å®¹ç”±ã€Œæ•¸å€¼ã€
					è½‰æ›æˆã€Œå­—å…ƒã€ 
      78 0049  B4 02				MOV  AH, 02H            ; DOS ç
					š„ç¬¬ 02 è™Ÿä¸­æ–·æœå‹™ (é¡¯ç¤ºè¼¸å‡º)
					ï¼›DL (DX Low Byte)ç‚ºè¦è¼¸å‡ºçš„å­—å…
					ƒ 
      79 004B  CD 21				INT  21H                ; INT 2
					1H: DOS ä¸­æ–· 
      80 004D  B4 4C				MOV  AH, 4CH            ; DOS ç
					š„ç¬¬ 4C è™Ÿä¸­æ–·æœå‹™ (å¸¶å›å‚³å€¼ç
					µæŸ)ï¼›AL (AX Low Byte)ç‚ºå›å‚³å€¼ 
      81 004F  CD 21				INT  21H                ; INT 2
					1H: DOS ä¸­æ–· 
      82 0051				END main 
Microsoft (R) Macro Assembler Version 5.00                  1/24/23 10:20:37
                                                             Symbols-1


Segments and Groups:

                N a m e         	Length	 Align	Combine Class

DGROUP . . . . . . . . . . . . .  	GROUP
  _DATA  . . . . . . . . . . . .  	0042	WORD	PUBLIC	'DATA'
  STACK  . . . . . . . . . . . .  	0400	PARA	STACK	'STACK'
_TEXT  . . . . . . . . . . . . .  	0051	WORD	PUBLIC	'CODE'

Symbols:            

                N a m e         	Type	 Value	 Attr

MAIN . . . . . . . . . . . . . .  	L NEAR	0000	_TEXT
MSG1 . . . . . . . . . . . . . .  	L BYTE	0000	_DATA
MSG2 . . . . . . . . . . . . . .  	L BYTE	0017	_DATA
MSG3 . . . . . . . . . . . . . .  	L BYTE	0034	_DATA

PRI  . . . . . . . . . . . . . .  	L NEAR	003F	_TEXT

@CODE  . . . . . . . . . . . . .  	TEXT  _TEXT		
@CODESIZE  . . . . . . . . . . .  	TEXT  0		
@DATASIZE  . . . . . . . . . . .  	TEXT  0		
@FILENAME  . . . . . . . . . . .  	TEXT  MAIN		


     74 Source  Lines
     74 Total   Lines
     19 Symbols

  50584 + 465960 Bytes symbol space free

      1 Warning Errors
      0 Severe  Errors
