Microsoft (R) Macro Assembler Version 5.00                  11/16/22 22:53:07
                                                             Page     1-1


       1				ï»¿ ; 
MAIN.ASM(1): warning A4001: Extra characters on line
       2				 ; File Name: MAIN.ASM 
       3				 ; 
       4				 ; CopyLeft (C) 2022, Picasso's Fantasy
					 Notepad. All rights reserved. 
       5				 ; 
       6				 ; Author: Pablo Picasso G. (PabloPicas
					so.G@gmail.com) 
       7				 ; 
       8				 ; Version: 1.0.0.build111522 
       9				 ; 
      10				 ; Date: 2022 / 11 / 15 
      11				 ; 
      12				 ; Description: é€™å€‹ç¯„ä¾‹å‘ˆç¾å­—ä¸
					²è¼‰å…¥æŒ‡ä»¤ -- STOSB (Store String by
					 Byte)ã€‚ 
      13				 ; 
      14				 ;              STOSB é€™å€‹æŒ‡ä»¤ï¼š 
      15				 ;              - å°‡ AX / AL è¨˜æ†¶é«”
					ä½å€ä¸Šæ‰€æŒ‡çš„å­—ä¸²ï¼Œä»¥ Byte ç‚º
					å–®ä½æ‹·è²åˆ° ES:DI æ‰€æŒ‡å®šçš„è¨˜æ†
					¶é«”ä½å€ã€‚ 
      16				 ;              - ä¸” DI çš„å€¼æœƒä¾ S
					TD / CLD çš„è¨­å®šè€Œéå¢æˆ–éæ¸›ã€‚
					 
      17				 ; 
      18				 
      19				.MODEL	SMALL 
      20				 
      21 0400				.STACK 
      22				 
      23 0000				.DATA 
      24 0000  54 47 20 69 73 20 61		SOUR  DB  'TG is a good boy$'  
					  ; å®£å‘Šè®Šæ•¸åç¨±ç‚º SOURï¼Œå°‡å­—
					ä¸²å…§å®¹ä»¥ Byte çš„è³‡æ–™å‹æ…‹å„²å­˜
					 
      25       20 67 6F 6F 64 20 62	
      26       6F 79 24			
      27 0011  0011				SLEN  DW  $-SOUR               
					  ; å®£å‘Šè®Šæ•¸åç¨±ç‚º SLENï¼Œè¨ˆç®—
					å­—ä¸²çš„é•·åº¦ 
      28				 
      29 0000				.CODE 
      30 0000				main: 
      31 0000  B8 ---- R			MOV   AX, @DATA                
					  ; æŠŠ .DATA Segment çš„ä½å€å‚³é€åˆ
					° AX æš«å­˜å™¨ 
      32 0003  8E D8				MOV   DS, AX                   
					  ; æŠŠ AX Register çš„è¨˜æ†¶é«”ä½å€è
					¨­å®šçµ¦ Data Segment Registerï¼› 
      33 0005  8E C0				MOV   ES, AX                   
					  ; æŠŠ AX Register çš„è¨˜æ†¶é«”ä½å€è
					¨­å®šçµ¦ Extra Segment Registerï¼› 
Microsoft (R) Macro Assembler Version 5.00                  11/16/22 22:53:07
                                                             Page     1-2


      34 0007  FC				CLD                            
					  ; é€™è£¡ä½¿ç”¨ CLD ç‹€æ…‹ï¼Œç”±è¨˜æ†¶
					é«”ä½å€ã€Œä½ã€çš„åœ°æ–¹å¾€ã€Œé«˜ã€
					è™•ç§»å‹•ã€‚ 
      35 0008  B0 47				MOV   AL, 'G'                  
					  ; è¨­å®š AL Register ä¸­çš„è³‡æ–™ç‚ºå
					­—å…ƒ 'G'  
      36 000A  8D 3E 0000 R			LEA   DI, SOUR                 
					  ; å°‡ SOUR è®Šæ•¸çš„åç§»é‡ï¼Œå„²å­
					˜åˆ° DI Register 
      37 000E  8B 0E 0011 R			MOV   CX, SLEN                 
					  ; å°‡ SOUR å­—ä¸²çš„é•·åº¦è¨­å®šçµ¦ C
					X Register 
      38 0012  F2/ AE				REPNE SCASB                    
					  ; åœ¨ DI Register (SOUR) ä¸­æœå°‹æ˜¯
					å¦æœ‰ AX Low Byte ('G') çš„å­—å…ƒ 
      39 0014  E3 0B				JCXZ  ENDDOS                   
					  ; è‹¥ CX Register ç‚ºï¼æ™‚ (Jump CX 
					Zero)ï¼Œå°±è·³èºåˆ° ENDDOS æ¨™ç±¤åŸ·è¡
					Œä¸‹ä¸€æ®µç¨‹å¼ç¢¼ï¼›
      40					                               
					  ; è‹¥ SCASB æ‰¾åˆ°ç›¸åŒå­—å…ƒ ('G')æ
					™‚ï¼Œå‰‡ CX Register ä¸æœƒç­‰æ–¼ï¼ 
      41 0016  B0 2A				MOV   AL, '*'                  
					  ; å°‡å­—å…ƒ '*' ç§»å‹•è‡³ AX Low Byte
					ï¼›å³å°‡ 'G' å–ä»£ç‚º '*' 
      42 0018  4F				DEC   DI                       
					  ; å› ç‚ºæœ‰æ‰¾åˆ°ç›¸å°æ‡‰çš„å­—å…ƒï¼
					›æ­¤æ™‚çš„åç§»é‡æ˜¯åœç•™åœ¨ä¸‹ä¸€å€
					‹å­—å…ƒ (' ')ï¼Œ 
      43					                               
					  ; æ‰€ä»¥è¦å°‡åç§»é‡ -1 å›åˆ° 'G'
					 çš„åœ°æ–¹ 
      44 0019  AA				STOSB SOUR                     
					  ; å°‡ AX Low Byte çš„è³‡æ–™ ('*') å„²
					å­˜å› SOUR + OFFSET çš„åœ°æ–¹ 
MAIN.ASM(42): warning A4001: Extra characters on line
      45 001A  BA 0000 R			MOV   DX, OFFSET SOUR          
					  ; å†å°‡ SOUR çš„è¨˜æ†¶é«”ä½å€è¨­å®
					šçµ¦ DX Register æº–å‚™è¼¸å‡º 
      46 001D  B4 09				MOV   AH, 09H                  
					  ; DOS çš„ç¬¬ 09 è™Ÿä¸­æ–·æœå‹™ (é¡¯ç
					¤ºå­—ä¸²)ï¼›DX Register ç‚ºè¦è¼¸å‡ºçš„
					è³‡æ–™ 
      47 001F  CD 21				INT   21H                      
					  ; INT 21H: DOS ä¸­æ–·	 
      48				                                    
      49 0021				ENDDOS:                             
      50 0021  B4 4C				MOV   AH, 4CH                  
					  ; DOS çš„ç¬¬ 4C è™Ÿä¸­æ–·æœå‹™ (å¸¶å
					›å‚³å€¼çµæŸ)ï¼›AL (AX Low Byte)ç‚ºå›
					å‚³å€¼ 
      51 0023  CD 21				INT   21H                      
					  ; INT 21H: DOS ä¸­æ–· 
Microsoft (R) Macro Assembler Version 5.00                  11/16/22 22:53:07
                                                             Page     1-3


      52 0025				END main 
Microsoft (R) Macro Assembler Version 5.00                  11/16/22 22:53:07
                                                             Symbols-1


Segments and Groups:

                N a m e         	Length	 Align	Combine Class

DGROUP . . . . . . . . . . . . .  	GROUP
  _DATA  . . . . . . . . . . . .  	0013	WORD	PUBLIC	'DATA'
  STACK  . . . . . . . . . . . .  	0400	PARA	STACK	'STACK'
_TEXT  . . . . . . . . . . . . .  	0025	WORD	PUBLIC	'CODE'

Symbols:            

                N a m e         	Type	 Value	 Attr

ENDDOS . . . . . . . . . . . . .  	L NEAR	0021	_TEXT

MAIN . . . . . . . . . . . . . .  	L NEAR	0000	_TEXT

SLEN . . . . . . . . . . . . . .  	L WORD	0011	_DATA
SOUR . . . . . . . . . . . . . .  	L BYTE	0000	_DATA

@CODE  . . . . . . . . . . . . .  	TEXT  _TEXT		
@CODESIZE  . . . . . . . . . . .  	TEXT  0		
@DATASIZE  . . . . . . . . . . .  	TEXT  0		
@FILENAME  . . . . . . . . . . .  	TEXT  MAIN		


     50 Source  Lines
     50 Total   Lines
     18 Symbols

  50582 + 465962 Bytes symbol space free

      2 Warning Errors
      0 Severe  Errors
