Microsoft (R) Macro Assembler Version 5.00                  11/20/22 21:49:54
                                                             Page     1-1


       1				ï»¿ ; 
MAIN.ASM(1): warning A4001: Extra characters on line
       2				 ; File Name: MAIN.ASM 
       3				 ; 
       4				 ; CopyLeft (C) 2022, Picasso's Fantasy
					 Notepad. All rights reserved. 
       5				 ; 
       6				 ; Author: Pablo Picasso G. (PabloPicas
					so.G@gmail.com) 
       7				 ; 
       8				 ; Version: 1.0.0.build112022 
       9				 ; 
      10				 ; Date: 2022 / 11 / 20 
      11				 ; 
      12				 ; Description: é€™å€‹ç¯„ä¾‹å‘ˆç¾æœªåŒ
					…è£é‹ç®—æŒ‡ä»¤ -- AAA (ASCII Adjust A
					fter Addition)ã€‚ 
      13				 ;              - å°‡ AX Register çš„å…
					§å®¹èª¿æ•´ç‚ºåé€²åˆ¶çš„å€¼ï¼›å…¶ä¸­ï¼
					š 
      14				 ;                é«˜ä½å…ƒå„²å­˜è‡³ AX
					 High Byteï¼›è€Œä½ä½å…ƒå„²å­˜è‡³ AX L
					ow Byte 
      15				 ;              - äº¦ç¨±ç‚ºã€ŒæœªåŒ…è£
					åŠ æ³•èª¿æ•´æŒ‡ä»¤ã€ 
      16				 ;              - å—å½±éŸ¿çš„æ——æ¨™ç‚º
					ï¼šAFã€CF 
      17				 ; 
      18				 
      19				.MODEL	SMALL 
      20				 
      21 0400				.STACK 
      22				 
      23 0000				.DATA 
      24 0000  08				NUM1   DB  08H     ; å®£å‘Šè®Šæ
					•¸åç¨±ç‚º NUM1ï¼Œå°‡æ•¸å€¼ 0x08 (0000
					 1000)ä»¥ Byte çš„è³‡æ–™å‹æ…‹å„²å­˜ 
      25 0001  06				NUM2   DB  06H     ; å®£å‘Šè®Šæ
					•¸åç¨±ç‚º NUM2ï¼Œå°‡æ•¸å€¼ 0x06 (0000
					 0110)ä»¥ Byte çš„è³‡æ–™å‹æ…‹å„²å­˜ 
      26				 
      27 0000				.CODE 
      28 0000				main: 
      29 0000  B8 ---- R			MOV   AX, @DATA    ; æŠŠ .DATA 
					Segment çš„ä½å€å‚³é€åˆ° AX æš«å­˜å™¨
					 
      30 0003  8E D8				MOV   DS, AX       ; æŠŠ AX Reg
					ister çš„è¨˜æ†¶é«”ä½å€è¨­å®šçµ¦ Data 
					Segment Register 
      31 0005  A0 0000 R			MOV   AL, NUM1     ; æŠŠæ•¸å€¼ 
					NUM è¨­å®šçµ¦ AX Low Byte 
      32 0008  8A 1E 0001 R			MOV   BL, NUM2     ; å°‡æ•¸å€¼ï
					¼“è¨­å®šçµ¦ CX Low Byte 
      33 000C  02 C3				ADD   AL, BL       ; å°‡ AL (8)
Microsoft (R) Macro Assembler Version 5.00                  11/20/22 21:49:54
                                                             Page     1-2


					 + BL (6) ä¸”å„²å­˜å› AL (14 == 0x0E)ï
					¼›æ­¤å€¼ä¸¦é BCD ç¢¼ 
      34 000E  B4 00				MOV   AH, 00H      ; å°‡ AX Hig
					h Byte è¨­ç½®ç‚ºï¼ 
      35 0010  37				AAA                ; å°‡æ•´å€‹ 
					AX Register èª¿æ•´ç‚ºï¼‘ï¼é€²åˆ¶ï¼›åŸ
					æœ¬ AH: 0x00; AL: 0x0E 
      36				                     ; èª¿æ•´å¾Œ AH: 0x
					01 (1); AL: 0x04 (4) 
      37 0011  8B D8				MOV   BX, AX       ; å°‡ AX Reg
					ister çš„å…§å®¹ç§»ç½® BX Register 
      38 0013  8A D7				MOV   DL, BH       ; å°‡ BX Hig
					h Byte çš„å…§å®¹ç§»ç½® DX Low Byte 
      39 0015  80 C2 30				ADD   DL, 30H      ; å°‡ DX Low
					 Byte çš„æ•¸å€¼ (0x01)åŠ ä¸Š 0x30 ('0')
					è®Šæˆå¯é¡¯å­—å…ƒ ('1') 
      40 0018  B4 02				MOV   AH, 02H      ; DOS çš„ç¬¬
					 02 è™Ÿä¸­æ–·æœå‹™ (é¡¯ç¤ºå­—å…ƒ)ï¼›DX
					 Low Byte ç‚ºè¦è¼¸å‡ºçš„è³‡æ–™ 
      41 001A  CD 21				INT   21H          ; INT 21H: D
					OS ä¸­æ–·	 
      42 001C  8A D3				MOV   DL, BL       ; å°‡ BX Low
					 Byte çš„å…§å®¹ç§»ç½® DX Low Byte 
      43 001E  80 C2 30				ADD   DL, 30H      ; å°‡ DX Low
					 Byte çš„æ•¸å€¼ (0x04)åŠ ä¸Š 0x30 ('0')
					è®Šæˆå¯é¡¯å­—å…ƒ ('4') 
      44 0021  B4 02				MOV   AH, 02H      ; DOS çš„ç¬¬
					 02 è™Ÿä¸­æ–·æœå‹™ (é¡¯ç¤ºå­—å…ƒ)ï¼›DX
					 Low Byte ç‚ºè¦è¼¸å‡ºçš„è³‡æ–™ 
      45 0023  CD 21				INT   21H          ; INT 21H: D
					OS ä¸­æ–·	 
      46 0025  B4 4C				MOV   AH, 4CH      ; DOS çš„ç¬¬
					 4C è™Ÿä¸­æ–·æœå‹™ (å¸¶å›å‚³å€¼çµæŸ
					)ï¼›AL (AX Low Byte)ç‚ºå›å‚³å€¼ 
      47 0027  CD 21				INT   21H          ; INT 21H: D
					OS ä¸­æ–· 
      48 0029				END main 
Microsoft (R) Macro Assembler Version 5.00                  11/20/22 21:49:54
                                                             Symbols-1


Segments and Groups:

                N a m e         	Length	 Align	Combine Class

DGROUP . . . . . . . . . . . . .  	GROUP
  _DATA  . . . . . . . . . . . .  	0002	WORD	PUBLIC	'DATA'
  STACK  . . . . . . . . . . . .  	0400	PARA	STACK	'STACK'
_TEXT  . . . . . . . . . . . . .  	0029	WORD	PUBLIC	'CODE'

Symbols:            

                N a m e         	Type	 Value	 Attr

MAIN . . . . . . . . . . . . . .  	L NEAR	0000	_TEXT

NUM1 . . . . . . . . . . . . . .  	L BYTE	0000	_DATA
NUM2 . . . . . . . . . . . . . .  	L BYTE	0001	_DATA

@CODE  . . . . . . . . . . . . .  	TEXT  _TEXT		
@CODESIZE  . . . . . . . . . . .  	TEXT  0		
@DATASIZE  . . . . . . . . . . .  	TEXT  0		
@FILENAME  . . . . . . . . . . .  	TEXT  MAIN		


     48 Source  Lines
     48 Total   Lines
     17 Symbols

  50622 + 465922 Bytes symbol space free

      1 Warning Errors
      0 Severe  Errors
