Microsoft (R) Macro Assembler Version 5.00                  1/11/23 22:47:01
                                                             Page     1-1


       1				ï»¿ ; 
MAIN.ASM(1): warning A4001: Extra characters on line
       2				 ; File Name: MAIN.ASM 
       3				 ; 
       4				 ; CopyLeft (C) 2023, Picasso's Fantasy
					 Notepad. All rights reserved. 
       5				 ; 
       6				 ; Author: Pablo Picasso G. (PabloPicas
					so.G@gmail.com) 
       7				 ; 
       8				 ; Version: 1.0.0.build011123 
       9				 ; 
      10				 ; Date: 2023 / 01 / 11 
      11				 ; 
      12				 ; Description: (NONE).  
      13				 ; 
      14				 
      15				.MODEL	SMALL 
      16				 
      17 0400				.STACK 
      18				 
      19 0000				.DATA 
      20				 
      21 0000				.CODE 
      22 0000				main: 
      23 0000  B8 4142				MOV  AX, 4142H         ; å°‡æ•¸
					å€¼ 0x1234 ç§»å‹•åˆ° AX Register 
      24 0003  BB 4344				MOV  BX, 4344H         ; å°‡æ•¸
					å€¼ 0x5678 ç§»å‹•åˆ° BX Register 
      25 0006  B9 4546				MOV  CX, 4546H         ; å°‡æ•¸
					å€¼ 0x9ABC ç§»å‹•åˆ° CX Register 
      26 0009  BA 4748				MOV  DX, 4748H         ; å°‡æ•¸
					å€¼ 0xDE39 ç§»å‹•åˆ° DX Register 
      27 000C  50				PUSH AX                ; å°‡ AX
					 Register çš„å…§å®¹ç§»å‹•åˆ° .STACK Seg
					ment 
      28 000D  53				PUSH BX                ; å°‡ BX
					 Register çš„å…§å®¹ç§»å‹•åˆ° .STACK Seg
					ment 
      29 000E  51				PUSH CX                ; å°‡ CX
					 Register çš„å…§å®¹ç§»å‹•åˆ° .STACK Seg
					ment 
      30 000F  52				PUSH DX                ; å°‡ DX
					 Register çš„å…§å®¹ç§»å‹•åˆ° .STACK Seg
					ment 
      31 0010  8B EC				MOV  BP, SP            ; å°‡ St
					ack Pointer çš„å…§å®¹ç§»å‹•åˆ° Base Poi
					nter 
      32 0012  8A 56 04				MOV  DL, [BP+4]        ; å°‡ Ba
					se Pointer æ‰€æŒ‡åˆ°çš„è¨˜æ†¶é«”ä½å€ 
					(æ­¤æ™‚å…§å®¹æ‡‰ç‚º 0x48)å†åŠ ä¸Šï¼”(æ
					­¤æ™‚å…§å®¹æ‡‰ç‚º 0x44
      33				;	MOV  AH, 09H           ; DOS çš
					„ç¬¬ 09 è™Ÿä¸­æ–·æœå‹™ (é¡¯ç¤ºå­—ä¸²)ï
Microsoft (R) Macro Assembler Version 5.00                  1/11/23 22:47:01
                                                             Page     1-2


					¼›DL (DX Low Byte)ç‚ºè¦é–‹å§‹è¼¸å‡ºçš„
					å­—ä¸² 
      34				;	INT  21H               ; INT 21
					H: DOS ä¸­æ–· 
      35 0015  B4 02				MOV  AH, 02H           ; DOS çš
					„ç¬¬ 02 è™Ÿä¸­æ–·æœå‹™ (é¡¯ç¤ºè¼¸å‡ºå­
					—å…ƒ)ï¼›DL (DX Low Byte)ç‚ºè¦è¼¸å‡ºçš„
					å­—å…ƒ 
      36 0017  CD 21				INT  21H               ; INT 21
					H: DOS ä¸­æ–· 
      37 0019  B4 4C				MOV  AH, 4CH           ; DOS çš
					„ç¬¬ 4C è™Ÿä¸­æ–·æœå‹™ (å¸¶å›å‚³å€¼çµ
					æŸ)ï¼›AL (AX Low Byte)ç‚ºå›å‚³å€¼ 
      38 001B  CD 21				INT  21H               ; INT 21
					H: DOS ä¸­æ–· 
      39 001D				END main 
Microsoft (R) Macro Assembler Version 5.00                  1/11/23 22:47:01
                                                             Symbols-1


Segments and Groups:

                N a m e         	Length	 Align	Combine Class

DGROUP . . . . . . . . . . . . .  	GROUP
  _DATA  . . . . . . . . . . . .  	0000	WORD	PUBLIC	'DATA'
  STACK  . . . . . . . . . . . .  	0400	PARA	STACK	'STACK'
_TEXT  . . . . . . . . . . . . .  	001D	WORD	PUBLIC	'CODE'

Symbols:            

                N a m e         	Type	 Value	 Attr

MAIN . . . . . . . . . . . . . .  	L NEAR	0000	_TEXT

@CODE  . . . . . . . . . . . . .  	TEXT  _TEXT		
@CODESIZE  . . . . . . . . . . .  	TEXT  0		
@DATASIZE  . . . . . . . . . . .  	TEXT  0		
@FILENAME  . . . . . . . . . . .  	TEXT  MAIN		


     39 Source  Lines
     39 Total   Lines
     15 Symbols

  50472 + 466072 Bytes symbol space free

      1 Warning Errors
      0 Severe  Errors
