Microsoft (R) Macro Assembler Version 5.00                  10/16/22 22:18:56
                                                             Page     1-1


       1				ï»¿ ; 
MAIN.ASM(1): warning A4001: Extra characters on line
       2				 ; File Name: MAIN.ASM 
       3				 ; 
       4				 ; CopyLeft (C) 2022, Picasso's Fantasy
					 Notepad. All rights reserved. 
       5				 ; 
       6				 ; Author: Pablo Picasso G. (PabloPicas
					so.G@gmail.com) 
       7				 ; 
       8				 ; Version: 1.0.0.build101622 
       9				 ; 
      10				 ; Date: 2022 / 10 / 16 
      11				 ; 
      12				 ; Description: MDFK!! 
      13				 ; 
      14				 
      15 = 000D				EN EQU 0Dh                             
					      ; EQU å‡æŒ‡ä»¤ç‚ºã€Œå®šç¾©å¸¸æ•¸
					çš„å®£å‘Šã€ 
      16 = 000A				LF EQU 0Ah                             
					      ; é€™å…©è¡Œç‚ºï¼šå®šç¾© EN ç‚º 0x
					0Dï¼›LF ç‚º 0x0A 
      17				 
      18				.MODEL	SMALL 
      19				 
      20 0000				.CODE 
      21 0000				main: 
      22 0000  B8 ---- R			mov ax, @data                  
					            ; æŠŠ .DATA Segment çš„ä½å
					€å‚³é€åˆ° AX æš«å­˜å™¨ 
      23 0003  8E D8				mov ds, ax                     
					            ; å†æŠŠ AX æš«å­˜å™¨çš„å€¼
					ï¼Œå‚³é€çµ¦ Data Segment Registerã€‚ 
      24 0005  BA 0000 R			mov dx, OFFSET mess            
					            ; æŠŠ mess çš„èµ·å§‹ä½å€ï
					¼ŒåŠ ä¸Šåç§»é‡ (OFFSETï¼Œæ­¤æ™‚æ‡‰ç‚
					ºï¼)ï¼Œç§»å‹•åˆ° DX æ
      25 0008  B4 09				mov ah, 09h                    
					            ; DOS çš„ç¬¬ 09H è™Ÿä¸­æ–·æ
					œå‹™ (é¡¯ç¤ºå­—ä¸²) 
      26 000A  CD 21				int 21h                        
					            ; INT 21H: DOS ä¸­æ–· 
      27 000C  B4 4C				mov ah, 4Ch                    
					            ; DOS çš„ç¬¬ 4CH è™Ÿä¸­æ–·æ
					œå‹™ (å¸¶å›å‚³å€¼çµæŸ) 
      28 000E  CD 21				int 21h                        
					            ; INT 21H: DOS ä¸­æ–· 
      29				 
      30 0000				.DATA 
      31 0000  48 61 70 70 79 20 4E	mess DB 'Happy New Year!!', 0Dh, 0Ah   
					      ; 0x0D, 0x0A == '\n' 
      32       65 77 20 59 65 61 72	
      33       21 21 0D 0A		
Microsoft (R) Macro Assembler Version 5.00                  10/16/22 22:18:56
                                                             Page     1-2


      34 0012  57 65 6C 63 6F 6D 65	     DB 'Welcome to 80x86! ', EN, LF, '
					$'    ; å­—ä¸²å¿…é ˆä»¥ '$' åšçµå°¾ 
      35       20 74 6F 20 38 30 78	
      36       38 36 21 20 0D 0A 24	
      37				 
      38 0400				.STACK 
      39				 
      40 0027				END main 
Microsoft (R) Macro Assembler Version 5.00                  10/16/22 22:18:56
                                                             Symbols-1


Segments and Groups:

                N a m e         	Length	 Align	Combine Class

DGROUP . . . . . . . . . . . . .  	GROUP
  _DATA  . . . . . . . . . . . .  	0027	WORD	PUBLIC	'DATA'
  STACK  . . . . . . . . . . . .  	0400	PARA	STACK	'STACK'
_TEXT  . . . . . . . . . . . . .  	0010	WORD	PUBLIC	'CODE'

Symbols:            

                N a m e         	Type	 Value	 Attr

EN . . . . . . . . . . . . . . .  	NUMBER	000D	

LF . . . . . . . . . . . . . . .  	NUMBER	000A	

MAIN . . . . . . . . . . . . . .  	L NEAR	0000	_TEXT
MESS . . . . . . . . . . . . . .  	L BYTE	0000	_DATA

@CODE  . . . . . . . . . . . . .  	TEXT  _TEXT		
@CODESIZE  . . . . . . . . . . .  	TEXT  0		
@DATASIZE  . . . . . . . . . . .  	TEXT  0		
@FILENAME  . . . . . . . . . . .  	TEXT  MAIN		


     36 Source  Lines
     36 Total   Lines
     18 Symbols

  50586 + 465958 Bytes symbol space free

      1 Warning Errors
      0 Severe  Errors
