Microsoft (R) Macro Assembler Version 5.00                  10/29/22 23:34:27
                                                             Page     1-1


       1				ï»¿ ; 
MAIN.ASM(1): warning A4001: Extra characters on line
       2				 ; File Name: MAIN.ASM 
       3				 ; 
       4				 ; CopyLeft (C) 2022, Picasso's Fantasy
					 Notepad. All rights reserved. 
       5				 ; 
       6				 ; Author: Pablo Picasso G. (PabloPicas
					so.G@gmail.com) 
       7				 ; 
       8				 ; Version: 1.0.0.build102922 
       9				 ; 
      10				 ; Date: 2022 / 10 / 29 
      11				 ; 
      12				 ; Description: é€™å€‹ç¯„ä¾‹å‘ˆç¾ç®—è¡
					“æŒ‡ä»¤ä¸­çš„æ¸›æ³•æŒ‡ä»¤ -- DECã€‚ 
      13				 ;              å°‡ç›®çš„é‹ç®—å…ƒç›´æ
					¥æ¸›1ã€‚ 
      14				 ;              å—å½±éŸ¿çš„ Flag Regis
					ter ä½å…ƒï¼šOF, SF, ZF, AF, PF 
      15				 ; 
      16				 
      17				.MODEL	SMALL 
      18				 
      19 0400				.STACK 
      20				 
      21 0000				.DATA 
      22 0000  08				NUM1 DB 8        ; å®£å‘Šè®Šæ•¸
					åç¨±ç‚º NUM1ï¼Œå°‡ 0x08 ä»¥ Byte çš„è
					³‡æ–™å‹æ…‹å„²å­˜åˆ° NUM1 
      23 0001  03				NUM2 DB 3        ; å®£å‘Šè®Šæ•¸
					åç¨±ç‚º NUM2ï¼Œå°‡ 0x03 ä»¥ Byte çš„è
					³‡æ–™å‹æ…‹å„²å­˜åˆ° NUM2 
      24				 
      25 0000				.CODE 
      26 0000				main: 
      27 0000  B8 ---- R			MOV AX, @DATA    ; æŠŠ .DATA Se
					gment çš„ä½å€å‚³é€åˆ° AX æš«å­˜å™¨ 
      28 0003  8E D8				MOV DS, AX       ; æŠŠ AX Regis
					ter çš„è¨˜æ†¶é«”ä½å€è¨­å®šçµ¦ Data Se
					gment Registerï¼› 
      29				                   ; æ›å¥è©±èªªï¼Œå°±
					æ˜¯æŠŠ .DATA Segment æ­¤æ™‚çš„è¨˜æ†¶é«”
					ä½å€ï¼Œè¨­å®šçµ¦ Data Segment Registe
					r 
      30 0005  8A 3E 0001 R			MOV BH, NUM2     ; æŠŠ NUM2 (0x
					03) è¨­å®šçµ¦ BX High Byte 
      31 0009  8A 1E 0000 R			MOV BL, NUM1     ; æŠŠ NUM1 (0x
					08) è¨­å®šçµ¦ BX Low Byte 
      32 000D  B4 01				MOV AH, 01       ; å°‡ 0x01 è¨­
					å®šçµ¦ AX High Byte 
      33 000F  9E				SAHF             ; AH çš„ ç¬¬ 0
					 bit (1)æœƒè¨­å®šçµ¦ Flag Register çš„ 
					CF (Carry Flag) 
Microsoft (R) Macro Assembler Version 5.00                  10/29/22 23:34:27
                                                             Page     1-2


      34 0010  1A DF				SBB BL, BH       ; BL (NUM1) - 
					AH (NUM2) - Carry Flag (0x01) çš„çµæœ
					å„²å­˜å› BX Low Byte 
      35 0012  FE CB				DEC BL           ; æŠŠæ­¤æ™‚çš„
					é‹ç®—å…ƒ BX Low Byte çš„å€¼ -1 å†å„²å
					­˜å› BL 
      36 0014  80 C3 30				ADD BL, '0'      ; æŠŠæ­¤æ™‚çš„
					 BL (0x03) å†åŠ ä¸Š '0' (0x30) = 0x33 
					('3') 
      37 0017  8A D3				MOV DL, BL       ; æŠŠ BL çš„è³
					‡æ–™ç§»å‹•åˆ° DL ä½œç‚ºè¼¸å‡º (æ­¤æ™‚ A
					L çš„å€¼æ‡‰ç‚º 0 ä¸”ç‚ºå›å‚³å€¼)ã€‚ 
      38 0019  B4 02				MOV AH, 02H      ; DOS çš„ç¬¬ 0
					2 è™Ÿä¸­æ–·æœå‹™ (é¡¯ç¤ºè¼¸å‡º)ï¼›DL (
					DX Low Byte)ç‚ºè¦è¼¸å‡ºçš„è³‡æ–™ 
      39 001B  CD 21				INT 21H          ; INT 21H: DOS
					 ä¸­æ–· 
      40 001D  B4 4C				MOV AH, 4CH      ; DOS çš„ç¬¬ 4
					C è™Ÿä¸­æ–·æœå‹™ (å¸¶å›å‚³å€¼çµæŸ)ï
					¼›BL (BX Low Byte)ç‚ºå›å‚³å€¼ 
      41 001F  CD 21				INT 21H          ; INT 21H: DOS
					 ä¸­æ–· 
      42 0021				END main 
Microsoft (R) Macro Assembler Version 5.00                  10/29/22 23:34:27
                                                             Symbols-1


Segments and Groups:

                N a m e         	Length	 Align	Combine Class

DGROUP . . . . . . . . . . . . .  	GROUP
  _DATA  . . . . . . . . . . . .  	0002	WORD	PUBLIC	'DATA'
  STACK  . . . . . . . . . . . .  	0400	PARA	STACK	'STACK'
_TEXT  . . . . . . . . . . . . .  	0021	WORD	PUBLIC	'CODE'

Symbols:            

                N a m e         	Type	 Value	 Attr

MAIN . . . . . . . . . . . . . .  	L NEAR	0000	_TEXT

NUM1 . . . . . . . . . . . . . .  	L BYTE	0000	_DATA
NUM2 . . . . . . . . . . . . . .  	L BYTE	0001	_DATA

@CODE  . . . . . . . . . . . . .  	TEXT  _TEXT		
@CODESIZE  . . . . . . . . . . .  	TEXT  0		
@DATASIZE  . . . . . . . . . . .  	TEXT  0		
@FILENAME  . . . . . . . . . . .  	TEXT  MAIN		


     42 Source  Lines
     42 Total   Lines
     17 Symbols

  50622 + 465922 Bytes symbol space free

      1 Warning Errors
      0 Severe  Errors
