Microsoft (R) Macro Assembler Version 5.00                  10/31/22 22:24:47
                                                             Page     1-1


       1				ï»¿ ; 
MAIN.ASM(1): warning A4001: Extra characters on line
       2				 ; File Name: MAIN.ASM 
       3				 ; 
       4				 ; CopyLeft (C) 2022, Picasso's Fantasy
					 Notepad. All rights reserved. 
       5				 ; 
       6				 ; Author: Pablo Picasso G. (PabloPicas
					so.G@gmail.com) 
       7				 ; 
       8				 ; Version: 1.0.0.build103122 
       9				 ; 
      10				 ; Date: 2022 / 10 / 31 
      11				 ; 
      12				 ; Description: é€™å€‹ç¯„ä¾‹å‘ˆç¾ç®—è¡
					“æŒ‡ä»¤ä¸­çš„é‚è¼¯æŒ‡ä»¤ -- ORã€‚ 
      13				 ;              æ­¤ä¸€ç¯„ä¾‹æœƒå°‡å¤§å¯
					«å­—æ¯è½‰æ›æˆå°å¯«å­—æ¯ã€‚ 
      14				 ;              å—å½±éŸ¿çš„ Flag Regis
					ter ä½å…ƒï¼šSF, ZF, PF, CF = 0, OF = 0
					 
      15				 ; 
      16				 
      17				.MODEL	SMALL 
      18				 
      19 0400				.STACK 
      20				 
      21 0000				.DATA 
      22 0000  41 42 43 44 45 46 47		MSG  DB               'ABCDEFGH
					IJKLMNOPQRSTUVWXYZ$' 
      23       48 49 4A 4B 4C 4D 4E	
      24       4F 50 51 52 53 54 55	
      25       56 57 58 59 5A 24	
      26				                        ; æˆ‘å€‘å®šç¾©ä
					¸€å€‹è®Šæ•¸ MSG ï¼Œè£¡é¢å­˜æ”¾ A ~ Zï¼
					Œä¸”æœ€å¾Œè¨˜å¾—ç”¨ '$' åšçµå°¾ 
      27 = 001B					SUMM EQU              $-MSG 
      28				                        ; '$' ä»£è¡¨ã€Œ
					ç›®å‰çš„è¨˜æ†¶é«”ä½å€ã€ï¼›è€Œ $ - M
					SG çš„è¨˜æ†¶é«”ä½å€ ('A')ç­‰ 
      29				                        ; åƒ¹æ–¼å­—ä¸²é
					•·åº¦ï¼Œå³ SUMM == 26 
      30 0000				.CODE 
      31 0000				main: 
      32 0000  B8 ---- R			MOV  AX, @DATA        ; æŠŠ .DA
					TA Segment çš„ä½å€å‚³é€åˆ° AX æš«å­˜
					å™¨ 
      33 0003  8E D8				MOV  DS, AX           ; æŠŠ AX 
					Register çš„è¨˜æ†¶é«”ä½å€è¨­å®šçµ¦ Da
					ta Segment Registerï¼› 
      34				                        ; æ›å¥è©±èªªï
					¼Œå°±æ˜¯æŠŠ .DATA Segment æ­¤æ™‚çš„è¨˜æ
					†¶é«”ä½å€ï¼Œè¨­å®šçµ¦ Data Segment Re
					gister   
Microsoft (R) Macro Assembler Version 5.00                  10/31/22 22:24:47
                                                             Page     1-2


      35 0005  BB 0000				MOV  BX, 0H           ; æŠŠæ•¸å
					€¼ 0 ç§»å‹•åˆ° BX Register 
      36 0008  B9 001B				MOV  CX, SUMM         ; æŠŠ SUM
					M (26) ç§»å‹•åˆ° CX Register 
      37 000B				again: 
      38 000B  8A 97 0000 R			MOV  DL, MSG[BX]      ; é€™ç¨®å
					¯«æ³•æƒ³åƒæˆï¼£èªè¨€çš„é™£åˆ—å­˜å–å
					³å¯ï¼ 
      39 000F  80 CA 20				OR   DL, 00100000B    ; é€™å€‹å
					‹•ä½œï¼Œå°±æ˜¯æŠŠå¤§å¯«å­—æ¯è½‰æ›æˆå
					°å¯«å­—æ¯ã€‚ 
      40 0012  B4 02				MOV  AH, 02H          ; DOS çš„
					ç¬¬ 02 è™Ÿä¸­æ–·æœå‹™ (é¡¯ç¤ºè¼¸å‡º)ï¼
					›DL (DX Low Byte)ç‚ºè¦è¼¸å‡ºçš„è³‡æ–™ 
      41 0014  CD 21				INT  21H              ; INT 21H
					: DOS ä¸­æ–· 
      42 0016  43				INC  BX               ; æŠŠ MSG
					 çš„è¨˜æ†¶é«”ä½å€ +1  
      43 0017  E2 F2				LOOP again            ; è·³åˆ° 
					again é–‹å§‹çš„åœ°æ–¹ï¼Œä¸æ–·é‡è¤‡ã€‚
					 
      44 0019  B4 4C				MOV  AH, 4CH          ; DOS çš„
					ç¬¬ 4C è™Ÿä¸­æ–·æœå‹™ (å¸¶å›å‚³å€¼çµ
					æŸ)ï¼›AL (AX Low Byte)ç‚ºå›å‚³å€¼ 
      45 001B  CD 21				INT  21H              ; INT 21H
					: DOS ä¸­æ–· 
      46 001D				END main 
Microsoft (R) Macro Assembler Version 5.00                  10/31/22 22:24:47
                                                             Symbols-1


Segments and Groups:

                N a m e         	Length	 Align	Combine Class

DGROUP . . . . . . . . . . . . .  	GROUP
  _DATA  . . . . . . . . . . . .  	001B	WORD	PUBLIC	'DATA'
  STACK  . . . . . . . . . . . .  	0400	PARA	STACK	'STACK'
_TEXT  . . . . . . . . . . . . .  	001D	WORD	PUBLIC	'CODE'

Symbols:            

                N a m e         	Type	 Value	 Attr

AGAIN  . . . . . . . . . . . . .  	L NEAR	000B	_TEXT

MAIN . . . . . . . . . . . . . .  	L NEAR	0000	_TEXT
MSG  . . . . . . . . . . . . . .  	L BYTE	0000	_DATA

SUMM . . . . . . . . . . . . . .  	NUMBER	001B	

@CODE  . . . . . . . . . . . . .  	TEXT  _TEXT		
@CODESIZE  . . . . . . . . . . .  	TEXT  0		
@DATASIZE  . . . . . . . . . . .  	TEXT  0		
@FILENAME  . . . . . . . . . . .  	TEXT  MAIN		


     43 Source  Lines
     43 Total   Lines
     18 Symbols

  50470 + 466074 Bytes symbol space free

      1 Warning Errors
      0 Severe  Errors
