Microsoft (R) Macro Assembler Version 5.00                  1/22/23 20:01:19
                                                             Page     1-1


       1				﻿ ; 
MAIN.ASM(1): warning A4001: Extra characters on line
       2				 ; File Name: MAIN.ASM 
       3				 ; 
       4				 ; CopyLeft (C) 2023, Picasso's Fantasy
					 Notepad. All rights reserved. 
       5				 ; 
       6				 ; Author: Pablo Picasso G. (PabloPicas
					so.G@gmail.com) 
       7				 ; 
       8				 ; Version: 1.0.0.build012223 
       9				 ; 
      10				 ; Date: 2023 / 01 / 22 
      11				 ; 
      12				 ; Description: 三位數加法運算 
      13				 ; 
      14				 
      15				.MODEL	SMALL 
      16				 
      17 0400				.STACK 
      18				 
      19 0000				.DATA 
      20 0000  37 37 37 24			NUM1 DB  '777$' 
      21 0004  33 33 33 24			NUM2 DB  '333$' 
      22 0008  30 30 30 30 24			NUM3 DB  '0000$' 
      23 000D  37 37 37 20 2B 20 33		MSG  DB  '777 + 333 = $' 
      24       33 33 20 3D 20 24	
      25				 
      26 0000				.CODE 
      27 0000				main: 
      28 0000  B8 ---- R			MOV  AX, @DATA         ; 把 .D
					ATA Segment 的位址傳送到 AX 暫
					器；即 .DATA Segment 的起始位
					放到 AX 
      29 0003  8E D8				MOV  DS, AX            ; 把 AX
					 Register 的記憶體位址設定給 D
					ata Segment Register 
      30					; 顯示 "777 + 333 = " 
      31 0005  BA 000D R			MOV  DX, OFFSET MSG    ; 將 MS
					G 的記憶體位址，再加上偏移
					，移動到 DX Register 
      32 0008  B4 09				MOV  AH, 09H           ; DOS 
					第 09 號中斷服務 (顯示字串)
					DX Register 為要顯示的位址 
      33 000A  CD 21				INT  21H               ; INT 21
					H: DOS 中斷 
      34 000C  8D 36 0002 R			LEA  SI, NUM1 + 2      ; 將 NU
					M1 再加上２的記憶體位址，即
					個位數的 '7' 存入 Source Index Re
					gister 
      35 0010  8D 3E 0006 R			LEA  DI, NUM2 + 2      ; 將 NU
					M2 再加上２的記憶體位址，即
					個位數的 '3' 存入 Destination Ind
					ex Register 
Microsoft (R) Macro Assembler Version 5.00                  1/22/23 20:01:19
                                                             Page     1-2


      36 0014  8D 1E 000B R			LEA  BX, NUM3 + 3      ; 將 NU
					M3 再加上３的記憶體位址，即
					個位數的 '0' 存入 BX Register 
      37 0018  B9 0003				MOV  CX, 3             ; 設定
					 LOOP 的次數為３ 
      38 001B				MAA:                     ; 開始從個
					位數相加 
      39 001B  B8 0000				MOV  AX, 00H           ; 將 AH
					 (AX High Byte)初始化為 0x00 
      40 001E  8A 04				MOV  AL, [SI]          ; 將 SI
					 所儲存的記憶體位址的內容 (
					即'7' == 0x37)，移動到 AL (AX Low 
					Byte) 
      41 0020  12 05				ADC  AL, [DI]          ; 將 DI
					 所儲存的記憶體位址的內容 (
					即'3' == 0x33)，加上 AL 的內容 (
					即'7')，把結果儲
      42				                         ; 再加上 Ca
					rry Flag == 1 所以，第一輪會是 
					0x6A ；而第二、三輪則是 0x6B 
      43 0022  37				AAA                    ; 未包
					裝運算指令：將 AX Register 調
					為１０進制；此時 AX 內容為 
					0x0100 
      44				                         ; 且 Carry Fl
					ag == 1 (進位旗標)和 Auxiliary Car
					ry == 1 (輔助進位) 
      45 0023  88 07				MOV  [BX], AL          ; 將 AL
					 (AX Low Byte)的內容 (0x00)移動到
					 BX Register 所指定的位址 
      46 0025  4E				DEC  SI                ; 將 SI
					 所儲存的記憶體位址 -１；此
					時指到的是十位數的'7' 
      47 0026  4F				DEC  DI                ; 將 DI
					 所儲存的記憶體位址 -１；此
					時指到的是十位數的'3' 
      48 0027  4B				DEC  BX                ; 將 BX
					 所儲存的記憶體位址 -１；此
					時指到的是個位數的'0' 
      49 0028  E2 F1				LOOP MAA               ; 重覆
					 MAA 直到 CX == 0 為止 
      50					; 開始做進位計算 
      51 002A  88 27				MOV  [BX], AH          ; 將 AH
					 (AX High Byte)的內容 (0x01)移動
					 BX Register 所指定的位址 
      52 002C  B9 0004				MOV  CX, 4             ; 設定
					 LOOP 的次數為４ 
      53 002F				MBB:                     ; 由千位數
					依序開始列印出：'1', '1', '1', 
					'0' 
      54 002F  8A 17				MOV  DL, [BX]          ; 將 BX
					 Register 記憶體位址所指到的
					容，移動到 DL (DX Low Byte) 
      55 0031  80 C2 30				ADD  DL, 30H           ; 將 DL
Microsoft (R) Macro Assembler Version 5.00                  1/22/23 20:01:19
                                                             Page     1-3


					 (DX Low Byte)內的數值轉換成字
					 
      56 0034  B4 02				MOV  AH, 02H           ; DOS 
					第 02 號中斷服務 (顯示輸出)
					DL (DX Low Byte)為要輸出的字元
					 
      57 0036  CD 21				INT  21H               ; INT 21
					H: DOS 中斷 
      58 0038  43				INC  BX                ; BX Reg
					ister 記憶體位址 -１ 
      59 0039  E2 F4				LOOP MBB               ; 重覆
					 MBB 直到 CX == 0 為止 
      60 003B  B4 4C				MOV  AH, 4CH           ; DOS 
					第 4C 號中斷服務 (帶回傳值
					束)；AL (AX Low Byte)為回傳值 
      61 003D  CD 21				INT  21H               ; INT 21
					H: DOS 中斷 
      62 003F				END main 
Microsoft (R) Macro Assembler Version 5.00                  1/22/23 20:01:19
                                                             Symbols-1


Segments and Groups:

                N a m e         	Length	 Align	Combine Class

DGROUP . . . . . . . . . . . . .  	GROUP
  _DATA  . . . . . . . . . . . .  	001A	WORD	PUBLIC	'DATA'
  STACK  . . . . . . . . . . . .  	0400	PARA	STACK	'STACK'
_TEXT  . . . . . . . . . . . . .  	003F	WORD	PUBLIC	'CODE'

Symbols:            

                N a m e         	Type	 Value	 Attr

MAA  . . . . . . . . . . . . . .  	L NEAR	001B	_TEXT
MAIN . . . . . . . . . . . . . .  	L NEAR	0000	_TEXT
MBB  . . . . . . . . . . . . . .  	L NEAR	002F	_TEXT
MSG  . . . . . . . . . . . . . .  	L BYTE	000D	_DATA

NUM1 . . . . . . . . . . . . . .  	L BYTE	0000	_DATA
NUM2 . . . . . . . . . . . . . .  	L BYTE	0004	_DATA
NUM3 . . . . . . . . . . . . . .  	L BYTE	0008	_DATA

@CODE  . . . . . . . . . . . . .  	TEXT  _TEXT		
@CODESIZE  . . . . . . . . . . .  	TEXT  0		
@DATASIZE  . . . . . . . . . . .  	TEXT  0		
@FILENAME  . . . . . . . . . . .  	TEXT  MAIN		


     61 Source  Lines
     61 Total   Lines
     21 Symbols

  50546 + 465998 Bytes symbol space free

      1 Warning Errors
      0 Severe  Errors
