Microsoft (R) Macro Assembler Version 5.00                  1/24/23 20:13:52
                                                             Page     1-1


       1				﻿ ; 
MAIN.ASM(1): warning A4001: Extra characters on line
       2				 ; File Name: MAIN.ASM 
       3				 ; 
       4				 ; CopyLeft (C) 2023, Picasso's Fantasy
					 Notepad. All rights reserved. 
       5				 ; 
       6				 ; Author: Pablo Picasso G. (PabloPicas
					so.G@gmail.com) 
       7				 ; 
       8				 ; Version: 1.0.0.build012423 
       9				 ; 
      10				 ; Date: 2023 / 01 / 24 
      11				 ; 
      12				 ; Description: 除法運算 
      13				 ; 
      14				 
      15				H0221  MACRO              ; 定義一
					巨集，可以把數值轉換成字
					 
      16					ADD  DL, '0'            ; 將
					值轉換成字元 
      17					MOV  AH, 02H            ; DOS 
					第 02 號中斷服務 (顯示輸出)
					；DL (DX Low Byte)為要輸出的字
					 
      18					INT  21H                ; INT 2
					1H: DOS 中斷 
      19				ENDM 
      20				 
      21				@H0921  MACRO  MSG        ; 定義一
					巨集，用來輸出字串 
      22					MOV  DX, OFFSET MSG     ; 將 M
					SG 的記憶體位址，再加上偏移
					量，移動到 DX Register 
      23					MOV  AH, 09H            ; DOS 
					第 09 號中斷服務 (顯示字串)
					；DX Register 為要顯示的位址 
      24					INT  21H                ; INT 2
					1H: DOS 中斷 
      25				ENDM 
      26				 
      27				.MODEL	SMALL 
      28				 
      29 0400				.STACK 
      30				 
      31 0000				.DATA 
      32 0000  08				NUM1 DB  8 
      33 0001  02				NUM2 DB  2 
      34 0002  03				NUM3 DB  3 
      35 0003  38 32 20 2F 20 33 20		MSG1 DB  '82 / 3 = ? $' 
      36       3D 20 3F 20 24		
      37 000F  0D 0A 51 75 6F 74 69		MSG2 DB  0DH, 0AH, 'Quotient: $
					' 
Microsoft (R) Macro Assembler Version 5.00                  1/24/23 20:13:52
                                                             Page     1-2


      38       65 6E 74 3A 20 24	
      39 001C  0D 0A 52 65 6D 61 69		MSG3 DB  0DH, 0AH, 'Remainder: 
					$' 
      40       6E 64 65 72 3A 20 24	
      41				 
      42 0000				.CODE 
      43 0000				main: 
      44 0000  B8 ---- R			MOV  AX, @DATA          ; 把 .
					DATA Segment 的位址傳送到 AX 暫
					器；即 .DATA Segment 的起始位
					放到 AX 
      45 0003  8E D8				MOV  DS, AX             ; 把 A
					X Register 的記憶體位址設定給 
					Data Segment Register 
      46					@H0921  MSG1            ; 列
					「82 / 3 = ? 」 
      47 0005  BA 0003 R             1		MOV  DX, OFFSET MSG1     ; 將 
					MSG 的記憶體位址，再加上偏
					量，移動到 DX Register 
      48 0008  B4 09                 1		MOV  AH, 09H            ; DOS 
					第 09 號中斷服務 (顯示字串)
					；DX Register 為要顯示的位 
      49 000A  CD 21                 1		INT  21H                ; INT 2
					1H: DOS 中 
      50 000C  B4 00				MOV  AH, 00H            ; 初
					化 AX Register 
      51 000E  A0 0000 R			MOV  AL, NUM1           ; 把 N
					UM1 (8)移動到 AL (AX Low Byte) 
      52 0011  8A 16 0002 R			MOV  DL, NUM3           ; 把 N
					UM3 (3)移動到 DL (DX Low Byte) 
      53 0015  F6 F2				DIV  DL                 ; AX (0
					x0008) / DL (0x03) = 2 (0x02) (AL) ....
					 2 (0x02) (AH) ----> AX == 0x0202 
      54 0017  8A D8				MOV  BL, AL             ; 將
					數 (AL == 2)移動到 BL (BX Low Byte
					) 
      55 0019  8A C4				MOV  AL, AH             ; 將
					數 (AH == 2)移動到 AL (AX Low Byte
					) 
      56 001B  B2 0A				MOV  DL, 10             ; 將 1
					0 移動到 DL (DX Low Byte) 
      57 001D  F6 E2				MUL  DL                 ; DL (1
					0) * AL (2) = 20 (AL == 0x14) 
      58 001F  02 06 0001 R			ADD  AL, NUM2           ; 將
					一輪除法的餘數 * 10 再加上
					除數的個位數 (AL == 0x16) 
      59 0023  D5 0A				AAD                     ; 將
					個 AX Register 調整為１０進制
					原本 AH: 0x00; AL: 0x16 
      60				                          ; 調整後 A
					H: 0x02 (2); AL: 0x02 (2) 
      61 0025  8A 16 0002 R			MOV  DL, NUM3           ; 把 N
					UM3 (3)移動到 DL (DX Low Byte) 
      62 0029  F6 F2				DIV  DL                 ; AX (0
Microsoft (R) Macro Assembler Version 5.00                  1/24/23 20:13:52
                                                             Page     1-3


					x0202) / DL (0x03) = 7 (0x07) (AL) ....
					 1 (0x01) (AH) ----> AX == 0x0107 
      63 002B  8B C8				MOV  CX, AX             ; 將 A
					X Register 的內容移動到 CX Regist
					er 
      64					@H0921  MSG2            ; 列
					「Quotient: 」 
      65 002D  BA 000F R             1		MOV  DX, OFFSET MSG2     ; 將 
					MSG 的記憶體位址，再加上偏
					量，移動到 DX Register 
      66 0030  B4 09                 1		MOV  AH, 09H            ; DOS 
					第 09 號中斷服務 (顯示字串)
					；DX Register 為要顯示的位 
      67 0032  CD 21                 1		INT  21H                ; INT 2
					1H: DOS 中 
      68 0034  8A D3				MOV  DL, BL             ; 先
					印出第一輪除法的商數 ('2')
					即十位數 
      69					H0221 
      70 0036  80 C2 30              1		ADD  DL, '0'            ; 將
					值轉換成字 
      71 0039  B4 02                 1		MOV  AH, 02H            ; DOS 
					第 02 號中斷服務 (顯示輸出)
					；DL (DX Low Byte)為要輸出的字
					 
      72 003B  CD 21                 1		INT  21H                ; INT 2
					1H: DOS 中 
      73 003D  8A D1				MOV  DL, CL             ; 再
					印出第二輪除法的商數 ('7')
					即個位數 
      74					H0221 
      75 003F  80 C2 30              1		ADD  DL, '0'            ; 將
					值轉換成字 
      76 0042  B4 02                 1		MOV  AH, 02H            ; DOS 
					第 02 號中斷服務 (顯示輸出)
					；DL (DX Low Byte)為要輸出的字
					 
      77 0044  CD 21                 1		INT  21H                ; INT 2
					1H: DOS 中 
      78					@H0921  MSG3            ; 列
					「Remainder: 」 
      79 0046  BA 001C R             1		MOV  DX, OFFSET MSG3     ; 將 
					MSG 的記憶體位址，再加上偏
					量，移動到 DX Register 
      80 0049  B4 09                 1		MOV  AH, 09H            ; DOS 
					第 09 號中斷服務 (顯示字串)
					；DX Register 為要顯示的位 
      81 004B  CD 21                 1		INT  21H                ; INT 2
					1H: DOS 中 
      82 004D  8A D5				MOV  DL, CH             ; 列
					出最後的餘數 ('1') 
      83					H0221 
      84 004F  80 C2 30              1		ADD  DL, '0'            ; 將
					值轉換成字 
Microsoft (R) Macro Assembler Version 5.00                  1/24/23 20:13:52
                                                             Page     1-4


      85 0052  B4 02                 1		MOV  AH, 02H            ; DOS 
					第 02 號中斷服務 (顯示輸出)
					；DL (DX Low Byte)為要輸出的字
					 
      86 0054  CD 21                 1		INT  21H                ; INT 2
					1H: DOS 中 
      87 0056  B4 4C				MOV  AH, 4CH            ; DOS 
					第 4C 號中斷服務 (帶回傳值
					束)；AL (AX Low Byte)為回傳值 
      88 0058  CD 21				INT  21H                ; INT 2
					1H: DOS 中斷 
      89 005A				END main 

Microsoft (R) Macro Assembler Version 5.00                  1/24/23 20:13:52
                                                             Symbols-1


Macros:

		N a m e			Lines

@H0921 . . . . . . . . . . . . .  	   3
H0221  . . . . . . . . . . . . .  	   3

Segments and Groups:

                N a m e         	Length	 Align	Combine Class

DGROUP . . . . . . . . . . . . .  	GROUP
  _DATA  . . . . . . . . . . . .  	002A	WORD	PUBLIC	'DATA'
  STACK  . . . . . . . . . . . .  	0400	PARA	STACK	'STACK'
_TEXT  . . . . . . . . . . . . .  	005A	WORD	PUBLIC	'CODE'

Symbols:            

                N a m e         	Type	 Value	 Attr

MAIN . . . . . . . . . . . . . .  	L NEAR	0000	_TEXT
MSG1 . . . . . . . . . . . . . .  	L BYTE	0003	_DATA
MSG2 . . . . . . . . . . . . . .  	L BYTE	000F	_DATA
MSG3 . . . . . . . . . . . . . .  	L BYTE	001C	_DATA

NUM1 . . . . . . . . . . . . . .  	L BYTE	0000	_DATA
NUM2 . . . . . . . . . . . . . .  	L BYTE	0001	_DATA
NUM3 . . . . . . . . . . . . . .  	L BYTE	0002	_DATA

@CODE  . . . . . . . . . . . . .  	TEXT  _TEXT		
@CODESIZE  . . . . . . . . . . .  	TEXT  0		
@DATASIZE  . . . . . . . . . . .  	TEXT  0		
@FILENAME  . . . . . . . . . . .  	TEXT  MAIN		


     68 Source  Lines
     86 Total   Lines
     23 Symbols

  50578 + 465966 Bytes symbol space free

      1 Warning Errors
      0 Severe  Errors
