Microsoft (R) Macro Assembler Version 5.00                  11/20/22 09:49:45
                                                             Page     1-1


       1				ï»¿ ; 
MAIN.ASM(1): warning A4001: Extra characters on line
       2				 ; File Name: MAIN.ASM 
       3				 ; 
       4				 ; CopyLeft (C) 2022, Picasso's Fantasy
					 Notepad. All rights reserved. 
       5				 ; 
       6				 ; Author: Pablo Picasso G. (PabloPicas
					so.G@gmail.com) 
       7				 ; 
       8				 ; Version: 1.0.0.build111922 
       9				 ; 
      10				 ; Date: 2022 / 11 / 19 
      11				 ; 
      12				 ; Description: é€™å€‹ç¯„ä¾‹å‘ˆç¾ä½å…
					ƒæ—‹è½‰æŒ‡ä»¤ -- RCL (Rotate Carry Left
					)ã€‚ 
      13				 ;              - å¯ä»¥å°‡ Register or
					 Memory ä¸Šçš„è³‡æ–™ï¼Œå‘å·¦æ—‹è½‰ï¼‘å
					€‹ bit 
      14				 ;              - è€Œä½ç§»é‡å¿…é ˆæ­
					é… CX Low Byte Register ä¾†æŒ‡å®š 
      15				 ;              - æœ€å·¦é‚Šçš„ä½å…ƒæœƒ
					ç§»å…¥åˆ° Carry Flag  
      16				 ;              - è€ŒåŸæœ¬ Carry Flag 
					çš„å…§å®¹å‰‡æ˜¯æœƒç§»åˆ°æœ€å³é‚Šçš„ bi
					t 
      17				 ;              - å—å½±éŸ¿çš„æ——æ¨™ç‚º
					ï¼šOFã€CF 
      18				 ; 
      19				 
      20				.MODEL	SMALL 
      21				 
      22 0400				.STACK 
      23				 
      24 0000				.DATA 
      25 0000  01				NUM   DB  01H      ; å®£å‘Šè®Šæ
					•¸åç¨±ç‚º NUMï¼Œå°‡æ•¸å€¼ 0x01 (0000 
					0001)ä»¥ Byte çš„è³‡æ–™å‹æ…‹å„²å­˜ 
      26				 
      27 0000				.CODE 
      28 0000				main: 
      29 0000  B8 ---- R			MOV   AX, @DATA    ; æŠŠ .DATA 
					Segment çš„ä½å€å‚³é€åˆ° AX æš«å­˜å™¨
					 
      30 0003  8E D8				MOV   DS, AX       ; æŠŠ AX Reg
					ister çš„è¨˜æ†¶é«”ä½å€è¨­å®šçµ¦ Data 
					Segment Register 
      31 0005  A0 0000 R			MOV   AL, NUM      ; æŠŠæ•¸å€¼ 
					NUM è¨­å®šçµ¦ AX Low Byte 
      32 0008  B1 03				MOV   CL, 03H      ; å°‡æ•¸å€¼ï
					¼“è¨­å®šçµ¦ CX Low Byte 
      33 000A  B4 01				MOV   AH, 01H      ; å°‡æ•¸å€¼ 
					0x01 è¨­å®šçµ¦ AX High Byte 
Microsoft (R) Macro Assembler Version 5.00                  11/20/22 09:49:45
                                                             Page     1-2


      34 000C  9E				SAHF               ; å°‡ AX Hig
					h Byte çš„å…§å®¹ç§»å‹•åˆ° Flag Register
					 
      35 000D  D2 D0				RCL   AL, CL       ; å…ˆå°‡ Car
					ry Flag çš„å€¼ (1)ç§»å‹•åˆ°æœ€å³é‚Šçš„
					 bit è®Šæˆ (0000 0001 1) 
      36					                   ; å†å°‡ AL 
					å…§çš„å€¼ (0000 0001 1)å‘å·¦æ—‹è½‰ï¼“å
					€‹ bit è®Šæˆ (0000 1100 0 == 0x0C) 
      37 000F  8A D0				MOV   DL, AL       ; å†å°‡ AX 
					Low Byte çš„å€¼ç§»å‹•åˆ° DX Low Byte 
      38 0011  80 C2 30				ADD   DL, '0'      ; å°‡ DL å…§
					çš„å€¼ (0x0C)åŠ ä¸Š '0' (48 == 0x30)ï¼Œ
					è®Šæˆå¯é¡¯å­—å…ƒ ('<' == 0x3C) 
      39 0014  B4 02				MOV   AH, 02H      ; DOS çš„ç¬¬
					 02 è™Ÿä¸­æ–·æœå‹™ (é¡¯ç¤ºå­—å…ƒ)ï¼›DX
					 Low Byte ç‚ºè¦è¼¸å‡ºçš„è³‡æ–™ 
      40 0016  CD 21				INT   21H          ; INT 21H: D
					OS ä¸­æ–·	 
      41 0018  B4 4C				MOV   AH, 4CH      ; DOS çš„ç¬¬
					 4C è™Ÿä¸­æ–·æœå‹™ (å¸¶å›å‚³å€¼çµæŸ
					)ï¼›AL (AX Low Byte)ç‚ºå›å‚³å€¼ 
      42 001A  CD 21				INT   21H          ; INT 21H: D
					OS ä¸­æ–· 
      43 001C				END main 
Microsoft (R) Macro Assembler Version 5.00                  11/20/22 09:49:45
                                                             Symbols-1


Segments and Groups:

                N a m e         	Length	 Align	Combine Class

DGROUP . . . . . . . . . . . . .  	GROUP
  _DATA  . . . . . . . . . . . .  	0001	WORD	PUBLIC	'DATA'
  STACK  . . . . . . . . . . . .  	0400	PARA	STACK	'STACK'
_TEXT  . . . . . . . . . . . . .  	001C	WORD	PUBLIC	'CODE'

Symbols:            

                N a m e         	Type	 Value	 Attr

MAIN . . . . . . . . . . . . . .  	L NEAR	0000	_TEXT

NUM  . . . . . . . . . . . . . .  	L BYTE	0000	_DATA

@CODE  . . . . . . . . . . . . .  	TEXT  _TEXT		
@CODESIZE  . . . . . . . . . . .  	TEXT  0		
@DATASIZE  . . . . . . . . . . .  	TEXT  0		
@FILENAME  . . . . . . . . . . .  	TEXT  MAIN		


     43 Source  Lines
     43 Total   Lines
     16 Symbols

  50622 + 465922 Bytes symbol space free

      1 Warning Errors
      0 Severe  Errors
