Microsoft (R) Macro Assembler Version 5.00                  1/26/23 11:51:18
                                                             Page     1-1


       1				ï»¿ ; 
MAIN.ASM(1): warning A4001: Extra characters on line
       2				 ; File Name: MAIN.ASM 
       3				 ; 
       4				 ; CopyLeft (C) 2023, Picasso's Fantasy
					 Notepad. All rights reserved. 
       5				 ; 
       6				 ; Author: Pablo Picasso G. (PabloPicas
					so.G@gmail.com) 
       7				 ; 
       8				 ; Version: 1.0.0.build012623 
       9				 ; 
      10				 ; Date: 2023 / 01 / 26 
      11				 ; 
      12				 ; Description: è‡ªè¡Œæ’°å¯«ä¸€å€‹æ–°çš
					„ ISR (Interrupt Service Routine)ç¨‹åº
					 (INT 60H)ã€‚ 
      13				 ; 
      14				 
      15				.MODEL	SMALL 
      16				 
      17 0400				.STACK 
      18				 
      19 0000				.DATA 
      20				 
      21 0000				.CODE 
      22 0000				main: 
      23 0000  0E				PUSH CS                  ; å°‡ 
					.CODE Segment Register çš„è¨˜æ†¶é«”ä½å
					€å…ˆç§»å‹•è‡³ .STACK Segment 
      24 0001  1F				POP  DS                  ; å¾ 
					.STACK Segment å–å€¼å†æ”¾é€² .DATA Se
					gmentï¼› 
      25				                           ; å³å°‡ .CO
					DE Segment Register çš„å…§å®¹ç§»å‹•è‡³ 
					.DATA Segment Register 
      26 0002  BA 0010 R			MOV  DX, OFFSET INT60    ; å°‡æ
					¨™ç±¤ INT60 çš„è¨˜æ†¶é«”ä½å€ï¼Œå†åŠ 
					ä¸Šåç§»é‡ï¼Œç§»å‹•è‡³ DX Register 
      27 0005  B0 60				MOV  AL, 60H             ; è¨­å
					®šä¸­æ–·å‘é‡ç·¨è™Ÿç‚º 60H 
      28 0007  B4 25				MOV  AH, 25H             ; DOS 
					çš„ç¬¬ 25 è™Ÿä¸­æ–·æœå‹™ (è¨­å®šä¸­æ–·
					å‘é‡)ï¼›AL (AX Low Byte)ç‚ºä¸­æ–·å‘é
					‡çš„å®šç¾©å€¼ 
      29 0009  CD 21				INT  21H                 ; INT 
					21H: DOS ä¸­æ–· 
      30 000B				PRINT: 
      31 000B  CD 60				INT  60H                 ; INT 
					60H: åŸ·è¡Œæˆ‘å€‘è‡ªè¡Œè¨­å®šçš„ä¸­æ–·å
					‘é‡ (åŠŸèƒ½) 
      32 000D  EB 13 90				JMP  ENDDOS              ; ç›´æ
					¥è·³åˆ° ENDDOS æ¨™ç±¤æ‰€åœ¨çš„åœ°æ–¹ 
      33 0010				INT60: 
Microsoft (R) Macro Assembler Version 5.00                  1/26/23 11:51:18
                                                             Page     1-2


      34 0010  B8 B800				MOV  AX, 0B800H          ; å°‡ 
					0xB800 è¨­å®šçµ¦ .EXTRA Segment Registe
					r 
      35 0013  8E C0				MOV  ES, AX 
      36 0015  BF 0000				MOV  DI, 00H             ; å°‡ 
					DI Register è¨­å®šæˆ 0x00 
      37 0018  B9 0064				MOV  CX, 100             ; å°‡ 
					CX Register è¨­å®šæˆ 100 
      38 001B  B0 01				MOV  AL, 01H             ; å°‡ 
					AL (AX Low Byte)è¨­å®šæˆ 0x01 
      39 001D  B4 07				MOV  AH, 07H             ; å°‡ 
					AH (AX High Byte)è¨­å®šæˆ 0x07 
      40 001F  F3/ AB				REP  STOSW               ; é‡è
					¦†åŸ·è¡Œ STOSW æŒ‡ä»¤ 100 æ¬¡ï¼›Store T
					O String by Word,  
      41				                           ; å°‡ AX Reg
					ister çš„å…§å®¹ (0x0701)ç§»å‹•è‡³ ES:DI
					 æ‰€æŒ‡å®šçš„è¨˜æ†¶é«”ä½å€ä¸Š (B800:0
					000) 
      42 0021  CF				IRET                     ; åŸ·è
					¡Œå®Œä¹‹å¾Œè¦é›¢é–‹ä¸­æ–·å‘é‡çš„å€é
					–“ ....  
      43 0022				ENDDOS: 
      44 0022  B4 4C				MOV  AH, 4CH             ; DOS 
					çš„ç¬¬ 4C è™Ÿä¸­æ–·æœå‹™ (å¸¶å›å‚³å€¼
					çµæŸ)ï¼›AL (AX Low Byte)ç‚ºå›å‚³å€¼ 
      45 0024  CD 21				INT  21H                 ; INT 
					21H: DOS ä¸­æ–· 
      46 0026				END main 
Microsoft (R) Macro Assembler Version 5.00                  1/26/23 11:51:18
                                                             Symbols-1


Segments and Groups:

                N a m e         	Length	 Align	Combine Class

DGROUP . . . . . . . . . . . . .  	GROUP
  _DATA  . . . . . . . . . . . .  	0000	WORD	PUBLIC	'DATA'
  STACK  . . . . . . . . . . . .  	0400	PARA	STACK	'STACK'
_TEXT  . . . . . . . . . . . . .  	0026	WORD	PUBLIC	'CODE'

Symbols:            

                N a m e         	Type	 Value	 Attr

ENDDOS . . . . . . . . . . . . .  	L NEAR	0022	_TEXT

INT60  . . . . . . . . . . . . .  	L NEAR	0010	_TEXT

MAIN . . . . . . . . . . . . . .  	L NEAR	0000	_TEXT

PRINT  . . . . . . . . . . . . .  	L NEAR	000B	_TEXT

@CODE  . . . . . . . . . . . . .  	TEXT  _TEXT		
@CODESIZE  . . . . . . . . . . .  	TEXT  0		
@DATASIZE  . . . . . . . . . . .  	TEXT  0		
@FILENAME  . . . . . . . . . . .  	TEXT  MAIN		


     46 Source  Lines
     46 Total   Lines
     18 Symbols

  50586 + 465958 Bytes symbol space free

      1 Warning Errors
      0 Severe  Errors
