Microsoft (R) Macro Assembler Version 5.00                  1/2/23 20:52:44
                                                             Page     1-1


       1				ï»¿ ; 
MAIN.ASM(1): warning A4001: Extra characters on line
       2				 ; File Name: MAIN.ASM 
       3				 ; 
       4				 ; CopyLeft (C) 2023, Picasso's Fantasy
					 Notepad. All rights reserved. 
       5				 ; 
       6				 ; Author: Pablo Picasso G. (PabloPicas
					so.G@gmail.com) 
       7				 ; 
       8				 ; Version: 1.0.0.build010223 
       9				 ; 
      10				 ; Date: 2023 / 01 / 02 
      11				 ; 
      12				 ; Description: é€™ä¸€å€‹ç¯„ä¾‹å‘ˆç¾äº
					†å‡½å¼çš„å¯«æ³•å’Œå‘¼å«ã€‚ 
      13				 ; 
      14				 
      15				.MODEL	SMALL 
      16				 
      17 0400				.STACK 
      18				 
      19 0000				.DATA 
      20 0000  49 20 4C 4F 56 45 20		MSG    DB  'I LOVE ASSEMBLY LAN
					GUAGE.$' 
      21       41 53 53 45 4D 42 4C	
      22       59 20 4C 41 4E 47 55	
      23       41 47 45 2E 24		
      24				                           ; å®£å‘Šä¸€å
					€‹å­—ä¸²è®Šæ•¸ MSG è£¡é¢çš„è³‡æ–™ç”¨ B
					yte çš„æ–¹å¼ä¾†å„²å­˜ 
      25 0000				.CODE 
      26 0000				main: 
      27 0000  B8 ---- R			MOV    AX, @DATA         ; æŠŠ 
					.DATA Segment çš„ä½å€å‚³é€åˆ° AX æš«
					å­˜å™¨ 
      28 0003  8E D8				MOV    DS, AX            ; æŠŠ 
					AX Register çš„è¨˜æ†¶é«”ä½å€è¨­å®šçµ¦
					 Data Segment Register 
      29 0005  E8 000F R			CALL   PrintStr          ; å‘¼å
					«å‡½å¼ PrintStr 
      30 0008  EB 01 90				JMP    ENDDOS            ; ç›´æ
					¥è·³åˆ° ENDDOS æ¨™ç±¤æ‰€åœ¨çš„åœ°æ–¹ 
      31 000B				ENDDOS: 
      32 000B  B4 4C				MOV    AH, 4CH           ; DOS 
					çš„ç¬¬ 4C è™Ÿä¸­æ–·æœå‹™ (å¸¶å›å‚³å€¼
					çµæŸ)ï¼›AL (AX Low Byte)ç‚ºå›å‚³å€¼ 
      33 000D  CD 21				INT    21H               ; INT 
					21H: DOS ä¸­æ–· 
      34 000F				PrintStr proc              ; é€™æ˜¯å®£å
					‘Šä¸€å€‹å‡½å¼çš„å¯«æ³•ï¼›å¾Œé¢è¦åŠ ä
					¸Šé—œéµå­— proc 
      35 000F  BA 0000 R			MOV    DX, OFFSET MSG    ; å°‡è
					®Šæ•¸ MSG å†åŠ ä¸Š OFFSET çš„åç§»é‡
Microsoft (R) Macro Assembler Version 5.00                  1/2/23 20:52:44
                                                             Page     1-2


					çš„è¨˜æ†¶é«”ä½å€ï¼Œç§»å‹•åˆ° DX Regis
					ter 
      36 0012  B4 09				MOV    AH, 09H           ; DOS 
					çš„ç¬¬ 09 è™Ÿä¸­æ–·æœå‹™ (é¡¯ç¤ºå­—ä¸²
					)ï¼›DX Register ç‚ºè¦é¡¯ç¤ºçš„ä½å€ 
      37 0014  CD 21				INT    21H               ; INT 
					21H: DOS ä¸­æ–· 
      38 0016  C3				RET                      ; retu
					rn é›¢é–‹å‡½å¼ 
      39 0017				PrintStr endp              ; å‡½å¼çš„ç
					µæŸï¼Œå¾Œé¢è¦åŠ ä¸Š endp 
      40 0017				END main 
Microsoft (R) Macro Assembler Version 5.00                  1/2/23 20:52:44
                                                             Symbols-1


Segments and Groups:

                N a m e         	Length	 Align	Combine Class

DGROUP . . . . . . . . . . . . .  	GROUP
  _DATA  . . . . . . . . . . . .  	001A	WORD	PUBLIC	'DATA'
  STACK  . . . . . . . . . . . .  	0400	PARA	STACK	'STACK'
_TEXT  . . . . . . . . . . . . .  	0017	WORD	PUBLIC	'CODE'

Symbols:            

                N a m e         	Type	 Value	 Attr

ENDDOS . . . . . . . . . . . . .  	L NEAR	000B	_TEXT

MAIN . . . . . . . . . . . . . .  	L NEAR	0000	_TEXT
MSG  . . . . . . . . . . . . . .  	L BYTE	0000	_DATA

PRINTSTR . . . . . . . . . . . .  	N PROC	000F	_TEXT	Length = 0008

@CODE  . . . . . . . . . . . . .  	TEXT  _TEXT		
@CODESIZE  . . . . . . . . . . .  	TEXT  0		
@DATASIZE  . . . . . . . . . . .  	TEXT  0		
@FILENAME  . . . . . . . . . . .  	TEXT  MAIN		


     37 Source  Lines
     37 Total   Lines
     18 Symbols

  50584 + 465960 Bytes symbol space free

      1 Warning Errors
      0 Severe  Errors
