Microsoft (R) Macro Assembler Version 5.00                  11/6/22 11:37:32
                                                             Page     1-1


       1				ï»¿ ; 
MAIN.ASM(1): warning A4001: Extra characters on line
       2				 ; File Name: MAIN.ASM 
       3				 ; 
       4				 ; CopyLeft (C) 2022, Picasso's Fantasy
					 Notepad. All rights reserved. 
       5				 ; 
       6				 ; Author: Pablo Picasso G. (PabloPicas
					so.G@gmail.com) 
       7				 ; 
       8				 ; Version: 1.0.0.build110622 
       9				 ; 
      10				 ; Date: 2022 / 11 / 06 
      11				 ; 
      12				 ; Description: é€™å€‹ç¯„ä¾‹å‘ˆç¾å­—ä¸
					²æ¬ç§»æŒ‡ä»¤ -- MOVSB (Move String by 
					Byte)ã€‚ 
      13				 ;              é€™å€‹æŒ‡ä»¤ä¸€æ¬¡åªèƒ
					½ç§»å‹•ï¼‘Byte çš„è³‡æ–™ã€‚ 
      14				 ;              é€™å€‹ç¯„ä¾‹ï¼ŒæœƒæŠŠå
					Ÿæœ¬çš„'88888888'è¢«'KKKKKKKK'è¦†è“‹ï¼
					 
      15				 ; 
      16				 
      17				.MODEL	SMALL 
      18				 
      19 0400				.STACK 
      20				 
      21 0000				.DATA 
      22 0000  4B 4B 4B 4B 4B 4B 4B		SOUR DB  'KKKKKKKK$'    ; å®£å‘
					Šè®Šæ•¸åç¨±ç‚º SOURï¼Œå°‡ï¼˜å€‹'K'ä»¥
					 Byte çš„è³‡æ–™å‹æ…‹å„²å­˜åˆ° SOUR 
      23       4B 24			
      24 0009  38 38 38 38 38 38 38		DEST DB  '88888888$'    ; å®£å‘
					Šè®Šæ•¸åç¨±ç‚º DESTï¼Œå°‡ï¼˜å€‹'8'ä»¥
					 Byte çš„è³‡æ–™å‹æ…‹å„²å­˜åˆ° DEST 
      25       38 24			
      26				 
      27 0000				.CODE 
      28 0000				main: 
      29 0000  B8 ---- R			MOV  AX, @DATA          ; æŠŠ .
					DATA Segment çš„ä½å€å‚³é€åˆ° AX æš«å
					­˜å™¨ 
      30 0003  8E D8				MOV  DS, AX             ; æŠŠ A
					X Register çš„è¨˜æ†¶é«”ä½å€è¨­å®šçµ¦ 
					Data Segment Registerï¼› 
      31 0005  8E C0				MOV  ES, AX             ; æŠŠ A
					X Register çš„è¨˜æ†¶é«”ä½å€è¨­å®šçµ¦ 
					Extra Segment Registerï¼› 
      32 0007  FC				CLD                     ; åœ¨é€
					™è£¡æˆ‘å€‘ä½¿ç”¨ CLD ç‹€æ…‹ï¼Œç”±è¨˜æ†¶
					é«”ä½å€ã€Œä½ã€çš„åœ°æ–¹å¾€ã€Œé«˜ã€
					è™•ç§»å‹•ã€‚ 
      33 0008  BE 0000 R			MOV  SI, OFFSET SOUR    ; æŠŠ S
Microsoft (R) Macro Assembler Version 5.00                  11/6/22 11:37:32
                                                             Page     1-2


					OUR çš„è¨˜æ†¶é«”ä½å€ (æ­¤æ™‚åç§»é‡
					ç‚ºï¼)ç§»å‹•åˆ° Source Index Register 
      34 000B  BF 0009 R			MOV  DI, OFFSET DEST    ; æŠŠ D
					EST çš„è¨˜æ†¶é«”ä½å€ (æ­¤æ™‚åç§»é‡
					ç‚ºï¼)ç§»å‹•åˆ° Destination Index Regi
					ster 
      35 000E  B9 0008				MOV  CX, 8              ; æŠŠæ•
					¸å€¼ï¼˜ç§»å‹•åˆ° CX Register 
      36 0011  F3/ A4				REP  MOVSB              ; æŠŠ S
					I Register çš„è³‡æ–™åˆ†åˆ¥ç§»å‹• CX(ï¼˜
					) æ¬¡åˆ° DI Register 
      37 0013  BA 0009 R			MOV  DX, OFFSET DEST    ; å†æŠ
					Š DEST çš„è¨˜æ†¶é«”ä½å€ï¼Œç§»å‹•åˆ° D
					X Register 
      38 0016  B4 09				MOV  AH, 09H            ; DOS ç
					š„ç¬¬ 02 è™Ÿä¸­æ–·æœå‹™ (é¡¯ç¤ºè¼¸å‡º)
					ï¼›DL (DX Low Byte)ç‚ºè¦è¼¸å‡ºçš„è³‡æ–
					™ 
      39 0018  CD 21				INT  21H                ; INT 2
					1H: DOS ä¸­æ–· 
      40 001A  B4 4C				MOV  AH, 4CH            ; DOS ç
					š„ç¬¬ 4C è™Ÿä¸­æ–·æœå‹™ (å¸¶å›å‚³å€¼ç
					µæŸ)ï¼›AL (AX Low Byte)ç‚ºå›å‚³å€¼ 
      41 001C  CD 21				INT  21H                ; INT 2
					1H: DOS ä¸­æ–· 
      42 001E				END main 
Microsoft (R) Macro Assembler Version 5.00                  11/6/22 11:37:32
                                                             Symbols-1


Segments and Groups:

                N a m e         	Length	 Align	Combine Class

DGROUP . . . . . . . . . . . . .  	GROUP
  _DATA  . . . . . . . . . . . .  	0012	WORD	PUBLIC	'DATA'
  STACK  . . . . . . . . . . . .  	0400	PARA	STACK	'STACK'
_TEXT  . . . . . . . . . . . . .  	001E	WORD	PUBLIC	'CODE'

Symbols:            

                N a m e         	Type	 Value	 Attr

DEST . . . . . . . . . . . . . .  	L BYTE	0009	_DATA

MAIN . . . . . . . . . . . . . .  	L NEAR	0000	_TEXT

SOUR . . . . . . . . . . . . . .  	L BYTE	0000	_DATA

@CODE  . . . . . . . . . . . . .  	TEXT  _TEXT		
@CODESIZE  . . . . . . . . . . .  	TEXT  0		
@DATASIZE  . . . . . . . . . . .  	TEXT  0		
@FILENAME  . . . . . . . . . . .  	TEXT  MAIN		


     40 Source  Lines
     40 Total   Lines
     17 Symbols

  50584 + 465960 Bytes symbol space free

      1 Warning Errors
      0 Severe  Errors
