Microsoft (R) Macro Assembler Version 5.00                  1/5/23 22:44:59
                                                             Page     1-1


       1				ï»¿ ; 
MAIN.ASM(1): warning A4001: Extra characters on line
       2				 ; File Name: MAIN.ASM 
       3				 ; 
       4				 ; CopyLeft (C) 2023, Picasso's Fantasy
					 Notepad. All rights reserved. 
       5				 ; 
       6				 ; Author: Pablo Picasso G. (PabloPicas
					so.G@gmail.com) 
       7				 ; 
       8				 ; Version: 1.0.0.build010523 
       9				 ; 
      10				 ; Date: 2023 / 01 / 05 
      11				 ; 
      12				 ; Description: ã€Œç›´æ¥ç´¢å¼•å®šå€æ³
					•ã€ï¼šåˆ©ç”¨ Source Index Register æˆ–
					 Destination Index Register å†åŠ ä¸Šä¸
					€å€‹åç§»é‡ (
      13				 ; 
      14				 
      15				.MODEL	SMALL 
      16				 
      17 0400				.STACK 
      18				 
      19 0000				.DATA 
      20 0000  41 42 43 44 45 46 47		T    DB  'ABCDEFGHIJKLMNOPQRSTU
					VWXYZ$' 
      21       48 49 4A 4B 4C 4D 4E	
      22       4F 50 51 52 53 54 55	
      23       56 57 58 59 5A 24	
      24				 
      25 0000				.CODE 
      26 0000				main: 
      27 0000  B8 ---- R			MOV  AX, @DATA  ; æŠŠ .DATA Seg
					ment çš„ä½å€å‚³é€åˆ° AX æš«å­˜å™¨ï¼›
					å³ .DATA Segment çš„èµ·å§‹ä½å€æ”¾åˆ°
					 AX 
      28 0003  8E D8				MOV  DS, AX     ; æŠŠ AX Regist
					er çš„è¨˜æ†¶é«”ä½å€è¨­å®šçµ¦ Data Seg
					ment Register 
      29 0005  BE 0009				MOV  SI, 9      ; å°‡æ•¸å€¼ 0x0
					9 ç§»å‹•åˆ° Source Index Register 
      30 0008  8A 94 0000 R			MOV  DL, T[SI]  ; å°‡å­—ä¸²è®Šæ
					•¸ï¼´ï¼Œå†åŠ ä¸Šç´¢å¼•ä½å€ï¼Œå³ T[9
					] == 'J' 
      31 000C  B4 02				MOV  AH, 02H    ; DOS çš„ç¬¬ 02
					 è™Ÿä¸­æ–·æœå‹™ (é¡¯ç¤ºå­—å…ƒè¼¸å‡º)ï¼
					›DL (DX Low Byte)ç‚ºè¦è¼¸å‡ºçš„å­—å…ƒ 
      32 000E  CD 21				INT  21H        ; INT 21H: DOS 
					ä¸­æ–· 
      33 0010  B4 4C				MOV  AH, 4CH    ; DOS çš„ç¬¬ 4C
					 è™Ÿä¸­æ–·æœå‹™ (å¸¶å›å‚³å€¼çµæŸ)ï¼
					›AL (AX Low Byte)ç‚ºå›å‚³å€¼ 
      34 0012  CD 21				INT  21H        ; INT 21H: DOS 
Microsoft (R) Macro Assembler Version 5.00                  1/5/23 22:44:59
                                                             Page     1-2


					ä¸­æ–· 
      35 0014				END main 
Microsoft (R) Macro Assembler Version 5.00                  1/5/23 22:44:59
                                                             Symbols-1


Segments and Groups:

                N a m e         	Length	 Align	Combine Class

DGROUP . . . . . . . . . . . . .  	GROUP
  _DATA  . . . . . . . . . . . .  	001B	WORD	PUBLIC	'DATA'
  STACK  . . . . . . . . . . . .  	0400	PARA	STACK	'STACK'
_TEXT  . . . . . . . . . . . . .  	0014	WORD	PUBLIC	'CODE'

Symbols:            

                N a m e         	Type	 Value	 Attr

MAIN . . . . . . . . . . . . . .  	L NEAR	0000	_TEXT

T  . . . . . . . . . . . . . . .  	L BYTE	0000	_DATA

@CODE  . . . . . . . . . . . . .  	TEXT  _TEXT		
@CODESIZE  . . . . . . . . . . .  	TEXT  0		
@DATASIZE  . . . . . . . . . . .  	TEXT  0		
@FILENAME  . . . . . . . . . . .  	TEXT  MAIN		


     32 Source  Lines
     32 Total   Lines
     16 Symbols

  50470 + 466074 Bytes symbol space free

      1 Warning Errors
      0 Severe  Errors
