Microsoft (R) Macro Assembler Version 5.00                  11/9/22 22:05:55
                                                             Page     1-1


       1				ï»¿ ; 
MAIN.ASM(1): warning A4001: Extra characters on line
       2				 ; File Name: MAIN.ASM 
       3				 ; 
       4				 ; CopyLeft (C) 2022, Picasso's Fantasy
					 Notepad. All rights reserved. 
       5				 ; 
       6				 ; Author: Pablo Picasso G. (PabloPicas
					so.G@gmail.com) 
       7				 ; 
       8				 ; Version: 1.0.0.build110922 
       9				 ; 
      10				 ; Date: 2022 / 11 / 09 
      11				 ; 
      12				 ; Description: é€™å€‹ç¯„ä¾‹å‘ˆç¾å­—ä¸
					²è¼‰å…¥æŒ‡ä»¤ -- LODS (Load  String by 
					Byte or Word)ã€‚ 
      13				 ;              å’Œå‰ç½®é‡è¤‡æŒ‡ä»¤ -
					- REPE (Repeat)ã€‚ 
      14				 ;              é‚„æœ‰å­—ä¸²æ¯”å°æŒ‡ä»
					¤ -- CMPSB (Compare String by Byte)ã€‚ 
      15				 ; 
      16				 ;              LODS é€™å€‹æŒ‡ä»¤ï¼š 
      17				 ;              - å°‡ DS:SI è¨˜æ†¶é«”ä½
					å€ä¸Šæ‰€æŒ‡çš„å­—ä¸²ï¼Œä»¥ Byte or Wo
					rd ç‚ºå–®ä½è¼‰å…¥è‡³ AL or AXã€‚ 
      18				 ;              - æœå°‹ä¸”æ¯”å°å®Œæˆ
					ä¹‹å¾Œï¼ŒSI å€¼æœƒè¢« +1 / -1 (ä¾ç…§ S
					TD / CLD)ã€‚ 
      19				 ; 
      20				 ;              REPE é€™å€‹æŒ‡ä»¤ï¼š 
      21				 ;              - æœƒæœ‰æ¢ä»¶é‡è¤‡åœ°
					åŸ·è¡Œ REPE å¾Œé¢æ‰€æ¥çš„å‹•ä½œï¼› 
      22				 ;              - è€Œé‡è¤‡çš„æ¬¡æ•¸ï¼Œ
					å‰‡æ˜¯ CX Register é€ä¸€éæ¸›è‡³ï¼ï¼
					›æˆ– Zero Flag == 0 ç‚ºæ­¢ã€‚ 
      23				 ; 
      24				 ;              CMPSB é€™å€‹æŒ‡ä»¤ï¼š 
      25				 ;              - éœ€è¦æ­é… REPE æŒ‡
					ä»¤ä¾†ä½¿ç”¨ï¼› 
      26				 ;              - è€Œæ¯”è¼ƒçš„çµæœæœƒ
					æ¸…é™¤æˆ–æ˜¯è¨­å®š Zero Flagï¼› 
      27				 ;              - å­—ä¸²ç›¸åŒï¼ŒZF == 
					1ï¼›åä¹‹ç‚ºï¼ã€‚ 
      28				 ; 
      29				 
      30				.MODEL	SMALL 
      31				 
      32 0400				.STACK 
      33				 
      34 0000				.DATA 
      35 0000  54 47 20 69 73 20 64		SOUR  DB  'TG is dood boy$'    
					; å®£å‘Šè®Šæ•¸åç¨±ç‚º SOURï¼Œå°‡ï¼˜å€
					‹'K'ä»¥ Byte çš„è³‡æ–™å‹æ…‹å„²å­˜åˆ° S
Microsoft (R) Macro Assembler Version 5.00                  11/9/22 22:05:55
                                                             Page     1-2


					OUR 
      36       6F 6F 64 20 62 6F 79	
      37       24			
      38 000F  54 47 20 69 73 20 67		DEST  DB  'TG is good boy$'    
					; å®£å‘Šè®Šæ•¸åç¨±ç‚º DESTï¼Œå°‡ï¼˜å€
					‹'8'ä»¥ Byte çš„è³‡æ–™å‹æ…‹å„²å­˜åˆ° D
					EST 
      39       6F 6F 64 20 62 6F 79	
      40       24			
      41 001E  001E				SLEN  DW  $-SOUR               
					; å®£å‘Šè®Šæ•¸åç¨±ç‚º SLENï¼Œå°‡ SOUR
					 çš„å­—ä¸²é•·åº¦ä»¥ Word çš„è³‡æ–™å‹æ…
					‹å„²å­˜ 
      42				 
      43 0000				.CODE 
      44 0000				main: 
      45 0000  B8 ---- R			MOV   AX, @DATA                
					; æŠŠ .DATA Segment çš„ä½å€å‚³é€åˆ° 
					AX æš«å­˜å™¨ 
      46 0003  8E D8				MOV   DS, AX                   
					; æŠŠ AX Register çš„è¨˜æ†¶é«”ä½å€è¨­
					å®šçµ¦ Data Segment Registerï¼› 
      47 0005  8E C0				MOV   ES, AX                   
					; æŠŠ AX Register çš„è¨˜æ†¶é«”ä½å€è¨­
					å®šçµ¦ Extra Segment Registerï¼› 
      48 0007  FC				CLD                            
					; é€™è£¡ä½¿ç”¨ CLD ç‹€æ…‹ï¼Œç”±è¨˜æ†¶é«
					”ä½å€ã€Œä½ã€çš„åœ°æ–¹å¾€ã€Œé«˜ã€è™
					•ç§»å‹•ã€‚ 
      49 0008  8B 0E 001E R			MOV   CX, SLEN                 
					; å°‡ SOUR çš„å­—ä¸²é•·åº¦ç§»å‹•åˆ° CX 
					Register 
      50 000C  8D 36 0000 R			LEA   SI, SOUR                 
					; å°‡ SOUR è®Šæ•¸çš„åç§»é‡ï¼Œå„²å­˜å
					ˆ° SI Register 
      51 0010  8D 3E 000F R			LEA   DI, DEST                 
					; å°‡ DEST è®Šæ•¸çš„åç§»é‡ï¼Œå„²å­˜å
					ˆ° DI Register 
      52 0014  F3/ A6				REPE  CMPSB                    
					; æ¯”è¼ƒï¼’çµ„å­—ä¸²æ˜¯å¦ç›¸åŒï¼Ÿ 
      53 0016  E3 08				JCXZ  ENDDOS                   
					; è‹¥ CX Register ç‚ºï¼æ™‚ (Jump CX Ze
					ro)ï¼Œå°±è·³èºåˆ° ENDDOS æ¨™ç±¤åŸ·è¡Œä
					¸‹ä¸€æ®µç¨‹å¼ç¢¼ï¼› 
      54					                               
					; è‹¥ CMPSB æ‰¾åˆ°ç›¸ç•°å­—å…ƒæ™‚ï¼Œå‰‡
					 CX Register ä¸æœƒç­‰æ–¼ï¼ 
      55 0018  4E				DEC   SI                       
					; SI Register å† -1ï¼Œå› ç‚ºæ˜¯ä½¿ç”¨ 
					CLD ç‹€æ…‹ã€‚ 
      56 0019  AC				LODS  SOUR                     
					; å°‡ SOUR è¼‰å…¥è‡³ AL Register 
      57 001A  8A D0				MOV   DL, AL                   
					; å°‡ AL Register çš„è³‡æ–™ç§»å‹•è‡³ DL
Microsoft (R) Macro Assembler Version 5.00                  11/9/22 22:05:55
                                                             Page     1-3


					 Register 
      58 001C  B4 02				MOV   AH, 02H                  
					; DOS çš„ç¬¬ 02 è™Ÿä¸­æ–·æœå‹™ (é¡¯ç¤º
					è¼¸å‡º)ï¼›DL (DX Low Byte)ç‚ºè¦è¼¸å‡ºç
					š„è³‡æ–™ 
      59 001E  CD 21				INT   21H                      
					; INT 21H: DOS ä¸­æ–·	 
      60				 
      61 0020				ENDDOS: 
      62 0020  B4 4C				MOV   AH, 4CH                  
					; DOS çš„ç¬¬ 4C è™Ÿä¸­æ–·æœå‹™ (å¸¶å›
					å‚³å€¼çµæŸ)ï¼›AL (AX Low Byte)ç‚ºå›å
					‚³å€¼ 
      63 0022  CD 21				INT   21H                      
					; INT 21H: DOS ä¸­æ–· 
      64 0024				END main 
Microsoft (R) Macro Assembler Version 5.00                  11/9/22 22:05:55
                                                             Symbols-1


Segments and Groups:

                N a m e         	Length	 Align	Combine Class

DGROUP . . . . . . . . . . . . .  	GROUP
  _DATA  . . . . . . . . . . . .  	0020	WORD	PUBLIC	'DATA'
  STACK  . . . . . . . . . . . .  	0400	PARA	STACK	'STACK'
_TEXT  . . . . . . . . . . . . .  	0024	WORD	PUBLIC	'CODE'

Symbols:            

                N a m e         	Type	 Value	 Attr

DEST . . . . . . . . . . . . . .  	L BYTE	000F	_DATA

ENDDOS . . . . . . . . . . . . .  	L NEAR	0020	_TEXT

MAIN . . . . . . . . . . . . . .  	L NEAR	0000	_TEXT

SLEN . . . . . . . . . . . . . .  	L WORD	001E	_DATA
SOUR . . . . . . . . . . . . . .  	L BYTE	0000	_DATA

@CODE  . . . . . . . . . . . . .  	TEXT  _TEXT		
@CODESIZE  . . . . . . . . . . .  	TEXT  0		
@DATASIZE  . . . . . . . . . . .  	TEXT  0		
@FILENAME  . . . . . . . . . . .  	TEXT  MAIN		


     60 Source  Lines
     60 Total   Lines
     19 Symbols

  50582 + 465962 Bytes symbol space free

      1 Warning Errors
      0 Severe  Errors
