Microsoft (R) Macro Assembler Version 5.00                  1/21/23 11:26:31
                                                             Page     1-1


       1				ï»¿ ; 
MAIN.ASM(1): warning A4001: Extra characters on line
       2				 ; File Name: MAIN.ASM 
       3				 ; 
       4				 ; CopyLeft (C) 2023, Picasso's Fantasy
					 Notepad. All rights reserved. 
       5				 ; 
       6				 ; Author: Pablo Picasso G. (PabloPicas
					so.G@gmail.com) 
       7				 ; 
       8				 ; Version: 1.0.0.build012123 
       9				 ; 
      10				 ; Date: 2023 / 01 / 21 
      11				 ; 
      12				 ; Description: é€™ä¹™ç« ç¯€å¾ˆç„¡èŠï¼
					ã€ŒINT 17H: Printer ä¸­æ–·ã€çš„å°è¡¨
					æ©Ÿè¼¸å…¥æœå‹™ï¼› 
      13				 ;              Printer çš„ç¬¬ 02 è™Ÿä¸
					­æ–·æœå‹™â”€è®€å–å°è¡¨æ©Ÿçš„ç‹€æ…‹ï¼
					›å…¶ç‹€æ…‹å€¼æœƒå›å‚³åˆ° AH (AX High B
					yte) 
      14				 ;              AH (AX High Byte)çš„å…§
					å®¹å®šç¾©å¦‚ä¸‹ï¼š 
      15				 ;              Bit 0: é€¾æ™‚ (Over Tim
					e) 
      16				 ;              Bit 1: ä¿ç•™ (Reserved
					) 
      17				 ;              Bit 2: ä¿ç•™ (Reserved
					) 
      18				 ;              Bit 3: I/O éŒ¯èª¤ (I/O 
					Error) 
      19				 ;              Bit 4: å·²é¸å®šå°è¡¨æ
					©Ÿ (Printer is Set) 
      20				 ;              Bit 5: ç´™å¼µç”¨ç½„ (NO
					 Paper) 
      21				 ;              Bit 6: ç¢ºèª (Printer 
					is Confirmed) 
      22				 ;              Bit 7: é–’ç½® (å·²æº–å‚
					™å¥½äº†) (Idle) 
      23				 ; 
      24				 
      25				.MODEL	SMALL 
      26				 
      27 0400				.STACK 
      28				 
      29 0000				.DATA 
      30 0000  0D 0A 4F 76 65 72 20		MSG1 DB  0DH, 0AH, 'Over Time. 
					$' 
      31       54 69 6D 65 2E 20 24	
      32 000E  0D 0A 49 2F 4F 20 45		MSG2 DB  0DH, 0AH, 'I/O Error. 
					$' 
      33       72 72 6F 72 2E 20 24	
      34 001C  0D 0A 50 72 69 6E 74		MSG3 DB  0DH, 0AH, 'Printer is 
					Set. $' 
Microsoft (R) Macro Assembler Version 5.00                  1/21/23 11:26:31
                                                             Page     1-2


      35       65 72 20 69 73 20 53	
      36       65 74 2E 20 24		
      37 002F  0D 0A 4E 4F 20 50 61		MSG4 DB  0DH, 0AH, 'NO Paper!! 
					$' 
      38       70 65 72 21 21 20 24	
      39 003D  0D 0A 50 72 69 6E 74		MSG5 DB  0DH, 0AH, 'Printer is 
					Confirmed. $' 
      40       65 72 20 69 73 20 43	
      41       6F 6E 66 69 72 6D 65	
      42       64 2E 20 24		
      43 0056  0D 0A 50 72 69 6E 74		MSG6 DB  0DH, 0AH, 'Printer is 
					Idle. $' 
      44       65 72 20 69 73 20 49	
      45       64 6C 65 2E 20 24	
      46				 
      47 0000				.CODE 
      48 0000				main: 
      49 0000  B8 ---- R			MOV  AX, @DATA          ; æŠŠ .
					DATA Segment çš„ä½å€å‚³é€åˆ° AX æš«å
					­˜å™¨ï¼›å³ .DATA Segment çš„èµ·å§‹ä½å
					€æ”¾åˆ° AX 
      50 0003  8E D8				MOV  DS, AX             ; æŠŠ A
					X Register çš„è¨˜æ†¶é«”ä½å€è¨­å®šçµ¦ 
					Data Segment Register 
      51 0005  B4 02				MOV  AH, 02H            ; Print
					er çš„ç¬¬ 02 è™Ÿä¸­æ–·æœå‹™â”€è®€å–å
					°è¡¨æ©Ÿçš„ç‹€æ…‹ 
      52 0007  BA 0000				MOV  DX, 0              ; å°‡æ•
					¸å€¼ 0x00 ç§»å‹•åˆ° DX Register (åˆå§‹
					åŒ–) 
      53 000A  CD 17				INT  17H                ; INT 1
					7H: Printer ä¸­æ–·ï¼› 
      54 000C				NEXT0: 
      55 000C  50				PUSH AX                 ; å°‡ A
					X Register çš„å…§å®¹ç§»å‹•åˆ° Stack Seg
					ment 
      56 000D  80 E4 01				AND  AH, 00000001B      ; å°‡ A
					X Register çš„å…§å®¹ï¼Œèˆ‡æ•¸å€¼ 0x01 å
					š AND é‹ç®—ï¼›åœ¨å„²å­˜å› AX Registe
					r 
      57 0010  80 FC 01				CMP  AH, 00000001B      ; å°‡ A
					X Register çš„å…§å®¹ï¼Œèˆ‡æ•¸å€¼ 0x01 å
					šæ¯”è¼ƒ 
      58 0013  75 07				JNE  NEXT1              ; ç•¶ Z
					ero Flag != 1 çš„æ™‚å€™ï¼Œè·³èºåˆ° NEX
					T1 æ¨™ç±¤æ‰€åœ¨çš„åœ°æ–¹ 
      59 0015  B4 09				MOV  AH, 09H            ; DOS ç
					š„ç¬¬ 09 è™Ÿä¸­æ–·æœå‹™ (é¡¯ç¤ºå­—ä¸²)
					ï¼›DX Register ç‚ºè¦é¡¯ç¤ºçš„ä½å€ 
      60 0017  BA 0000 R			MOV  DX, OFFSET MSG1    ; å°‡ M
					SG1 çš„è¨˜æ†¶é«”ä½å€ï¼Œå†åŠ ä¸Šåç§
					»é‡ï¼Œç§»å‹•åˆ° DX Register 
      61 001A  CD 21				INT  21H                ; INT 2
					1H: DOS ä¸­æ–· 
Microsoft (R) Macro Assembler Version 5.00                  1/21/23 11:26:31
                                                             Page     1-3


      62 001C				NEXT1:                    ; ä»¥ä¸‹é¡ä¼
					¼ï¼Œäºˆä»¥çœç•¥ï¼ 
      63 001C  58				POP  AX 
      64 001D  50				PUSH AX 
      65 001E  80 E4 08				AND  AH, 00001000B 
      66 0021  80 FC 08				CMP  AH, 00001000B 
      67 0024  75 07				JNE  NEXT2 
      68 0026  B4 09				MOV  AH, 09H 
      69 0028  BA 000E R			MOV  DX, OFFSET MSG2 
      70 002B  CD 21				INT  21H 
      71 002D				NEXT2: 
      72 002D  58				POP  AX 
      73 002E  50				PUSH AX 
      74 002F  80 E4 10				AND  AH, 00010000B 
      75 0032  80 FC 10				CMP  AH, 00010000B 
      76 0035  75 07				JNE  NEXT3 
      77 0037  B4 09				MOV  AH, 09H 
      78 0039  BA 001C R			MOV  DX, OFFSET MSG3 
      79 003C  CD 21				INT  21H 
      80 003E				NEXT3: 
      81 003E  58				POP  AX 
      82 003F  50				PUSH AX 
      83 0040  80 E4 20				AND  AH, 00100000B 
      84 0043  80 FC 20				CMP  AH, 00100000B 
      85 0046  75 07				JNE  NEXT4 
      86 0048  B4 09				MOV  AH, 09H 
      87 004A  BA 002F R			MOV  DX, OFFSET MSG4 
      88 004D  CD 21				INT  21H 
      89 004F				NEXT4: 
      90 004F  58				POP  AX 
      91 0050  50				PUSH AX 
      92 0051  80 E4 40				AND  AH, 01000000B 
      93 0054  80 FC 40				CMP  AH, 01000000B 
      94 0057  75 07				JNE  NEXT5 
      95 0059  B4 09				MOV  AH, 09H 
      96 005B  BA 003D R			MOV  DX, OFFSET MSG5 
      97 005E  CD 21				INT  21H 
      98 0060				NEXT5: 
      99 0060  58				POP  AX 
     100 0061  50				PUSH AX 
     101 0062  80 E4 80				AND  AH, 10000000B 
     102 0065  80 FC 80				CMP  AH, 10000000B 
     103 0068  75 07				JNE  ENDDOS 
     104 006A  B4 09				MOV  AH, 09H 
     105 006C  BA 0056 R			MOV  DX, OFFSET MSG6 
     106 006F  CD 21				INT  21H 
     107 0071				ENDDOS: 
     108 0071  B4 4C				MOV  AH, 4CH            ; DOS ç
					š„ç¬¬ 4C è™Ÿä¸­æ–·æœå‹™ (å¸¶å›å‚³å€¼ç
					µæŸ)ï¼›AL (AX Low Byte)ç‚ºå›å‚³å€¼ 
     109 0073  CD 21				INT  21H                ; INT 2
					1H: DOS ä¸­æ–· 
     110 0075				END main 
Microsoft (R) Macro Assembler Version 5.00                  1/21/23 11:26:31
                                                             Symbols-1


Segments and Groups:

                N a m e         	Length	 Align	Combine Class

DGROUP . . . . . . . . . . . . .  	GROUP
  _DATA  . . . . . . . . . . . .  	006A	WORD	PUBLIC	'DATA'
  STACK  . . . . . . . . . . . .  	0400	PARA	STACK	'STACK'
_TEXT  . . . . . . . . . . . . .  	0075	WORD	PUBLIC	'CODE'

Symbols:            

                N a m e         	Type	 Value	 Attr

ENDDOS . . . . . . . . . . . . .  	L NEAR	0071	_TEXT

MAIN . . . . . . . . . . . . . .  	L NEAR	0000	_TEXT
MSG1 . . . . . . . . . . . . . .  	L BYTE	0000	_DATA
MSG2 . . . . . . . . . . . . . .  	L BYTE	000E	_DATA
MSG3 . . . . . . . . . . . . . .  	L BYTE	001C	_DATA
MSG4 . . . . . . . . . . . . . .  	L BYTE	002F	_DATA
MSG5 . . . . . . . . . . . . . .  	L BYTE	003D	_DATA
MSG6 . . . . . . . . . . . . . .  	L BYTE	0056	_DATA

NEXT0  . . . . . . . . . . . . .  	L NEAR	000C	_TEXT
NEXT1  . . . . . . . . . . . . .  	L NEAR	001C	_TEXT
NEXT2  . . . . . . . . . . . . .  	L NEAR	002D	_TEXT
NEXT3  . . . . . . . . . . . . .  	L NEAR	003E	_TEXT
NEXT4  . . . . . . . . . . . . .  	L NEAR	004F	_TEXT
NEXT5  . . . . . . . . . . . . .  	L NEAR	0060	_TEXT

@CODE  . . . . . . . . . . . . .  	TEXT  _TEXT		
@CODESIZE  . . . . . . . . . . .  	TEXT  0		
@DATASIZE  . . . . . . . . . . .  	TEXT  0		
@FILENAME  . . . . . . . . . . .  	TEXT  MAIN		


    100 Source  Lines
    100 Total   Lines
     28 Symbols

  50584 + 465960 Bytes symbol space free

      1 Warning Errors
      0 Severe  Errors
