Microsoft (R) Macro Assembler Version 5.00                  1/2/23 22:47:45
                                                             Page     1-1


       1				ï»¿ ; 
MAIN.ASM(1): warning A4001: Extra characters on line
       2				 ; File Name: MAIN.ASM 
       3				 ; 
       4				 ; CopyLeft (C) 2023, Picasso's Fantasy
					 Notepad. All rights reserved. 
       5				 ; 
       6				 ; Author: Pablo Picasso G. (PabloPicas
					so.G@gmail.com) 
       7				 ; 
       8				 ; Version: 1.0.0.build010223 
       9				 ; 
      10				 ; Date: 2023 / 01 / 02 
      11				 ; 
      12				 ; Description: é€™ä¸€å€‹ç¯„ä¾‹å‘ˆç¾äº
					†å‘¼å«å¤–éƒ¨å‡½å¼ (åœ¨åˆ¥çš„æª”æ¡ˆ)å’
					Œã€Œå‚³éåƒæ•¸ã€çš„å¯«æ³•ã€‚ 
      13				 ; 
      14				 
      15				.MODEL	SMALL 
      16				 
      17 0400				.STACK 
      18				 
      19 0000				.DATA 
      20 0000  07				NUM1   DB 7              ; å®£å
					‘Šä¸€å€‹è®Šæ•¸ NUM1 ï¼Œå°‡æ•¸å€¼ï¼—ä»¥ 
					Byte çš„è³‡æ–™å‹æ…‹ä¾†å„²å­˜ 
      21 0001  06				NUM2   DB 6              ; å®£å
					‘Šä¸€å€‹è®Šæ•¸ NUM2 ï¼Œå°‡æ•¸å€¼ï¼–ä»¥ 
					Byte çš„è³‡æ–™å‹æ…‹ä¾†å„²å­˜ 
      22 0002  ???? 0024			SUM    DW ?, '$'         ; å®£å
					‘Šä¸€å€‹è®Šæ•¸ SUM ï¼Œå…¶è³‡æ–™é•·åº¦ç‚
					º Word (2 Bytes)ä¸”å…¨éƒ¨åˆå§‹åŒ–ç‚º'$
					' 
      23				 
      24 0000				.CODE 
      25					PUBLIC SUM               ; é—œé
					µå­— PUBLIC å‘Šè¨´çµ„è­¯å™¨ï¼Œè®Šæ•¸ S
					UM å¤§å®¶éƒ½å¯ä»¥ä½¿ç”¨ 
      26				  EXTRN  BCD: NEAR, PrintStr: NEAR 
      27				                           ; ä½¿ç”¨é—œé
					µå­— EXTRN ä¾†å‘Šè¨´ç¨‹å¼ï¼Œæˆ‘å€‘è¦
					ä½¿ç”¨å…©å€‹å¤–éƒ¨å‡½å¼ BCD å’Œ PrintS
					tr ; 
      28				                           ; è€Œ NEAR è
					¡¨ç¤º PrintStr / BCD å’Œ main éƒ½åœ¨åŒ
					ä¸€å€‹ .CODE Segment ï¼›åä¹‹å‰‡ç”¨ FA
					R 
      29 0000				main: 
      30 0000  B8 ---- R			MOV    AX, @DATA         ; æŠŠ 
					.DATA Segment çš„ä½å€å‚³é€åˆ° AX æš«
					å­˜å™¨ 
      31 0003  8E D8				MOV    DS, AX            ; æŠŠ 
					AX Register çš„è¨˜æ†¶é«”ä½å€è¨­å®šçµ¦
Microsoft (R) Macro Assembler Version 5.00                  1/2/23 22:47:45
                                                             Page     1-2


					 Data Segment Register 
      32 0005  A0 0000 R			MOV    AL, NUM1          ; å°‡ 
					NUM1 çš„å…§å®¹ç§»å‹•åˆ° AX Low Byte 
      33 0008  02 06 0001 R			ADD    AL, NUM2          ; å°‡ 
					AX Low Byte çš„å…§å®¹ (NUM1, 7)å†åŠ ä¸
					Š NUM2 (6)ï¼Œä¸¦å„²å­˜å› AX Low Byte (
					13) 
      34 000C  E8 0000 E			CALL   BCD               ; å‘¼å
					«å‡½å¼ BCD 
      35 000F  8D 16 0002 R			LEA    DX, SUM           ; å°‡ 
					SUM çš„è¨˜æ†¶é«”ä½å€å‚³é€çµ¦ DX Regi
					ster 
      36 0013  E8 0000 E			CALL   PrintStr          ; å‘¼å
					«å‡½å¼ PrintStr 
      37 0016  EB 01 90				JMP    ENDDOS            ; ç›´æ
					¥è·³åˆ° ENDDOS æ¨™ç±¤æ‰€åœ¨çš„åœ°æ–¹ 
      38 0019				ENDDOS: 
      39 0019  B4 4C				MOV    AH, 4CH           ; DOS 
					çš„ç¬¬ 4C è™Ÿä¸­æ–·æœå‹™ (å¸¶å›å‚³å€¼
					çµæŸ)ï¼›AL (AX Low Byte)ç‚ºå›å‚³å€¼ 
      40 001B  CD 21				INT    21H               ; INT 
					21H: DOS ä¸­æ–· 
      41 001D				END main 
Microsoft (R) Macro Assembler Version 5.00                  1/2/23 22:47:45
                                                             Symbols-1


Segments and Groups:

                N a m e         	Length	 Align	Combine Class

DGROUP . . . . . . . . . . . . .  	GROUP
  _DATA  . . . . . . . . . . . .  	0006	WORD	PUBLIC	'DATA'
  STACK  . . . . . . . . . . . .  	0400	PARA	STACK	'STACK'
_TEXT  . . . . . . . . . . . . .  	001D	WORD	PUBLIC	'CODE'

Symbols:            

                N a m e         	Type	 Value	 Attr

BCD  . . . . . . . . . . . . . .  	L NEAR	0000	_TEXT	External

ENDDOS . . . . . . . . . . . . .  	L NEAR	0019	_TEXT

MAIN . . . . . . . . . . . . . .  	L NEAR	0000	_TEXT

NUM1 . . . . . . . . . . . . . .  	L BYTE	0000	_DATA
NUM2 . . . . . . . . . . . . . .  	L BYTE	0001	_DATA

PRINTSTR . . . . . . . . . . . .  	L NEAR	0000	_TEXT	External

SUM  . . . . . . . . . . . . . .  	L WORD	0002	_DATA	Global

@CODE  . . . . . . . . . . . . .  	TEXT  _TEXT		
@CODESIZE  . . . . . . . . . . .  	TEXT  0		
@DATASIZE  . . . . . . . . . . .  	TEXT  0		
@FILENAME  . . . . . . . . . . .  	TEXT  MAIN		


     41 Source  Lines
     41 Total   Lines
     21 Symbols

  50622 + 465922 Bytes symbol space free

      1 Warning Errors
      0 Severe  Errors
