Microsoft (R) Macro Assembler Version 5.00                  1/2/23 22:48:38
                                                             Page     1-1


       1				ï»¿ ; 
SUB_2.ASM(1): warning A4001: Extra characters on line
       2				 ; File Name: SUB_2.ASM 
       3				 ; 
       4				 ; CopyLeft (C) 2023, Picasso's Fantasy
					 Notepad. All rights reserved. 
       5				 ; 
       6				 ; Author: Pablo Picasso G. (PabloPicas
					so.G@gmail.com) 
       7				 ; 
       8				 ; Version: 1.0.0.build010223 
       9				 ; 
      10				 ; Date: 2023 / 01 / 02 
      11				 ; 
      12				 ; Description: é€™ä¸€å€‹ç¯„ä¾‹å‘ˆç¾äº
					†å‘¼å«å¤–éƒ¨å‡½å¼ (åœ¨åˆ¥çš„æª”æ¡ˆ)å’
					Œã€Œå‚³éåƒæ•¸ã€çš„å¯«æ³•ã€‚ 
      13				 ; 
      14				 
      15				.MODEL	SMALL 
      16				 
      17 0400				.STACK 
      18				 
      19 0000				.DATA 
      20				 
      21 0000				.CODE 
      22					PUBLIC   PrintStr        ; é—œé
					µå­— PUBLIC å‘Šè¨´çµ„è­¯å™¨ï¼Œé€™å€‹å‡
					½å¼å¤§å®¶éƒ½å¯ä»¥ä½¿ç”¨ 
      23 0000				PrintStr proc              ; é€™æ˜¯å®£å
					‘Šä¸€å€‹å‡½å¼çš„å¯«æ³•ï¼›å¾Œé¢è¦åŠ ä
					¸Šé—œéµå­— proc 
      24 0000  B4 09				MOV    AH, 09H           ; DOS 
					çš„ç¬¬ 09 è™Ÿä¸­æ–·æœå‹™ (é¡¯ç¤ºå­—ä¸²
					)ï¼›DX Register ç‚ºè¦é¡¯ç¤ºçš„ä½å€ 
      25 0002  CD 21				INT    21H               ; INT 
					21H: DOS ä¸­æ–· 
      26 0004  C3				RET                      ; retu
					rn é›¢é–‹å‡½å¼ 
      27 0005				PrintStr endp              ; å‡½å¼çš„ç
					µæŸï¼Œå¾Œé¢è¦åŠ ä¸Š endp 
      28 0005				END 
Microsoft (R) Macro Assembler Version 5.00                  1/2/23 22:48:38
                                                             Symbols-1


Segments and Groups:

                N a m e         	Length	 Align	Combine Class

DGROUP . . . . . . . . . . . . .  	GROUP
  _DATA  . . . . . . . . . . . .  	0000	WORD	PUBLIC	'DATA'
  STACK  . . . . . . . . . . . .  	0400	PARA	STACK	'STACK'
_TEXT  . . . . . . . . . . . . .  	0005	WORD	PUBLIC	'CODE'

Symbols:            

                N a m e         	Type	 Value	 Attr

PRINTSTR . . . . . . . . . . . .  	N PROC	0000	_TEXT	Global	Length = 0005

@CODE  . . . . . . . . . . . . .  	TEXT  _TEXT		
@CODESIZE  . . . . . . . . . . .  	TEXT  0		
@DATASIZE  . . . . . . . . . . .  	TEXT  0		
@FILENAME  . . . . . . . . . . .  	TEXT  SUB_2		


     28 Source  Lines
     28 Total   Lines
     15 Symbols

  50662 + 465882 Bytes symbol space free

      1 Warning Errors
      0 Severe  Errors
