Microsoft (R) Macro Assembler Version 5.00                  11/7/22 23:09:14
                                                             Page     1-1


       1				﻿ ; 
MAIN.ASM(1): warning A4001: Extra characters on line
       2				 ; File Name: MAIN.ASM 
       3				 ; 
       4				 ; CopyLeft (C) 2022, Picasso's Fantasy
					 Notepad. All rights reserved. 
       5				 ; 
       6				 ; Author: Pablo Picasso G. (PabloPicas
					so.G@gmail.com) 
       7				 ; 
       8				 ; Version: 1.0.0.build110722 
       9				 ; 
      10				 ; Date: 2022 / 11 / 07 
      11				 ; 
      12				 ; Description: 這個範例呈現字
					搜尋指令 -- SCASW (Scan String by 
					Word)。 
      13				 ;              和前置重複指令 -
					- REPNZ (Repeat)。 
      14				 ; 
      15				 ;              SCASW 這個指令： 
      16				 ;              - 等價於 SCAS 指令
					；但一次只能搜尋且比對一個
					 Word。 
      17				 ;              - 搜尋且比對完成
					之後，DI 值會被 +2 / -2 (依照 S
					TD / CLD)。 
      18				 ; 
      19				 ;              REPNZ 這個指令 (似
					乎也等價於 REPNE )： 
      20				 ;              - 會有條件重複地
					執行 REPNZ 後面所接的動作； 
      21				 ;              - 而重複的次數，
					則是 CX Register 逐一遞減至０
					或 Zero Flag == 1 為止。 
      22				 ; 
      23				 ;              受影響的 Flag Regis
					ter 位元：OF, SF, ZF, AF, PF, CF 
      24				 ; 
      25				 ;              以此一案例而言
					我們所儲存的小寫字母，是
					 Byte 的資料型態； 
      26				 ;              但搜尋的時候，
					是以 Word 資料型態的 'n' (0x00 
					0x6E)去做搜尋，且 
      27				 ;              每乙次的 DI 值 +2 
					，所以一定找不到！ 
      28				 ; 
      29				 
      30				.MODEL	SMALL 
      31				 
      32 0400				.STACK 
      33				 
      34 0000				.DATA 
Microsoft (R) Macro Assembler Version 5.00                  11/7/22 23:09:14
                                                             Page     1-2


      35 0000  61 62 63 64 65 66 67		FIND   DB  'abcdefghijklmnopqrs
					tuvwxyz$'    ; 宣告變數名稱為 FI
					ND，將２６個英文小寫字母以 
					Byte 的資料型態
      36       68 69 6A 6B 6C 6D 6E	
      37       6F 70 71 72 73 74 75	
      38       76 77 78 79 7A 24	
      39 001B  46 49 4E 44 24			SOUR   DB  'FIND$'             
					             ; 宣告變數名稱為 SO
					UR，將'FIND'以 Byte 的資料型態
					存到 SOUR 
      40 0020  4E 4F 54 20 46 49 4E		DEST   DB  'NOT FIND$'         
					             ; 宣告變數名稱為 DE
					ST，將'NOT FIND'以 Byte 的資料型
					態儲存到 DEST 
      41       44 24			
      42				 
      43 0000				.CODE 
      44 0000				main: 
      45 0000  B8 ---- R			MOV    AX, @DATA               
					             ; 把 .DATA Segment 的位
					址傳送到 AX 暫存器 
      46 0003  8E D8				MOV    DS, AX                  
					             ; 把 AX Register 的記
					體位址設定給 Data Segment Regist
					er； 
      47 0005  8E C0				MOV    ES, AX                  
					             ; 把 AX Register 的記
					體位址設定給 Extra Segment Regis
					ter； 
      48 0007  FC				CLD                            
					             ; 這裡使用 CLD 狀態
					由記憶體位址「低」的地方
					「高」處移動
      49 0008  B0 6E				MOV    AL, 'n'                 
					             ; 把小寫字母'n'移動
					到 AX (Low Byte) 暫存器 
      50 000A  8D 3E 0000 R			LEA    DI, FIND                
					             ; 將 FIND 變數的偏移
					量，儲存到 DI Register 
      51 000E  B9 001A				MOV    CX, 26                  
					             ; 把數值２６移動到
					 CX Register (設定搜尋的次數) 
      52 0011  F2/ AF				REPNZ  SCASW                   
					             ; 在 FIND 中以 Word 為
					單位依序搜尋是否有 AL 內的
					料 ('n')，且搜尋
      53 0013  74 02				JE     ISFIND                  
					             ; 假如「有」找到就
					跳躍到 ISFIND 標籤執行下一段
					式碼 
      54 0015  75 0A				JNE    NOFIND                  
					             ; 假如「沒」找到就
					跳躍到 NOFIND 標籤執行下一段
Microsoft (R) Macro Assembler Version 5.00                  11/7/22 23:09:14
                                                             Page     1-3


					式碼 
      55				 
      56 0017				ISFIND: 
      57 0017  BA 001B R			MOV    DX, OFFSET SOUR         
					             ; 把 SOUR 的記憶體位
					址 (此時偏移量應為０)移動到
					 DX Register 
      58 001A  B4 09				MOV    AH, 09H                 
					             ; DOS 的第 02 號中斷
					務 (顯示輸出)；DL (DX Low Byte)
					為要輸出的資料 
      59 001C  CD 21				INT    21H                     
					             ; INT 21H: DOS 中斷 
      60 001E  EB 0B 90				JMP    ENDDOS                  
					             ; 直接跳躍到 ENDDOS 
					籤執行下一段程式碼 
      61				 
      62 0021				NOFIND: 
      63 0021  BA 0020 R			MOV    DX, OFFSET DEST         
					             ; 把 DEST 的記憶體位
					址 (此時偏移量應為０)移動到
					 DX Register 
      64 0024  B4 09				MOV    AH, 09H                 
					             ; DOS 的第 02 號中斷
					務 (顯示輸出)；DL (DX Low Byte)
					為要輸出的資料 
      65 0026  CD 21				INT    21H                     
					             ; INT 21H: DOS 中斷 
      66 0028  EB 01 90				JMP    ENDDOS                  
					             ; 直接跳躍到 ENDDOS 
					籤執行下一段程式碼 
      67				 
      68 002B				ENDDOS: 
      69 002B  B4 4C				MOV    AH, 4CH                 
					             ; DOS 的第 4C 號中斷
					務 (帶回傳值結束)；AL (AX Low
					 Byte)為回傳值 
      70 002D  CD 21				INT    21H                     
					             ; INT 21H: DOS 中斷 
      71 002F				END main 
Microsoft (R) Macro Assembler Version 5.00                  11/7/22 23:09:14
                                                             Symbols-1


Segments and Groups:

                N a m e         	Length	 Align	Combine Class

DGROUP . . . . . . . . . . . . .  	GROUP
  _DATA  . . . . . . . . . . . .  	0029	WORD	PUBLIC	'DATA'
  STACK  . . . . . . . . . . . .  	0400	PARA	STACK	'STACK'
_TEXT  . . . . . . . . . . . . .  	002F	WORD	PUBLIC	'CODE'

Symbols:            

                N a m e         	Type	 Value	 Attr

DEST . . . . . . . . . . . . . .  	L BYTE	0020	_DATA

ENDDOS . . . . . . . . . . . . .  	L NEAR	002B	_TEXT

FIND . . . . . . . . . . . . . .  	L BYTE	0000	_DATA

ISFIND . . . . . . . . . . . . .  	L NEAR	0017	_TEXT

MAIN . . . . . . . . . . . . . .  	L NEAR	0000	_TEXT

NOFIND . . . . . . . . . . . . .  	L NEAR	0021	_TEXT

SOUR . . . . . . . . . . . . . .  	L BYTE	001B	_DATA

@CODE  . . . . . . . . . . . . .  	TEXT  _TEXT		
@CODESIZE  . . . . . . . . . . .  	TEXT  0		
@DATASIZE  . . . . . . . . . . .  	TEXT  0		
@FILENAME  . . . . . . . . . . .  	TEXT  MAIN		


     67 Source  Lines
     67 Total   Lines
     21 Symbols

  50584 + 465960 Bytes symbol space free

      1 Warning Errors
      0 Severe  Errors
