Microsoft (R) Macro Assembler Version 5.00                  11/19/22 19:12:09
                                                             Page     1-1


       1				ï»¿ ; 
MAIN.ASM(1): warning A4001: Extra characters on line
       2				 ; File Name: MAIN.ASM 
       3				 ; 
       4				 ; CopyLeft (C) 2022, Picasso's Fantasy
					 Notepad. All rights reserved. 
       5				 ; 
       6				 ; Author: Pablo Picasso G. (PabloPicas
					so.G@gmail.com) 
       7				 ; 
       8				 ; Version: 1.0.0.build111922 
       9				 ; 
      10				 ; Date: 2022 / 11 / 19 
      11				 ; 
      12				 ; Description: é€™å€‹ç¯„ä¾‹å‘ˆç¾ä½å…
					ƒå¹³ç§»æŒ‡ä»¤ -- SAR (Shift Arithmetic 
					Right)ã€‚ 
      13				 ;              SHL / SAL é€™ï¼’çµ„æŒ‡ä
					»¤çš„åŠŸèƒ½ã€Œä¸€æ¨¡ä¸€æ¨£ã€ï¼›ä½†æ˜¯ï
					¼Œ 
      14				 ;              SHR / SAR é€™ï¼’çµ„æŒ‡ä
					»¤çš„åŠŸèƒ½ã€Œä¸å¤ªä¸€æ¨£ã€ï¼ 
      15				 ;              - å¯ä»¥å°‡ Register or
					 Memory ä¸Šçš„è³‡æ–™ï¼Œå‘å³ä½ç§»ï¼‘å
					€‹ bit 
      16				 ;              - è€Œä½ç§»é‡å¿…é ˆæ­
					é… CX Low Byte Register ä¾†æŒ‡å®š 
      17				 ;              - æœ€å·¦é‚Šçš„ä½å…ƒã€Œ
					ä¿æŒä¸è®Šã€ï¼›è€Œæœ€å³é‚Šç§»å‡ºçš„
					ä½å…ƒå‰‡æ˜¯æœƒç§»å…¥åˆ° Carry Flag 
      18				 ; 
      19				 ;              é€™å€‹ç¯„ä¾‹ç”¨çš„ä¸å¥
					½ï¼ŒSAR æŒ‡ä»¤ä¸»è¦æ˜¯ç”¨åœ¨è² æ•¸çš„å
					‘ˆç¾ï¼›ä½†æ˜¯åœ¨é›»è…¦çš„ä¸–ç•Œè£¡ä¸¦æ
					²’æœ‰ 
      20				 ;              ã€Œè² æ•¸ã€çš„è§€å¿µï¼
					Œè€Œæ˜¯ç”¨æœ€å·¦é‚Šçš„ bit å’Œ Sign Fla
					g ä¾†è¡¨ç¤ºã€‚ 
      21				 ;              æ‰€ä»¥è¦é¡¯ç¤ºå‡ºè² æ•
					¸å¿…é ˆè¦ä»¥"å­—ä¸²"çš„æ–¹å¼ï¼Œä¾‹å¦‚
					ï¼š-2ã€‚ä½†æˆ‘é‚„ä¸æœƒå¯«ã€‚ 
      22				 ; 
      23				 
      24				.MODEL	SMALL 
      25				 
      26 0400				.STACK 
      27				 
      28 0000				.DATA 
      29 0000  40				NUM   DB  40H      ; å®£å‘Šè®Šæ
					•¸åç¨±ç‚º NUMï¼Œå°‡æ•¸å€¼ 0x40 (0100 
					0000)ä»¥ Byte çš„è³‡æ–™å‹æ…‹å„²å­˜ 
      30				 
      31 0000				.CODE 
      32 0000				main: 
Microsoft (R) Macro Assembler Version 5.00                  11/19/22 19:12:09
                                                             Page     1-2


      33 0000  B8 ---- R			MOV   AX, @DATA    ; æŠŠ .DATA 
					Segment çš„ä½å€å‚³é€åˆ° AX æš«å­˜å™¨
					 
      34 0003  8E D8				MOV   DS, AX       ; æŠŠ AX Reg
					ister çš„è¨˜æ†¶é«”ä½å€è¨­å®šçµ¦ Data 
					Segment Register 
      35 0005  A0 0000 R			MOV   AL, NUM      ; æŠŠæ•¸å€¼ 
					NUM è¨­å®šçµ¦ AX Low Byte 
      36 0008  B1 05				MOV   CL, 05H      ; å°‡æ•¸å€¼ï
					¼•è¨­å®šçµ¦ CX Low Byte 
      37 000A  D2 F8				SAR   AL, CL       ; å°‡ AL å…§
					çš„å€¼ (0x40 == 0100 0000)å‘å·¦ä½ç§»ï
					¼•å€‹ bit 
      38 000C  8A D0				MOV   DL, AL       ; å†å°‡ AX 
					Low Byte çš„å€¼ç§»å‹•åˆ° DX Low Byte 
      39 000E  80 C2 30				ADD   DL, 30H      ; å°‡ DL å…§
					çš„å€¼ (0x02)åŠ ä¸Š 0x30 (48)ï¼Œè®Šæˆå
					¯é¡¯å­—å…ƒ ('2') 
      40 0011  B4 02				MOV   AH, 02H      ; DOS çš„ç¬¬
					 02 è™Ÿä¸­æ–·æœå‹™ (é¡¯ç¤ºå­—å…ƒ)ï¼›DX
					 Low Byte ç‚ºè¦è¼¸å‡ºçš„è³‡æ–™ 
      41 0013  CD 21				INT   21H          ; INT 21H: D
					OS ä¸­æ–·	 
      42 0015  B4 4C				MOV   AH, 4CH      ; DOS çš„ç¬¬
					 4C è™Ÿä¸­æ–·æœå‹™ (å¸¶å›å‚³å€¼çµæŸ
					)ï¼›AL (AX Low Byte)ç‚ºå›å‚³å€¼ 
      43 0017  CD 21				INT   21H          ; INT 21H: D
					OS ä¸­æ–· 
      44 0019				END main 
Microsoft (R) Macro Assembler Version 5.00                  11/19/22 19:12:09
                                                             Symbols-1


Segments and Groups:

                N a m e         	Length	 Align	Combine Class

DGROUP . . . . . . . . . . . . .  	GROUP
  _DATA  . . . . . . . . . . . .  	0001	WORD	PUBLIC	'DATA'
  STACK  . . . . . . . . . . . .  	0400	PARA	STACK	'STACK'
_TEXT  . . . . . . . . . . . . .  	0019	WORD	PUBLIC	'CODE'

Symbols:            

                N a m e         	Type	 Value	 Attr

MAIN . . . . . . . . . . . . . .  	L NEAR	0000	_TEXT

NUM  . . . . . . . . . . . . . .  	L BYTE	0000	_DATA

@CODE  . . . . . . . . . . . . .  	TEXT  _TEXT		
@CODESIZE  . . . . . . . . . . .  	TEXT  0		
@DATASIZE  . . . . . . . . . . .  	TEXT  0		
@FILENAME  . . . . . . . . . . .  	TEXT  MAIN		


     44 Source  Lines
     44 Total   Lines
     16 Symbols

  50622 + 465922 Bytes symbol space free

      1 Warning Errors
      0 Severe  Errors
