Microsoft (R) Macro Assembler Version 5.00                  1/26/23 15:57:10
                                                             Page     1-1


       1				ï»¿ ; 
MAIN.ASM(1): warning A4001: Extra characters on line
       2				 ; File Name: MAIN.ASM 
       3				 ; 
       4				 ; CopyLeft (C) 2023, Picasso's Fantasy
					 Notepad. All rights reserved. 
       5				 ; 
       6				 ; Author: Pablo Picasso G. (PabloPicas
					so.G@gmail.com) 
       7				 ; 
       8				 ; Version: 1.0.0.build012623 
       9				 ; 
      10				 ; Date: 2023 / 01 / 26 
      11				 ; 
      12				 ; Description: æ””æˆªä¿®æ”¹ç¨‹å¼åŸå…
					ˆçš„ ISR (Interrupt Service Routine)ç¨‹
					åº (INT 31H)ã€‚ 
      13				 ; 
      14				 
      15				.MODEL	SMALL 
      16				 
      17 0400				.STACK 
      18				 
      19 0000				.DATA 
      20				 
      21 0000				.CODE 
      22 0000				main: 
      23 0000  EB 13 90				JMP  AA                  ; ç›´æ
					¥è·³åˆ° AA æ¨™ç±¤æ‰€åœ¨ä¹‹è™•é–‹å§‹åŸ·
					è¡Œ 
      24 0003				INT1C: 
      25 0003  B8 B800				MOV  AX, 0B800H          ; å°‡ 
					0xB800 è¨­å®šçµ¦ .EXTRA Segment Registe
					r 
      26 0006  8E C0				MOV  ES, AX 
      27 0008  BF 0000				MOV  DI, 00H             ; å°‡ 
					DI Register è¨­å®šæˆ 0x00 
      28 000B  B9 0001				MOV  CX, 01H             ; å°‡ 
					CX Register è¨­å®šæˆ 1 
      29 000E  B0 01				MOV  AL, 01H             ; å°‡ 
					AL (AX Low Byte)è¨­å®šæˆ 0x01 
      30 0010  B4 07				MOV  AH, 07H             ; å°‡ 
					AH (AX High Byte)è¨­å®šæˆ 0x07 
      31 0012  F3/ AB				REP  STOSW               ; é‡è
					¦†åŸ·è¡Œ STOSW æŒ‡ä»¤ 100 æ¬¡ï¼›Store T
					O String by Word,  
      32				                           ; å°‡ AX Reg
					ister çš„å…§å®¹ (0x0701)ç§»å‹•è‡³ ES:DI
					 æ‰€æŒ‡å®šçš„è¨˜æ†¶é«”ä½å€ä¸Š (B800:0
					000) 
      33 0014  CF				IRET                     ; åŸ·è
					¡Œå®Œä¹‹å¾Œè¦é›¢é–‹ä¸­æ–·å‘é‡çš„å€é
					–“ ....  
      34 0000				NUL SEGMENT                ; æ¨™è¨˜ä¸€å
Microsoft (R) Macro Assembler Version 5.00                  1/26/23 15:57:10
                                                             Page     1-2


					€‹ç©ºç™½å€æ®µ (NULL Segment) ....  
      35 0000				NUL ENDS 
      36 0015				AA: 
      37 0015  0E				PUSH CS                  ; å°‡ 
					.CODE Segment Register çš„è¨˜æ†¶é«”ä½å
					€å…ˆç§»å‹•è‡³ .STACK Segment 
      38 0016  1F				POP  DS                  ; å¾ 
					.STACK Segment å–å€¼å†æ”¾é€² .DATA Se
					gmentï¼› 
      39				                           ; å³å°‡ .CO
					DE Segment Register çš„å…§å®¹ç§»å‹•è‡³ 
					.DATA Segment Register 
      40 0017  BA 0003 R			MOV  DX, OFFSET INT1C    ; å°‡æ
					¨™ç±¤ INT1C çš„è¨˜æ†¶é«”ä½å€ï¼Œå†åŠ 
					ä¸Šåç§»é‡ï¼Œç§»å‹•è‡³ DX Register 
      41 001A  B0 1C				MOV  AL, 1CH             ; è¨­å
					®šä¸­æ–·å‘é‡ç·¨è™Ÿç‚º 1CH 
      42 001C  B4 25				MOV  AH, 25H             ; DOS 
					çš„ç¬¬ 25 è™Ÿä¸­æ–·æœå‹™ (è¨­å®šä¸­æ–·
					å‘é‡)ï¼›AL (AX Low Byte)ç‚ºä¸­æ–·å‘é
					‡çš„å®šç¾©å€¼ 
      43 001E  CD 21				INT  21H                 ; INT 
					21H: DOS ä¸­æ–· 
      44 0020  B4 62				MOV  AH, 62H             ; DOS 
					çš„ç¬¬ 62 è™Ÿä¸­æ–·æœå‹™â”€å–å¾— .COD
					E Segment çš„è¨˜æ†¶é«”ä½å€ï¼Œå­˜æ”¾åœ
					¨ BX Register 
      45 0022  CD 21				INT  21H                 ; INT 
					21H: DOS ä¸­æ–·	 
      46 0024  BA ---- R			MOV  DX, SEG NUL         ; å°‡ç
					©ºç™½å€æ®µ (NULL Segment)çš„é•·åº¦å­˜æ
					”¾è‡³ DX Register 
      47 0027  2B D3				SUB  DX, BX              ; è¨ˆç
					®—ä¸­æ–·ç¨‹åºçš„é•·åº¦ (DX) 
      48 0029  B4 31				MOV  AH, 31H             ; æ›´æ
					›åŸæœ¬çš„ ISR ï¼›è€Œæ–°çš„ ISR (INT05
					)çš„è¨˜æ†¶é«”ä½å€å°±æ˜¯ DS:DX  
      49 002B  CD 21				INT  21H                 ; INT 
					21H: DOS ä¸­æ–· 
      50 002D  B4 4C				MOV  AH, 4CH             ; DOS 
					çš„ç¬¬ 4C è™Ÿä¸­æ–·æœå‹™ (å¸¶å›å‚³å€¼
					çµæŸ)ï¼›AL (AX Low Byte)ç‚ºå›å‚³å€¼ 
      51 002F  CD 21				INT  21H                 ; INT 
					21H: DOS ä¸­æ–· 
      52 0031				END main 
Microsoft (R) Macro Assembler Version 5.00                  1/26/23 15:57:10
                                                             Symbols-1


Segments and Groups:

                N a m e         	Length	 Align	Combine Class

DGROUP . . . . . . . . . . . . .  	GROUP
  _DATA  . . . . . . . . . . . .  	0000	WORD	PUBLIC	'DATA'
  STACK  . . . . . . . . . . . .  	0400	PARA	STACK	'STACK'
NUL  . . . . . . . . . . . . . .  	0000	PARA	NONE	
_TEXT  . . . . . . . . . . . . .  	0031	WORD	PUBLIC	'CODE'

Symbols:            

                N a m e         	Type	 Value	 Attr

AA . . . . . . . . . . . . . . .  	L NEAR	0015	_TEXT

INT1C  . . . . . . . . . . . . .  	L NEAR	0003	_TEXT

MAIN . . . . . . . . . . . . . .  	L NEAR	0000	_TEXT

@CODE  . . . . . . . . . . . . .  	TEXT  _TEXT		
@CODESIZE  . . . . . . . . . . .  	TEXT  0		
@DATASIZE  . . . . . . . . . . .  	TEXT  0		
@FILENAME  . . . . . . . . . . .  	TEXT  MAIN		


     52 Source  Lines
     52 Total   Lines
     18 Symbols

  50586 + 446086 Bytes symbol space free

      1 Warning Errors
      0 Severe  Errors
