Microsoft (R) Macro Assembler Version 5.00                  1/18/23 23:13:20
                                                             Page     1-1


       1				ï»¿ ; 
MAIN.ASM(1): warning A4001: Extra characters on line
       2				 ; File Name: MAIN.ASM 
       3				 ; 
       4				 ; CopyLeft (C) 2023, Picasso's Fantasy
					 Notepad. All rights reserved. 
       5				 ; 
       6				 ; Author: Pablo Picasso G. (PabloPicas
					so.G@gmail.com) 
       7				 ; 
       8				 ; Version: 1.0.0.build011823 
       9				 ; 
      10				 ; Date: 2023 / 01 / 18 
      11				 ; 
      12				 ; Description: é€™ä¹™ç« ç¯€å¾ˆç„¡èŠï¼
					ã€ŒINT 21H: DOS ä¸­æ–·ã€çš„å°è¡¨æ©Ÿè
					¼¸å‡ºæœå‹™ï¼› 
      13				 ;              DOS çš„ç¬¬ 05 è™Ÿä¸­æ–·
					æœå‹™ (å°è¡¨æ©Ÿè¼¸å‡º)ï¼›DL (DX Low B
					yte)ç‚ºè¦è¼¸å‡ºçš„å­—å…ƒ 
      14				 ; 
      15				 
      16				.MODEL	SMALL 
      17				 
      18 0400				.STACK 
      19				 
      20 0000				.DATA 
      21				 
      22 0000				.CODE 
      23 0000				main: 
      24 0000  B8 ---- R			MOV  AX, @DATA    ; æŠŠ .DATA S
					egment çš„ä½å€å‚³é€åˆ° AX æš«å­˜å™¨ï
					¼›å³ .DATA Segment çš„èµ·å§‹ä½å€æ”¾å
					ˆ° AX 
      25 0003  8E D8				MOV  DS, AX       ; æŠŠ AX Regi
					ster çš„è¨˜æ†¶é«”ä½å€è¨­å®šçµ¦ Data S
					egment Register 
      26 0005  B4 05				MOV  AH, 05H      ; DOS çš„ç¬¬ 
					05 è™Ÿä¸­æ–·æœå‹™ (å°è¡¨æ©Ÿè¼¸å‡º)ï¼›
					DL (DX Low Byte)ç‚ºè¦è¼¸å‡ºçš„å­—å…ƒ 
      27 0007  B2 61				MOV  DL, 'a'      ; å°‡å­—å…ƒ'a
					'ç§»å‹•åˆ° DL (DX Low Byte) 
      28 0009  CD 21				INT  21H          ; INT 21H: DO
					S ä¸­æ–· 
      29 000B  B4 4C				MOV  AH, 4CH      ; DOS çš„ç¬¬ 
					4C è™Ÿä¸­æ–·æœå‹™ (å¸¶å›å‚³å€¼çµæŸ)
					ï¼›AL (AX Low Byte)ç‚ºå›å‚³å€¼ 
      30 000D  CD 21				INT  21H          ; INT 21H: DO
					S ä¸­æ–· 
      31 000F				END main 
Microsoft (R) Macro Assembler Version 5.00                  1/18/23 23:13:20
                                                             Symbols-1


Segments and Groups:

                N a m e         	Length	 Align	Combine Class

DGROUP . . . . . . . . . . . . .  	GROUP
  _DATA  . . . . . . . . . . . .  	0000	WORD	PUBLIC	'DATA'
  STACK  . . . . . . . . . . . .  	0400	PARA	STACK	'STACK'
_TEXT  . . . . . . . . . . . . .  	000F	WORD	PUBLIC	'CODE'

Symbols:            

                N a m e         	Type	 Value	 Attr

MAIN . . . . . . . . . . . . . .  	L NEAR	0000	_TEXT

@CODE  . . . . . . . . . . . . .  	TEXT  _TEXT		
@CODESIZE  . . . . . . . . . . .  	TEXT  0		
@DATASIZE  . . . . . . . . . . .  	TEXT  0		
@FILENAME  . . . . . . . . . . .  	TEXT  MAIN		


     31 Source  Lines
     31 Total   Lines
     15 Symbols

  50624 + 465920 Bytes symbol space free

      1 Warning Errors
      0 Severe  Errors
