Microsoft (R) Macro Assembler Version 5.00                  10/29/22 23:48:59
                                                             Page     1-1


       1				ï»¿ ; 
MAIN.ASM(1): warning A4001: Extra characters on line
       2				 ; File Name: MAIN.ASM 
       3				 ; 
       4				 ; CopyLeft (C) 2022, Picasso's Fantasy
					 Notepad. All rights reserved. 
       5				 ; 
       6				 ; Author: Pablo Picasso G. (PabloPicas
					so.G@gmail.com) 
       7				 ; 
       8				 ; Version: 1.0.0.build102922 
       9				 ; 
      10				 ; Date: 2022 / 10 / 29 
      11				 ; 
      12				 ; Description: é€™å€‹ç¯„ä¾‹å‘ˆç¾ç®—è¡
					“æŒ‡ä»¤ä¸­çš„æ¸›æ³•æŒ‡ä»¤ -- NEGã€‚ 
      13				 ;              å°‡é‹ç®—å…ƒçš„å…§å®¹ï¼
					Œå–ï¼’çš„è£œæ•¸ï¼Œå†å°‡ Flag Register
					 çš„é€²ä½æ——æ¨™ (Carry Flag)è¨­æˆï¼‘ã
					€‚ 
      14				 ;              å—å½±éŸ¿çš„ Flag Regis
					ter ä½å…ƒï¼šOF, SF, ZF, AF, PF, CF 
      15				 ; 
      16				 
      17				.MODEL	SMALL 
      18				 
      19 0400				.STACK 
      20				 
      21 0000				.DATA 
      22 0000  08				NUM1 DB 8        ; å®£å‘Šè®Šæ•¸
					åç¨±ç‚º NUM1ï¼Œå°‡ 0x08 ä»¥ Byte çš„è
					³‡æ–™å‹æ…‹å„²å­˜åˆ° NUM1 
      23 0001  03				NUM2 DB 3        ; å®£å‘Šè®Šæ•¸
					åç¨±ç‚º NUM2ï¼Œå°‡ 0x03 ä»¥ Byte çš„è
					³‡æ–™å‹æ…‹å„²å­˜åˆ° NUM2 
      24				 
      25 0000				.CODE 
      26 0000				main: 
      27 0000  B8 ---- R			MOV AX, @DATA    ; æŠŠ .DATA Se
					gment çš„ä½å€å‚³é€åˆ° AX æš«å­˜å™¨ 
      28 0003  8E D8				MOV DS, AX       ; æŠŠ AX Regis
					ter çš„è¨˜æ†¶é«”ä½å€è¨­å®šçµ¦ Data Se
					gment Registerï¼› 
      29				                   ; æ›å¥è©±èªªï¼Œå°±
					æ˜¯æŠŠ .DATA Segment æ­¤æ™‚çš„è¨˜æ†¶é«”
					ä½å€ï¼Œè¨­å®šçµ¦ Data Segment Registe
					r 
      30 0005  8A 26 0001 R			MOV AH, NUM2     ; æŠŠ NUM2 (0x
					03) è¨­å®šçµ¦ AX High Byte 
      31 0009  A0 0000 R			MOV AL, NUM1     ; æŠŠ NUM1 (0x
					08) è¨­å®šçµ¦ AX Low Byte 
      32 000C  F6 DC				NEG AH           ; æŠŠ AH (NUM2
					 == 0x03)å–ï¼’çš„è£œæ•¸è®Šæˆ -3 ã€‚ 
      33 000E  02 C4				ADD AL, AH       ; æŠŠ AL (0x08
Microsoft (R) Macro Assembler Version 5.00                  10/29/22 23:48:59
                                                             Page     1-2


					) + AH (-3) = 5 (0x05) å†å›å­˜åˆ° AX 
					low Byteã€‚ 
      34 0010  04 30				ADD AL, '0'      ; æŠŠæ­¤æ™‚çš„
					 BL (0x05) å†åŠ ä¸Š '0' (0x30) = 0x35 
					('5') 
      35 0012  8A D0				MOV DL, AL       ; æŠŠ BL çš„è³
					‡æ–™ç§»å‹•åˆ° DL ä½œç‚ºè¼¸å‡º (æ­¤æ™‚ A
					L çš„å€¼æ‡‰ç‚º 0 ä¸”ç‚ºå›å‚³å€¼)ã€‚ 
      36 0014  B4 02				MOV AH, 02H      ; DOS çš„ç¬¬ 0
					2 è™Ÿä¸­æ–·æœå‹™ (é¡¯ç¤ºè¼¸å‡º)ï¼›DL (
					DX Low Byte)ç‚ºè¦è¼¸å‡ºçš„è³‡æ–™ 
      37 0016  CD 21				INT 21H          ; INT 21H: DOS
					 ä¸­æ–· 
      38 0018  B4 4C				MOV AH, 4CH      ; DOS çš„ç¬¬ 4
					C è™Ÿä¸­æ–·æœå‹™ (å¸¶å›å‚³å€¼çµæŸ)ï
					¼›BL (BX Low Byte)ç‚ºå›å‚³å€¼ 
      39 001A  CD 21				INT 21H          ; INT 21H: DOS
					 ä¸­æ–· 
      40 001C				END main 
Microsoft (R) Macro Assembler Version 5.00                  10/29/22 23:48:59
                                                             Symbols-1


Segments and Groups:

                N a m e         	Length	 Align	Combine Class

DGROUP . . . . . . . . . . . . .  	GROUP
  _DATA  . . . . . . . . . . . .  	0002	WORD	PUBLIC	'DATA'
  STACK  . . . . . . . . . . . .  	0400	PARA	STACK	'STACK'
_TEXT  . . . . . . . . . . . . .  	001C	WORD	PUBLIC	'CODE'

Symbols:            

                N a m e         	Type	 Value	 Attr

MAIN . . . . . . . . . . . . . .  	L NEAR	0000	_TEXT

NUM1 . . . . . . . . . . . . . .  	L BYTE	0000	_DATA
NUM2 . . . . . . . . . . . . . .  	L BYTE	0001	_DATA

@CODE  . . . . . . . . . . . . .  	TEXT  _TEXT		
@CODESIZE  . . . . . . . . . . .  	TEXT  0		
@DATASIZE  . . . . . . . . . . .  	TEXT  0		
@FILENAME  . . . . . . . . . . .  	TEXT  MAIN		


     40 Source  Lines
     40 Total   Lines
     17 Symbols

  50622 + 465922 Bytes symbol space free

      1 Warning Errors
      0 Severe  Errors
