Microsoft (R) Macro Assembler Version 5.00                  11/5/22 23:25:36
                                                             Page     1-1


       1				ï»¿ ; 
main.asm(1): warning A4001: Extra characters on line
       2				 ; File Name: MAIN.ASM 
       3				 ; 
       4				 ; CopyLeft (C) 2022, Picasso's Fantasy
					 Notepad. All rights reserved. 
       5				 ; 
       6				 ; Author: Pablo Picasso G. (PabloPicas
					so.G@gmail.com) 
       7				 ; 
       8				 ; Version: 1.0.0.build110522 
       9				 ; 
      10				 ; Date: 2022 / 11 / 05 
      11				 ; 
      12				 ; Description: é€™å€‹ç¯„ä¾‹å‘ˆç¾å­—ä¸
					²æ¬ç§»æŒ‡ä»¤ -- MOVSW (Move String by 
					Word)ã€‚ 
      13				 ;              é€™å€‹æŒ‡ä»¤ä¸€æ¬¡åªèƒ
					½ç§»å‹•ï¼‘Word (2 Bytes) çš„è³‡æ–™ã€‚ 
      14				 ;              å› ç‚ºä¸€æ¬¡åªèƒ½ç§»å‹
					•ï¼’ Bytes ä¸”ç§»å‹•ï¼™æ¬¡ï¼Œå…±ï¼‘ï¼˜ 
					Bytesï¼ 
      15				 ;              æ‰€ä»¥æœ€å¾Œå‘ˆç¾çš„çµ
					æœç‚ºã€ŒASSEMBLY       LAN99999ã€ã€‚
					 
      16				 ; 
      17				 
      18				.MODEL	SMALL 
      19				 
      20 0400				.STACK 
      21				 
      22 0000				.DATA 
      23 0000  41 53 53 45 4D 42 4C		SOUR DB  'ASSEMBLY       LANGUA
					GE$'    ; å®£å‘Šè®Šæ•¸åç¨±ç‚º SOURï¼Œ
					ä»¥ Byte çš„è³‡æ–™å‹æ…‹å„²å­˜ 
      24       59 20 20 20 20 20 20	
      25       20 4C 41 4E 47 55 41	
      26       47 45 24			
      27 0018  39 39 39 39 39 39 39		DEST DB  '999999999999999999999
					99$'    ; å®£å‘Šè®Šæ•¸åç¨±ç‚º DESTï¼Œ
					å°‡ï¼’ï¼“å€‹'9'ä»¥ Byte çš„è³‡æ–™å‹æ…‹
					å„²å­˜ 
      28       39 39 39 39 39 39 39	
      29       39 39 39 39 39 39 39	
      30       39 39 24			
      31				 
      32 0000				.CODE 
      33 0000				main: 
      34 0000  B8 ---- R			MOV  AX, @DATA                 
					        ; æŠŠ .DATA Segment çš„ä½å€å‚
					³é€åˆ° AX æš«å­˜å™¨ 
      35 0003  8E D8				MOV  DS, AX                    
					        ; æŠŠ AX Register çš„è¨˜æ†¶é«”ä
					½å€è¨­å®šçµ¦ Data Segment Registerï¼›
Microsoft (R) Macro Assembler Version 5.00                  11/5/22 23:25:36
                                                             Page     1-2


					 
      36 0005  8E C0				MOV  ES, AX                    
					        ; æŠŠ AX Register çš„è¨˜æ†¶é«”ä
					½å€è¨­å®šçµ¦ Extra Segment Registerï¼
					› 
      37 0007  FC				CLD                            
					        ; åœ¨é€™è£¡æˆ‘å€‘ä½¿ç”¨ CLD ç‹€
					æ…‹ï¼Œç”±è¨˜æ†¶é«”ä½å€ã€Œä½ã€çš„åœ°
					æ–¹å¾€ã€Œé«˜ã€è™•ç§»å
      38 0008  BE 0000 R			MOV  SI, OFFSET SOUR           
					        ; æŠŠ SOUR çš„è¨˜æ†¶é«”ä½å€ (
					æ­¤æ™‚åç§»é‡ç‚ºï¼)ç§»å‹•åˆ° Source 
					Index Register 
      39 000B  BF 0018 R			MOV  DI, OFFSET DEST           
					        ; æŠŠ DEST çš„è¨˜æ†¶é«”ä½å€ (
					æ­¤æ™‚åç§»é‡ç‚ºï¼)ç§»å‹•åˆ° Destina
					tion Index Register 
      40 000E  B9 0009				MOV  CX, 9                     
					        ; æŠŠæ•¸å€¼ï¼™ç§»å‹•åˆ° CX Regi
					ster 
      41 0011  F3/ A5				REP  MOVSW                     
					        ; æŠŠ SI Register çš„è³‡æ–™åˆ†å
					ˆ¥ç§»å‹• CX(ï¼™) æ¬¡åˆ° DI Register 
      42 0013  BA 0018 R			MOV  DX, OFFSET DEST           
					        ; å†æŠŠ DEST çš„è¨˜æ†¶é«”ä½å
					€ï¼Œç§»å‹•åˆ° DX Register 
      43 0016  B4 09				MOV  AH, 09H                   
					        ; DOS çš„ç¬¬ 02 è™Ÿä¸­æ–·æœå‹™
					 (é¡¯ç¤ºè¼¸å‡º)ï¼›DL (DX Low Byte)ç‚ºè¦
					è¼¸å‡ºçš„è³‡æ–™ 
      44 0018  CD 21				INT  21H                       
					        ; INT 21H: DOS ä¸­æ–· 
      45 001A  B4 4C				MOV  AH, 4CH                   
					        ; DOS çš„ç¬¬ 4C è™Ÿä¸­æ–·æœå‹™
					 (å¸¶å›å‚³å€¼çµæŸ)ï¼›AL (AX Low Byte
					)ç‚ºå›å‚³å€¼ 
      46 001C  CD 21				INT  21H                       
					        ; INT 21H: DOS ä¸­æ–· 
      47 001E				END main 
Microsoft (R) Macro Assembler Version 5.00                  11/5/22 23:25:36
                                                             Symbols-1


Segments and Groups:

                N a m e         	Length	 Align	Combine Class

DGROUP . . . . . . . . . . . . .  	GROUP
  _DATA  . . . . . . . . . . . .  	0030	WORD	PUBLIC	'DATA'
  STACK  . . . . . . . . . . . .  	0400	PARA	STACK	'STACK'
_TEXT  . . . . . . . . . . . . .  	001E	WORD	PUBLIC	'CODE'

Symbols:            

                N a m e         	Type	 Value	 Attr

DEST . . . . . . . . . . . . . .  	L BYTE	0018	_DATA

MAIN . . . . . . . . . . . . . .  	L NEAR	0000	_TEXT

SOUR . . . . . . . . . . . . . .  	L BYTE	0000	_DATA

@CODE  . . . . . . . . . . . . .  	TEXT  _TEXT		
@CODESIZE  . . . . . . . . . . .  	TEXT  0		
@DATASIZE  . . . . . . . . . . .  	TEXT  0		
@FILENAME  . . . . . . . . . . .  	TEXT  main		


     41 Source  Lines
     41 Total   Lines
     17 Symbols

  50584 + 465960 Bytes symbol space free

      1 Warning Errors
      0 Severe  Errors
