Microsoft (R) Macro Assembler Version 5.00                  10/30/22 13:59:18
                                                             Page     1-1


       1				ï»¿ ; 
MAIN.ASM(1): warning A4001: Extra characters on line
       2				 ; File Name: MAIN.ASM 
       3				 ; 
       4				 ; CopyLeft (C) 2022, Picasso's Fantasy
					 Notepad. All rights reserved. 
       5				 ; 
       6				 ; Author: Pablo Picasso G. (PabloPicas
					so.G@gmail.com) 
       7				 ; 
       8				 ; Version: 1.0.0.build103022 
       9				 ; 
      10				 ; Date: 2022 / 10 / 30 
      11				 ; 
      12				 ; Description: é€™å€‹ç¯„ä¾‹å‘ˆç¾ç®—è¡
					“æŒ‡ä»¤ä¸­çš„æ“´å±•æŒ‡ä»¤ -- CBWã€‚ 
      13				 ;              é€™å€‹æŒ‡ä»¤æœƒå°‡ AX L
					ow Byte ä¸­çš„æœ€é«˜ä½å…ƒå€¼ï¼Œå­˜å…¥ 
					AX High Byte çš„æ¯ä¸€å€‹ä½å…ƒä¸­ã€‚ 
      14				 ;              åœ¨é‹ç®—çš„éç¨‹ç•¶ä¸
					­ï¼Œè‹¥å‡ºç¾è³‡æ–™é•·åº¦ä¸è¶³çš„æƒ…æ³
					ï¼Œå¯ä»¥åˆ©ç”¨æ­¤ä¸€æŒ‡ä»¤ä¾†æ“´å±•é•
					·åº¦ï¼Œ 
      15				 ;              è€Œä¸å½±éŸ¿åŸå€¼ã€‚ 
      16				 ;              This example refer from
					 6-7.2 
      17				 ; 
      18				 
      19				.MODEL	SMALL 
      20				 
      21 0400				.STACK 
      22				 
      23 0000				.DATA 
      24 0000  0E				NUM1 DB 14       ; å®£å‘Šè®Šæ•¸
					åç¨±ç‚º NUM1ï¼Œå°‡ 0x0E ä»¥ Byte çš„è
					³‡æ–™å‹æ…‹å„²å­˜åˆ° NUM1 
      25				                   ; åŸæœ¬è¢«é™¤æ•¸æ‡‰
					å®£å‘Šæˆ DW (2 Bytes)ï¼Œé€™è£¡åˆ»æ„å®
					£å‘Šæˆ DB (Byte) 
      26 0001  03				NUM2 DB 03       ; å®£å‘Šè®Šæ•¸
					åç¨±ç‚º NUM2ï¼Œå°‡ 0x03 ä»¥ Byte çš„è
					³‡æ–™å‹æ…‹å„²å­˜åˆ° NUM2 
      27				 
      28 0000				.CODE 
      29 0000				main: 
      30 0000  B8 ---- R			MOV AX, @DATA    ; æŠŠ .DATA Se
					gment çš„ä½å€å‚³é€åˆ° AX æš«å­˜å™¨ 
      31 0003  8E D8				MOV DS, AX       ; æŠŠ AX Regis
					ter çš„è¨˜æ†¶é«”ä½å€è¨­å®šçµ¦ Data Se
					gment Registerï¼› 
      32				                   ; æ›å¥è©±èªªï¼Œå°±
					æ˜¯æŠŠ .DATA Segment æ­¤æ™‚çš„è¨˜æ†¶é«”
					ä½å€ï¼Œè¨­å®šçµ¦ Data Segment Registe
					r 
Microsoft (R) Macro Assembler Version 5.00                  10/30/22 13:59:18
                                                             Page     1-2


      33 0005  8A 16 0001 R			MOV DL, NUM2     ; æŠŠ NUM2 (0x
					03) è¨­å®šçµ¦ DX Low Byte 
      34 0009  A0 0000 R			MOV AL, NUM1     ; æŠŠ NUM1 (0x
					0E) è¨­å®šçµ¦ AX Low Byte 
      35 000C  98				CBW              ; æ­¤æ™‚çš„ AL
					 (0x0E, 0000 1110)çš„æœ€é«˜ä½å…ƒç‚º 0 
					ï¼›æœƒå¡çµ¦ AH (0000 0000)ï¼Œæ‰€ä»¥æ•´
					å€‹ 
      36					                 ; AX Register 
					ç‚º: 0000 0000 0000 1110 == 0x0Eï¼ 
      37 000D  F6 F2				DIV DL           ; AX (0x0E) / 
					DL (0x03) = 4 (0x04) (AL) .... 2 (0x02)
					 (AH) ----> AX == 0x0204 
      38 000F  8A D4				MOV DL, AH       ; æŠŠ AH (0x02
					) çš„è³‡æ–™ç§»å‹•åˆ° DL ä½œç‚ºè¼¸å‡º (æ
					­¤æ™‚ AL çš„å€¼æ‡‰ç‚º 0X04 ä¸”ç‚ºå›å‚³
					å€¼)ã€‚ 
      39 0011  80 C2 30				ADD DL, '0'      ; æŠŠæ­¤æ™‚çš„
					 DL (0x02) å†åŠ ä¸Š '0' (0x30) = 0x32 
					('2') 
      40 0014  B4 02				MOV AH, 02H      ; DOS çš„ç¬¬ 0
					2 è™Ÿä¸­æ–·æœå‹™ (é¡¯ç¤ºè¼¸å‡º)ï¼›DL (
					DX Low Byte)ç‚ºè¦è¼¸å‡ºçš„è³‡æ–™ 
      41 0016  CD 21				INT 21H          ; INT 21H: DOS
					 ä¸­æ–· 
      42 0018  B4 4C				MOV AH, 4CH      ; DOS çš„ç¬¬ 4
					C è™Ÿä¸­æ–·æœå‹™ (å¸¶å›å‚³å€¼çµæŸ)ï
					¼›BL (BX Low Byte)ç‚ºå›å‚³å€¼ 
      43 001A  CD 21				INT 21H          ; INT 21H: DOS
					 ä¸­æ–· 
      44 001C				END main 
Microsoft (R) Macro Assembler Version 5.00                  10/30/22 13:59:18
                                                             Symbols-1


Segments and Groups:

                N a m e         	Length	 Align	Combine Class

DGROUP . . . . . . . . . . . . .  	GROUP
  _DATA  . . . . . . . . . . . .  	0002	WORD	PUBLIC	'DATA'
  STACK  . . . . . . . . . . . .  	0400	PARA	STACK	'STACK'
_TEXT  . . . . . . . . . . . . .  	001C	WORD	PUBLIC	'CODE'

Symbols:            

                N a m e         	Type	 Value	 Attr

MAIN . . . . . . . . . . . . . .  	L NEAR	0000	_TEXT

NUM1 . . . . . . . . . . . . . .  	L BYTE	0000	_DATA
NUM2 . . . . . . . . . . . . . .  	L BYTE	0001	_DATA

@CODE  . . . . . . . . . . . . .  	TEXT  _TEXT		
@CODESIZE  . . . . . . . . . . .  	TEXT  0		
@DATASIZE  . . . . . . . . . . .  	TEXT  0		
@FILENAME  . . . . . . . . . . .  	TEXT  MAIN		


     44 Source  Lines
     44 Total   Lines
     17 Symbols

  50622 + 465922 Bytes symbol space free

      1 Warning Errors
      0 Severe  Errors
