Microsoft (R) Macro Assembler Version 5.00                  11/23/22 22:45:41
                                                             Page     1-1


       1				ï»¿ ; 
MAIN.ASM(1): warning A4001: Extra characters on line
       2				 ; File Name: MAIN.ASM 
       3				 ; 
       4				 ; CopyLeft (C) 2022, Picasso's Fantasy
					 Notepad. All rights reserved. 
       5				 ; 
       6				 ; Author: Pablo Picasso G. (PabloPicas
					so.G@gmail.com) 
       7				 ; 
       8				 ; Version: 1.0.0.build112322 
       9				 ; 
      10				 ; Date: 2022 / 11 / 23 
      11				 ; 
      12				 ; Description: é€™å€‹ç¯„ä¾‹å‘ˆç¾æœªåŒ
					…è£é‹ç®—æŒ‡ä»¤ -- DAA (Decimal Adjust
					 for Addition)ã€‚ 
      13				 ;              - åœ¨åŸ·è¡Œå®Œ ADD ä¹‹å
					¾Œï¼Œå¯æŠŠ AX Low Byte çš„å€¼èª¿æ•´ç‚º
					ï¼‘ï¼é€²åˆ¶ï¼›è¦å‰‡ï¼š 
      14				 ;                è‹¥ AL çš„ä½ 4 bit ä
					»‹æ–¼ A ~ F ä¹‹é–“æˆ– AF == 1 æ™‚ï¼ŒAL 
					çš„æ•¸å€¼å…§å®¹ +06 ä¸” AF = 1 
      15				 ;                è‹¥ AL çš„é«˜ 4 bit ä
					»‹æ–¼ A ~ F ä¹‹é–“æˆ– CF == 1 æ™‚ï¼ŒAL 
					çš„æ•¸å€¼å…§å®¹ +60 ä¸” CF = 1 
      16				 ;              - å—å½±éŸ¿çš„æ——æ¨™ç‚º
					ï¼šSFã€ZFã€PF 
      17				 ; 
      18				 
      19				.MODEL	SMALL 
      20				 
      21 0400				.STACK 
      22				 
      23 0000				.DATA 
      24 0000  0F				NUM1  DB  0FH      ; å®£å‘Šè®Šæ
					•¸åç¨±ç‚º NUM1ï¼Œå°‡æ•¸å€¼ 0x0F (15)ä
					»¥ Byte çš„è³‡æ–™å‹æ…‹å„²å­˜ 
      25 0001  0C				NUM2  DB  0CH      ; å®£å‘Šè®Šæ
					•¸åç¨±ç‚º NUM2ï¼Œå°‡æ•¸å€¼ 0x0C (12)ä
					»¥ Byte çš„è³‡æ–™å‹æ…‹å„²å­˜ 
      26				 
      27 0000				.CODE 
      28 0000				main: 
      29 0000  B8 ---- R			MOV   AX, @DATA    ; æŠŠ .DATA 
					Segment çš„ä½å€å‚³é€åˆ° AX æš«å­˜å™¨
					 
      30 0003  8E D8				MOV   DS, AX       ; æŠŠ AX Reg
					ister çš„è¨˜æ†¶é«”ä½å€è¨­å®šçµ¦ Data 
					Segment Register 
      31 0005  A0 0000 R			MOV   AL, NUM1     ; æŠŠ NUM1 ç
					š„æ•¸å€¼ (0x0F == 15) è¨­å®šçµ¦ AX Low 
					Byte 
      32 0008  8A 1E 0001 R			MOV   BL, NUM2     ; æŠŠ NUM2 ç
Microsoft (R) Macro Assembler Version 5.00                  11/23/22 22:45:41
                                                             Page     1-2


					š„æ•¸å€¼ (0x0C == 12) è¨­å®šçµ¦ BX Low 
					Byte 
      33 000C  02 C3				ADD   AL, BL       ; å…©è€…ç›¸å
					Š ä¹‹å¾Œï¼Œå„²å­˜å› AX Low Byte (0x1B 
					== 27) 
      34 000E  27				DAA                ; å› ç‚º AL 
					çš„ä½ 4 bit (0xB)ä»‹æ–¼ A ~ F ï¼Œæ‰€ä»
					¥ AL æœƒå†åŠ ä¸Šï¼– 
      35 000F  8A D0				MOV   DL, AL       ; æŠŠ AL çš„
					å…§å®¹ç§»å‹•åˆ° DL (0x21 == 33) 
      36 0011  80 C2 30				ADD   DL, 30H      ; å°‡ DX Low
					 Byte çš„æ•¸å€¼ (0x21)åŠ ä¸Š 0x30 ('0')
					è®Šæˆå¯é¡¯å­—å…ƒ ('Q') 
      37 0014  B4 02				MOV   AH, 02H      ; DOS çš„ç¬¬
					 02 è™Ÿä¸­æ–·æœå‹™ (é¡¯ç¤ºå­—å…ƒ)ï¼›DX
					 Low Byte ç‚ºè¦è¼¸å‡ºçš„è³‡æ–™ 
      38 0016  CD 21				INT   21H          ; INT 21H: D
					OS ä¸­æ–· 
      39 0018  B4 4C				MOV   AH, 4CH      ; DOS çš„ç¬¬
					 4C è™Ÿä¸­æ–·æœå‹™ (å¸¶å›å‚³å€¼çµæŸ
					)ï¼›AL (AX Low Byte)ç‚ºå›å‚³å€¼ 
      40 001A  CD 21				INT   21H          ; INT 21H: D
					OS ä¸­æ–· 
      41 001C				END main 
Microsoft (R) Macro Assembler Version 5.00                  11/23/22 22:45:41
                                                             Symbols-1


Segments and Groups:

                N a m e         	Length	 Align	Combine Class

DGROUP . . . . . . . . . . . . .  	GROUP
  _DATA  . . . . . . . . . . . .  	0002	WORD	PUBLIC	'DATA'
  STACK  . . . . . . . . . . . .  	0400	PARA	STACK	'STACK'
_TEXT  . . . . . . . . . . . . .  	001C	WORD	PUBLIC	'CODE'

Symbols:            

                N a m e         	Type	 Value	 Attr

MAIN . . . . . . . . . . . . . .  	L NEAR	0000	_TEXT

NUM1 . . . . . . . . . . . . . .  	L BYTE	0000	_DATA
NUM2 . . . . . . . . . . . . . .  	L BYTE	0001	_DATA

@CODE  . . . . . . . . . . . . .  	TEXT  _TEXT		
@CODESIZE  . . . . . . . . . . .  	TEXT  0		
@DATASIZE  . . . . . . . . . . .  	TEXT  0		
@FILENAME  . . . . . . . . . . .  	TEXT  MAIN		


     41 Source  Lines
     41 Total   Lines
     17 Symbols

  50622 + 465922 Bytes symbol space free

      1 Warning Errors
      0 Severe  Errors
