Microsoft (R) Macro Assembler Version 5.00                  12/4/22 11:12:42
                                                             Page     1-1


       1				ï»¿ ; 
MAIN.ASM(1): warning A4001: Extra characters on line
       2				 ; File Name: MAIN.ASM 
       3				 ; 
       4				 ; CopyLeft (C) 2022, Picasso's Fantasy
					 Notepad. All rights reserved. 
       5				 ; 
       6				 ; Author: Pablo Picasso G. (PabloPicas
					so.G@gmail.com) 
       7				 ; 
       8				 ; Version: 1.0.0.build120422 
       9				 ; 
      10				 ; Date: 2022 / 12 / 04 
      11				 ; 
      12				 ; Description: æ­¤ä¸€ç¯„ä¾‹å‘ˆç¾äº†è¿
					´åœˆæŒ‡ä»¤çš„ç”¨æ³•ï¼› 
      13				 ;              - LOOP:   æŒ‡ä»¤æœƒä¾ç
					…§ CX Register çš„å€¼ä¾åºéæ¸›ï¼Œç›´
					åˆ°ï¼ç‚ºæ­¢ 
      14				 ;              - LOOPE:  æŒ‡ä»¤æœƒä¾ç
					…§ CX Register çš„å€¼ä¾åºéæ¸›ï¼Œç›´
					åˆ°ï¼ç‚ºæ­¢ï¼›æˆ– 
      15				 ;                        å…©é‹ç®—å…ƒã
					€Œæ¯”è¼ƒçµæœã€ä¸ç›¸ç­‰ã€ã€ (Zero 
					Flag æœƒè¢«è¨­å®šæˆï¼)ï¼Œç›´æ¥åœæ­¢
					è¿´åœˆ 
      16				 ;              - LOOPNE: æŒ‡ä»¤æœƒä¾ç
					…§ CX Register çš„å€¼ä¾åºéæ¸›ï¼Œç›´
					åˆ°ï¼ç‚ºæ­¢ï¼›æˆ– 
      17				 ;                        å…©é‹ç®—å…ƒã
					€Œæ¯”è¼ƒçµæœã€ç›¸ç­‰ã€ã€ (Zero Fla
					g æœƒè¢«è¨­å®šæˆï¼‘)ï¼Œç›´æ¥åœæ­¢è¿´
					åœˆ 
      18				 ; 
      19				 
      20				.MODEL	SMALL 
      21				 
      22 0400				.STACK 
      23				 
      24 0000				.DATA 
      25				 
      26 0000				.CODE 
      27 0000				main: 
      28 0000  B8 ---- R			MOV    AX, @DATA    ; æŠŠ .DATA
					 Segment çš„ä½å€å‚³é€åˆ° AX æš«å­˜å™
					¨ 
      29 0003  8E D8				MOV    DS, AX       ; æŠŠ AX Re
					gister çš„è¨˜æ†¶é«”ä½å€è¨­å®šçµ¦ Data
					 Segment Register 
      30 0005  B9 0005				MOV    CX, 05H      ; è¨­å®šè¿´
					åœˆ (Loop)çš„æ¬¡æ•¸ç‚º 5 (0x05) 
      31 0008				AGAIN: 
      32 0008  B4 01				MOV    AH, 01H      ; DOS çš„ç¬
					¬ 01 è™Ÿä¸­æ–·æœå‹™ (å¾éµç›¤è®€å–è¼
Microsoft (R) Macro Assembler Version 5.00                  12/4/22 11:12:42
                                                             Page     1-2


					¸å…¥ä¸¦é¡¯ç¤º)ï¼›AX Low Byte æœƒé¡¯ç¤ºè
					¦è¼¸å…¥çš„å­—å…ƒ 
      33 000A  CD 21				INT    21H          ; INT 21H: 
					DOS ä¸­æ–· 
      34 000C  3C 71				CMP    AL, 'q'      ; å°‡ AX Lo
					w Byte è£¡çš„å€¼å’Œå­—å…ƒ'q' (0x71)åšæ
					¯”å° 
      35 000E  E0 F8				LOOPNE AGAIN        ; è‹¥ CMP ç
					š„çµæœç›¸ç­‰ (Zero Flag æœƒè¢«è¨­å®šæ
					ˆï¼‘)ï¼Œæˆ–æ˜¯ CX == 0 å°±æœƒåœæ­¢è¿´
					åœˆ 
      36 0010  EB 01 90				JMP    ENDDOS       ; ç›´æ¥è·³
					åˆ° ENDDOS æ¨™ç±¤æ‰€åœ¨çš„ç¨‹å¼ç¢¼ 
      37 0013				ENDDOS: 
      38 0013  B4 4C				MOV    AH, 4CH      ; DOS çš„ç¬
					¬ 4C è™Ÿä¸­æ–·æœå‹™ (å¸¶å›å‚³å€¼çµæ
					Ÿ)ï¼›AL (AX Low Byte)ç‚ºå›å‚³å€¼ 
      39 0015  CD 21				INT    21H          ; INT 21H: 
					DOS ä¸­æ–· 
      40 0017				END main 
Microsoft (R) Macro Assembler Version 5.00                  12/4/22 11:12:42
                                                             Symbols-1


Segments and Groups:

                N a m e         	Length	 Align	Combine Class

DGROUP . . . . . . . . . . . . .  	GROUP
  _DATA  . . . . . . . . . . . .  	0000	WORD	PUBLIC	'DATA'
  STACK  . . . . . . . . . . . .  	0400	PARA	STACK	'STACK'
_TEXT  . . . . . . . . . . . . .  	0017	WORD	PUBLIC	'CODE'

Symbols:            

                N a m e         	Type	 Value	 Attr

AGAIN  . . . . . . . . . . . . .  	L NEAR	0008	_TEXT

ENDDOS . . . . . . . . . . . . .  	L NEAR	0013	_TEXT

MAIN . . . . . . . . . . . . . .  	L NEAR	0000	_TEXT

@CODE  . . . . . . . . . . . . .  	TEXT  _TEXT		
@CODESIZE  . . . . . . . . . . .  	TEXT  0		
@DATASIZE  . . . . . . . . . . .  	TEXT  0		
@FILENAME  . . . . . . . . . . .  	TEXT  MAIN		


     40 Source  Lines
     40 Total   Lines
     17 Symbols

  50624 + 465920 Bytes symbol space free

      1 Warning Errors
      0 Severe  Errors
