Microsoft (R) Macro Assembler Version 5.00                  10/29/22 11:19:16
                                                             Page     1-1


       1				ï»¿ ; 
MAIN.ASM(1): warning A4001: Extra characters on line
       2				 ; File Name: MAIN.ASM 
       3				 ; 
       4				 ; CopyLeft (C) 2022, Picasso's Fantasy
					 Notepad. All rights reserved. 
       5				 ; 
       6				 ; Author: Pablo Picasso G. (PabloPicas
					so.G@gmail.com) 
       7				 ; 
       8				 ; Version: 1.0.0.build102922 
       9				 ; 
      10				 ; Date: 2022 / 10 / 29 
      11				 ; 
      12				 ; Description: Refer from 6-2 example.
					 
      13				 ;              é€™å€‹ç¯„ä¾‹å‘ˆç¾ç®—è¡
					“æŒ‡ä»¤ä¸­çš„åŠ æ³•æŒ‡ä»¤ -- INCã€‚ 
      14				 ;              å°‡ç›®çš„é‹ç®—å…ƒç›´æ
					¥åŠ 1ã€‚ 
      15				 ;              å—å½±éŸ¿çš„ Flag Regis
					ter ä½å…ƒï¼šOF, SF, ZF, AF, PF 
      16				 ; 
      17				 
      18				.MODEL	SMALL 
      19				 
      20 0400				.STACK 
      21				 
      22 0000				.DATA 
      23 0000  03				NUM1 DB 3        ; å®£å‘Šè®Šæ•¸
					åç¨±ç‚º NUM1ï¼Œå°‡ 0x03 ä»¥ Byte çš„è
					³‡æ–™å‹æ…‹å„²å­˜åˆ° NUM1 
      24 0001  02				NUM2 DB 2        ; å®£å‘Šè®Šæ•¸
					åç¨±ç‚º NUM2ï¼Œå°‡ 0x02 ä»¥ Byte çš„è
					³‡æ–™å‹æ…‹å„²å­˜åˆ° NUM2 
      25				 
      26 0000				.CODE 
      27 0000				main: 
      28 0000  B8 ---- R			MOV AX, @DATA    ; æŠŠ .DATA Se
					gment çš„ä½å€å‚³é€åˆ° AX æš«å­˜å™¨ 
      29 0003  8E D8				MOV DS, AX       ; æŠŠ AX Regis
					ter çš„è¨˜æ†¶é«”ä½å€è¨­å®šçµ¦ Data Se
					gment Registerï¼› 
      30				                   ; æ›å¥è©±èªªï¼Œå°±
					æ˜¯æŠŠ .DATA Segment æ­¤æ™‚çš„è¨˜æ†¶é«”
					ä½å€ï¼Œè¨­å®šçµ¦ Data Segment Registe
					r 
      31 0005  8A 3E 0001 R			MOV BH, NUM2     ; æŠŠ NUM2 (0x
					03) è¨­å®šçµ¦ BX High Byte 
      32 0009  8A 1E 0000 R			MOV BL, NUM1     ; æŠŠ NUM1 (0x
					02) è¨­å®šçµ¦ BX Low Byte 
      33 000D  B4 01				MOV AH, 01       ; å°‡ 0x01 è¨­
					å®šçµ¦ AX High Byte 
      34 000F  9E				SAHF             ; AH çš„ ç¬¬ 0
Microsoft (R) Macro Assembler Version 5.00                  10/29/22 11:19:16
                                                             Page     1-2


					 bit (1)æœƒè¨­å®šçµ¦ Flag Register çš„ 
					CF (Carry Flag) 
      35 0010  12 DF				ADC BL, BH       ; BL (NUM1) + 
					BH (NUM2) + Carry Flag (0x01)çš„çµæœå
					„²å­˜å› BX Low Byte 
      36 0012  FE C3				INC BL           ; æŠŠæ­¤æ™‚çš„
					é‹ç®—å…ƒ BX Low Byte çš„å€¼ +1 å†å„²å
					­˜å› BL 
      37 0014  80 C3 30				ADD BL, '0'      ; æŠŠæ­¤æ™‚çš„
					 BL (0x07) å†åŠ ä¸Š '0' (0x30) = 0x37 
					('7') 
      38 0017  8A D3				MOV DL, BL       ; æŠŠ BL çš„è³
					‡æ–™ç§»å‹•åˆ° DL ä½œç‚ºè¼¸å‡º (æ­¤æ™‚ B
					L çš„å€¼æ‡‰ç‚º 0 ä¸”ç‚ºå›å‚³å€¼)ã€‚ 
      39 0019  B4 02				MOV AH, 02H      ; DOS çš„ç¬¬ 0
					2 è™Ÿä¸­æ–·æœå‹™ (é¡¯ç¤ºè¼¸å‡º)ï¼›DL (
					DX Low Byte)ç‚ºè¦è¼¸å‡ºçš„è³‡æ–™ 
      40 001B  CD 21				INT 21H          ; INT 21H: DOS
					 ä¸­æ–· 
      41 001D  B4 4C				MOV AH, 4CH      ; DOS çš„ç¬¬ 4
					C è™Ÿä¸­æ–·æœå‹™ (å¸¶å›å‚³å€¼çµæŸ)ï
					¼›BL (BX Low Byte)ç‚ºå›å‚³å€¼ 
      42 001F  CD 21				INT 21H          ; INT 21H: DOS
					 ä¸­æ–· 
      43 0021				END main 
Microsoft (R) Macro Assembler Version 5.00                  10/29/22 11:19:16
                                                             Symbols-1


Segments and Groups:

                N a m e         	Length	 Align	Combine Class

DGROUP . . . . . . . . . . . . .  	GROUP
  _DATA  . . . . . . . . . . . .  	0002	WORD	PUBLIC	'DATA'
  STACK  . . . . . . . . . . . .  	0400	PARA	STACK	'STACK'
_TEXT  . . . . . . . . . . . . .  	0021	WORD	PUBLIC	'CODE'

Symbols:            

                N a m e         	Type	 Value	 Attr

MAIN . . . . . . . . . . . . . .  	L NEAR	0000	_TEXT

NUM1 . . . . . . . . . . . . . .  	L BYTE	0000	_DATA
NUM2 . . . . . . . . . . . . . .  	L BYTE	0001	_DATA

@CODE  . . . . . . . . . . . . .  	TEXT  _TEXT		
@CODESIZE  . . . . . . . . . . .  	TEXT  0		
@DATASIZE  . . . . . . . . . . .  	TEXT  0		
@FILENAME  . . . . . . . . . . .  	TEXT  MAIN		


     43 Source  Lines
     43 Total   Lines
     17 Symbols

  50622 + 465922 Bytes symbol space free

      1 Warning Errors
      0 Severe  Errors
