Microsoft (R) Macro Assembler Version 5.00                  1/2/23 21:30:08
                                                             Page     1-1


       1				ï»¿ ; 
MAIN.ASM(1): warning A4001: Extra characters on line
       2				 ; File Name: MAIN.ASM 
       3				 ; 
       4				 ; CopyLeft (C) 2023, Picasso's Fantasy
					 Notepad. All rights reserved. 
       5				 ; 
       6				 ; Author: Pablo Picasso G. (PabloPicas
					so.G@gmail.com) 
       7				 ; 
       8				 ; Version: 1.0.0.build010223 
       9				 ; 
      10				 ; Date: 2023 / 01 / 02 
      11				 ; 
      12				 ; Description: é€™ä¸€å€‹ç¯„ä¾‹å‘ˆç¾äº
					†å‘¼å«å¤–éƒ¨å‡½å¼ (åœ¨åˆ¥çš„æª”æ¡ˆ)çš
					„å¯«æ³•ã€‚ 
      13				 ; 
      14				 
      15				.MODEL	SMALL 
      16				 
      17 0400				.STACK 
      18				 
      19 0000				.DATA 
      20 0000  49 20 4C 4F 56 45 20		MSG    DB  'I LOVE ASSEMBLY LAN
					GUAGE.$' 
      21       41 53 53 45 4D 42 4C	
      22       59 20 4C 41 4E 47 55	
      23       41 47 45 2E 24		
      24				                           ; å®£å‘Šä¸€å
					€‹å­—ä¸²è®Šæ•¸ MSG è£¡é¢çš„è³‡æ–™ç”¨ B
					yte çš„æ–¹å¼ä¾†å„²å­˜ 
      25 0000				.CODE 
      26				  EXTRN  PrintStr: NEAR    ; ä½¿ç”¨é—œé
					µå­— EXTRN ä¾†å‘Šè¨´ç¨‹å¼ï¼Œæˆ‘å€‘è¦
					ä½¿ç”¨ä¸€å€‹å¤–éƒ¨å‡½å¼ PrintStr ; 
      27				                           ; è€Œ NEAR è
					¡¨ç¤º PrintStr å’Œ main éƒ½åœ¨åŒä¸€å€‹
					 .CODE Segment ï¼›åä¹‹å‰‡ç”¨ FAR 
      28 0000				main: 
      29 0000  B8 ---- R			MOV    AX, @DATA         ; æŠŠ 
					.DATA Segment çš„ä½å€å‚³é€åˆ° AX æš«
					å­˜å™¨ 
      30 0003  8E D8				MOV    DS, AX            ; æŠŠ 
					AX Register çš„è¨˜æ†¶é«”ä½å€è¨­å®šçµ¦
					 Data Segment Register 
      31 0005  BA 0000 R			MOV    DX, OFFSET MSG    ; å°‡è
					®Šæ•¸ MSG å†åŠ ä¸Š OFFSET çš„åç§»é‡
					çš„è¨˜æ†¶é«”ä½å€ï¼Œç§»å‹•åˆ° DX Regis
					ter 
      32 0008  E8 0000 E			CALL   PrintStr          ; å‘¼å
					«å‡½å¼ PrintStr 
      33 000B  EB 01 90				JMP    ENDDOS            ; ç›´æ
					¥è·³åˆ° ENDDOS æ¨™ç±¤æ‰€åœ¨çš„åœ°æ–¹ 
Microsoft (R) Macro Assembler Version 5.00                  1/2/23 21:30:08
                                                             Page     1-2


      34 000E				ENDDOS: 
      35 000E  B4 4C				MOV    AH, 4CH           ; DOS 
					çš„ç¬¬ 4C è™Ÿä¸­æ–·æœå‹™ (å¸¶å›å‚³å€¼
					çµæŸ)ï¼›AL (AX Low Byte)ç‚ºå›å‚³å€¼ 
      36 0010  CD 21				INT    21H               ; INT 
					21H: DOS ä¸­æ–· 
      37 0012				END main 
Microsoft (R) Macro Assembler Version 5.00                  1/2/23 21:30:08
                                                             Symbols-1


Segments and Groups:

                N a m e         	Length	 Align	Combine Class

DGROUP . . . . . . . . . . . . .  	GROUP
  _DATA  . . . . . . . . . . . .  	001A	WORD	PUBLIC	'DATA'
  STACK  . . . . . . . . . . . .  	0400	PARA	STACK	'STACK'
_TEXT  . . . . . . . . . . . . .  	0012	WORD	PUBLIC	'CODE'

Symbols:            

                N a m e         	Type	 Value	 Attr

ENDDOS . . . . . . . . . . . . .  	L NEAR	000E	_TEXT

MAIN . . . . . . . . . . . . . .  	L NEAR	0000	_TEXT
MSG  . . . . . . . . . . . . . .  	L BYTE	0000	_DATA

PRINTSTR . . . . . . . . . . . .  	L NEAR	0000	_TEXT	External

@CODE  . . . . . . . . . . . . .  	TEXT  _TEXT		
@CODESIZE  . . . . . . . . . . .  	TEXT  0		
@DATASIZE  . . . . . . . . . . .  	TEXT  0		
@FILENAME  . . . . . . . . . . .  	TEXT  MAIN		


     34 Source  Lines
     34 Total   Lines
     18 Symbols

  50584 + 465960 Bytes symbol space free

      1 Warning Errors
      0 Severe  Errors
